time	1-T	2-T
2021-02-23T12:03:31.605Z	0	0
2021-02-23T12:03:33.605Z	0	0
2021-02-23T12:03:35.605Z	0	0
2021-02-23T12:03:37.605Z	0	0
2021-02-23T12:03:39.606Z	0	0
2021-02-23T12:03:41.607Z	0	0
2021-02-23T12:03:43.606Z	0	0
2021-02-23T12:03:45.606Z	0	0
2021-02-23T12:03:47.606Z	0	0
2021-02-23T12:03:49.607Z	0	0
2021-02-23T12:03:51.608Z	0	0
2021-02-23T12:03:53.608Z	0	0
2021-02-23T12:03:55.684Z	0	0
2021-02-23T12:03:57.686Z	0	0
2021-02-23T12:03:59.686Z	0	0
2021-02-23T12:04:01.686Z	0	0
2021-02-23T12:04:03.686Z	0	0
2021-02-23T12:04:05.686Z	0	0
2021-02-23T12:04:07.686Z	0	0
2021-02-23T12:04:09.686Z	0	0
2021-02-23T12:04:11.686Z	0	0
2021-02-23T12:04:13.686Z	0	0
2021-02-23T12:04:15.687Z	0	0
2021-02-23T12:04:17.687Z	0	0
2021-02-23T12:04:19.688Z	0	0
2021-02-23T12:04:21.688Z	0	0
2021-02-23T12:04:23.688Z	0	0
2021-02-23T12:04:25.688Z	0	0
2021-02-23T12:04:27.689Z	0	0
2021-02-23T12:04:29.690Z	0	0
2021-02-23T12:04:31.690Z	0	0
2021-02-23T12:04:33.692Z	0	0
2021-02-23T12:04:35.692Z	0	0
2021-02-23T12:04:37.694Z	0	0
2021-02-23T12:04:39.695Z	0	0
2021-02-23T12:04:41.695Z	0	0
2021-02-23T12:04:43.697Z	0	0
2021-02-23T12:04:45.698Z	0	0
2021-02-23T12:04:47.699Z	0	0
2021-02-23T12:04:49.699Z	0	0
2021-02-23T12:04:51.700Z	0	0
2021-02-23T12:04:53.701Z	0	0
2021-02-23T12:04:55.701Z	0	0
2021-02-23T12:04:57.702Z	0	0
2021-02-23T12:04:59.702Z	0	0
2021-02-23T12:05:01.702Z	0	0
2021-02-23T12:05:03.705Z	0	0
2021-02-23T12:05:05.705Z	0	0
2021-02-23T12:05:07.706Z	0	0
2021-02-23T12:05:09.706Z	0	0
2021-02-23T12:05:11.707Z	0	0
2021-02-23T12:05:13.708Z	0	0
2021-02-23T12:05:15.708Z	0	0
2021-02-23T12:05:17.708Z	0	0
2021-02-23T12:05:19.710Z	0	0
2021-02-23T12:05:21.712Z	0	0
2021-02-23T12:05:23.712Z	0	0
2021-02-23T12:05:25.713Z	0	0
2021-02-23T12:05:27.715Z	0	0
2021-02-23T12:05:29.715Z	0	0
2021-02-23T12:05:31.715Z	0	0
2021-02-23T12:05:33.715Z	0	0
2021-02-23T12:05:35.718Z	0	0
2021-02-23T12:05:37.719Z	0	0
2021-02-23T12:05:39.719Z	0	0
2021-02-23T12:05:41.719Z	0	0
2021-02-23T12:05:43.719Z	0	0
2021-02-23T12:05:45.719Z	0	0
2021-02-23T12:05:47.720Z	0	0
2021-02-23T12:05:49.720Z	0	0
2021-02-23T12:05:51.721Z	0	0
2021-02-23T12:05:53.721Z	0	0
2021-02-23T12:05:55.723Z	0	0
2021-02-23T12:05:57.726Z	0	0
2021-02-23T12:05:59.726Z	0	0
2021-02-23T12:06:01.727Z	0	0
2021-02-23T12:06:03.727Z	0	0
2021-02-23T12:06:05.727Z	0	0
2021-02-23T12:06:07.727Z	0	0
2021-02-23T12:06:09.730Z	0	0
2021-02-23T12:06:11.730Z	0	0
2021-02-23T12:06:13.730Z	0	0
2021-02-23T12:06:15.731Z	0	0
2021-02-23T12:06:17.732Z	0	0
2021-02-23T12:06:19.732Z	0	0
2021-02-23T12:06:21.732Z	0	0
2021-02-23T12:06:23.732Z	0	0
2021-02-23T12:06:25.734Z	0	0
2021-02-23T12:06:27.734Z	0	0
2021-02-23T12:06:29.737Z	0	0
2021-02-23T12:06:31.739Z	0	0
2021-02-23T12:06:33.739Z	0	0
2021-02-23T12:06:35.739Z	0	0
2021-02-23T12:06:37.739Z	0	0
2021-02-23T12:06:39.741Z	0	0
2021-02-23T12:06:41.744Z	0	0
2021-02-23T12:06:43.745Z	0	0
2021-02-23T12:06:45.745Z	0	0
2021-02-23T12:06:47.745Z	0	0
2021-02-23T12:06:49.746Z	0	0
2021-02-23T12:06:51.746Z	0	0
2021-02-23T12:06:53.745Z	0	0
2021-02-23T12:06:55.746Z	0	0
2021-02-23T12:06:57.746Z	0	0
2021-02-23T12:06:59.746Z	0	0
2021-02-23T12:07:01.746Z	0	0
2021-02-23T12:07:03.747Z	0	0
2021-02-23T12:07:05.746Z	0	0
2021-02-23T12:07:07.747Z	0	0
2021-02-23T12:07:09.747Z	0	0
2021-02-23T12:07:11.748Z	0	0
2021-02-23T12:07:13.748Z	0	0
2021-02-23T12:07:15.749Z	0	0
2021-02-23T12:07:17.748Z	0	0
2021-02-23T12:07:19.748Z	0	0
2021-02-23T12:07:21.748Z	0	0
2021-02-23T12:07:23.749Z	0	0
2021-02-23T12:07:25.749Z	0	0
2021-02-23T12:07:27.749Z	0	0
2021-02-23T12:07:29.749Z	0	0
2021-02-23T12:07:31.749Z	0	0
2021-02-23T12:07:33.752Z	0	0
2021-02-23T12:07:35.753Z	0	0
2021-02-23T12:07:37.755Z	0	0
2021-02-23T12:07:39.755Z	0	0
2021-02-23T12:07:41.755Z	0	0
2021-02-23T12:07:43.755Z	0	0
2021-02-23T12:07:45.757Z	0	0
2021-02-23T12:07:47.758Z	0	0
2021-02-23T12:07:49.759Z	0	0
2021-02-23T12:07:51.760Z	0	0
2021-02-23T12:07:53.762Z	0	0
2021-02-23T12:07:55.762Z	0	0
2021-02-23T12:07:57.762Z	0	0
2021-02-23T12:07:59.762Z	0	0
2021-02-23T12:08:01.763Z	0	0
2021-02-23T12:08:03.763Z	0	0
2021-02-23T12:08:05.763Z	0	0
2021-02-23T12:08:07.763Z	0	0
2021-02-23T12:08:09.763Z	0	0
2021-02-23T12:08:11.763Z	0	0
2021-02-23T12:08:13.764Z	0	0
2021-02-23T12:08:15.765Z	0	0
2021-02-23T12:08:17.765Z	0	0
2021-02-23T12:08:19.766Z	0	0
2021-02-23T12:08:21.766Z	0	0
2021-02-23T12:08:23.766Z	0	0
2021-02-23T12:08:25.766Z	0	0
2021-02-23T12:08:27.766Z	0	0
2021-02-23T12:08:29.768Z	0	0
2021-02-23T12:08:31.768Z	0	0
2021-02-23T12:08:33.768Z	0	0
2021-02-23T12:08:35.768Z	0	0
2021-02-23T12:08:37.768Z	0	0
2021-02-23T12:08:39.769Z	0	0
2021-02-23T12:08:41.770Z	0	0
2021-02-23T12:08:43.769Z	0	0
2021-02-23T12:08:45.770Z	0	0
2021-02-23T12:08:47.771Z	0	0
2021-02-23T12:08:49.771Z	0	0
2021-02-23T12:08:51.772Z	0	0
2021-02-23T12:08:53.773Z	0	0
2021-02-23T12:08:55.774Z	0	0
2021-02-23T12:08:57.773Z	0	0
2021-02-23T12:08:59.776Z	0	0
2021-02-23T12:09:01.776Z	0	0
2021-02-23T12:09:03.777Z	0	0
2021-02-23T12:09:05.778Z	0	0
2021-02-23T12:09:07.779Z	0	0
2021-02-23T12:09:09.779Z	0	0
2021-02-23T12:09:11.780Z	0	0
2021-02-23T12:09:13.780Z	0	0
2021-02-23T12:09:15.780Z	0	0
2021-02-23T12:09:17.780Z	0	0
2021-02-23T12:09:19.780Z	0	0
2021-02-23T12:09:21.780Z	0	0
2021-02-23T12:09:28.104Z	0	0
2021-02-23T12:09:30.104Z	0	0
2021-02-23T12:09:32.105Z	0	0
2021-02-23T12:09:34.106Z	0	0
2021-02-23T12:09:36.106Z	0	0
2021-02-23T12:09:38.107Z	0	0
2021-02-23T12:09:40.107Z	0	0
2021-02-23T12:09:42.108Z	0	0
2021-02-23T12:09:44.108Z	0	0
2021-02-23T12:09:46.109Z	0	0
2021-02-23T12:09:48.109Z	0	0
2021-02-23T12:09:50.110Z	0	0
2021-02-23T12:09:52.111Z	0	0
2021-02-23T12:09:54.111Z	0	0
2021-02-23T12:09:56.111Z	0	0
2021-02-23T12:09:58.111Z	0	0
2021-02-23T12:10:00.112Z	0	0
2021-02-23T12:10:02.112Z	0	0
2021-02-23T12:10:08.039Z	511	505
2021-02-23T12:10:10.040Z	516	508
2021-02-23T12:10:12.132Z	522	510
2021-02-23T12:10:14.187Z	527	514
2021-02-23T12:10:16.188Z	532	516
2021-02-23T12:10:18.188Z	537	519
2021-02-23T12:10:20.188Z	545	521
2021-02-23T12:10:22.188Z	550	525
2021-02-23T12:10:24.189Z	555	528
2021-02-23T12:10:26.191Z	561	531
2021-02-23T12:10:28.191Z	566	534
2021-02-23T12:10:30.191Z	571	536
2021-02-23T12:10:32.191Z	576	539
2021-02-23T12:10:34.191Z	581	541
2021-02-23T12:10:36.191Z	588	544
2021-02-23T12:10:38.192Z	594	546
2021-02-23T12:10:40.193Z	599	550
2021-02-23T12:10:42.194Z	604	553
2021-02-23T12:10:44.194Z	609	555
2021-02-23T12:10:46.194Z	616	558
2021-02-23T12:10:48.194Z	621	561
2021-02-23T12:10:50.194Z	626	564
2021-02-23T12:10:52.195Z	630	566
2021-02-23T12:10:54.196Z	635	569
2021-02-23T12:10:56.196Z	643	571
2021-02-23T12:11:02.243Z	510	505
2021-02-23T12:11:04.244Z	517	508
2021-02-23T12:11:06.245Z	522	510
2021-02-23T12:11:08.245Z	527	514
2021-02-23T12:11:10.246Z	532	516
2021-02-23T12:11:12.246Z	537	519
2021-02-23T12:11:14.246Z	542	522
2021-02-23T12:11:16.246Z	550	524
2021-02-23T12:11:18.246Z	555	527
2021-02-23T12:11:20.247Z	560	531
2021-02-23T12:11:22.247Z	565	533
2021-02-23T12:11:24.248Z	570	536
2021-02-23T12:11:26.248Z	578	538
2021-02-23T12:11:28.249Z	583	542
2021-02-23T12:11:30.250Z	588	544
2021-02-23T12:11:32.250Z	592	547
2021-02-23T12:11:34.250Z	600	549
2021-02-23T12:11:36.253Z	605	552
2021-02-23T12:11:38.252Z	610	555
2021-02-23T12:11:40.252Z	615	558
2021-02-23T12:11:42.252Z	620	561
2021-02-23T12:11:44.252Z	625	563
2021-02-23T12:11:46.254Z	632	566
2021-02-23T12:11:48.254Z	637	569
2021-02-23T12:11:50.255Z	642	572
2021-02-23T12:11:52.255Z	646	574
2021-02-23T12:11:54.255Z	654	577
2021-02-23T12:11:56.255Z	658	579
2021-02-23T12:11:58.255Z	663	583
2021-02-23T12:12:00.255Z	668	586
2021-02-23T12:12:02.256Z	672	588
2021-02-23T12:12:04.255Z	679	590
2021-02-23T12:12:06.256Z	684	594
2021-02-23T12:12:08.257Z	689	597
2021-02-23T12:12:10.257Z	693	599
2021-02-23T12:12:12.258Z	698	602
2021-02-23T12:12:14.258Z	705	604
2021-02-23T12:12:16.259Z	709	608
2021-02-23T12:12:18.258Z	714	610
2021-02-23T12:12:20.259Z	719	613
2021-02-23T12:12:22.259Z	725	615
2021-02-23T12:12:24.259Z	730	617
2021-02-23T12:12:26.259Z	734	621
2021-02-23T12:12:28.259Z	739	623
2021-02-23T12:12:30.260Z	743	626
2021-02-23T12:12:32.260Z	750	628
2021-02-23T12:12:34.260Z	754	632
2021-02-23T12:12:36.260Z	758	634
2021-02-23T12:12:38.261Z	762	637
2021-02-23T12:12:40.262Z	769	639
2021-02-23T12:12:42.262Z	773	642
2021-02-23T12:12:44.262Z	777	645
2021-02-23T12:12:46.263Z	781	648
2021-02-23T12:12:48.264Z	785	650
2021-02-23T12:12:50.264Z	792	652
2021-02-23T12:12:52.264Z	796	656
2021-02-23T12:12:54.265Z	800	658
2021-02-23T12:12:56.265Z	804	661
2021-02-23T12:12:58.265Z	810	663
2021-02-23T12:13:00.265Z	814	665
2021-02-23T12:13:02.266Z	817	669
2021-02-23T12:13:04.266Z	821	671
2021-02-23T12:13:06.269Z	825	674
2021-02-23T12:13:08.269Z	831	676
2021-02-23T12:13:10.268Z	835	678
2021-02-23T12:13:12.269Z	838	682
2021-02-23T12:13:14.268Z	842	684
2021-02-23T12:13:16.268Z	846	687
2021-02-23T12:13:18.268Z	851	689
2021-02-23T12:13:20.269Z	854	692
2021-02-23T12:13:22.269Z	858	695
2021-02-23T12:13:24.270Z	861	697
2021-02-23T12:13:26.270Z	867	699
2021-02-23T12:13:28.271Z	870	702
2021-02-23T12:13:30.271Z	873	705
2021-02-23T12:13:32.271Z	877	707
2021-02-23T12:13:34.272Z	880	710
2021-02-23T12:13:36.272Z	885	712
2021-02-23T12:13:38.272Z	888	715
2021-02-23T12:13:40.272Z	891	717
2021-02-23T12:13:42.273Z	894	720
2021-02-23T12:13:44.274Z	899	722
2021-02-23T12:13:46.274Z	902	724
2021-02-23T12:13:48.275Z	905	728
2021-02-23T12:13:50.275Z	908	730
2021-02-23T12:13:52.275Z	911	732
2021-02-23T12:13:54.276Z	915	734
2021-02-23T12:13:56.276Z	918	738
2021-02-23T12:13:58.277Z	920	740
2021-02-23T12:14:00.278Z	923	742
2021-02-23T12:14:02.278Z	927	744
2021-02-23T12:14:04.279Z	930	746
2021-02-23T12:14:06.280Z	932	750
2021-02-23T12:14:08.281Z	935	752
2021-02-23T12:14:10.282Z	937	754
2021-02-23T12:14:12.282Z	941	756
2021-02-23T12:14:14.283Z	943	758
2021-02-23T12:14:16.283Z	945	761
2021-02-23T12:14:18.283Z	948	764
2021-02-23T12:14:20.284Z	950	766
2021-02-23T12:14:22.285Z	953	768
2021-02-23T12:14:24.286Z	955	771
2021-02-23T12:14:26.287Z	957	773
2021-02-23T12:14:28.286Z	959	775
2021-02-23T12:14:30.286Z	962	777
2021-02-23T12:14:32.286Z	964	779
2021-02-23T12:14:34.286Z	966	782
2021-02-23T12:14:36.287Z	968	784
2021-02-23T12:14:38.288Z	969	787
2021-02-23T12:14:40.289Z	972	789
2021-02-23T12:14:42.290Z	974	792
2021-02-23T12:14:44.290Z	975	794
2021-02-23T12:14:46.290Z	977	796
2021-02-23T12:14:48.291Z	979	798
2021-02-23T12:14:50.292Z	980	800
2021-02-23T12:14:52.292Z	982	803
2021-02-23T12:14:54.292Z	983	805
2021-02-23T12:14:56.293Z	984	807
2021-02-23T12:14:58.294Z	986	809
2021-02-23T12:15:00.295Z	987	812
2021-02-23T12:15:02.295Z	988	814
2021-02-23T12:15:04.296Z	989	816
2021-02-23T12:15:06.295Z	990	817
2021-02-23T12:15:08.295Z	992	819
2021-02-23T12:15:10.296Z	993	822
2021-02-23T12:15:12.297Z	993	824
2021-02-23T12:15:14.298Z	994	826
2021-02-23T12:15:16.299Z	995	828
2021-02-23T12:15:18.301Z	996	830
2021-02-23T12:15:20.301Z	997	833
2021-02-23T12:15:22.302Z	997	835
2021-02-23T12:15:24.302Z	998	836
2021-02-23T12:15:26.303Z	998	838
2021-02-23T12:15:28.303Z	999	841
2021-02-23T12:15:30.304Z	999	843
2021-02-23T12:15:32.304Z	999	845
2021-02-23T12:15:34.305Z	1000	846
2021-02-23T12:15:36.305Z	1000	848
2021-02-23T12:15:38.305Z	1000	851
2021-02-23T12:15:40.305Z	1000	853
2021-02-23T12:15:42.306Z	1000	854
2021-02-23T12:15:44.307Z	1000	856
2021-02-23T12:15:46.308Z	1000	859
2021-02-23T12:15:48.309Z	1000	861
2021-02-23T12:15:50.310Z	999	862
2021-02-23T12:15:52.309Z	999	864
2021-02-23T12:15:54.310Z	999	866
2021-02-23T12:15:56.310Z	998	868
2021-02-23T12:15:58.311Z	998	870
2021-02-23T12:16:00.312Z	997	872
2021-02-23T12:16:02.312Z	996	873
2021-02-23T12:16:04.313Z	996	876
2021-02-23T12:16:06.314Z	995	878
2021-02-23T12:16:08.313Z	994	879
2021-02-23T12:16:10.314Z	994	881
2021-02-23T12:16:12.313Z	992	882
2021-02-23T12:16:14.313Z	992	885
2021-02-23T12:16:16.313Z	991	886
2021-02-23T12:16:18.314Z	990	888
2021-02-23T12:16:20.314Z	988	890
2021-02-23T12:16:22.315Z	987	891
2021-02-23T12:16:24.314Z	986	893
2021-02-23T12:16:26.315Z	985	895
2021-02-23T12:16:28.316Z	983	897
2021-02-23T12:16:30.317Z	981	898
2021-02-23T12:16:32.317Z	980	900
2021-02-23T12:16:34.318Z	979	902
2021-02-23T12:16:36.319Z	977	903
2021-02-23T12:16:38.319Z	975	905
2021-02-23T12:16:40.318Z	973	906
2021-02-23T12:16:42.319Z	971	908
2021-02-23T12:16:44.320Z	970	910
2021-02-23T12:16:46.320Z	968	911
2021-02-23T12:16:48.321Z	965	913
2021-02-23T12:16:50.322Z	964	915
2021-02-23T12:16:52.322Z	962	916
2021-02-23T12:16:54.323Z	960	918
2021-02-23T12:16:56.324Z	957	919
2021-02-23T12:16:58.324Z	955	920
2021-02-23T12:17:00.325Z	952	922
2021-02-23T12:17:02.325Z	950	924
2021-02-23T12:17:04.324Z	948	925
2021-02-23T12:17:06.326Z	945	926
2021-02-23T12:17:08.326Z	942	928
2021-02-23T12:17:10.326Z	940	930
2021-02-23T12:17:12.326Z	938	931
2021-02-23T12:17:14.327Z	935	932
2021-02-23T12:17:16.326Z	932	933
2021-02-23T12:17:18.326Z	929	935
2021-02-23T12:17:20.327Z	926	937
2021-02-23T12:17:22.328Z	923	938
2021-02-23T12:17:24.328Z	921	939
2021-02-23T12:17:26.328Z	917	940
2021-02-23T12:17:28.329Z	914	941
2021-02-23T12:17:30.329Z	911	943
2021-02-23T12:17:32.329Z	908	944
2021-02-23T12:17:34.329Z	905	945
2021-02-23T12:17:36.330Z	901	947
2021-02-23T12:17:38.330Z	898	948
2021-02-23T12:17:40.331Z	895	949
2021-02-23T12:17:42.332Z	891	950
2021-02-23T12:17:44.333Z	888	952
2021-02-23T12:17:46.334Z	884	953
2021-02-23T12:17:48.336Z	880	954
2021-02-23T12:17:50.336Z	877	955
2021-02-23T12:17:52.337Z	874	956
2021-02-23T12:17:54.338Z	869	957
2021-02-23T12:17:56.338Z	865	958
2021-02-23T12:17:58.339Z	862	960
2021-02-23T12:18:00.340Z	858	961
2021-02-23T12:18:02.341Z	855	962
2021-02-23T12:18:04.342Z	850	963
2021-02-23T12:18:06.342Z	846	964
2021-02-23T12:18:08.343Z	842	965
2021-02-23T12:18:10.343Z	839	966
2021-02-23T12:18:12.344Z	833	967
2021-02-23T12:18:14.345Z	829	968
2021-02-23T12:18:16.345Z	825	969
2021-02-23T12:18:18.345Z	822	970
2021-02-23T12:18:20.345Z	818	971
2021-02-23T12:18:22.345Z	812	972
2021-02-23T12:18:24.346Z	808	972
2021-02-23T12:18:26.347Z	804	974
2021-02-23T12:18:28.348Z	800	974
2021-02-23T12:18:30.349Z	796	975
2021-02-23T12:18:32.350Z	790	976
2021-02-23T12:18:34.350Z	786	977
2021-02-23T12:18:36.351Z	782	978
2021-02-23T12:18:38.351Z	778	979
2021-02-23T12:18:40.351Z	771	979
2021-02-23T12:18:42.352Z	767	980
2021-02-23T12:18:44.352Z	763	981
2021-02-23T12:18:46.352Z	759	982
2021-02-23T12:18:48.352Z	754	982
2021-02-23T12:18:50.352Z	748	983
2021-02-23T12:18:52.353Z	743	984
2021-02-23T12:18:54.354Z	739	985
2021-02-23T12:18:56.354Z	735	985
2021-02-23T12:18:58.355Z	728	986
2021-02-23T12:19:00.356Z	724	986
2021-02-23T12:19:02.357Z	719	987
2021-02-23T12:19:04.358Z	715	988
2021-02-23T12:19:06.360Z	710	988
2021-02-23T12:19:08.361Z	703	989
2021-02-23T12:19:10.360Z	699	990
2021-02-23T12:19:12.360Z	694	990
2021-02-23T12:19:14.360Z	689	991
2021-02-23T12:19:16.361Z	682	991
2021-02-23T12:19:18.363Z	678	992
2021-02-23T12:19:20.363Z	673	992
2021-02-23T12:19:22.364Z	668	993
2021-02-23T12:19:24.365Z	664	993
2021-02-23T12:19:26.364Z	656	994
2021-02-23T12:19:28.367Z	652	994
2021-02-23T12:19:30.368Z	647	995
2021-02-23T12:19:32.369Z	642	995
2021-02-23T12:19:34.369Z	637	995
2021-02-23T12:19:36.370Z	630	996
2021-02-23T12:19:38.371Z	625	996
2021-02-23T12:19:40.371Z	620	996
2021-02-23T12:19:42.372Z	615	997
2021-02-23T12:19:44.372Z	608	997
2021-02-23T12:19:46.373Z	603	997
2021-02-23T12:19:48.374Z	598	998
2021-02-23T12:19:50.375Z	593	998
2021-02-23T12:19:52.374Z	588	998
2021-02-23T12:19:54.374Z	581	998
2021-02-23T12:19:56.375Z	576	999
2021-02-23T12:19:58.376Z	571	999
2021-02-23T12:20:00.375Z	566	999
2021-02-23T12:20:02.376Z	559	999
2021-02-23T12:20:04.376Z	554	999
2021-02-23T12:20:06.377Z	549	999
2021-02-23T12:20:08.376Z	544	1000
2021-02-23T12:20:10.377Z	539	1000
2021-02-23T12:20:12.377Z	531	1000
2021-02-23T12:20:14.378Z	526	1000
2021-02-23T12:20:16.378Z	521	1000
2021-02-23T12:20:18.378Z	516	1000
2021-02-23T12:20:20.378Z	509	1000
2021-02-23T12:20:22.379Z	504	1000
2021-02-23T12:20:24.380Z	499	1000
2021-02-23T12:20:26.379Z	494	1000
2021-02-23T12:20:28.380Z	489	1000
2021-02-23T12:20:30.381Z	481	1000
2021-02-23T12:20:32.382Z	476	1000
2021-02-23T12:20:34.383Z	471	1000
2021-02-23T12:20:36.384Z	466	1000
2021-02-23T12:20:38.386Z	461	1000
2021-02-23T12:20:40.387Z	454	1000
2021-02-23T12:20:42.387Z	449	999
2021-02-23T12:20:44.387Z	444	999
2021-02-23T12:20:46.387Z	439	999
2021-02-23T12:20:48.387Z	431	999
2021-02-23T12:20:50.388Z	426	999
2021-02-23T12:20:52.389Z	421	998
2021-02-23T12:20:54.389Z	417	998
2021-02-23T12:20:56.390Z	412	998
2021-02-23T12:20:58.390Z	404	998
2021-02-23T12:21:00.391Z	399	997
2021-02-23T12:21:02.391Z	394	997
2021-02-23T12:21:04.391Z	390	997
2021-02-23T12:21:06.392Z	382	997
2021-02-23T12:21:08.392Z	377	996
2021-02-23T12:21:10.392Z	372	996
2021-02-23T12:21:12.392Z	368	995
2021-02-23T12:21:14.400Z	363	995
2021-02-23T12:21:16.400Z	356	995
2021-02-23T12:21:18.400Z	351	994
2021-02-23T12:21:20.401Z	346	994
2021-02-23T12:21:22.402Z	341	993
2021-02-23T12:21:24.402Z	334	993
2021-02-23T12:21:26.402Z	329	993
2021-02-23T12:21:28.403Z	325	992
2021-02-23T12:21:30.406Z	320	991
2021-02-23T12:21:32.406Z	315	991
2021-02-23T12:21:34.406Z	308	991
2021-02-23T12:21:36.406Z	304	990
2021-02-23T12:21:38.407Z	299	989
2021-02-23T12:21:40.407Z	295	989
2021-02-23T12:21:42.407Z	290	988
2021-02-23T12:21:44.408Z	283	988
2021-02-23T12:21:46.409Z	279	987
2021-02-23T12:21:48.409Z	274	986
2021-02-23T12:21:50.409Z	270	986
2021-02-23T12:21:52.409Z	263	985
2021-02-23T12:21:54.409Z	259	984
2021-02-23T12:21:56.410Z	254	984
2021-02-23T12:21:58.411Z	250	983
2021-02-23T12:22:00.412Z	246	982
2021-02-23T12:22:02.412Z	239	982
2021-02-23T12:22:04.412Z	235	981
2021-02-23T12:22:06.413Z	231	980
2021-02-23T12:22:08.413Z	227	979
2021-02-23T12:22:10.414Z	220	978
2021-02-23T12:22:12.415Z	216	978
2021-02-23T12:22:14.415Z	212	977
2021-02-23T12:22:16.415Z	208	976
2021-02-23T12:22:18.415Z	204	975
2021-02-23T12:22:20.416Z	198	974
2021-02-23T12:22:22.416Z	194	973
2021-02-23T12:22:24.417Z	190	972
2021-02-23T12:22:26.418Z	186	971
2021-02-23T12:22:28.419Z	180	971
2021-02-23T12:22:30.419Z	176	970
2021-02-23T12:22:32.420Z	173	968
2021-02-23T12:22:34.420Z	169	967
2021-02-23T12:22:36.421Z	165	967
2021-02-23T12:22:38.420Z	160	966
2021-02-23T12:22:40.421Z	156	965
2021-02-23T12:22:42.422Z	152	963
2021-02-23T12:22:44.422Z	149	962
2021-02-23T12:22:46.423Z	145	961
2021-02-23T12:22:48.425Z	140	960
2021-02-23T12:22:50.425Z	137	959
2021-02-23T12:22:52.424Z	133	958
2021-02-23T12:22:54.425Z	130	957
2021-02-23T12:22:56.426Z	125	956
2021-02-23T12:22:58.426Z	121	955
2021-02-23T12:23:00.426Z	118	953
2021-02-23T12:23:02.426Z	115	952
2021-02-23T12:23:04.426Z	112	951
2021-02-23T12:23:06.426Z	107	950
2021-02-23T12:23:08.427Z	104	948
2021-02-23T12:23:10.426Z	101	947
2021-02-23T12:23:12.426Z	98	946
2021-02-23T12:23:14.427Z	94	945
2021-02-23T12:23:16.427Z	91	944
2021-02-23T12:23:18.427Z	88	942
2021-02-23T12:23:20.428Z	85	941
2021-02-23T12:23:22.429Z	82	940
2021-02-23T12:23:24.430Z	78	939
2021-02-23T12:23:26.431Z	75	937
2021-02-23T12:23:28.431Z	73	936
2021-02-23T12:23:30.432Z	70	934
2021-02-23T12:23:32.432Z	66	933
2021-02-23T12:23:34.434Z	64	932
2021-02-23T12:23:36.434Z	62	930
2021-02-23T12:23:38.434Z	59	929
2021-02-23T12:23:40.435Z	57	927
2021-02-23T12:23:42.435Z	53	926
2021-02-23T12:23:44.436Z	51	925
2021-02-23T12:23:46.435Z	49	923
2021-02-23T12:23:48.436Z	47	921
2021-02-23T12:23:50.435Z	45	920
2021-02-23T12:23:52.435Z	42	919
2021-02-23T12:23:54.436Z	40	917
2021-02-23T12:23:56.435Z	38	915
2021-02-23T12:23:58.436Z	36	914
2021-02-23T12:24:00.436Z	33	912
2021-02-23T12:24:02.436Z	31	911
2021-02-23T12:24:04.436Z	30	909
2021-02-23T12:24:06.436Z	28	907
2021-02-23T12:24:08.436Z	26	906
2021-02-23T12:24:10.436Z	24	905
2021-02-23T12:24:12.437Z	22	902
2021-02-23T12:24:14.438Z	21	901
2021-02-23T12:24:16.439Z	20	899
2021-02-23T12:24:18.440Z	18	898
2021-02-23T12:24:20.440Z	16	896
2021-02-23T12:24:22.441Z	15	894
2021-02-23T12:24:24.441Z	14	892
2021-02-23T12:24:26.442Z	13	891
2021-02-23T12:24:28.442Z	11	889
2021-02-23T12:24:30.443Z	10	887
2021-02-23T12:24:32.443Z	9	885
2021-02-23T12:24:34.443Z	8	884
2021-02-23T12:24:36.443Z	7	882
2021-02-23T12:24:38.444Z	6	881
2021-02-23T12:24:40.445Z	5	878
2021-02-23T12:24:42.445Z	5	876
2021-02-23T12:24:44.446Z	4	875
2021-02-23T12:24:46.446Z	3	873
2021-02-23T12:24:48.446Z	3	871
2021-02-23T12:24:50.447Z	2	869
2021-02-23T12:24:52.448Z	2	867
2021-02-23T12:24:54.448Z	1	866
2021-02-23T12:24:56.448Z	1	864
2021-02-23T12:24:58.449Z	1	861
2021-02-23T12:25:00.450Z	0	859
2021-02-23T12:25:02.451Z	0	858
2021-02-23T12:25:04.451Z	0	856
2021-02-23T12:25:06.451Z	0	854
2021-02-23T12:25:08.452Z	0	852
2021-02-23T12:25:10.453Z	0	850
2021-02-23T12:25:12.453Z	0	848
2021-02-23T12:25:14.454Z	0	846
2021-02-23T12:25:16.454Z	1	843
2021-02-23T12:25:18.454Z	1	842
2021-02-23T12:25:20.454Z	1	840
2021-02-23T12:25:22.454Z	2	838
2021-02-23T12:25:24.455Z	2	836
2021-02-23T12:25:26.456Z	3	833
2021-02-23T12:25:28.457Z	4	831
2021-02-23T12:25:30.457Z	4	830
2021-02-23T12:25:32.458Z	5	828
2021-02-23T12:25:34.458Z	6	825
2021-02-23T12:25:36.458Z	7	823
2021-02-23T12:25:38.459Z	8	821
2021-02-23T12:25:40.460Z	9	819
2021-02-23T12:25:42.461Z	10	817
2021-02-23T12:25:44.461Z	11	814
2021-02-23T12:25:46.462Z	12	812
2021-02-23T12:25:48.463Z	13	810
2021-02-23T12:25:50.463Z	15	808
2021-02-23T12:25:52.464Z	16	806
2021-02-23T12:25:54.463Z	17	803
2021-02-23T12:25:56.464Z	19	801
2021-02-23T12:25:58.464Z	20	799
2021-02-23T12:26:00.465Z	22	797
2021-02-23T12:26:02.465Z	24	794
2021-02-23T12:26:04.466Z	25	792
2021-02-23T12:26:06.467Z	27	790
2021-02-23T12:26:08.468Z	29	788
2021-02-23T12:26:10.468Z	31	786
2021-02-23T12:26:12.469Z	33	783
2021-02-23T12:26:14.469Z	35	781
2021-02-23T12:26:16.470Z	37	779
2021-02-23T12:26:18.469Z	40	777
2021-02-23T12:26:20.469Z	41	774
2021-02-23T12:26:22.470Z	44	772
2021-02-23T12:26:29.050Z	512	505
2021-02-23T12:26:31.051Z	517	509
2021-02-23T12:26:33.051Z	522	511
2021-02-23T12:26:35.051Z	527	514
2021-02-23T12:26:37.052Z	532	516
2021-02-23T12:26:39.052Z	540	519
2021-02-23T12:26:41.051Z	545	523
2021-02-23T12:26:43.052Z	550	525
2021-02-23T12:26:45.052Z	555	528
2021-02-23T12:26:47.052Z	562	530
2021-02-23T12:26:49.052Z	567	533
2021-02-23T12:26:51.053Z	572	536
2021-02-23T12:26:53.052Z	577	539
2021-02-23T12:26:55.053Z	582	541
2021-02-23T12:26:57.052Z	589	544
2021-02-23T12:26:59.053Z	594	548
2021-02-23T12:27:01.054Z	599	550
2021-02-23T12:27:03.054Z	604	553
2021-02-23T12:27:05.054Z	611	555
2021-02-23T12:27:07.055Z	616	558
2021-02-23T12:27:09.055Z	621	561
2021-02-23T12:27:11.056Z	626	564
2021-02-23T12:27:13.056Z	631	566
2021-02-23T12:27:15.057Z	638	569
2021-02-23T12:27:17.058Z	643	573
2021-02-23T12:27:19.059Z	648	575
2021-02-23T12:27:21.059Z	652	578
2021-02-23T12:27:23.060Z	660	580
2021-02-23T12:27:25.060Z	664	582
2021-02-23T12:27:27.060Z	669	586
2021-02-23T12:27:29.061Z	674	589
2021-02-23T12:27:31.062Z	678	591
2021-02-23T12:27:33.062Z	685	594
2021-02-23T12:27:35.062Z	690	597
2021-02-23T12:27:37.064Z	695	600
2021-02-23T12:27:39.064Z	699	602
2021-02-23T12:27:41.064Z	704	605
2021-02-23T12:27:43.065Z	711	607
2021-02-23T12:27:45.066Z	715	611
2021-02-23T12:27:47.066Z	720	613
2021-02-23T12:27:49.066Z	724	616
2021-02-23T12:27:51.067Z	731	618
2021-02-23T12:27:53.066Z	735	620
2021-02-23T12:27:58.718Z	511	505
2021-02-23T12:28:00.718Z	516	508
2021-02-23T12:28:02.717Z	521	511
2021-02-23T12:28:04.718Z	526	513
2021-02-23T12:28:06.718Z	533	516
2021-02-23T12:28:08.718Z	538	518
2021-02-23T12:28:10.719Z	543	522
2021-02-23T12:28:12.718Z	548	525
2021-02-23T12:28:14.719Z	553	527
2021-02-23T12:28:16.719Z	561	530
2021-02-23T12:28:18.720Z	566	533
2021-02-23T12:28:20.720Z	571	536
2021-02-23T12:28:22.720Z	576	538
2021-02-23T12:28:24.721Z	583	541
2021-02-23T12:28:26.722Z	588	543
2021-02-23T12:28:28.722Z	593	547
2021-02-23T12:28:30.723Z	598	550
2021-02-23T12:28:32.723Z	603	552
2021-02-23T12:28:34.724Z	610	555
2021-02-23T12:28:36.724Z	615	558
2021-02-23T12:28:38.724Z	620	561
2021-02-23T12:28:40.725Z	625	563
2021-02-23T12:28:42.725Z	630	566
2021-02-23T12:28:44.727Z	636	569
2021-02-23T12:28:46.727Z	641	571
2021-02-23T12:28:48.728Z	648	574
2021-02-23T12:28:50.729Z	653	576
2021-02-23T12:28:52.729Z	657	580
2021-02-23T12:28:54.730Z	662	583
2021-02-23T12:28:56.731Z	667	585
2021-02-23T12:28:58.732Z	674	588
2021-02-23T12:29:00.733Z	679	591
2021-02-23T12:29:02.733Z	683	594
2021-02-23T12:29:04.733Z	688	596
2021-02-23T12:29:06.734Z	695	599
2021-02-23T12:29:08.734Z	699	601
2021-02-23T12:29:10.734Z	704	605
2021-02-23T12:29:12.735Z	709	607
2021-02-23T12:29:14.735Z	713	610
2021-02-23T12:29:16.736Z	720	612
2021-02-23T12:29:18.737Z	724	616
2021-02-23T12:29:20.737Z	729	618
2021-02-23T12:29:22.738Z	733	621
2021-02-23T12:29:24.738Z	740	623
2021-02-23T12:29:26.738Z	744	625
2021-02-23T12:29:28.738Z	749	629
2021-02-23T12:29:30.738Z	753	631
2021-02-23T12:29:32.738Z	757	634
2021-02-23T12:29:34.739Z	764	636
2021-02-23T12:29:36.740Z	768	639
2021-02-23T12:29:38.740Z	772	642
2021-02-23T12:29:40.741Z	776	645
2021-02-23T12:29:42.742Z	781	647
2021-02-23T12:29:44.742Z	787	650
2021-02-23T12:29:46.742Z	791	653
2021-02-23T12:29:48.742Z	795	655
2021-02-23T12:29:50.742Z	799	658
2021-02-23T12:29:52.743Z	805	660
2021-02-23T12:29:54.744Z	809	663
2021-02-23T12:29:56.745Z	813	666
2021-02-23T12:29:58.745Z	817	669
2021-02-23T12:30:00.746Z	821	671
2021-02-23T12:30:02.746Z	826	673
2021-02-23T12:30:04.746Z	830	677
2021-02-23T12:30:06.747Z	834	679
2021-02-23T12:30:08.748Z	837	681
2021-02-23T12:30:10.749Z	843	684
2021-02-23T12:30:12.750Z	847	686
2021-02-23T12:30:14.751Z	850	690
2021-02-23T12:30:16.751Z	854	692
2021-02-23T12:30:18.751Z	857	694
2021-02-23T12:30:20.751Z	863	696
2021-02-23T12:30:22.752Z	866	700
2021-02-23T12:30:24.751Z	869	702
2021-02-23T12:30:26.751Z	873	705
2021-02-23T12:30:28.752Z	876	707
2021-02-23T12:30:30.754Z	881	709
2021-02-23T12:30:32.755Z	884	712
2021-02-23T12:30:34.755Z	887	715
2021-02-23T12:30:36.755Z	890	717
2021-02-23T12:30:38.755Z	895	719
2021-02-23T12:30:40.756Z	898	722
2021-02-23T12:30:42.756Z	901	725
2021-02-23T12:30:44.756Z	904	727
2021-02-23T12:30:46.757Z	907	729
2021-02-23T12:30:48.757Z	911	732
2021-02-23T12:30:50.757Z	915	734
2021-02-23T12:30:52.758Z	917	737
2021-02-23T12:30:54.759Z	920	740
2021-02-23T12:30:56.759Z	923	742
2021-02-23T12:30:58.760Z	927	744
2021-02-23T12:31:00.761Z	929	746
2021-02-23T12:31:02.760Z	932	749
2021-02-23T12:31:04.760Z	934	752
2021-02-23T12:31:06.761Z	937	754
2021-02-23T12:31:08.761Z	941	756
2021-02-23T12:31:10.762Z	943	758
2021-02-23T12:31:12.762Z	945	761
2021-02-23T12:31:14.762Z	947	763
2021-02-23T12:31:16.762Z	950	766
2021-02-23T12:31:18.762Z	953	768
2021-02-23T12:31:20.765Z	955	771
2021-02-23T12:31:22.766Z	957	773
2021-02-23T12:31:24.766Z	959	775
2021-02-23T12:31:26.767Z	962	777
2021-02-23T12:31:28.767Z	964	779
2021-02-23T12:31:30.767Z	966	782
2021-02-23T12:31:32.767Z	967	784
2021-02-23T12:31:34.767Z	969	786
2021-02-23T12:31:36.768Z	972	788
2021-02-23T12:31:38.768Z	973	792
2021-02-23T12:31:40.768Z	975	794
2021-02-23T12:31:45.711Z	511	505
2021-02-23T12:31:47.712Z	516	508
2021-02-23T12:31:49.712Z	521	511
2021-02-23T12:31:51.712Z	526	513
2021-02-23T12:31:53.712Z	533	516
2021-02-23T12:31:55.713Z	538	518
2021-02-23T12:31:57.713Z	543	522
2021-02-23T12:31:59.714Z	548	525
2021-02-23T12:32:01.714Z	553	527
2021-02-23T12:32:03.714Z	561	530
2021-02-23T12:32:05.714Z	566	533
2021-02-23T12:32:07.715Z	571	536
2021-02-23T12:32:09.716Z	576	538
2021-02-23T12:32:11.717Z	581	541
2021-02-23T12:32:13.717Z	588	543
2021-02-23T12:32:15.717Z	593	547
2021-02-23T12:32:17.717Z	598	550
2021-02-23T12:32:19.717Z	603	552
2021-02-23T12:32:21.718Z	610	555
2021-02-23T12:32:23.718Z	615	557
2021-02-23T12:32:25.719Z	620	561
2021-02-23T12:32:27.720Z	625	563
2021-02-23T12:32:29.720Z	630	566
2021-02-23T12:32:31.721Z	637	568
2021-02-23T12:32:33.722Z	642	572
2021-02-23T12:32:35.723Z	646	574
2021-02-23T12:32:37.725Z	651	577
2021-02-23T12:32:39.726Z	658	579
2021-02-23T12:32:41.727Z	663	582
2021-02-23T12:32:43.726Z	668	586
2021-02-23T12:32:45.727Z	673	588
2021-02-23T12:32:47.728Z	677	590
2021-02-23T12:32:49.728Z	684	593
2021-02-23T12:32:51.729Z	689	597
2021-02-23T12:32:53.729Z	693	599
2021-02-23T12:32:55.731Z	698	602
2021-02-23T12:32:57.731Z	705	604
2021-02-23T12:32:59.732Z	710	606
2021-02-23T12:33:01.733Z	714	610
2021-02-23T12:33:03.733Z	719	613
2021-02-23T12:33:05.734Z	723	615
2021-02-23T12:33:07.735Z	730	617
2021-02-23T12:33:09.735Z	734	621
2021-02-23T12:33:11.735Z	739	624
2021-02-23T12:33:13.735Z	743	626
2021-02-23T12:33:15.736Z	750	628
2021-02-23T12:33:17.737Z	754	631
2021-02-23T12:36:47.263Z	511	505
2021-02-23T12:36:49.263Z	516	508
2021-02-23T12:36:51.263Z	521	511
2021-02-23T12:36:53.264Z	526	513
2021-02-23T12:36:55.263Z	533	516
2021-02-23T12:36:57.265Z	538	518
2021-02-23T12:36:59.265Z	543	522
2021-02-23T12:37:01.265Z	548	525
2021-02-23T12:37:03.266Z	553	527
2021-02-23T12:37:05.266Z	561	530
2021-02-23T12:37:07.267Z	566	533
2021-02-23T12:37:09.267Z	571	536
2021-02-23T12:37:11.267Z	576	538
2021-02-23T12:37:13.268Z	583	541
2021-02-23T12:37:15.267Z	588	543
2021-02-23T12:37:17.268Z	593	547
2021-02-23T12:37:19.270Z	598	550
2021-02-23T12:37:21.270Z	603	552
2021-02-23T12:37:23.270Z	610	555
2021-02-23T12:37:25.271Z	615	557
2021-02-23T12:37:27.270Z	620	561
2021-02-23T12:37:29.272Z	625	563
2021-02-23T12:37:31.272Z	630	566
2021-02-23T12:37:33.274Z	637	568
2021-02-23T12:37:35.274Z	642	572
2021-02-23T12:37:37.275Z	646	574
2021-02-23T12:37:39.276Z	651	577
2021-02-23T12:37:41.277Z	658	579
2021-02-23T12:37:43.279Z	663	582
2021-02-23T12:37:45.280Z	668	586
2021-02-23T12:37:47.280Z	673	588
2021-02-23T12:37:49.280Z	677	591
2021-02-23T12:37:51.281Z	684	593
2021-02-23T12:37:53.281Z	689	597
2021-02-23T12:37:55.281Z	694	599
2021-02-23T12:37:57.281Z	698	602
2021-02-23T12:37:59.282Z	705	604
2021-02-23T12:38:01.283Z	710	606
2021-02-23T12:38:03.285Z	714	610
2021-02-23T12:38:05.286Z	719	613
2021-02-23T12:38:07.286Z	723	615
2021-02-23T12:38:09.287Z	730	617
2021-02-23T12:38:11.287Z	734	621
2021-02-23T12:38:13.288Z	739	624
2021-02-23T12:38:15.288Z	743	626
2021-02-23T12:38:17.288Z	750	628
2021-02-23T12:38:19.288Z	754	631
2021-02-23T12:38:21.289Z	758	634
2021-02-23T12:38:23.289Z	763	637
2021-02-23T12:38:25.290Z	767	639
2021-02-23T12:38:27.290Z	773	642
2021-02-23T12:38:29.291Z	777	644
2021-02-23T12:38:31.291Z	781	648
2021-02-23T12:38:33.293Z	786	650
2021-02-23T12:38:35.294Z	790	652
2021-02-23T12:38:37.295Z	796	655
2021-02-23T12:38:39.295Z	800	658
2021-02-23T12:38:41.296Z	804	661
2021-02-23T12:38:43.297Z	808	663
2021-02-23T12:38:45.298Z	814	665
2021-02-23T12:38:47.299Z	818	668
2021-02-23T12:38:49.300Z	821	671
2021-02-23T12:38:51.301Z	825	674
2021-02-23T12:38:53.301Z	829	676
2021-02-23T12:38:55.302Z	835	678
2021-02-23T12:38:57.302Z	838	682
2021-02-23T12:38:59.303Z	842	684
2021-02-23T12:39:01.303Z	846	687
2021-02-23T12:39:03.303Z	851	689
2021-02-23T12:39:05.304Z	855	691
2021-02-23T12:39:07.305Z	858	695
2021-02-23T12:39:09.306Z	862	697
2021-02-23T12:39:11.306Z	865	699
2021-02-23T12:39:13.307Z	870	702
2021-02-23T12:39:15.306Z	873	705
2021-02-23T12:39:17.307Z	877	707
2021-02-23T12:39:19.308Z	880	710
2021-02-23T12:39:21.308Z	885	712
2021-02-23T12:39:23.309Z	888	714
2021-02-23T12:39:25.310Z	891	717
2021-02-23T12:39:27.311Z	894	720
2021-02-23T12:39:29.311Z	897	722
2021-02-23T12:39:31.312Z	902	724
2021-02-23T12:39:33.312Z	905	726
2021-02-23T12:39:35.313Z	908	730
2021-02-23T12:39:37.312Z	911	732
2021-02-23T12:39:39.313Z	913	734
2021-02-23T12:39:41.313Z	918	736
2021-02-23T12:39:43.313Z	920	740
2021-02-23T12:39:45.313Z	923	742
2021-02-23T12:39:47.313Z	926	744
2021-02-23T12:39:49.314Z	930	746
2021-02-23T12:39:51.315Z	932	749
2021-02-23T12:39:53.315Z	935	752
2021-02-23T12:39:55.315Z	937	754
2021-02-23T12:39:57.317Z	939	756
2021-02-23T12:39:59.317Z	943	758
2021-02-23T12:40:01.318Z	945	761
2021-02-23T12:40:03.319Z	948	764
2021-02-23T12:40:05.319Z	950	766
2021-02-23T12:40:07.319Z	953	768
2021-02-23T12:40:09.319Z	955	770
2021-02-23T12:40:11.321Z	957	773
2021-02-23T12:40:13.321Z	959	775
2021-02-23T12:40:15.321Z	961	777
2021-02-23T12:40:17.321Z	964	779
2021-02-23T12:40:19.321Z	966	782
2021-02-23T12:40:21.322Z	968	785
2021-02-23T12:40:23.322Z	969	787
2021-02-23T12:40:25.322Z	972	789
2021-02-23T12:40:27.322Z	974	791
2021-02-23T12:40:29.322Z	975	794
2021-02-23T12:40:31.323Z	977	796
2021-02-23T12:40:33.325Z	978	798
2021-02-23T12:40:35.325Z	980	800
2021-02-23T12:40:37.325Z	982	802
2021-02-23T12:40:39.326Z	983	805
2021-02-23T12:40:41.326Z	984	807
2021-02-23T12:40:43.327Z	985	809
2021-02-23T12:40:45.328Z	987	811
2021-02-23T12:40:47.328Z	988	814
2021-02-23T12:40:49.328Z	989	816
2021-02-23T12:40:51.328Z	990	817
2021-02-23T12:40:53.328Z	992	819
2021-02-23T12:40:55.329Z	993	821
2021-02-23T12:40:57.330Z	993	824
2021-02-23T12:40:59.331Z	994	826
2021-02-23T12:41:01.332Z	995	828
2021-02-23T12:41:03.332Z	996	830
2021-02-23T12:41:05.332Z	997	833
2021-02-23T12:41:07.332Z	997	835
2021-02-23T12:41:09.333Z	998	836
2021-02-23T12:41:11.334Z	998	838
2021-02-23T12:41:13.335Z	999	840
2021-02-23T12:41:15.336Z	999	843
2021-02-23T12:41:17.338Z	999	845
2021-02-23T12:41:19.338Z	1000	846
2021-02-23T12:41:21.338Z	1000	848
2021-02-23T12:41:23.339Z	1000	851
2021-02-23T12:41:25.339Z	1000	853
2021-02-23T12:41:27.340Z	1000	855
2021-02-23T12:41:29.340Z	1000	856
2021-02-23T12:41:31.341Z	1000	858
2021-02-23T12:41:33.341Z	1000	861
2021-02-23T12:41:35.344Z	999	862
2021-02-23T12:41:37.344Z	999	864
2021-02-23T12:41:39.345Z	999	866
2021-02-23T12:41:41.345Z	998	868
2021-02-23T12:41:43.346Z	998	870
2021-02-23T12:41:45.347Z	997	872
2021-02-23T12:41:47.348Z	997	873
2021-02-23T12:41:49.348Z	996	875
2021-02-23T12:41:51.349Z	995	878
2021-02-23T12:41:53.349Z	994	879
2021-02-23T12:41:55.349Z	994	881
2021-02-23T12:41:57.350Z	992	882
2021-02-23T12:41:59.350Z	992	884
2021-02-23T12:42:01.351Z	991	886
2021-02-23T12:42:03.352Z	990	888
2021-02-23T12:42:05.352Z	989	890
2021-02-23T12:42:07.352Z	987	891
2021-02-23T12:42:09.353Z	986	893
2021-02-23T12:42:11.354Z	985	895
2021-02-23T12:42:13.354Z	983	897
2021-02-23T12:42:15.354Z	981	898
2021-02-23T12:42:17.354Z	980	900
2021-02-23T12:42:19.354Z	978	902
2021-02-23T12:42:21.354Z	977	903
2021-02-23T12:42:23.355Z	975	905
2021-02-23T12:42:25.355Z	973	906
2021-02-23T12:42:27.356Z	971	908
2021-02-23T12:42:29.356Z	970	910
2021-02-23T12:42:31.356Z	968	911
2021-02-23T12:42:33.357Z	965	913
2021-02-23T12:42:35.357Z	963	914
2021-02-23T12:42:37.357Z	962	916
2021-02-23T12:42:39.359Z	960	918
2021-02-23T12:42:41.360Z	958	919
2021-02-23T12:42:43.361Z	955	920
2021-02-23T12:42:45.361Z	952	922
2021-02-23T12:42:47.362Z	950	924
2021-02-23T12:42:49.362Z	948	925
2021-02-23T12:42:51.362Z	946	926
2021-02-23T12:42:53.363Z	942	928
2021-02-23T12:42:55.363Z	940	930
2021-02-23T12:42:57.364Z	938	931
2021-02-23T12:42:59.365Z	935	932
2021-02-23T12:43:01.366Z	931	933
2021-02-23T12:43:03.365Z	929	935
2021-02-23T12:43:05.365Z	926	936
2021-02-23T12:43:07.366Z	924	938
2021-02-23T12:43:09.367Z	921	939
2021-02-23T12:43:11.367Z	917	940
2021-02-23T12:43:13.368Z	914	942
2021-02-23T12:43:15.368Z	911	943
2021-02-23T12:43:17.368Z	908	944
2021-02-23T12:43:19.368Z	904	945
2021-02-23T12:43:21.368Z	901	946
2021-02-23T12:43:23.369Z	898	948
2021-02-23T12:43:25.370Z	895	949
2021-02-23T12:43:27.371Z	892	950
2021-02-23T12:43:29.372Z	887	951
2021-02-23T12:43:31.374Z	884	953
2021-02-23T12:43:33.374Z	881	954
2021-02-23T12:43:35.374Z	877	955
2021-02-23T12:43:37.376Z	873	956
2021-02-23T12:43:39.376Z	869	957
2021-02-23T12:43:41.376Z	866	959
2021-02-23T12:43:43.377Z	862	960
2021-02-23T12:43:45.376Z	859	961
2021-02-23T12:43:47.376Z	854	962
2021-02-23T12:43:49.376Z	850	963
2021-02-23T12:43:51.377Z	846	964
2021-02-23T12:43:53.377Z	843	965
2021-02-23T12:43:55.377Z	839	966
2021-02-23T12:43:57.378Z	834	967
2021-02-23T12:43:59.378Z	830	968
2021-02-23T12:44:01.378Z	826	969
2021-02-23T12:44:03.379Z	822	970
2021-02-23T12:44:05.379Z	816	971
2021-02-23T12:44:07.379Z	813	971
2021-02-23T12:44:09.380Z	809	973
2021-02-23T12:44:11.380Z	805	974
2021-02-23T12:44:13.380Z	801	974
2021-02-23T12:44:15.380Z	795	975
2021-02-23T12:44:17.381Z	791	976
2021-02-23T12:44:19.381Z	786	977
2021-02-23T12:44:21.382Z	782	978
2021-02-23T12:44:23.383Z	776	979
2021-02-23T12:44:25.383Z	772	979
2021-02-23T12:44:27.383Z	768	980
2021-02-23T12:44:29.384Z	764	981
2021-02-23T12:44:31.384Z	759	982
2021-02-23T12:44:33.384Z	753	982
2021-02-23T12:44:35.384Z	748	983
2021-02-23T12:44:37.384Z	744	984
2021-02-23T12:44:39.385Z	740	985
2021-02-23T12:44:41.386Z	735	985
2021-02-23T12:44:43.387Z	729	986
2021-02-23T12:44:45.387Z	724	987
2021-02-23T12:44:47.388Z	720	987
2021-02-23T12:44:49.389Z	715	988
2021-02-23T12:44:51.390Z	708	988
2021-02-23T12:44:53.390Z	704	989
2021-02-23T12:44:55.390Z	699	990
2021-02-23T12:44:57.391Z	695	990
2021-02-23T12:44:59.391Z	690	991
2021-02-23T12:45:01.391Z	683	991
2021-02-23T12:45:03.391Z	678	992
2021-02-23T12:45:05.393Z	674	992
2021-02-23T12:45:07.393Z	669	993
2021-02-23T12:45:09.393Z	662	993
2021-02-23T12:45:11.394Z	657	993
2021-02-23T12:45:13.394Z	652	994
2021-02-23T12:45:15.395Z	648	994
2021-02-23T12:45:17.395Z	643	995
2021-02-23T12:45:19.395Z	636	995
2021-02-23T12:45:21.396Z	631	996
2021-02-23T12:45:23.396Z	626	996
2021-02-23T12:45:25.397Z	621	996
2021-02-23T12:45:27.397Z	614	997
2021-02-23T12:45:29.399Z	609	997
2021-02-23T12:45:31.399Z	604	997
2021-02-23T12:45:33.400Z	599	998
2021-02-23T12:45:35.401Z	594	998
2021-02-23T12:45:37.401Z	587	998
2021-02-23T12:45:39.401Z	582	998
2021-02-23T12:45:41.402Z	577	999
2021-02-23T12:45:43.402Z	572	999
2021-02-23T12:45:45.403Z	565	999
2021-02-23T12:45:47.403Z	560	999
2021-02-23T12:45:49.403Z	555	999
2021-02-23T12:45:51.404Z	550	999
2021-02-23T12:45:53.403Z	545	1000
2021-02-23T12:45:55.404Z	537	1000
2021-02-23T12:45:57.405Z	532	1000
2021-02-23T12:45:59.406Z	527	1000
2021-02-23T12:46:01.406Z	522	1000
2021-02-23T12:46:03.406Z	517	1000
2021-02-23T12:46:05.407Z	510	1000
2021-02-23T12:46:07.407Z	505	1000
2021-02-23T12:46:09.407Z	500	1000
2021-02-23T12:46:11.407Z	495	1000
2021-02-23T12:46:13.407Z	487	1000
2021-02-23T12:46:15.407Z	482	1000
2021-02-23T12:46:17.408Z	477	1000
2021-02-23T12:46:19.408Z	472	1000
2021-02-23T12:46:21.409Z	467	1000
2021-02-23T12:46:23.409Z	460	1000
2021-02-23T12:46:25.410Z	455	999
2021-02-23T12:46:27.411Z	450	999
2021-02-23T12:46:29.410Z	445	999
2021-02-23T12:46:31.411Z	437	999
2021-02-23T12:46:33.412Z	432	999
2021-02-23T12:46:35.412Z	427	999
2021-02-23T12:46:37.413Z	422	998
2021-02-23T12:46:39.413Z	417	998
2021-02-23T12:46:41.414Z	410	998
2021-02-23T12:46:43.414Z	405	998
2021-02-23T12:46:45.414Z	400	997
2021-02-23T12:46:47.415Z	395	997
2021-02-23T12:46:49.414Z	388	997
2021-02-23T12:46:51.416Z	383	997
2021-02-23T12:46:53.415Z	378	996
2021-02-23T12:46:55.416Z	373	996
2021-02-23T12:46:57.417Z	368	996
2021-02-23T12:46:59.417Z	361	995
2021-02-23T12:47:01.417Z	356	995
2021-02-23T12:47:03.418Z	352	994
2021-02-23T12:47:05.418Z	347	994
2021-02-23T12:47:07.418Z	342	993
2021-02-23T12:47:09.418Z	335	993
2021-02-23T12:47:11.419Z	330	992
2021-02-23T12:47:13.419Z	326	992
2021-02-23T12:47:15.419Z	321	992
2021-02-23T12:47:17.419Z	314	991
2021-02-23T12:47:19.420Z	309	991
2021-02-23T12:47:21.419Z	305	990
2021-02-23T12:47:23.420Z	300	989
2021-02-23T12:47:25.421Z	295	989
2021-02-23T12:47:27.421Z	289	988
2021-02-23T12:47:29.422Z	284	987
2021-02-23T12:47:31.422Z	280	987
2021-02-23T12:47:33.423Z	275	986
2021-02-23T12:47:35.424Z	268	986
2021-02-23T12:47:37.424Z	264	985
2021-02-23T12:47:39.425Z	260	984
2021-02-23T12:47:41.427Z	255	984
2021-02-23T12:47:43.428Z	251	983
2021-02-23T12:47:45.429Z	244	982
2021-02-23T12:47:47.431Z	240	981
2021-02-23T12:47:49.432Z	236	981
2021-02-23T12:47:51.433Z	232	980
2021-02-23T12:47:53.433Z	225	979
2021-02-23T12:47:55.434Z	221	979
2021-02-23T12:47:57.435Z	217	977
2021-02-23T12:47:59.435Z	213	977
2021-02-23T12:48:01.435Z	209	976
2021-02-23T12:48:03.436Z	203	975
2021-02-23T12:48:05.437Z	199	974
2021-02-23T12:48:07.437Z	195	973
2021-02-23T12:48:09.438Z	191	972
2021-02-23T12:48:11.439Z	187	971
2021-02-23T12:48:13.439Z	181	971
2021-02-23T12:48:15.442Z	177	969
2021-02-23T12:48:17.442Z	173	968
2021-02-23T12:48:19.445Z	170	968
2021-02-23T12:48:21.445Z	164	967
2021-02-23T12:48:23.446Z	160	966
2021-02-23T12:48:25.446Z	157	964
2021-02-23T12:48:27.448Z	153	964
2021-02-23T12:48:29.447Z	149	963
2021-02-23T12:48:31.450Z	144	962
2021-02-23T12:48:33.452Z	141	960
2021-02-23T12:48:35.452Z	137	959
2021-02-23T12:48:37.452Z	134	958
2021-02-23T12:48:39.452Z	129	957
2021-02-23T12:48:41.453Z	125	956
2021-02-23T12:48:43.454Z	122	955
2021-02-23T12:48:45.456Z	119	954
2021-02-23T12:48:47.455Z	115	952
2021-02-23T12:48:49.456Z	111	951
2021-02-23T12:48:51.456Z	108	950
2021-02-23T12:48:53.457Z	104	949
2021-02-23T12:48:55.458Z	101	948
2021-02-23T12:48:57.459Z	97	946
2021-02-23T12:48:59.459Z	94	945
2021-02-23T12:49:01.459Z	91	944
2021-02-23T12:49:03.460Z	88	942
2021-02-23T12:49:05.460Z	85	941
2021-02-23T12:49:07.460Z	81	940
2021-02-23T12:49:09.461Z	79	938
2021-02-23T12:49:11.463Z	76	937
2021-02-23T12:49:13.462Z	73	936
2021-02-23T12:49:15.462Z	71	935
2021-02-23T12:49:17.463Z	67	933
2021-02-23T12:49:19.463Z	64	931
2021-02-23T12:49:21.463Z	62	930
2021-02-23T12:49:23.464Z	60	929
2021-02-23T12:49:25.465Z	56	928
2021-02-23T12:49:27.465Z	54	926
2021-02-23T12:49:29.465Z	52	924
2021-02-23T12:49:31.465Z	49	923
2021-02-23T12:49:33.467Z	47	922
2021-02-23T12:49:35.467Z	44	920
2021-02-23T12:49:37.468Z	42	918
2021-02-23T12:49:39.468Z	40	917
2021-02-23T12:49:41.468Z	38	916
2021-02-23T12:49:43.469Z	35	914
2021-02-23T12:49:45.469Z	33	913
2021-02-23T12:49:47.470Z	32	911
2021-02-23T12:49:49.469Z	30	909
2021-02-23T12:49:51.469Z	28	908
2021-02-23T12:49:53.469Z	26	906
2021-02-23T12:49:55.469Z	24	904
2021-02-23T12:49:57.469Z	23	903
2021-02-23T12:49:59.470Z	21	901
2021-02-23T12:50:01.471Z	19	900
2021-02-23T12:50:03.471Z	18	898
2021-02-23T12:50:05.471Z	16	896
2021-02-23T12:50:07.471Z	15	894
2021-02-23T12:50:09.472Z	14	893
2021-02-23T12:50:11.473Z	12	891
2021-02-23T12:50:13.474Z	11	889
2021-02-23T12:50:15.475Z	10	887
2021-02-23T12:50:17.475Z	9	886
2021-02-23T12:50:19.475Z	8	884
2021-02-23T12:50:21.475Z	7	882
2021-02-23T12:50:26.568Z	511	505
2021-02-23T12:50:28.569Z	515	508
2021-02-23T12:50:30.571Z	520	510
2021-02-23T12:50:32.571Z	528	513
2021-02-23T12:50:34.570Z	533	517
2021-02-23T12:50:36.571Z	538	519
2021-02-23T12:50:38.572Z	543	522
2021-02-23T12:50:40.572Z	548	525
2021-02-23T12:50:42.573Z	553	527
2021-02-23T12:50:44.573Z	561	530
2021-02-23T12:50:46.574Z	566	532
2021-02-23T12:50:48.574Z	571	536
2021-02-23T12:50:50.574Z	576	538
2021-02-23T12:50:52.576Z	581	541
2021-02-23T12:50:54.576Z	588	543
2021-02-23T12:50:56.575Z	593	547
2021-02-23T12:50:58.575Z	598	550
2021-02-23T12:51:00.576Z	603	552
2021-02-23T12:51:02.577Z	610	555
2021-02-23T12:51:04.577Z	615	557
2021-02-23T12:51:06.578Z	620	561
2021-02-23T12:51:08.578Z	625	563
2021-02-23T12:51:10.578Z	630	566
2021-02-23T12:51:12.577Z	637	568
2021-02-23T12:51:14.578Z	642	572
2021-02-23T12:51:16.579Z	646	574
2021-02-23T12:51:18.579Z	651	577
2021-02-23T12:51:20.581Z	658	579
2021-02-23T12:51:22.582Z	663	582
2021-02-23T12:51:24.583Z	668	586
2021-02-23T12:51:29.591Z	511	505
2021-02-23T12:51:31.592Z	516	508
2021-02-23T12:51:33.592Z	521	511
2021-02-23T12:51:35.592Z	526	513
2021-02-23T12:51:37.592Z	533	516
2021-02-23T12:51:39.593Z	538	518
2021-02-23T12:51:41.593Z	543	522
2021-02-23T12:51:43.592Z	548	525
2021-02-23T12:51:45.592Z	553	527
2021-02-23T12:51:47.592Z	561	530
2021-02-23T12:51:49.592Z	565	533
2021-02-23T12:51:51.592Z	570	536
2021-02-23T12:51:53.592Z	575	538
2021-02-23T12:51:55.592Z	583	541
2021-02-23T12:51:57.592Z	588	544
2021-02-23T12:51:59.592Z	592	547
2021-02-23T12:52:01.593Z	597	549
2021-02-23T12:52:03.593Z	605	552
2021-02-23T12:52:05.594Z	610	554
2021-02-23T12:52:07.595Z	614	558
2021-02-23T12:52:09.595Z	619	561
2021-02-23T12:52:11.596Z	624	563
2021-02-23T12:52:13.596Z	631	566
2021-02-23T12:52:15.596Z	636	569
2021-02-23T12:52:17.596Z	641	572
2021-02-23T12:52:19.597Z	646	574
2021-02-23T12:52:21.597Z	653	577
2021-02-23T12:52:23.598Z	658	579
2021-02-23T12:52:25.600Z	663	583
2021-02-23T12:52:27.600Z	667	585
2021-02-23T12:52:29.600Z	672	588
2021-02-23T12:52:31.600Z	679	590
2021-02-23T12:52:33.601Z	684	594
2021-02-23T12:52:35.602Z	688	596
2021-02-23T12:52:37.603Z	693	599
2021-02-23T12:52:39.604Z	700	601
2021-02-23T12:52:41.604Z	705	604
2021-02-23T12:52:43.604Z	709	607
2021-02-23T12:52:45.604Z	714	610
2021-02-23T12:52:47.604Z	718	612
2021-02-23T12:52:49.604Z	725	615
2021-02-23T12:52:51.605Z	729	617
2021-02-23T12:52:53.605Z	734	621
2021-02-23T12:52:55.605Z	738	623
2021-02-23T12:52:57.605Z	743	626
2021-02-23T12:52:59.605Z	749	628
2021-02-23T12:53:01.605Z	753	632
2021-02-23T12:53:03.606Z	758	634
2021-02-23T12:53:05.609Z	762	637
2021-02-23T12:53:07.609Z	768	639
2021-02-23T12:53:09.610Z	773	641
2021-02-23T12:53:11.610Z	777	645
2021-02-23T12:53:13.610Z	781	647
2021-02-23T12:53:15.611Z	785	650
2021-02-23T12:53:17.612Z	791	652
2021-02-23T12:53:19.613Z	795	656
2021-02-23T12:53:21.613Z	799	658
2021-02-23T12:53:23.614Z	803	660
2021-02-23T12:53:25.614Z	809	663
2021-02-23T12:53:27.614Z	813	665
2021-02-23T12:53:29.614Z	817	669
2021-02-23T12:53:31.616Z	821	671
2021-02-23T12:53:33.615Z	825	673
2021-02-23T12:53:35.615Z	830	676
2021-02-23T12:53:37.616Z	834	679
2021-02-23T12:53:39.617Z	838	682
2021-02-23T12:53:41.617Z	842	684
2021-02-23T12:53:43.618Z	847	686
2021-02-23T12:53:45.618Z	851	689
2021-02-23T12:53:47.619Z	854	692
2021-02-23T12:53:49.619Z	858	694
2021-02-23T12:53:51.619Z	861	697
2021-02-23T12:53:53.619Z	866	699
2021-02-23T12:53:55.619Z	870	701
2021-02-23T12:53:57.619Z	873	705
2021-02-23T12:53:59.620Z	876	707
2021-02-23T12:54:01.620Z	880	709
2021-02-23T12:54:03.621Z	884	712
2021-02-23T12:54:05.621Z	888	715
2021-02-23T12:54:07.621Z	891	717
2021-02-23T12:54:09.622Z	894	719
2021-02-23T12:54:11.623Z	898	722
2021-02-23T12:54:13.623Z	902	724
2021-02-23T12:54:15.625Z	904	727
2021-02-23T12:54:17.625Z	907	730
2021-02-23T12:54:19.625Z	910	732
2021-02-23T12:54:21.625Z	915	734
2021-02-23T12:54:23.627Z	917	737
2021-02-23T12:54:25.628Z	920	740
2021-02-23T12:54:27.628Z	923	742
2021-02-23T12:54:29.631Z	927	744
2021-02-23T12:54:31.631Z	929	746
2021-02-23T12:54:33.632Z	932	749
2021-02-23T12:54:35.632Z	934	752
2021-02-23T12:54:37.633Z	937	754
2021-02-23T12:54:39.633Z	940	756
2021-02-23T12:54:41.634Z	943	759
2021-02-23T12:54:43.635Z	945	761
2021-02-23T12:54:45.637Z	947	763
2021-02-23T12:54:47.638Z	951	765
2021-02-23T12:54:49.638Z	953	768
2021-02-23T12:54:51.638Z	955	771
2021-02-23T12:54:53.639Z	957	773
2021-02-23T12:54:55.639Z	959	775
2021-02-23T12:54:57.639Z	962	777
2021-02-23T12:54:59.639Z	964	779
2021-02-23T12:55:01.640Z	966	782
2021-02-23T12:55:03.640Z	967	784
2021-02-23T12:55:05.641Z	969	786
2021-02-23T12:55:07.641Z	972	788
2021-02-23T12:55:09.642Z	973	791
2021-02-23T12:55:11.643Z	975	793
2021-02-23T12:55:13.644Z	977	796
2021-02-23T12:55:15.656Z	979	798
2021-02-23T12:55:17.656Z	980	800
2021-02-23T12:55:19.658Z	982	803
2021-02-23T12:55:21.658Z	983	805
2021-02-23T12:55:23.659Z	984	807
2021-02-23T12:55:25.659Z	986	808
2021-02-23T12:55:27.660Z	987	811
2021-02-23T12:55:29.660Z	988	813
2021-02-23T12:55:31.662Z	989	815
2021-02-23T12:55:33.664Z	991	817
2021-02-23T12:55:35.664Z	992	819
2021-02-23T12:55:37.665Z	993	822
2021-02-23T12:55:39.665Z	993	824
2021-02-23T12:55:41.665Z	994	826
2021-02-23T12:55:43.666Z	995	828
2021-02-23T12:55:45.667Z	996	831
2021-02-23T12:55:47.667Z	997	833
2021-02-23T12:55:49.668Z	997	834
2021-02-23T12:55:51.668Z	998	836
2021-02-23T12:55:53.668Z	998	838
2021-02-23T12:55:55.671Z	999	841
2021-02-23T12:55:57.670Z	999	843
2021-02-23T12:55:59.671Z	999	844
2021-02-23T12:56:01.670Z	1000	846
2021-02-23T12:56:03.671Z	1000	848
2021-02-23T12:56:05.672Z	1000	851
2021-02-23T12:56:07.673Z	1000	853
2021-02-23T12:56:09.673Z	1000	854
2021-02-23T12:56:11.674Z	1000	856
2021-02-23T12:56:13.674Z	1000	859
2021-02-23T12:56:15.674Z	1000	860
2021-02-23T12:56:17.675Z	999	862
2021-02-23T12:56:19.676Z	999	864
2021-02-23T12:56:21.678Z	999	866
2021-02-23T12:56:23.679Z	998	868
2021-02-23T12:56:25.680Z	998	870
2021-02-23T12:56:27.680Z	997	872
2021-02-23T12:56:29.680Z	997	873
2021-02-23T12:56:31.680Z	996	876
2021-02-23T12:56:33.680Z	995	877
2021-02-23T12:56:35.681Z	995	879
2021-02-23T12:56:37.681Z	993	881
2021-02-23T12:56:39.682Z	993	882
2021-02-23T12:56:41.682Z	992	885
2021-02-23T12:56:43.684Z	991	886
2021-02-23T12:56:45.685Z	990	888
2021-02-23T12:56:47.686Z	988	889
2021-02-23T12:56:49.686Z	987	892
2021-02-23T12:56:51.687Z	986	893
2021-02-23T12:56:53.687Z	985	895
2021-02-23T12:56:55.687Z	983	896
2021-02-23T12:56:57.688Z	981	898
2021-02-23T12:56:59.687Z	980	900
2021-02-23T12:57:01.687Z	979	902
2021-02-23T12:57:03.688Z	977	903
2021-02-23T12:57:05.690Z	975	905
2021-02-23T12:57:07.691Z	973	906
2021-02-23T12:57:09.691Z	972	908
2021-02-23T12:57:11.691Z	970	910
2021-02-23T12:57:13.691Z	968	911
2021-02-23T12:57:15.692Z	966	913
2021-02-23T12:57:17.692Z	964	915
2021-02-23T12:57:19.692Z	962	916
2021-02-23T12:57:21.693Z	960	917
2021-02-23T12:57:23.693Z	957	919
2021-02-23T12:57:25.693Z	955	920
2021-02-23T12:57:27.693Z	953	922
2021-02-23T12:57:29.696Z	951	924
2021-02-23T12:57:31.695Z	948	925
2021-02-23T12:57:33.696Z	945	926
2021-02-23T12:57:35.696Z	943	928
2021-02-23T12:57:37.697Z	940	929
2021-02-23T12:57:39.698Z	938	931
2021-02-23T12:57:41.699Z	934	932
2021-02-23T12:57:43.701Z	932	933
2021-02-23T12:57:45.702Z	929	935
2021-02-23T12:57:47.702Z	927	936
2021-02-23T12:57:49.703Z	924	938
2021-02-23T12:57:51.703Z	920	939
2021-02-23T12:57:53.704Z	917	941
2021-02-23T12:57:55.704Z	914	942
2021-02-23T12:57:57.705Z	912	943
2021-02-23T12:57:59.705Z	907	944
2021-02-23T12:58:01.705Z	904	945
2021-02-23T12:58:03.705Z	901	947
2021-02-23T12:58:05.706Z	898	948
2021-02-23T12:58:07.707Z	895	949
2021-02-23T12:58:12.859Z	511	505
2021-02-23T12:58:18.885Z	511	505
2021-02-23T12:58:20.884Z	516	508
2021-02-23T12:58:22.884Z	521	511
2021-02-23T12:58:24.885Z	526	513
2021-02-23T12:58:26.884Z	533	516
2021-02-23T12:58:28.884Z	538	518
2021-02-23T12:58:30.885Z	543	522
2021-02-23T12:58:32.884Z	548	525
2021-02-23T12:58:34.884Z	553	527
2021-02-23T12:58:36.885Z	561	530
2021-02-23T12:58:38.886Z	566	533
2021-02-23T12:58:40.886Z	571	536
2021-02-23T12:58:42.886Z	576	538
2021-02-23T12:58:44.887Z	583	541
2021-02-23T12:58:46.887Z	588	543
2021-02-23T12:58:48.888Z	593	547
2021-02-23T12:58:53.803Z	511	505
2021-02-23T12:58:55.804Z	516	508
2021-02-23T12:58:57.805Z	521	511
2021-02-23T12:58:59.805Z	526	513
2021-02-23T12:59:01.804Z	533	516
2021-02-23T12:59:03.804Z	538	518
2021-02-23T12:59:05.805Z	543	522
2021-02-23T12:59:07.805Z	548	525
2021-02-23T12:59:09.806Z	553	527
2021-02-23T12:59:11.806Z	561	530
2021-02-23T12:59:13.807Z	566	533
2021-02-23T12:59:15.808Z	571	536
2021-02-23T12:59:17.808Z	576	538
2021-02-23T12:59:19.809Z	583	541
2021-02-23T12:59:24.848Z	511	505
2021-02-23T12:59:26.850Z	516	508
2021-02-23T12:59:28.850Z	521	511
2021-02-23T12:59:30.851Z	526	513
2021-02-23T12:59:32.851Z	533	516
2021-02-23T12:59:34.852Z	538	518
2021-02-23T12:59:36.852Z	543	522
2021-02-23T12:59:38.852Z	548	525
2021-02-23T12:59:40.853Z	553	527
2021-02-23T12:59:42.853Z	561	530
2021-02-23T12:59:44.855Z	566	533
2021-02-23T12:59:46.855Z	571	536
2021-02-23T12:59:48.855Z	576	538
2021-02-23T12:59:50.856Z	583	541
2021-02-23T12:59:52.857Z	588	543
2021-02-23T12:59:54.857Z	593	547
2021-02-23T12:59:56.857Z	598	550
2021-02-23T12:59:58.857Z	603	552
2021-02-23T13:00:00.859Z	610	555
2021-02-23T13:00:02.859Z	615	557
2021-02-23T13:00:04.860Z	620	561
2021-02-23T13:00:06.860Z	625	563
2021-02-23T13:00:08.860Z	630	566
2021-02-23T13:00:10.860Z	637	568
2021-02-23T13:00:12.860Z	642	572
2021-02-23T13:00:14.860Z	646	574
2021-02-23T13:00:16.860Z	651	577
2021-02-23T13:00:18.860Z	658	579
2021-02-23T13:00:20.860Z	663	582
2021-02-23T13:00:22.860Z	668	586
2021-02-23T13:00:24.861Z	673	588
2021-02-23T13:00:26.861Z	677	591
2021-02-23T13:00:28.862Z	684	593
2021-02-23T13:00:30.862Z	689	597
2021-02-23T13:00:32.863Z	694	599
2021-02-23T13:00:34.864Z	698	602
2021-02-23T13:00:36.865Z	705	604
2021-02-23T13:00:38.866Z	710	606
2021-02-23T13:00:40.866Z	714	610
2021-02-23T13:00:42.866Z	719	613
2021-02-23T13:00:44.868Z	723	615
2021-02-23T13:00:46.869Z	730	617
2021-02-23T13:00:48.869Z	734	621
2021-02-23T13:00:50.870Z	739	624
2021-02-23T13:00:55.819Z	511	505
2021-02-23T13:00:57.819Z	516	508
2021-02-23T13:00:59.930Z	521	511
2021-02-23T13:01:01.931Z	527	514
2021-02-23T13:01:03.932Z	532	516
2021-02-23T13:01:05.932Z	537	519
2021-02-23T13:01:07.933Z	544	521
2021-02-23T13:01:09.933Z	549	525
2021-02-23T13:01:11.933Z	554	528
2021-02-23T13:01:13.933Z	559	530
2021-02-23T13:01:15.935Z	567	533
2021-02-23T13:01:17.936Z	572	535
2021-02-23T13:01:19.936Z	577	539
2021-02-23T13:01:21.935Z	582	541
2021-02-23T13:01:23.937Z	587	544
2021-02-23T13:01:25.937Z	594	546
2021-02-23T13:01:27.937Z	599	550
2021-02-23T13:01:29.938Z	604	553
2021-02-23T13:01:31.938Z	609	555
2021-02-23T13:01:33.937Z	616	558
2021-02-23T13:01:35.938Z	621	560
2021-02-23T13:01:37.939Z	626	564
2021-02-23T13:01:39.939Z	631	566
2021-02-23T13:01:41.939Z	635	569
2021-02-23T13:01:43.940Z	643	571
2021-02-23T13:01:45.940Z	647	575
2021-02-23T13:01:47.941Z	652	577
2021-02-23T13:01:49.941Z	657	580
2021-02-23T13:01:51.942Z	664	582
2021-02-23T13:01:53.942Z	669	585
2021-02-23T13:01:55.943Z	673	589
2021-02-23T13:01:57.943Z	678	591
2021-02-23T13:01:59.944Z	683	593
2021-02-23T13:02:01.944Z	690	596
2021-02-23T13:02:03.944Z	694	598
2021-02-23T13:02:05.945Z	699	602
2021-02-23T13:02:07.945Z	704	604
2021-02-23T13:02:09.946Z	708	607
2021-02-23T13:02:11.946Z	715	609
2021-02-23T13:02:13.946Z	719	613
2021-02-23T13:02:15.946Z	724	615
2021-02-23T13:02:17.946Z	728	618
2021-02-23T13:02:19.946Z	735	620
2021-02-23T13:02:21.946Z	739	623
2021-02-23T13:02:23.946Z	744	626
2021-02-23T13:02:25.946Z	748	629
2021-02-23T13:02:27.946Z	753	631
2021-02-23T13:02:29.947Z	759	634
2021-02-23T13:02:31.947Z	763	637
2021-02-23T13:02:33.948Z	768	640
2021-02-23T13:02:35.948Z	772	642
2021-02-23T13:02:37.948Z	778	644
2021-02-23T13:02:39.948Z	782	647
2021-02-23T13:02:41.949Z	786	650
2021-02-23T13:02:43.949Z	790	653
2021-02-23T13:02:45.949Z	794	655
2021-02-23T13:02:47.949Z	801	658
2021-02-23T13:02:49.950Z	804	661
2021-02-23T13:02:51.950Z	808	664
2021-02-23T13:02:53.951Z	812	666
2021-02-23T13:02:55.951Z	818	668
2021-02-23T13:02:57.951Z	822	671
2021-02-23T13:02:59.951Z	826	674
2021-02-23T13:03:01.951Z	830	676
2021-02-23T13:03:03.952Z	833	679
2021-02-23T13:03:05.952Z	839	681
2021-02-23T13:03:07.952Z	843	684
2021-02-23T13:03:09.952Z	846	687
2021-02-23T13:03:11.952Z	850	689
2021-02-23T13:03:13.952Z	853	692
2021-02-23T13:03:15.953Z	859	694
2021-02-23T13:03:17.952Z	862	697
2021-02-23T13:03:19.953Z	866	700
2021-02-23T13:03:21.953Z	869	702
2021-02-23T13:03:23.954Z	874	704
2021-02-23T13:03:25.954Z	877	707
2021-02-23T13:03:27.954Z	881	710
2021-02-23T13:03:29.954Z	884	712
2021-02-23T13:03:31.955Z	887	715
2021-02-23T13:03:33.955Z	892	717
2021-02-23T13:03:35.955Z	895	720
2021-02-23T13:03:37.955Z	898	722
2021-02-23T13:03:39.956Z	901	725
2021-02-23T13:03:41.956Z	905	727
2021-02-23T13:03:43.957Z	908	729
2021-02-23T13:03:45.957Z	911	732
2021-02-23T13:03:47.957Z	914	735
2021-02-23T13:03:49.957Z	917	737
2021-02-23T13:03:51.958Z	921	739
2021-02-23T13:03:53.958Z	924	742
2021-02-23T13:03:55.959Z	926	745
2021-02-23T13:03:57.959Z	929	747
2021-02-23T13:03:59.960Z	933	749
2021-02-23T13:04:01.961Z	935	751
2021-02-23T13:04:03.961Z	938	754
2021-02-23T13:04:05.962Z	940	756
2021-02-23T13:04:07.962Z	942	759
2021-02-23T13:04:09.963Z	946	761
2021-02-23T13:04:11.963Z	948	763
2021-02-23T13:04:13.964Z	950	766
2021-02-23T13:04:15.965Z	952	768
2021-02-23T13:04:17.965Z	954	770
2021-02-23T13:04:19.967Z	958	772
2021-02-23T13:04:21.967Z	960	776
2021-02-23T13:04:23.967Z	961	778
2021-02-23T13:04:25.968Z	963	780
2021-02-23T13:04:27.968Z	966	782
2021-02-23T13:04:29.968Z	968	784
2021-02-23T13:04:31.968Z	970	787
2021-02-23T13:04:33.969Z	971	789
2021-02-23T13:04:35.969Z	973	791
2021-02-23T13:04:37.969Z	975	793
2021-02-23T13:04:39.969Z	977	796
2021-02-23T13:04:41.970Z	978	798
2021-02-23T13:04:43.970Z	980	800
2021-02-23T13:04:45.970Z	982	802
2021-02-23T13:04:47.971Z	983	804
2021-02-23T13:04:49.971Z	984	807
2021-02-23T13:04:51.972Z	986	809
2021-02-23T13:04:53.973Z	987	811
2021-02-23T13:04:55.973Z	989	813
2021-02-23T13:04:57.974Z	990	816
2021-02-23T13:04:59.975Z	991	818
2021-02-23T13:05:01.975Z	991	820
2021-02-23T13:05:03.975Z	993	822
2021-02-23T13:05:05.975Z	994	824
2021-02-23T13:05:07.976Z	994	826
2021-02-23T13:05:09.977Z	995	828
2021-02-23T13:05:11.979Z	996	830
2021-02-23T13:05:13.980Z	997	832
2021-02-23T13:05:15.981Z	997	834
2021-02-23T13:05:17.982Z	998	837
2021-02-23T13:05:19.983Z	998	839
2021-02-23T13:05:21.984Z	999	840
2021-02-23T13:05:23.985Z	999	842
2021-02-23T13:05:25.986Z	999	845
2021-02-23T13:05:27.986Z	1000	847
2021-02-23T13:05:29.986Z	1000	849
2021-02-23T13:05:31.989Z	1000	850
2021-02-23T13:05:33.989Z	1000	852
2021-02-23T13:05:35.989Z	1000	855
2021-02-23T13:05:37.990Z	1000	857
2021-02-23T13:05:39.990Z	1000	858
2021-02-23T13:05:41.991Z	1000	860
2021-02-23T13:05:43.992Z	999	863
2021-02-23T13:05:45.993Z	999	864
2021-02-23T13:05:47.994Z	999	866
2021-02-23T13:05:49.994Z	998	868
2021-02-23T13:05:51.994Z	998	870
2021-02-23T13:05:53.994Z	997	872
2021-02-23T13:05:55.994Z	997	874
2021-02-23T13:05:57.995Z	996	875
2021-02-23T13:05:59.995Z	995	877
2021-02-23T13:06:01.996Z	994	879
2021-02-23T13:06:03.996Z	994	881
2021-02-23T13:06:05.997Z	993	883
2021-02-23T13:06:07.999Z	991	884
2021-02-23T13:06:09.999Z	990	886
2021-02-23T13:06:11.999Z	989	888
2021-02-23T13:06:14.000Z	988	890
2021-02-23T13:06:16.000Z	987	891
2021-02-23T13:06:18.000Z	986	893
2021-02-23T13:06:20.001Z	984	895
2021-02-23T13:06:22.001Z	983	897
2021-02-23T13:06:24.002Z	982	898
2021-02-23T13:06:26.003Z	980	900
2021-02-23T13:06:28.003Z	978	901
2021-02-23T13:06:30.004Z	977	904
2021-02-23T13:06:32.005Z	975	905
2021-02-23T13:06:34.005Z	974	907
2021-02-23T13:06:36.006Z	971	908
2021-02-23T13:06:38.005Z	969	909
2021-02-23T13:06:40.006Z	968	912
2021-02-23T13:06:42.007Z	966	913
2021-02-23T13:06:44.006Z	964	914
2021-02-23T13:06:46.007Z	961	916
2021-02-23T13:06:48.007Z	959	918
2021-02-23T13:06:50.007Z	957	919
2021-02-23T13:06:52.008Z	955	921
2021-02-23T13:06:54.009Z	952	922
2021-02-23T13:06:56.009Z	950	923
2021-02-23T13:06:58.009Z	948	925
2021-02-23T13:07:00.010Z	945	927
2021-02-23T13:07:02.010Z	943	928
2021-02-23T13:07:04.011Z	940	929
2021-02-23T13:07:06.011Z	937	931
2021-02-23T13:07:08.011Z	935	932
2021-02-23T13:07:10.011Z	932	934
2021-02-23T13:07:12.012Z	928	935
2021-02-23T13:07:14.013Z	926	936
2021-02-23T13:07:16.014Z	923	938
2021-02-23T13:07:18.015Z	921	939
2021-02-23T13:07:20.015Z	918	940
2021-02-23T13:07:22.016Z	914	941
2021-02-23T13:07:24.016Z	911	943
2021-02-23T13:07:26.016Z	908	944
2021-02-23T13:07:28.016Z	905	946
2021-02-23T13:07:30.016Z	902	947
2021-02-23T13:07:32.016Z	897	948
2021-02-23T13:07:34.017Z	894	949
2021-02-23T13:07:36.017Z	891	951
2021-02-23T13:07:38.017Z	888	952
2021-02-23T13:07:40.017Z	883	953
2021-02-23T13:07:42.017Z	880	954
2021-02-23T13:07:44.017Z	877	955
2021-02-23T13:07:46.017Z	874	956
2021-02-23T13:07:48.017Z	870	957
2021-02-23T13:07:50.018Z	865	958
2021-02-23T13:07:52.019Z	862	960
2021-02-23T13:07:54.019Z	858	961
2021-02-23T13:07:56.020Z	855	962
2021-02-23T13:07:58.021Z	849	963
2021-02-23T13:08:00.021Z	846	964
2021-02-23T13:08:02.021Z	842	965
2021-02-23T13:08:04.021Z	839	966
2021-02-23T13:08:06.021Z	835	967
2021-02-23T13:08:08.022Z	829	968
2021-02-23T13:08:10.022Z	825	969
2021-02-23T13:08:12.022Z	822	970
2021-02-23T13:08:14.022Z	818	971
2021-02-23T13:08:16.023Z	812	972
2021-02-23T13:08:18.024Z	808	972
2021-02-23T13:08:20.024Z	804	974
2021-02-23T13:08:22.024Z	800	974
2021-02-23T13:08:24.025Z	796	975
2021-02-23T13:08:26.025Z	790	976
2021-02-23T13:08:28.026Z	786	977
2021-02-23T13:08:30.026Z	782	978
2021-02-23T13:08:32.026Z	778	979
2021-02-23T13:08:34.026Z	773	979
2021-02-23T13:08:36.026Z	767	980
2021-02-23T13:08:38.027Z	763	981
2021-02-23T13:08:40.028Z	758	982
2021-02-23T13:08:42.028Z	754	982
2021-02-23T13:08:44.029Z	748	983
2021-02-23T13:08:46.029Z	743	984
2021-02-23T13:08:48.030Z	739	985
2021-02-23T13:08:50.031Z	735	985
2021-02-23T13:08:52.030Z	730	986
2021-02-23T13:08:54.031Z	723	986
2021-02-23T13:08:56.031Z	719	987
2021-02-23T13:08:58.032Z	714	988
2021-02-23T13:09:00.033Z	710	988
2021-02-23T13:09:02.033Z	703	989
2021-02-23T13:09:04.033Z	698	989
2021-02-23T13:09:06.034Z	694	990
2021-02-23T13:09:08.034Z	689	991
2021-02-23T13:09:10.035Z	685	991
2021-02-23T13:09:12.036Z	678	992
2021-02-23T13:09:14.036Z	673	992
2021-02-23T13:09:16.037Z	668	993
2021-02-23T13:09:18.037Z	663	993
2021-02-23T13:09:20.037Z	656	994
2021-02-23T13:09:22.038Z	652	994
2021-02-23T13:09:24.038Z	647	995
2021-02-23T13:09:26.038Z	642	995
2021-02-23T13:09:28.039Z	637	995
2021-02-23T13:09:30.039Z	630	996
2021-02-23T13:09:32.041Z	625	996
2021-02-23T13:09:34.041Z	620	996
2021-02-23T13:09:36.042Z	615	997
2021-02-23T13:09:38.042Z	610	997
2021-02-23T13:09:40.042Z	603	997
2021-02-23T13:09:42.043Z	598	998
2021-02-23T13:09:44.044Z	593	998
2021-02-23T13:09:46.045Z	588	998
2021-02-23T13:09:48.046Z	581	998
2021-02-23T13:09:50.046Z	576	998
2021-02-23T13:09:52.046Z	571	999
2021-02-23T13:09:54.046Z	566	999
2021-02-23T13:09:56.046Z	561	999
2021-02-23T13:09:58.047Z	554	999
2021-02-23T13:10:00.048Z	549	999
2021-02-23T13:10:02.049Z	544	1000
2021-02-23T13:10:04.049Z	539	1000
2021-02-23T13:10:06.050Z	531	1000
2021-02-23T13:10:08.053Z	526	1000
2021-02-23T13:10:10.053Z	521	1000
2021-02-23T13:10:12.053Z	516	1000
2021-02-23T13:10:14.053Z	511	1000
2021-02-23T13:10:16.054Z	504	1000
2021-02-23T13:10:18.055Z	499	1000
2021-02-23T13:10:20.054Z	494	1000
2021-02-23T13:10:22.055Z	489	1000
2021-02-23T13:10:24.056Z	481	1000
2021-02-23T13:10:26.056Z	476	1000
2021-02-23T13:10:28.056Z	471	1000
2021-02-23T13:10:30.056Z	466	1000
2021-02-23T13:10:32.056Z	461	1000
2021-02-23T13:10:34.057Z	454	999
2021-02-23T13:10:36.058Z	449	999
2021-02-23T13:10:38.058Z	444	999
2021-02-23T13:10:40.059Z	439	999
2021-02-23T13:10:42.059Z	434	999
2021-02-23T13:10:44.061Z	426	999
2021-02-23T13:10:46.061Z	421	998
2021-02-23T13:10:48.060Z	416	998
2021-02-23T13:10:50.062Z	412	998
2021-02-23T13:10:52.063Z	404	998
2021-02-23T13:10:54.062Z	399	998
2021-02-23T13:10:56.063Z	394	997
2021-02-23T13:10:58.064Z	389	997
2021-02-23T13:11:00.065Z	384	997
2021-02-23T13:11:02.066Z	377	996
2021-02-23T13:11:04.068Z	372	996
2021-02-23T13:11:06.069Z	367	995
2021-02-23T13:11:08.070Z	363	995
2021-02-23T13:11:10.071Z	355	995
2021-02-23T13:11:12.072Z	351	994
2021-02-23T13:11:14.071Z	346	994
2021-02-23T13:11:16.072Z	341	993
2021-02-23T13:11:18.073Z	336	993
2021-02-23T13:11:20.073Z	329	993
2021-02-23T13:11:22.074Z	325	992
2021-02-23T13:11:24.074Z	320	991
2021-02-23T13:11:26.075Z	315	991
2021-02-23T13:11:28.075Z	311	991
2021-02-23T13:11:30.075Z	304	990
2021-02-23T13:11:32.075Z	299	989
2021-02-23T13:11:37.160Z	511	505
2021-02-23T13:11:39.161Z	516	508
2021-02-23T13:11:41.163Z	521	511
2021-02-23T13:11:43.162Z	526	513
2021-02-23T13:11:45.163Z	533	516
2021-02-23T13:11:47.163Z	538	518
2021-02-23T13:11:49.165Z	543	522
2021-02-23T13:11:51.164Z	548	525
2021-02-23T13:11:53.164Z	553	527
2021-02-23T13:11:55.165Z	561	530
2021-02-23T13:11:57.166Z	566	533
2021-02-23T13:11:59.166Z	571	536
2021-02-23T13:12:01.167Z	576	538
2021-02-23T13:12:03.168Z	583	541
2021-02-23T13:12:05.168Z	588	543
2021-02-23T13:12:07.168Z	593	547
2021-02-23T13:12:09.169Z	598	550
2021-02-23T13:12:11.170Z	603	552
2021-02-23T13:12:13.171Z	610	555
2021-02-23T13:12:15.172Z	615	558
2021-02-23T13:12:17.172Z	620	561
2021-02-23T13:12:19.172Z	625	564
2021-02-23T13:12:21.173Z	630	566
2021-02-23T13:12:23.173Z	635	569
2021-02-23T13:12:25.174Z	642	571
2021-02-23T13:12:27.176Z	647	575
2021-02-23T13:12:29.176Z	652	577
2021-02-23T13:12:31.177Z	657	580
2021-02-23T13:12:33.178Z	664	582
2021-02-23T13:12:35.178Z	668	585
2021-02-23T13:12:37.179Z	673	588
2021-02-23T13:12:39.179Z	678	591
2021-02-23T13:12:41.180Z	682	593
2021-02-23T13:12:43.183Z	689	596
2021-02-23T13:12:45.183Z	694	599
2021-02-23T13:12:47.184Z	699	602
2021-02-23T13:12:49.184Z	703	604
2021-02-23T13:12:51.185Z	710	607
2021-02-23T13:12:53.184Z	715	609
2021-02-23T13:12:55.184Z	719	613
2021-02-23T13:12:57.186Z	724	615
2021-02-23T13:12:59.186Z	728	618
2021-02-23T13:13:01.186Z	735	620
2021-02-23T13:13:03.186Z	739	624
2021-02-23T13:13:05.186Z	744	626
2021-02-23T13:13:07.187Z	748	629
2021-02-23T13:13:09.186Z	754	631
2021-02-23T13:13:11.186Z	759	634
2021-02-23T13:13:13.187Z	763	637
2021-02-23T13:13:15.186Z	767	640
2021-02-23T14:17:33.382Z	526	514
2021-02-23T14:17:38.382Z	541	520
2021-02-23T14:17:43.382Z	554	527
2021-02-23T14:17:48.382Z	569	534
2021-02-23T14:17:53.384Z	581	541
2021-02-23T14:22:28.760Z	591	875
2021-02-23T14:22:33.760Z	994	879
2021-02-23T14:22:38.761Z	992	884
2021-02-23T14:22:43.761Z	990	888
2021-02-23T14:22:48.761Z	986	893
2021-02-23T14:22:53.763Z	983	897
2021-02-23T14:22:58.763Z	979	901
2021-02-23T14:23:03.764Z	975	905
2021-02-23T14:23:08.764Z	971	909
2021-02-23T14:23:19.771Z	-5	-5
2021-02-23T14:23:24.771Z	-5	-5
2021-02-23T14:23:29.771Z	-5	-5
2021-02-23T14:23:34.771Z	-5	-5
2021-02-23T14:23:39.771Z	-5	-5
2021-02-23T14:23:44.773Z	-5	-5
2021-02-23T14:23:49.773Z	-5	-5
2021-02-23T14:23:54.774Z	-5	-5
2021-02-23T14:23:59.773Z	-5	-5
2021-02-23T14:24:04.775Z	-5	-5
2021-02-23T14:24:09.776Z	-5	-5
2021-02-23T14:24:14.776Z	-5	-5
2021-02-23T14:24:19.777Z	-5	-5
2021-02-23T14:24:24.778Z	-5	-5
2021-02-23T14:24:29.779Z	-5	-5
2021-02-23T14:24:34.780Z	-5	-5
2021-02-23T14:24:39.780Z	-5	-5
2021-02-23T14:24:44.779Z	-5	-5
2021-02-23T14:24:49.781Z	-5	-5
2021-02-23T14:24:54.781Z	-5	-5
2021-02-23T14:24:59.782Z	-5	-5
2021-02-23T14:25:04.783Z	-5	-5
2021-02-23T14:25:16.752Z	-5	-5
2021-02-23T14:25:21.752Z	-5	-5
2021-02-23T14:25:26.754Z	-5	-5
2021-02-23T14:25:31.753Z	-5	-5
2021-02-23T14:25:36.756Z	-5	-5
2021-02-23T14:25:41.753Z	-5	-5
2021-02-23T14:25:46.757Z	-5	-5
2021-02-23T14:25:51.757Z	-5	-5
2021-02-23T14:25:56.755Z	-5	-5
2021-02-23T14:26:01.755Z	-5	-5
2021-02-23T14:26:06.755Z	-5	-5
2021-02-23T14:26:11.756Z	-5	-5
2021-02-23T14:26:16.759Z	-5	-5
2021-02-23T14:26:21.756Z	-5	-5
2021-02-23T14:26:26.759Z	-5	-5
2021-02-23T14:26:31.761Z	-5	-5
2021-02-23T14:26:36.759Z	-5	-5
2021-02-23T14:26:41.769Z	-5	-5
2021-02-23T14:26:46.770Z	-5	-5
2021-02-23T14:26:51.763Z	-5	-5
2021-02-23T14:26:56.762Z	-5	-5
2021-02-23T14:27:01.761Z	-5	-5
2021-02-23T14:27:06.760Z	-5	-5
2021-02-23T14:27:11.761Z	-5	-5
2021-02-23T14:27:16.762Z	-5	-5
2021-02-23T14:27:21.763Z	-5	-5
2021-02-23T14:27:26.765Z	-5	-5
2021-02-23T14:27:31.764Z	-5	-5
2021-02-23T14:27:36.764Z	-5	-5
2021-02-23T14:27:41.765Z	-5	-5
2021-02-23T14:27:46.769Z	-5	-5
2021-02-23T14:27:51.768Z	-5	-5
2021-02-23T14:27:56.767Z	-5	-5
2021-02-23T14:28:01.766Z	-5	-5
2021-02-23T14:28:06.767Z	-5	-5
2021-02-23T14:28:11.770Z	-5	-5
2021-02-23T14:28:16.772Z	-5	-5
2021-02-23T14:28:21.773Z	-5	-5
2021-02-23T14:28:26.770Z	-5	-5
2021-02-23T14:28:31.771Z	-5	-5
2021-02-23T14:28:36.771Z	-5	-5
2021-02-23T14:28:41.773Z	-5	-5
2021-02-23T14:28:46.772Z	-5	-5
2021-02-23T14:28:51.779Z	-5	-5
2021-02-23T14:28:56.778Z	-5	-5
2021-02-23T14:29:01.777Z	-5	-5
2021-02-23T14:29:06.776Z	-5	-5
2021-02-23T14:29:11.777Z	-5	-5
2021-02-23T14:29:16.776Z	-5	-5
2021-02-23T14:29:21.779Z	-5	-5
2021-02-23T14:29:26.777Z	-5	-5
2021-02-23T14:29:31.777Z	-5	-5
2021-02-23T14:29:36.778Z	-5	-5
2021-02-23T14:29:41.778Z	-5	-5
2021-02-23T14:29:46.779Z	-5	-5
2021-02-23T14:29:51.783Z	-5	-5
2021-02-23T14:29:56.783Z	-5	-5
2021-02-23T14:30:01.783Z	-5	-5
2021-02-23T14:30:06.782Z	-5	-5
2021-02-23T14:30:11.782Z	-5	-5
2021-02-23T14:30:16.782Z	-5	-5
2021-02-23T14:30:21.786Z	-5	-5
2021-02-23T14:30:26.785Z	-5	-5
2021-02-23T14:30:31.785Z	-5	-5
2021-02-23T14:30:36.786Z	-5	-5
2021-02-23T14:30:41.788Z	-5	-5
2021-02-23T14:30:46.788Z	-5	-5
2021-02-23T14:30:51.787Z	-5	-5
2021-02-23T14:30:56.787Z	-5	-5
2021-02-23T14:31:01.787Z	-5	-5
2021-02-23T14:31:06.789Z	-5	-5
2021-02-23T14:31:11.789Z	-5	-5
2021-02-23T14:31:16.788Z	-5	-5
2021-02-23T14:31:21.788Z	-5	-5
2021-02-23T14:31:26.791Z	-5	-5
2021-02-23T14:31:31.790Z	-5	-5
2021-02-23T14:31:36.792Z	-5	-5
2021-02-23T14:31:41.790Z	-5	-5
2021-02-23T14:31:46.792Z	-5	-5
2021-02-23T14:31:51.796Z	-5	-5
2021-02-23T14:31:56.795Z	-5	-5
2021-02-23T14:32:01.797Z	-5	-5
2021-02-23T14:32:06.797Z	-5	-5
2021-02-23T14:32:11.796Z	-5	-5
2021-02-23T14:32:16.797Z	-5	-5
2021-02-23T14:32:21.797Z	-5	-5
2021-02-23T14:32:26.797Z	-5	-5
2021-02-23T14:32:31.807Z	-5	-5
2021-02-23T14:32:36.800Z	-5	-5
2021-02-23T14:32:41.799Z	-5	-5
2021-02-23T14:32:46.799Z	-5	-5
2021-02-23T14:32:51.799Z	-5	-5
2021-02-23T14:32:56.800Z	-5	-5
2021-02-23T14:33:01.804Z	-5	-5
2021-02-23T14:33:06.803Z	-5	-5
2021-02-23T14:33:11.806Z	-5	-5
2021-02-23T14:33:16.805Z	-5	-5
2021-02-23T14:33:21.804Z	-5	-5
2021-02-23T14:33:26.804Z	-5	-5
2021-02-23T14:33:31.806Z	-5	-5
2021-02-23T14:33:36.804Z	-5	-5
2021-02-23T14:33:41.807Z	-5	-5
2021-02-23T14:33:46.807Z	-5	-5
2021-02-23T14:34:10.975Z	-5	-5
2021-02-23T14:34:15.973Z	-5	-5
2021-02-23T14:34:20.978Z	-5	-5
2021-02-23T14:34:25.978Z	-5	-5
2021-02-23T14:34:30.977Z	-5	-5
2021-02-23T14:34:35.978Z	-5	-5
2021-02-23T14:34:40.980Z	-5	-5
2021-02-23T14:34:45.982Z	-5	-5
2021-02-23T14:34:50.983Z	-5	-5
2021-02-23T14:34:55.982Z	-5	-5
2021-02-23T14:35:00.987Z	-5	-5
2021-02-23T14:35:05.987Z	-5	-5
2021-02-23T14:35:10.987Z	-5	-5
2021-02-23T14:35:15.988Z	-5	-5
2021-02-23T14:35:20.990Z	-5	-5
2021-02-23T14:35:25.993Z	-5	-5
2021-02-23T14:35:30.992Z	-5	-5
2021-02-23T14:35:35.992Z	-5	-5
2021-02-23T14:35:40.992Z	-5	-5
2021-02-23T14:35:45.992Z	-5	-5
2021-02-23T14:35:50.993Z	-5	-5
2021-02-23T14:36:05.017Z	-5	-5
2021-02-23T14:36:10.017Z	-5	-5
2021-02-23T14:36:15.018Z	-5	-5
2021-02-23T14:36:20.020Z	-5	-5
2021-02-23T14:36:25.021Z	-5	-5
2021-02-23T14:36:30.021Z	-5	-5
2021-02-23T14:36:35.024Z	-5	-5
2021-02-23T14:36:47.032Z	-5	-5
2021-02-23T14:36:52.032Z	-5	-5
2021-02-23T14:36:57.033Z	-5	-5
2021-02-23T14:37:02.033Z	-5	-5
2021-02-23T14:37:07.033Z	-5	-5
2021-02-23T14:37:12.034Z	-5	-5
2021-02-23T14:37:17.035Z	-5	-5
2021-02-23T14:37:22.036Z	-5	-5
2021-02-23T14:37:27.037Z	-5	-5
2021-02-23T14:37:32.041Z	-5	-5
2021-02-23T14:37:45.168Z	-5	-5
2021-02-23T14:37:50.168Z	-5	-5
2021-02-23T14:37:55.169Z	-5	-5
2021-02-23T14:38:00.170Z	-5	-5
2021-02-23T14:38:05.170Z	-5	-5
2021-02-23T14:38:10.171Z	-5	-5
2021-02-23T14:38:22.084Z	526	514
2021-02-23T14:38:27.085Z	541	520
2021-02-23T14:38:32.085Z	554	527
2021-02-23T14:38:37.085Z	569	534
2021-02-23T14:38:51.090Z	527	514
2021-02-23T14:38:56.091Z	539	520
2021-02-23T14:39:01.091Z	554	528
2021-02-23T14:39:06.092Z	569	534
2021-02-23T14:39:11.097Z	581	541
2021-02-23T14:39:16.093Z	596	548
2021-02-23T14:39:31.105Z	527	513
2021-02-23T14:39:44.138Z	-5	-5
2021-02-23T14:39:49.139Z	-5	-5
2021-02-23T14:39:54.142Z	-5	-5
2021-02-23T14:39:59.142Z	-5	-5
2021-02-23T14:40:04.143Z	-5	-5
2021-02-23T14:40:09.144Z	-5	-5
2021-02-23T14:40:14.144Z	-5	-5
2021-02-23T14:40:25.234Z	-5	-5
2021-02-23T14:40:36.154Z	-5	-5
2021-02-23T14:40:41.154Z	-5	-5
2021-02-23T14:40:46.155Z	-5	-5
2021-02-23T14:40:51.156Z	-5	-5
2021-02-23T14:40:56.157Z	-5	-5
2021-02-23T14:41:01.157Z	-5	-5
2021-02-23T14:41:15.168Z	-5	-5
2021-02-23T14:41:20.170Z	-5	-5
2021-02-23T14:41:34.173Z	-5	-5
2021-02-23T14:41:39.174Z	-5	-5
2021-02-23T14:41:44.175Z	-5	-5
2021-02-23T14:41:57.254Z	-5	-5
2021-02-23T14:42:02.254Z	-5	-5
2021-02-23T14:42:13.207Z	-5	-5
2021-02-23T14:42:18.208Z	-5	-5
2021-02-23T14:42:23.209Z	-5	-5
2021-02-23T14:42:28.212Z	-5	-5
2021-02-23T14:42:33.212Z	-5	-5
2021-02-23T14:42:38.214Z	-5	-5
2021-02-23T14:42:43.214Z	-5	-5
2021-02-23T14:42:48.214Z	-5	-5
2021-02-23T14:42:53.215Z	-5	-5
2021-02-23T14:42:58.216Z	-5	-5
2021-02-23T14:43:03.217Z	-5	-5
2021-02-23T14:43:16.218Z	-5	-5
2021-02-23T14:43:21.219Z	-5	-5
2021-02-23T14:43:26.219Z	-5	-5
2021-02-23T14:43:31.219Z	-5	-5
2021-02-23T14:43:36.220Z	-5	-5
2021-02-23T14:43:47.245Z	-5	-5
2021-02-23T14:43:52.246Z	-5	-5
2021-02-23T14:43:57.246Z	-5	-5
2021-02-23T14:44:02.249Z	-5	-5
2021-02-23T14:44:07.249Z	-5	-5
2021-02-23T14:44:12.250Z	-5	-5
2021-02-23T14:44:17.250Z	-5	-5
2021-02-23T14:44:22.250Z	-5	-5
2021-02-23T14:44:27.250Z	-5	-5
2021-02-23T14:44:32.253Z	-5	-5
2021-02-23T14:44:37.252Z	-5	-5
2021-02-23T14:44:42.252Z	-5	-5
2021-02-23T14:44:47.253Z	-5	-5
2021-02-23T14:44:52.258Z	-5	-5
2021-02-23T14:44:57.257Z	-5	-5
2021-02-23T14:45:02.257Z	-5	-5
2021-02-23T14:45:07.260Z	-5	-5
2021-02-23T14:45:12.260Z	-5	-5
2021-02-23T14:45:17.260Z	-5	-5
2021-02-23T14:45:22.259Z	-5	-5
2021-02-23T14:45:27.259Z	-5	-5
2021-02-23T14:45:32.259Z	-5	-5
2021-02-23T14:45:37.258Z	-5	-5
2021-02-23T14:45:42.259Z	-5	-5
2021-02-23T14:45:47.261Z	-5	-5
2021-02-23T14:45:52.262Z	-5	-5
2021-02-23T14:46:03.431Z	-5	-5
2021-02-23T14:46:08.431Z	-5	-5
2021-02-23T14:46:13.431Z	-5	-5
2021-02-23T14:46:18.431Z	-5	-5
2021-02-23T14:46:23.432Z	-5	-5
2021-02-23T14:46:28.433Z	-5	-5
2021-02-23T14:46:43.434Z	-5	-5
2021-02-23T14:46:48.434Z	-5	-5
2021-02-23T14:46:53.434Z	-5	-5
2021-02-23T14:47:05.347Z	526	514
2021-02-23T14:47:10.346Z	541	520
2021-02-23T14:47:15.347Z	554	527
2021-02-23T14:47:20.349Z	569	534
2021-02-23T14:47:25.350Z	581	541
2021-02-23T14:47:30.350Z	596	549
2021-02-23T14:47:45.383Z	527	514
2021-02-23T14:47:50.383Z	541	520
2021-02-23T14:47:55.385Z	554	527
2021-02-23T14:48:00.383Z	569	534
2021-02-23T14:48:05.386Z	581	541
2021-02-23T14:48:10.383Z	596	547
2021-02-23T14:48:15.383Z	608	555
2021-02-23T14:48:20.384Z	623	562
2021-02-23T14:48:25.389Z	635	569
2021-02-23T14:48:30.386Z	650	575
2021-02-23T14:48:35.387Z	662	582
2021-02-23T14:48:40.388Z	676	590
2021-02-23T14:48:45.388Z	688	596
2021-02-23T14:48:50.426Z	701	603
2021-02-23T14:48:55.415Z	715	609
2021-02-23T14:49:00.416Z	726	617
2021-02-23T14:49:05.416Z	740	623
2021-02-23T14:49:10.416Z	750	630
2021-02-23T14:49:15.417Z	763	636
2021-02-23T14:49:20.417Z	774	643
2021-02-23T14:49:25.417Z	786	650
2021-02-23T14:49:30.417Z	797	656
2021-02-23T14:49:35.416Z	808	664
2021-02-23T14:49:40.418Z	818	669
2021-02-23T14:49:45.418Z	830	677
2021-02-23T14:49:50.419Z	841	682
2021-02-23T14:49:55.420Z	850	689
2021-02-23T14:50:00.423Z	860	695
2021-02-23T14:50:05.425Z	869	702
2021-02-23T14:50:10.426Z	879	708
2021-02-23T14:50:15.425Z	887	715
2021-02-23T14:50:20.426Z	896	721
2021-02-23T14:50:25.427Z	904	727
2021-02-23T14:50:30.429Z	913	734
2021-02-23T14:50:35.429Z	920	739
2021-02-23T14:50:40.428Z	928	746
2021-02-23T14:50:45.431Z	935	751
2021-02-23T14:50:50.431Z	941	758
2021-02-23T14:50:55.430Z	948	763
2021-02-23T14:51:00.431Z	953	769
2021-02-23T14:51:05.434Z	960	775
2021-02-23T14:51:10.436Z	964	781
2021-02-23T14:51:15.436Z	970	787
2021-02-23T14:51:20.437Z	974	792
2021-02-23T14:51:25.437Z	978	798
2021-02-23T14:51:30.436Z	983	803
2021-02-23T14:51:35.436Z	986	809
2021-02-23T14:51:40.436Z	989	814
2021-02-23T14:51:45.437Z	992	820
2021-02-23T14:51:50.439Z	994	825
2021-02-23T14:51:55.438Z	996	830
2021-02-23T14:52:00.441Z	998	835
2021-02-23T14:52:05.441Z	999	840
2021-02-23T14:52:10.443Z	1000	846
2021-02-23T14:52:15.443Z	1000	850
2021-02-23T14:52:20.443Z	1000	856
2021-02-23T14:52:25.443Z	1000	860
2021-02-23T14:52:30.443Z	999	865
2021-02-23T14:52:35.449Z	998	870
2021-02-23T14:52:40.444Z	996	875
2021-02-23T14:52:45.444Z	994	879
2021-02-23T14:52:50.445Z	992	884
2021-02-23T14:52:55.446Z	989	888
2021-02-23T14:53:00.446Z	987	892
2021-02-23T14:53:05.446Z	983	897
2021-02-23T14:53:10.446Z	980	901
2021-02-23T14:53:15.446Z	975	905
2021-02-23T14:53:20.447Z	970	909
2021-02-23T14:53:25.447Z	966	913
2021-02-23T14:53:30.446Z	960	916
2021-02-23T14:53:35.448Z	955	921
2021-02-23T14:53:40.446Z	949	924
2021-02-23T14:53:45.448Z	943	928
2021-02-23T14:53:50.448Z	936	931
2021-02-23T14:53:55.449Z	930	935
2021-02-23T14:54:00.449Z	922	939
2021-02-23T14:54:05.449Z	915	941
2021-02-23T14:54:10.451Z	906	945
2021-02-23T14:54:15.451Z	897	948
2021-02-23T14:54:20.451Z	890	951
2021-02-23T14:54:25.451Z	880	954
2021-02-23T14:54:30.451Z	872	957
2021-02-23T14:54:35.452Z	862	959
2021-02-23T14:54:40.453Z	853	962
2021-02-23T14:54:45.453Z	842	965
2021-02-23T14:54:50.454Z	833	967
2021-02-23T14:54:55.455Z	821	970
2021-02-23T14:55:00.455Z	812	972
2021-02-23T14:55:05.454Z	800	974
2021-02-23T14:55:10.455Z	788	976
2021-02-23T14:55:15.454Z	777	979
2021-02-23T14:55:20.455Z	765	980
2021-02-23T14:55:25.455Z	754	982
2021-02-23T14:55:30.457Z	741	984
2021-02-23T14:55:35.457Z	730	986
2021-02-23T14:55:40.456Z	717	987
2021-02-23T14:55:45.457Z	705	989
2021-02-23T14:55:50.459Z	691	990
2021-02-23T14:55:55.459Z	680	992
2021-02-23T14:56:00.460Z	666	993
2021-02-23T14:56:15.626Z	526	513
2021-02-23T14:56:20.628Z	541	521
2021-02-23T14:56:25.628Z	554	528
2021-02-23T14:56:30.627Z	569	534
2021-02-23T14:56:35.627Z	582	541
2021-02-23T14:56:40.630Z	596	548
2021-02-23T14:56:45.631Z	609	555
2021-02-23T14:56:50.633Z	623	561
2021-02-23T14:56:55.634Z	635	569
2021-02-23T14:57:00.635Z	650	576
2021-02-23T14:57:05.638Z	662	582
2021-02-23T14:57:10.638Z	676	590
2021-02-23T14:57:15.638Z	687	596
2021-02-23T14:57:20.639Z	701	603
2021-02-23T14:57:25.639Z	715	609
2021-02-23T14:57:30.638Z	726	617
2021-02-23T14:57:35.639Z	739	623
2021-02-23T14:57:40.639Z	750	630
2021-02-23T14:57:45.640Z	763	636
2021-02-23T14:57:50.641Z	774	643
2021-02-23T14:57:55.641Z	786	650
2021-02-23T14:58:00.641Z	796	656
2021-02-23T14:58:05.643Z	808	664
2021-02-23T14:58:10.643Z	820	669
2021-02-23T14:58:15.643Z	830	676
2021-02-23T14:58:20.644Z	841	682
2021-02-23T14:58:25.645Z	850	689
2021-02-23T14:58:30.645Z	860	695
2021-02-23T14:58:35.647Z	869	702
2021-02-23T14:58:40.648Z	879	708
2021-02-23T14:58:45.648Z	887	714
2021-02-23T14:58:50.651Z	896	721
2021-02-23T14:58:55.651Z	904	727
2021-02-23T14:59:00.651Z	912	734
2021-02-23T14:59:05.652Z	921	739
2021-02-23T14:59:10.652Z	927	746
2021-02-23T14:59:15.653Z	935	751
2021-02-23T14:59:20.653Z	941	758
