time	1-tT	1-T
2021-11-25T07:29:08.965Z	1000	111
2021-11-25T07:29:28.962Z	1000	111
2021-11-25T07:29:48.966Z	1000	111
2021-11-25T07:34:04.120Z	1000	115
2021-11-25T07:34:24.122Z	1000	117
2021-11-25T07:34:44.126Z	1000	119
2021-11-25T07:35:04.131Z	1000	122
2021-11-25T07:35:24.138Z	1000	126
2021-11-25T07:35:44.150Z	1000	131
2021-11-25T07:36:04.156Z	1000	136
2021-11-25T07:36:24.163Z	1000	142
2021-11-25T07:36:44.175Z	1000	149
2021-11-25T07:37:04.189Z	1000	155
2021-11-25T07:37:24.193Z	1000	163
2021-11-25T07:37:44.196Z	1000	172
2021-11-25T07:38:04.199Z	1000	181
2021-11-25T07:38:24.213Z	1000	191
2021-11-25T07:38:44.221Z	1000	201
2021-11-25T07:39:04.223Z	1000	212
2021-11-25T07:39:24.225Z	1000	223
2021-11-25T07:39:44.240Z	1000	236
2021-11-25T07:40:04.247Z	1000	246
2021-11-25T07:40:24.258Z	1000	258
2021-11-25T07:40:44.266Z	1000	270
2021-11-25T07:41:04.269Z	1000	281
2021-11-25T07:41:24.279Z	1000	294
2021-11-25T07:41:44.292Z	1000	306
2021-11-25T07:42:04.304Z	1000	320
2021-11-25T07:42:24.306Z	1000	329
2021-11-25T07:42:44.321Z	1000	341
2021-11-25T07:43:04.325Z	1000	354
2021-11-25T07:43:24.338Z	1000	364
2021-11-25T07:43:44.349Z	1000	374
2021-11-25T07:44:04.356Z	1000	384
2021-11-25T07:44:24.370Z	1000	396
2021-11-25T07:44:44.384Z	1000	406
2021-11-25T07:45:04.398Z	1000	415
2021-11-25T07:45:24.399Z	1000	427
2021-11-25T07:45:44.404Z	1000	437
2021-11-25T07:46:04.417Z	1000	447
2021-11-25T07:46:24.417Z	1000	457
2021-11-25T07:46:44.423Z	1000	467
2021-11-25T07:47:04.435Z	1000	477
2021-11-25T07:47:24.437Z	1000	486
2021-11-25T07:47:44.448Z	1000	497
2021-11-25T07:48:04.450Z	1000	506
2021-11-25T07:48:24.460Z	1000	516
2021-11-25T07:48:44.462Z	1000	525
2021-11-25T07:49:04.473Z	1000	535
2021-11-25T07:49:24.482Z	1000	542
2021-11-25T07:49:44.496Z	1000	551
2021-11-25T07:50:04.509Z	1000	556
2021-11-25T07:50:24.517Z	1000	564
2021-11-25T07:50:44.530Z	1000	571
2021-11-25T07:51:04.540Z	1000	579
2021-11-25T07:51:24.553Z	1000	586
2021-11-25T07:51:44.553Z	1000	594
2021-11-25T07:52:04.556Z	1000	601
2021-11-25T07:52:24.567Z	1000	607
2021-11-25T07:52:44.573Z	1000	614
2021-11-25T07:53:04.574Z	1000	621
2021-11-25T07:53:24.580Z	1000	627
2021-11-25T07:53:44.587Z	1000	632
2021-11-25T07:54:04.587Z	1000	638
2021-11-25T07:54:24.600Z	1000	644
2021-11-25T07:54:44.607Z	1000	649
2021-11-25T07:55:04.616Z	1000	654
2021-11-25T07:55:24.618Z	1000	658
2021-11-25T07:55:44.633Z	1000	663
2021-11-25T07:56:04.635Z	1000	667
2021-11-25T07:56:24.639Z	1000	672
2021-11-25T07:56:44.643Z	1000	676
2021-11-25T07:57:04.652Z	1000	680
2021-11-25T07:57:24.664Z	1000	684
2021-11-25T07:57:44.670Z	1000	687
2021-11-25T07:58:04.683Z	1000	691
2021-11-25T07:58:24.691Z	1000	694
2021-11-25T07:58:44.705Z	1000	698
2021-11-25T07:59:04.717Z	1000	701
2021-11-25T07:59:24.729Z	1000	705
2021-11-25T07:59:44.730Z	1000	708
2021-11-25T08:00:04.731Z	1000	711
2021-11-25T08:00:24.742Z	1000	714
2021-11-25T08:00:44.750Z	1000	717
2021-11-25T08:01:04.755Z	1000	720
2021-11-25T08:01:24.758Z	1000	723
2021-11-25T08:01:44.761Z	1000	727
2021-11-25T08:02:04.765Z	1000	730
2021-11-25T08:02:24.772Z	1000	733
2021-11-25T08:02:44.786Z	1000	736
2021-11-25T08:03:04.792Z	1000	739
2021-11-25T08:03:24.802Z	1000	742
2021-11-25T08:03:44.815Z	1000	745
2021-11-25T08:04:04.820Z	1000	749
2021-11-25T08:04:24.822Z	1000	752
2021-11-25T08:04:44.835Z	1000	755
2021-11-25T08:05:04.851Z	1000	758
2021-11-25T08:05:24.853Z	1000	761
2021-11-25T08:05:44.860Z	1000	764
2021-11-25T08:06:04.864Z	1000	768
2021-11-25T08:06:24.873Z	1000	771
2021-11-25T08:06:44.882Z	1000	774
2021-11-25T08:07:04.886Z	1000	778
2021-11-25T08:07:24.901Z	1000	780
2021-11-25T08:07:44.901Z	1000	784
2021-11-25T08:08:04.913Z	1000	787
2021-11-25T08:08:24.926Z	1000	790
2021-11-25T08:08:44.933Z	1000	793
2021-11-25T08:09:04.934Z	1000	796
2021-11-25T08:09:24.947Z	1000	799
2021-11-25T08:09:44.962Z	1000	802
2021-11-25T08:10:04.962Z	1000	805
2021-11-25T08:10:24.969Z	1000	807
2021-11-25T08:10:44.983Z	1000	810
2021-11-25T08:11:04.998Z	1000	812
2021-11-25T08:11:25.008Z	1000	815
2021-11-25T08:11:45.010Z	1000	817
2021-11-25T08:12:05.012Z	1000	819
2021-11-25T08:12:25.019Z	1000	821
2021-11-25T08:12:45.023Z	1000	823
2021-11-25T08:13:05.026Z	1000	825
2021-11-25T08:13:25.030Z	1000	827
2021-11-25T08:13:45.031Z	1000	829
2021-11-25T08:14:05.037Z	1000	831
2021-11-25T08:14:25.042Z	1000	833
2021-11-25T08:14:45.043Z	1000	835
2021-11-25T08:15:05.056Z	1000	837
2021-11-25T08:15:25.058Z	1000	840
2021-11-25T08:15:45.060Z	1000	841
2021-11-25T08:16:05.063Z	1000	842
2021-11-25T08:16:25.076Z	1000	844
2021-11-25T08:16:45.083Z	1000	845
2021-11-25T08:17:05.089Z	1000	847
2021-11-25T08:17:25.102Z	1000	848
2021-11-25T08:17:45.114Z	1000	850
2021-11-25T08:18:05.121Z	1000	851
2021-11-25T08:18:25.127Z	1000	852
2021-11-25T08:18:45.140Z	1000	854
2021-11-25T08:19:05.146Z	1000	855
2021-11-25T08:19:25.146Z	1000	856
2021-11-25T08:19:45.153Z	1000	857
2021-11-25T08:20:05.160Z	1000	858
2021-11-25T08:20:25.165Z	1000	859
2021-11-25T08:20:45.171Z	1000	860
2021-11-25T08:21:05.182Z	1000	861
2021-11-25T08:21:25.188Z	1000	862
2021-11-25T08:21:45.194Z	1000	864
2021-11-25T08:22:05.208Z	1000	864
2021-11-25T08:22:25.214Z	1000	865
2021-11-25T08:22:45.222Z	1000	866
2021-11-25T08:23:05.226Z	1000	867
2021-11-25T08:23:25.236Z	1000	867
2021-11-25T08:23:45.246Z	1000	868
2021-11-25T08:24:05.259Z	1000	869
2021-11-25T08:24:25.261Z	1000	870
2021-11-25T08:24:45.275Z	1000	871
2021-11-25T08:25:05.287Z	1000	871
2021-11-25T08:25:25.289Z	1000	872
2021-11-25T08:25:45.301Z	1000	872
2021-11-25T08:26:05.313Z	1000	873
2021-11-25T08:26:25.316Z	1000	874
2021-11-25T08:26:45.316Z	1000	874
2021-11-25T08:27:05.323Z	1000	875
2021-11-25T08:27:25.329Z	1000	875
2021-11-25T08:27:45.339Z	1000	875
2021-11-25T08:28:05.343Z	1000	876
2021-11-25T08:28:25.354Z	1000	877
2021-11-25T08:28:45.369Z	1000	877
2021-11-25T08:29:05.369Z	1000	878
2021-11-25T08:29:25.373Z	1000	878
2021-11-25T08:29:45.384Z	1000	879
2021-11-25T08:30:05.397Z	1000	879
2021-11-25T08:30:25.410Z	1000	879
2021-11-25T08:30:45.420Z	1000	879
2021-11-25T08:31:05.426Z	1000	879
2021-11-25T08:31:25.439Z	1000	880
2021-11-25T08:31:45.448Z	1000	880
2021-11-25T08:32:05.451Z	1000	881
2021-11-25T08:32:25.459Z	1000	881
2021-11-25T08:32:45.463Z	1000	881
2021-11-25T08:33:05.466Z	1000	882
2021-11-25T08:33:25.468Z	1000	882
2021-11-25T08:33:45.469Z	1000	882
2021-11-25T08:34:05.482Z	1000	882
2021-11-25T08:34:25.486Z	1000	883
2021-11-25T08:34:45.492Z	1000	883
2021-11-25T08:35:05.497Z	1000	883
2021-11-25T08:35:25.505Z	1000	883
2021-11-25T08:35:45.517Z	1000	883
2021-11-25T08:36:05.528Z	1000	884
2021-11-25T08:36:25.535Z	1000	884
2021-11-25T08:36:45.544Z	1000	884
2021-11-25T08:37:05.550Z	1000	884
2021-11-25T08:37:25.560Z	1000	885
2021-11-25T08:37:45.575Z	1000	885
2021-11-25T08:38:05.579Z	1000	885
2021-11-25T08:38:25.586Z	1000	885
2021-11-25T08:38:45.601Z	1000	885
2021-11-25T08:39:05.605Z	1000	885
2021-11-25T08:39:25.606Z	1000	885
2021-11-25T08:39:45.619Z	1000	885
2021-11-25T08:40:05.632Z	1000	885
2021-11-25T08:40:25.633Z	1000	885
2021-11-25T08:40:45.640Z	1000	885
2021-11-25T08:41:05.652Z	1000	886
2021-11-25T08:41:25.666Z	1000	886
2021-11-25T08:41:45.669Z	1000	886
2021-11-25T08:42:05.683Z	1000	886
2021-11-25T08:42:25.695Z	1000	886
2021-11-25T08:42:45.709Z	1000	887
2021-11-25T08:43:05.722Z	1000	887
2021-11-25T08:43:25.730Z	1000	887
2021-11-25T08:43:45.731Z	1000	886
2021-11-25T08:44:05.742Z	1000	887
2021-11-25T08:44:25.756Z	1000	888
2021-11-25T08:44:45.764Z	1000	887
2021-11-25T08:45:05.775Z	1000	887
2021-11-25T08:45:25.782Z	1000	888
2021-11-25T08:45:45.791Z	1000	889
2021-11-25T08:46:05.807Z	1000	888
2021-11-25T08:46:25.809Z	1000	887
2021-11-25T08:46:45.821Z	1000	887
2021-11-25T08:47:05.831Z	1000	887
2021-11-25T08:47:25.846Z	1000	887
2021-11-25T08:47:45.846Z	1000	888
2021-11-25T08:48:05.861Z	1000	888
2021-11-25T08:48:25.864Z	1000	888
2021-11-25T08:48:45.877Z	1000	887
2021-11-25T08:49:05.878Z	1000	888
2021-11-25T08:49:25.890Z	1000	888
2021-11-25T08:49:45.891Z	1000	889
2021-11-25T08:50:05.901Z	1000	889
2021-11-25T08:50:25.915Z	1000	889
2021-11-25T08:50:45.924Z	1000	889
2021-11-25T08:51:05.928Z	1000	889
2021-11-25T08:51:25.936Z	1000	889
2021-11-25T08:51:45.950Z	1000	889
2021-11-25T08:52:05.956Z	1000	889
2021-11-25T08:52:25.962Z	1000	889
2021-11-25T08:52:45.964Z	1000	889
2021-11-25T08:53:05.974Z	1000	889
2021-11-25T08:53:25.981Z	1000	889
2021-11-25T08:53:45.983Z	1000	889
2021-11-25T08:54:05.997Z	1000	889
2021-11-25T08:54:26.005Z	1000	889
2021-11-25T08:54:46.018Z	1000	889
2021-11-25T08:55:06.020Z	1000	889
2021-11-25T08:55:26.022Z	1000	889
2021-11-25T08:55:46.037Z	1000	889
2021-11-25T08:56:06.040Z	1000	889
2021-11-25T08:56:26.052Z	1000	889
2021-11-25T08:56:46.059Z	1000	889
2021-11-25T08:57:06.066Z	1000	889
2021-11-25T08:57:26.080Z	1000	889
2021-11-25T08:57:46.094Z	1000	890
2021-11-25T08:58:06.108Z	1000	891
2021-11-25T08:58:26.119Z	1000	891
2021-11-25T08:58:46.120Z	1000	891
2021-11-25T08:59:06.130Z	1000	891
2021-11-25T08:59:26.135Z	1000	891
2021-11-25T08:59:46.149Z	1000	891
2021-11-25T09:00:06.150Z	1000	891
2021-11-25T09:00:26.152Z	1000	891
2021-11-25T09:00:46.162Z	1000	892
2021-11-25T09:01:06.165Z	1000	892
2021-11-25T09:01:26.180Z	1000	892
2021-11-25T09:01:46.182Z	1000	892
2021-11-25T09:02:06.183Z	1000	893
2021-11-25T09:02:26.197Z	1000	893
2021-11-25T09:02:46.212Z	1000	893
2021-11-25T09:03:06.216Z	1000	893
2021-11-25T09:03:26.230Z	1000	894
2021-11-25T09:03:46.239Z	1000	894
2021-11-25T09:04:06.248Z	1000	894
2021-11-25T09:04:26.262Z	1000	894
2021-11-25T09:04:46.276Z	1000	894
2021-11-25T09:05:06.277Z	1000	895
2021-11-25T09:05:26.278Z	1000	895
2021-11-25T09:05:46.278Z	1000	894
2021-11-25T09:06:06.284Z	1000	893
2021-11-25T09:06:26.290Z	1000	891
2021-11-25T09:06:46.296Z	1000	890
2021-11-25T09:07:06.305Z	1000	888
2021-11-25T09:07:26.309Z	1000	887
2021-11-25T09:07:46.317Z	1000	886
2021-11-25T09:08:06.317Z	1000	885
2021-11-25T09:08:26.327Z	1000	885
2021-11-25T09:08:46.342Z	1000	885
2021-11-25T09:09:06.350Z	1000	886
2021-11-25T09:09:26.358Z	1000	887
2021-11-25T09:09:46.370Z	1000	888
2021-11-25T09:10:06.379Z	1000	889
2021-11-25T09:10:26.393Z	1000	890
2021-11-25T09:10:46.400Z	1000	891
2021-11-25T09:11:06.412Z	1000	892
2021-11-25T09:11:26.418Z	1000	893
2021-11-25T09:11:46.429Z	1000	894
2021-11-25T09:12:06.442Z	1000	895
2021-11-25T09:12:26.443Z	1000	895
2021-11-25T09:12:46.448Z	1000	895
2021-11-25T09:13:06.449Z	1000	896
2021-11-25T09:13:26.458Z	1000	896
2021-11-25T09:13:46.460Z	1000	896
2021-11-25T09:14:06.475Z	1000	896
2021-11-25T09:14:26.485Z	1000	896
2021-11-25T09:14:46.491Z	1000	896
2021-11-25T09:15:06.497Z	1000	896
2021-11-25T09:15:26.510Z	1000	896
2021-11-25T09:15:46.516Z	1000	897
2021-11-25T09:16:06.516Z	1000	897
2021-11-25T09:16:26.527Z	1000	897
2021-11-25T09:16:46.528Z	1000	897
2021-11-25T09:17:06.533Z	1000	897
2021-11-25T09:17:26.537Z	1000	897
2021-11-25T09:17:46.545Z	1000	897
2021-11-25T09:18:06.561Z	1000	896
2021-11-25T09:18:26.565Z	1000	894
2021-11-25T09:18:46.578Z	1000	893
2021-11-25T09:19:06.587Z	1000	891
2021-11-25T09:19:26.599Z	1000	890
2021-11-25T09:19:46.603Z	1000	889
2021-11-25T09:20:06.613Z	1000	889
2021-11-25T09:20:26.613Z	1000	889
2021-11-25T09:20:46.623Z	1000	889
2021-11-25T09:21:06.636Z	1000	890
2021-11-25T09:21:26.639Z	1000	890
2021-11-25T09:21:46.651Z	1000	891
2021-11-25T09:22:06.658Z	1000	892
2021-11-25T09:22:26.669Z	1000	893
2021-11-25T09:22:46.677Z	1000	894
2021-11-25T09:23:06.681Z	1000	894
2021-11-25T09:23:26.692Z	1000	895
2021-11-25T09:23:46.704Z	1000	896
2021-11-25T09:24:06.715Z	1000	896
2021-11-25T09:24:26.730Z	1000	896
2021-11-25T09:24:46.742Z	1000	897
2021-11-25T09:25:06.750Z	1000	897
2021-11-25T09:25:26.761Z	1000	897
2021-11-25T09:25:46.763Z	1000	897
2021-11-25T09:26:06.771Z	1000	897
2021-11-25T09:26:26.782Z	1000	897
2021-11-25T09:26:46.791Z	1000	897
2021-11-25T09:27:06.800Z	1000	897
2021-11-25T09:27:26.808Z	1000	897
2021-11-25T09:27:46.812Z	1000	897
2021-11-25T09:28:06.824Z	1000	897
2021-11-25T09:28:26.833Z	1000	897
2021-11-25T09:28:46.834Z	1000	897
2021-11-25T09:29:06.841Z	1000	897
2021-11-25T09:29:26.851Z	1000	896
2021-11-25T09:29:46.859Z	1000	896
2021-11-25T09:30:06.868Z	1000	897
2021-11-25T09:30:26.870Z	1000	865
2021-11-25T09:30:46.882Z	1000	861
2021-11-25T09:31:06.895Z	1000	860
2021-11-25T09:31:26.901Z	1000	860
2021-11-25T09:31:46.902Z	1000	863
2021-11-25T09:32:06.910Z	1000	869
2021-11-25T09:32:26.918Z	1000	875
2021-11-25T09:32:46.931Z	1000	883
2021-11-25T09:33:06.939Z	1000	890
2021-11-25T09:33:26.947Z	1000	897
2021-11-25T09:33:46.959Z	1000	903
2021-11-25T09:34:06.967Z	1000	906
2021-11-25T09:34:26.970Z	1000	908
2021-11-25T09:34:46.976Z	1000	909
2021-11-25T09:35:06.978Z	1000	909
2021-11-25T09:35:26.994Z	1000	908
2021-11-25T09:35:47.003Z	1000	907
2021-11-25T09:36:07.009Z	1000	905
2021-11-25T09:36:27.023Z	1000	904
2021-11-25T09:36:47.028Z	1000	902
2021-11-25T09:37:07.037Z	1000	901
2021-11-25T09:37:27.049Z	1000	900
2021-11-25T09:37:47.056Z	1000	898
2021-11-25T09:38:07.066Z	1000	898
2021-11-25T09:38:27.076Z	1000	898
2021-11-25T09:38:47.087Z	1000	898
2021-11-25T09:39:07.099Z	1000	898
2021-11-25T09:39:27.105Z	1000	898
2021-11-25T09:39:47.116Z	1000	898
2021-11-25T09:40:07.131Z	1000	898
2021-11-25T09:40:27.134Z	1000	844
2021-11-25T09:40:47.148Z	1000	850
2021-11-25T09:41:07.160Z	1000	857
2021-11-25T09:41:27.170Z	1000	862
2021-11-25T09:41:47.172Z	1000	866
2021-11-25T09:42:07.180Z	1000	872
2021-11-25T09:42:27.194Z	1000	879
2021-11-25T09:42:47.195Z	1000	885
2021-11-25T09:43:07.200Z	1000	893
2021-11-25T09:43:27.201Z	1000	898
2021-11-25T09:43:47.208Z	1000	903
2021-11-25T09:44:07.208Z	1000	905
2021-11-25T09:44:27.218Z	1000	907
2021-11-25T09:44:47.231Z	1000	908
2021-11-25T09:45:07.240Z	1000	908
2021-11-25T09:45:27.245Z	1000	907
2021-11-25T09:45:47.255Z	1000	906
2021-11-25T09:46:07.263Z	1000	904
2021-11-25T09:46:27.271Z	1000	903
2021-11-25T09:46:47.280Z	1000	901
2021-11-25T09:47:07.290Z	1000	900
2021-11-25T09:47:27.302Z	1000	899
2021-11-25T09:47:47.308Z	1000	898
2021-11-25T09:48:07.308Z	1000	898
2021-11-25T09:48:27.315Z	1000	898
2021-11-25T09:48:47.325Z	1000	898
2021-11-25T09:49:07.333Z	1000	898
2021-11-25T09:49:27.341Z	1000	898
2021-11-25T09:49:47.350Z	1000	898
2021-11-25T09:50:07.352Z	1000	898
2021-11-25T09:50:27.354Z	1000	898
2021-11-25T09:50:47.355Z	1000	899
2021-11-25T09:51:07.358Z	1000	899
2021-11-25T09:51:27.366Z	1000	899
2021-11-25T09:51:47.372Z	1000	899
2021-11-25T09:52:07.384Z	1000	899
2021-11-25T09:52:27.399Z	1000	899
2021-11-25T09:52:47.404Z	1000	899
2021-11-25T09:53:07.417Z	1000	900
2021-11-25T09:53:27.419Z	1000	899
2021-11-25T09:53:47.430Z	1000	899
2021-11-25T09:54:07.432Z	1000	899
2021-11-25T09:54:27.444Z	1000	899
2021-11-25T09:54:47.448Z	1000	899
2021-11-25T09:55:07.461Z	1000	899
2021-11-25T09:55:27.474Z	1000	899
2021-11-25T09:55:47.485Z	1000	899
2021-11-25T09:56:07.491Z	1000	899
2021-11-25T09:56:27.497Z	1000	899
2021-11-25T09:56:47.497Z	1000	899
2021-11-25T09:57:07.507Z	1000	899
2021-11-25T09:57:27.515Z	1000	899
2021-11-25T09:57:47.520Z	1000	899
2021-11-25T09:58:07.525Z	1000	899
2021-11-25T09:58:27.535Z	1000	899
2021-11-25T09:58:47.549Z	1000	899
2021-11-25T09:59:07.559Z	1000	899
2021-11-25T09:59:27.573Z	1000	898
2021-11-25T09:59:47.577Z	1000	898
2021-11-25T10:00:07.591Z	1000	898
2021-11-25T10:00:27.602Z	1000	898
2021-11-25T10:00:47.614Z	1000	898
2021-11-25T10:01:07.629Z	1000	898
2021-11-25T10:01:27.634Z	1000	898
2021-11-25T10:01:47.637Z	1000	898
2021-11-25T10:02:07.646Z	1000	898
2021-11-25T10:02:27.646Z	1000	899
2021-11-25T10:02:47.646Z	1000	899
2021-11-25T10:03:07.653Z	1000	899
2021-11-25T10:03:27.667Z	1000	899
2021-11-25T10:03:47.672Z	1000	899
2021-11-25T10:04:07.672Z	1000	899
2021-11-25T10:04:27.683Z	1000	899
2021-11-25T10:04:47.696Z	1000	899
2021-11-25T10:05:07.709Z	1000	899
2021-11-25T10:05:27.712Z	1000	899
2021-11-25T10:05:47.716Z	1000	899
2021-11-25T10:06:07.731Z	1000	899
2021-11-25T10:06:27.733Z	1000	900
2021-11-25T10:06:47.735Z	1000	899
2021-11-25T10:07:07.741Z	1000	899
2021-11-25T10:07:27.744Z	1000	899
2021-11-25T10:07:47.748Z	1000	899
2021-11-25T10:08:07.762Z	1000	899
2021-11-25T10:08:27.767Z	1000	899
2021-11-25T10:08:47.782Z	1000	899
2021-11-25T10:09:07.795Z	1000	899
2021-11-25T10:09:27.807Z	1000	899
2021-11-25T10:09:47.812Z	1000	899
2021-11-25T10:10:07.821Z	1000	899
2021-11-25T10:10:27.833Z	1000	899
2021-11-25T10:10:47.845Z	1000	899
2021-11-25T10:11:07.849Z	1000	899
2021-11-25T10:11:27.863Z	1000	899
2021-11-25T10:11:47.868Z	1000	899
2021-11-25T10:12:07.872Z	1000	899
2021-11-25T10:12:27.884Z	1000	899
2021-11-25T10:12:47.898Z	1000	899
2021-11-25T10:13:07.902Z	1000	899
2021-11-25T10:13:27.903Z	1000	899
2021-11-25T10:13:47.904Z	1000	899
2021-11-25T10:14:07.919Z	1000	899
2021-11-25T10:14:27.923Z	1000	899
2021-11-25T10:14:47.930Z	1000	900
2021-11-25T10:15:07.944Z	1000	900
2021-11-25T10:15:27.947Z	1000	900
2021-11-25T10:15:47.961Z	1000	900
2021-11-25T10:16:07.965Z	1000	900
2021-11-25T10:16:27.980Z	1000	899
2021-11-25T10:16:47.994Z	1000	900
2021-11-25T10:17:08.007Z	1000	900
2021-11-25T10:17:28.008Z	1000	900
2021-11-25T10:17:48.015Z	1000	899
2021-11-25T10:18:08.016Z	1000	899
2021-11-25T10:18:28.025Z	1000	899
2021-11-25T10:18:48.037Z	1000	899
2021-11-25T10:19:08.049Z	1000	899
2021-11-25T10:19:28.057Z	1000	899
2021-11-25T10:19:48.061Z	1000	899
2021-11-25T10:20:08.074Z	1000	899
2021-11-25T10:20:28.074Z	1000	899
2021-11-25T10:20:48.074Z	1000	898
2021-11-25T10:21:08.089Z	1000	898
2021-11-25T10:21:28.094Z	1000	899
2021-11-25T10:21:48.098Z	1000	899
2021-11-25T10:22:08.112Z	1000	899
2021-11-25T10:22:28.125Z	1000	899
2021-11-25T10:22:48.131Z	1000	900
2021-11-25T10:23:08.131Z	1000	900
2021-11-25T10:23:28.138Z	1000	900
2021-11-25T10:23:48.147Z	1000	900
2021-11-25T10:24:08.160Z	1000	900
2021-11-25T10:24:28.162Z	1000	900
2021-11-25T10:24:48.169Z	1000	900
2021-11-25T10:25:08.180Z	1000	899
2021-11-25T10:25:28.186Z	1000	899
2021-11-25T10:25:48.191Z	1000	899
2021-11-25T10:26:08.193Z	1000	899
2021-11-25T10:26:28.201Z	1000	899
2021-11-25T10:26:48.211Z	1000	898
2021-11-25T10:27:08.222Z	1000	898
2021-11-25T10:27:28.231Z	1000	898
2021-11-25T10:27:48.247Z	1000	898
2021-11-25T10:28:08.252Z	1000	898
2021-11-25T10:28:28.261Z	1000	898
2021-11-25T10:28:48.275Z	1000	898
2021-11-25T10:29:08.275Z	1000	898
2021-11-25T10:29:28.277Z	1000	898
2021-11-25T10:29:48.279Z	1000	899
2021-11-25T10:30:08.292Z	1000	899
2021-11-25T10:30:28.293Z	1000	899
2021-11-25T10:30:48.295Z	1000	899
2021-11-25T10:31:08.303Z	1000	899
2021-11-25T10:31:28.310Z	1000	899
2021-11-25T10:31:48.323Z	1000	899
2021-11-25T10:32:08.334Z	1000	899
2021-11-25T10:32:28.335Z	1000	899
2021-11-25T10:32:48.340Z	1000	899
2021-11-25T10:33:08.342Z	1000	899
2021-11-25T10:33:28.355Z	1000	899
2021-11-25T10:33:48.358Z	1000	899
2021-11-25T10:34:08.358Z	1000	898
2021-11-25T10:34:28.365Z	1000	898
2021-11-25T10:34:48.371Z	1000	898
2021-11-25T10:35:08.375Z	1000	898
2021-11-25T10:35:28.375Z	1000	898
2021-11-25T10:35:48.380Z	1000	898
2021-11-25T10:36:08.383Z	1000	898
2021-11-25T10:36:28.398Z	1000	898
2021-11-25T10:36:48.411Z	1000	898
2021-11-25T10:37:08.425Z	1000	899
2021-11-25T10:37:28.434Z	1000	899
2021-11-25T10:37:48.441Z	1000	899
2021-11-25T10:38:08.454Z	1000	899
2021-11-25T10:38:28.467Z	1000	899
2021-11-25T10:38:48.477Z	1000	899
2021-11-25T10:39:08.481Z	1000	899
2021-11-25T10:39:28.484Z	1000	899
2021-11-25T10:39:48.493Z	1000	899
2021-11-25T10:40:08.504Z	1000	899
2021-11-25T10:40:28.508Z	1000	899
2021-11-25T10:40:48.509Z	1000	899
2021-11-25T10:41:08.510Z	1000	899
2021-11-25T10:41:28.517Z	1000	899
2021-11-25T10:41:48.524Z	1000	899
2021-11-25T10:42:08.528Z	1000	899
2021-11-25T10:42:28.541Z	1000	898
2021-11-25T10:42:48.543Z	1000	898
2021-11-25T10:43:08.555Z	1000	898
2021-11-25T10:43:28.563Z	1000	898
2021-11-25T10:43:48.568Z	1000	898
2021-11-25T10:44:08.583Z	1000	898
2021-11-25T10:44:28.592Z	1000	899
2021-11-25T10:44:48.592Z	1000	899
2021-11-25T10:45:08.595Z	1000	899
2021-11-25T10:45:28.601Z	1000	900
2021-11-25T10:45:48.607Z	1000	900
2021-11-25T10:46:08.619Z	1000	900
2021-11-25T10:46:28.622Z	1000	900
2021-11-25T10:46:48.628Z	1000	900
2021-11-25T10:47:08.641Z	1000	899
2021-11-25T10:47:28.647Z	1000	900
2021-11-25T10:47:48.657Z	1000	899
2021-11-25T10:48:08.668Z	1000	899
2021-11-25T10:48:28.674Z	1000	899
2021-11-25T10:48:48.684Z	1000	899
2021-11-25T10:49:08.693Z	1000	899
2021-11-25T10:49:28.708Z	1000	898
2021-11-25T10:49:48.714Z	1000	898
2021-11-25T10:50:08.721Z	1000	898
2021-11-25T10:50:28.726Z	1000	898
2021-11-25T10:50:48.728Z	1000	898
2021-11-25T10:51:08.737Z	1000	898
2021-11-25T10:51:28.745Z	1000	898
2021-11-25T10:51:48.754Z	1000	898
2021-11-25T10:52:08.764Z	1000	898
2021-11-25T10:52:28.769Z	1000	898
2021-11-25T10:52:48.783Z	1000	898
2021-11-25T10:53:08.789Z	1000	898
2021-11-25T10:53:28.795Z	1000	898
2021-11-25T10:53:48.808Z	1000	898
2021-11-25T10:54:08.823Z	1000	898
2021-11-25T10:54:28.828Z	1000	898
2021-11-25T10:54:48.837Z	1000	898
2021-11-25T10:55:08.844Z	1000	898
2021-11-25T10:55:28.854Z	1000	899
2021-11-25T10:55:48.855Z	1000	899
2021-11-25T10:56:08.860Z	1000	899
2021-11-25T10:56:28.869Z	1000	900
2021-11-25T10:56:48.871Z	1000	900
2021-11-25T10:57:08.883Z	1000	900
2021-11-25T10:57:28.893Z	1000	900
2021-11-25T10:57:48.904Z	1000	900
2021-11-25T10:58:08.913Z	1000	900
2021-11-25T10:58:28.927Z	1000	900
2021-11-25T10:58:48.933Z	1000	900
2021-11-25T10:59:08.937Z	1000	900
2021-11-25T10:59:28.943Z	1000	899
2021-11-25T10:59:48.955Z	1000	899
2021-11-25T11:00:08.964Z	1000	899
2021-11-25T11:00:28.976Z	1000	899
2021-11-25T11:00:48.991Z	1000	898
2021-11-25T11:01:09.002Z	1000	898
2021-11-25T11:01:29.015Z	1000	898
2021-11-25T11:01:49.021Z	1000	898
2021-11-25T11:02:09.022Z	1000	898
2021-11-25T11:02:29.037Z	1000	898
2021-11-25T11:02:49.047Z	1000	898
2021-11-25T11:03:09.058Z	1000	898
2021-11-25T11:03:29.068Z	1000	898
2021-11-25T11:03:49.077Z	1000	898
2021-11-25T11:04:09.078Z	1000	898
2021-11-25T11:04:29.079Z	1000	898
2021-11-25T11:04:49.089Z	1000	899
2021-11-25T11:05:09.094Z	1000	899
2021-11-25T11:05:29.097Z	1000	899
2021-11-25T11:05:49.109Z	1000	899
2021-11-25T11:06:09.116Z	1000	899
2021-11-25T11:06:29.117Z	1000	899
2021-11-25T11:06:49.121Z	1000	898
2021-11-25T11:07:09.123Z	1000	898
2021-11-25T11:07:29.138Z	1000	898
2021-11-25T11:07:49.144Z	1000	898
2021-11-25T11:08:09.149Z	1000	898
2021-11-25T11:08:29.156Z	1000	899
2021-11-25T11:08:49.169Z	1000	899
2021-11-25T11:09:09.177Z	1000	899
2021-11-25T11:09:29.190Z	1000	899
2021-11-25T11:09:49.198Z	1000	899
2021-11-25T11:10:09.212Z	1000	899
2021-11-25T11:10:29.226Z	1000	899
2021-11-25T11:10:49.237Z	1000	900
2021-11-25T11:11:09.246Z	1000	899
2021-11-25T11:11:29.259Z	1000	899
2021-11-25T11:11:49.268Z	1000	899
2021-11-25T11:12:09.270Z	1000	899
2021-11-25T11:12:29.275Z	1000	899
2021-11-25T11:12:49.286Z	1000	899
2021-11-25T11:13:09.298Z	1000	898
2021-11-25T11:13:29.311Z	1000	898
2021-11-25T11:13:49.325Z	1000	898
2021-11-25T11:14:09.331Z	1000	898
2021-11-25T11:14:29.345Z	1000	898
2021-11-25T11:14:49.347Z	1000	898
2021-11-25T11:15:09.362Z	1000	898
2021-11-25T11:15:29.367Z	1000	898
2021-11-25T11:15:49.383Z	1000	898
2021-11-25T11:16:09.387Z	1000	898
2021-11-25T11:16:29.394Z	1000	898
2021-11-25T11:16:49.395Z	1000	899
2021-11-25T11:17:09.409Z	1000	898
2021-11-25T11:17:29.425Z	1000	898
2021-11-25T11:17:49.434Z	1000	899
2021-11-25T11:18:09.439Z	1000	898
2021-11-25T11:18:29.449Z	1000	898
2021-11-25T11:18:49.463Z	1000	898
2021-11-25T11:19:09.462Z	1000	898
2021-11-25T11:19:29.466Z	1000	898
2021-11-25T11:19:49.477Z	1000	898
2021-11-25T11:20:09.489Z	1000	898
2021-11-25T11:20:29.489Z	1000	898
2021-11-25T11:20:49.490Z	1000	898
2021-11-25T11:21:09.500Z	1000	898
2021-11-25T11:21:29.514Z	1000	898
2021-11-25T11:21:49.525Z	1000	898
2021-11-25T11:22:09.536Z	1000	898
2021-11-25T11:22:29.546Z	1000	898
2021-11-25T11:22:49.553Z	1000	899
2021-11-25T11:23:09.568Z	1000	898
2021-11-25T11:23:29.571Z	1000	898
2021-11-25T11:23:49.576Z	1000	898
2021-11-25T11:24:09.576Z	1000	898
2021-11-25T11:24:29.585Z	1000	898
2021-11-25T11:24:49.595Z	1000	898
2021-11-25T11:25:09.595Z	1000	898
2021-11-25T11:25:29.609Z	1000	898
2021-11-25T11:25:49.615Z	1000	898
2021-11-25T11:26:09.619Z	1000	898
2021-11-25T11:26:29.620Z	1000	898
2021-11-25T11:26:49.627Z	1000	898
2021-11-25T11:27:09.634Z	1000	898
2021-11-25T11:27:29.642Z	1000	898
2021-11-25T11:27:49.644Z	1000	898
2021-11-25T11:28:09.651Z	1000	898
2021-11-25T11:28:29.664Z	1000	898
2021-11-25T11:28:49.667Z	1000	898
2021-11-25T11:29:09.667Z	1000	898
2021-11-25T11:29:29.681Z	1000	898
2021-11-25T11:29:49.684Z	1000	898
2021-11-25T11:30:09.684Z	1000	898
2021-11-25T11:30:29.684Z	1000	898
2021-11-25T11:30:49.684Z	1000	898
2021-11-25T11:31:09.686Z	1000	898
2021-11-25T11:31:29.698Z	1000	898
2021-11-25T11:31:49.713Z	1000	898
2021-11-25T11:32:09.716Z	1000	898
2021-11-25T11:32:29.718Z	1000	898
2021-11-25T11:32:49.731Z	1000	898
2021-11-25T11:33:09.741Z	1000	898
2021-11-25T11:33:29.745Z	1000	898
2021-11-25T11:33:49.752Z	1000	898
2021-11-25T11:34:09.761Z	1000	898
2021-11-25T11:34:29.773Z	1000	898
2021-11-25T11:34:49.788Z	1000	898
2021-11-25T11:35:09.791Z	1000	898
2021-11-25T11:35:29.793Z	1000	898
2021-11-25T11:35:49.796Z	1000	898
2021-11-25T11:36:09.810Z	1000	898
2021-11-25T11:36:29.819Z	1000	898
2021-11-25T11:36:49.824Z	1000	898
2021-11-25T11:37:09.834Z	1000	898
2021-11-25T11:37:29.840Z	1000	898
2021-11-25T11:37:49.850Z	1000	898
2021-11-25T11:38:09.851Z	1000	898
2021-11-25T11:38:29.860Z	1000	898
2021-11-25T11:38:49.863Z	1000	898
2021-11-25T11:39:09.868Z	1000	898
2021-11-25T11:39:29.875Z	1000	898
2021-11-25T11:39:49.884Z	1000	898
2021-11-25T11:40:09.892Z	1000	898
2021-11-25T11:40:29.906Z	1000	898
2021-11-25T11:40:49.908Z	1000	898
2021-11-25T11:41:09.915Z	1000	898
2021-11-25T11:41:29.928Z	1000	898
2021-11-25T11:41:49.929Z	1000	898
2021-11-25T11:42:09.942Z	1000	898
2021-11-25T11:42:29.945Z	1000	898
2021-11-25T11:42:49.947Z	1000	898
2021-11-25T11:43:09.948Z	1000	898
2021-11-25T11:43:29.962Z	1000	898
2021-11-25T11:43:49.975Z	1000	897
2021-11-25T11:44:09.975Z	1000	897
2021-11-25T11:44:29.975Z	1000	897
2021-11-25T11:44:49.977Z	1000	897
2021-11-25T11:45:09.988Z	1000	897
2021-11-25T11:45:29.988Z	1000	898
2021-11-25T11:45:49.995Z	1000	897
2021-11-25T11:46:10.002Z	1000	899
2021-11-25T11:46:30.014Z	1000	899
2021-11-25T11:46:50.028Z	1000	898
2021-11-25T11:47:10.039Z	1000	898
2021-11-25T11:47:30.043Z	1000	898
2021-11-25T11:47:50.057Z	1000	897
2021-11-25T11:48:10.058Z	1000	896
2021-11-25T11:48:30.071Z	1000	884
2021-11-25T11:48:50.083Z	1000	823
2021-11-25T11:49:10.095Z	1000	833
2021-11-25T11:49:30.102Z	1000	834
2021-11-25T11:49:50.104Z	1000	832
2021-11-25T11:50:10.106Z	1000	830
2021-11-25T11:50:30.108Z	1000	829
2021-11-25T11:50:50.110Z	1000	828
2021-11-25T11:51:10.110Z	1000	828
2021-11-25T11:51:30.117Z	1000	829
2021-11-25T11:51:50.131Z	1000	829
2021-11-25T11:52:10.141Z	1000	829
2021-11-25T11:52:30.156Z	1000	829
2021-11-25T11:52:50.159Z	1000	829
2021-11-25T11:53:10.169Z	1000	828
2021-11-25T11:53:30.180Z	1000	828
2021-11-25T11:53:50.181Z	1000	827
2021-11-25T11:54:10.193Z	1000	826
2021-11-25T11:54:30.198Z	1000	825
2021-11-25T11:54:50.214Z	1000	824
2021-11-25T11:55:10.226Z	1000	824
2021-11-25T11:55:30.230Z	1000	824
2021-11-25T11:55:50.244Z	-5	-5
2021-11-25T11:56:10.253Z	-5	-5
2021-11-25T11:56:30.264Z	-5	-5
2021-11-25T11:56:50.275Z	-5	-5
2021-11-25T11:57:10.284Z	-5	-5
2021-11-25T11:57:30.288Z	-5	-5
2021-11-25T11:57:50.292Z	-5	-5
2021-11-25T11:58:10.302Z	-5	-5
2021-11-25T11:58:30.309Z	-5	-5
2021-11-25T11:58:50.324Z	-5	-5
2021-11-25T11:59:10.328Z	-5	-5
2021-11-25T11:59:30.337Z	-5	-5
2021-11-25T11:59:50.347Z	-5	-5
2021-11-25T12:00:10.355Z	-5	-5
2021-11-25T12:00:30.370Z	-5	-5
2021-11-25T12:00:50.383Z	-5	-5
2021-11-25T12:01:10.386Z	-5	-5
2021-11-25T12:01:30.392Z	-5	-5
2021-11-25T12:01:50.406Z	-5	-5
2021-11-25T12:02:10.419Z	1000	560
2021-11-25T12:02:30.432Z	1000	603
2021-11-25T12:02:50.438Z	1000	633
2021-11-25T12:03:10.440Z	1000	650
2021-11-25T12:03:30.452Z	1000	660
2021-11-25T12:03:50.467Z	1000	669
2021-11-25T12:04:10.476Z	1000	672
2021-11-25T12:04:30.483Z	1000	675
2021-11-25T12:04:50.497Z	1000	678
2021-11-25T12:05:10.507Z	1000	685
2021-11-25T12:05:30.517Z	1000	690
2021-11-25T12:05:50.527Z	1000	697
2021-11-25T12:06:10.537Z	1000	706
2021-11-25T12:06:30.550Z	1000	716
2021-11-25T12:06:50.556Z	1000	726
2021-11-25T12:07:10.560Z	1000	736
2021-11-25T12:07:30.574Z	1000	747
2021-11-25T12:07:50.587Z	1000	757
2021-11-25T12:08:10.598Z	1000	767
2021-11-25T12:08:30.607Z	1000	775
2021-11-25T12:08:50.611Z	1000	775
2021-11-25T12:09:10.610Z	1000	721
2021-11-25T12:09:30.614Z	1000	691
2021-11-25T12:09:50.624Z	1000	670
2021-11-25T12:10:10.638Z	1000	659
2021-11-25T12:10:30.650Z	1000	649
2021-11-25T12:10:50.651Z	1000	640
2021-11-25T12:11:10.661Z	1000	630
2021-11-25T12:11:30.668Z	1000	623
2021-11-25T12:11:50.678Z	1000	615
2021-11-25T12:12:10.682Z	1000	610
2021-11-25T12:12:30.691Z	1000	603
2021-11-25T12:12:50.692Z	1000	596
2021-11-25T12:13:10.700Z	1000	589
2021-11-25T12:13:30.714Z	1000	583
2021-11-25T12:13:50.716Z	1000	577
2021-11-25T12:14:10.724Z	1000	569
2021-11-25T12:14:30.726Z	1000	563
2021-11-25T12:14:50.741Z	1000	558
2021-11-25T12:15:10.746Z	1000	552
2021-11-25T12:15:30.752Z	1000	546
2021-11-25T12:15:50.762Z	1000	542
2021-11-25T12:16:10.765Z	1000	537
2021-11-25T12:16:30.778Z	1000	531
2021-11-25T12:16:50.785Z	1000	526
2021-11-25T12:17:10.797Z	1000	521
2021-11-25T12:17:30.812Z	1000	516
2021-11-25T12:17:50.817Z	1000	512
2021-11-25T12:18:10.832Z	1000	508
2021-11-25T12:18:30.837Z	1000	504
2021-11-25T12:18:50.853Z	1000	498
2021-11-25T12:19:10.866Z	1000	494
2021-11-25T12:19:30.880Z	1000	490
2021-11-25T12:19:50.885Z	1000	486
2021-11-25T12:20:10.889Z	1000	484
2021-11-25T12:20:30.895Z	1000	480
2021-11-25T12:20:50.895Z	1000	476
2021-11-25T12:21:10.899Z	1000	472
2021-11-25T12:21:30.904Z	1000	469
2021-11-25T12:21:50.916Z	1000	464
2021-11-25T12:22:10.919Z	1000	461
2021-11-25T12:22:30.928Z	1000	457
2021-11-25T12:22:50.938Z	1000	454
2021-11-25T12:23:10.951Z	1000	450
2021-11-25T12:23:30.959Z	1000	446
2021-11-25T12:23:50.972Z	1000	442
2021-11-25T12:24:10.972Z	1000	438
2021-11-25T12:24:30.975Z	1000	435
2021-11-25T12:24:50.981Z	1000	434
2021-11-25T12:25:10.988Z	1000	431
2021-11-25T12:25:30.993Z	1000	427
2021-11-25T12:25:51.008Z	1000	424
2021-11-25T12:26:11.020Z	1000	420
2021-11-25T12:26:31.031Z	1000	416
2021-11-25T12:26:51.047Z	1000	415
2021-11-25T12:27:11.056Z	1000	412
2021-11-25T12:27:31.055Z	1000	410
2021-11-25T12:27:51.056Z	1000	409
2021-11-25T12:28:11.056Z	1000	406
2021-11-25T12:28:31.057Z	1000	402
2021-11-25T12:28:51.057Z	1000	399
2021-11-25T12:29:11.058Z	1000	396
2021-11-25T12:29:31.059Z	1000	394
2021-11-25T12:29:51.062Z	1000	392
2021-11-25T12:30:11.070Z	1000	392
2021-11-25T12:30:31.071Z	1000	391
2021-11-25T12:30:51.075Z	1000	387
2021-11-25T12:31:11.086Z	1000	387
2021-11-25T12:31:31.089Z	1000	386
2021-11-25T12:31:51.102Z	1000	383
2021-11-25T12:32:11.117Z	1000	380
2021-11-25T12:32:31.118Z	1000	377
2021-11-25T12:32:51.132Z	1000	375
2021-11-25T12:33:11.137Z	1000	372
2021-11-25T12:33:31.152Z	1000	370
2021-11-25T12:33:51.157Z	1000	368
2021-11-25T12:34:11.158Z	1000	366
2021-11-25T12:34:31.161Z	1000	364
2021-11-25T12:34:51.161Z	1000	361
2021-11-25T12:35:11.164Z	1000	359
2021-11-25T12:35:31.165Z	1000	359
2021-11-25T12:35:51.172Z	1000	358
2021-11-25T12:36:11.182Z	1000	356
2021-11-25T12:36:31.187Z	1000	354
2021-11-25T12:36:51.192Z	1000	351
2021-11-25T12:37:11.193Z	1000	348
2021-11-25T12:37:31.199Z	1000	346
2021-11-25T12:37:51.208Z	1000	344
2021-11-25T12:38:11.215Z	1000	342
2021-11-25T12:38:31.230Z	1000	340
2021-11-25T12:38:51.246Z	1000	338
2021-11-25T12:39:11.254Z	1000	335
2021-11-25T12:39:31.270Z	1000	334
2021-11-25T12:39:51.277Z	1000	333
2021-11-25T12:40:11.284Z	1000	332
2021-11-25T12:40:31.295Z	1000	331
2021-11-25T12:40:51.302Z	1000	329
2021-11-25T12:41:11.308Z	1000	326
2021-11-25T12:41:31.309Z	1000	324
2021-11-25T12:41:51.321Z	1000	324
2021-11-25T12:42:11.327Z	1000	323
2021-11-25T12:42:31.338Z	1000	320
2021-11-25T12:42:51.340Z	1000	320
2021-11-25T12:43:11.347Z	1000	319
2021-11-25T12:43:31.359Z	1000	318
2021-11-25T12:43:51.369Z	1000	315
2021-11-25T12:44:11.370Z	1000	314
2021-11-25T12:44:31.373Z	1000	312
2021-11-25T12:44:51.385Z	1000	309
2021-11-25T12:45:11.392Z	1000	308
2021-11-25T12:45:31.398Z	1000	306
2021-11-25T12:45:51.402Z	1000	305
2021-11-25T12:46:11.412Z	1000	302
2021-11-25T12:46:31.418Z	1000	300
2021-11-25T12:46:51.419Z	1000	299
2021-11-25T12:47:11.422Z	1000	299
2021-11-25T12:47:31.429Z	1000	296
2021-11-25T12:47:51.430Z	1000	295
2021-11-25T12:48:11.445Z	1000	295
2021-11-25T12:48:31.453Z	1000	294
2021-11-25T12:48:51.462Z	1000	293
2021-11-25T12:49:11.473Z	1000	292
2021-11-25T12:49:31.476Z	1000	291
2021-11-25T12:49:51.491Z	1000	290
2021-11-25T12:50:11.500Z	1000	289
2021-11-25T12:50:31.513Z	1000	288
2021-11-25T12:50:51.515Z	1000	286
2021-11-25T12:51:11.518Z	1000	285
2021-11-25T12:51:31.522Z	1000	284
2021-11-25T12:51:51.529Z	1000	282
2021-11-25T12:52:11.541Z	1000	281
2021-11-25T12:52:31.550Z	1000	279
2021-11-25T12:52:51.555Z	1000	278
2021-11-25T12:53:11.560Z	1000	277
2021-11-25T12:53:31.571Z	1000	276
2021-11-25T12:53:51.580Z	1000	273
2021-11-25T12:54:11.587Z	1000	273
2021-11-25T12:54:31.587Z	1000	273
2021-11-25T12:54:51.588Z	1000	272
2021-11-25T12:55:11.590Z	1000	272
2021-11-25T12:55:31.601Z	1000	271
2021-11-25T12:55:51.610Z	1000	271
2021-11-25T12:56:11.613Z	1000	270
2021-11-25T12:56:31.619Z	1000	268
2021-11-25T12:56:51.629Z	1000	268
2021-11-25T12:57:11.629Z	1000	266
2021-11-25T12:57:31.631Z	1000	265
2021-11-25T12:57:51.631Z	1000	263
2021-11-25T12:58:11.638Z	1000	262
2021-11-25T12:58:31.652Z	1000	262
2021-11-25T12:58:51.652Z	1000	261
2021-11-25T12:59:11.659Z	1000	259
2021-11-25T12:59:31.670Z	1000	257
2021-11-25T12:59:51.682Z	1000	255
2021-11-25T13:00:11.686Z	1000	254
2021-11-25T13:00:31.692Z	1000	253
2021-11-25T13:00:51.697Z	1000	253
2021-11-25T13:01:11.709Z	1000	250
2021-11-25T13:01:31.711Z	1000	250
2021-11-25T13:01:51.720Z	1000	250
2021-11-25T13:02:11.731Z	1000	249
2021-11-25T13:02:31.740Z	1000	248
2021-11-25T13:02:51.740Z	1000	246
2021-11-25T13:03:11.742Z	1000	246
2021-11-25T13:03:31.756Z	1000	245
2021-11-25T13:03:51.770Z	1000	244
2021-11-25T13:04:11.781Z	1000	244
2021-11-25T13:04:31.786Z	1000	243
2021-11-25T13:04:51.797Z	1000	242
2021-11-25T13:05:11.810Z	1000	240
2021-11-25T13:05:31.817Z	1000	240
2021-11-25T13:05:51.831Z	1000	239
2021-11-25T13:06:11.834Z	1000	239
2021-11-25T13:06:31.845Z	1000	238
2021-11-25T13:06:51.846Z	1000	237
2021-11-25T13:07:11.852Z	1000	235
2021-11-25T13:07:31.852Z	1000	235
2021-11-25T13:07:51.855Z	1000	234
2021-11-25T13:08:11.863Z	1000	232
2021-11-25T13:08:31.876Z	1000	231
2021-11-25T13:08:51.878Z	1000	232
2021-11-25T13:09:11.878Z	1000	230
2021-11-25T13:09:31.883Z	1000	229
2021-11-25T13:09:51.896Z	1000	229
2021-11-25T13:10:11.899Z	1000	228
2021-11-25T13:10:31.910Z	1000	227
2021-11-25T13:10:51.913Z	1000	226
2021-11-25T13:11:11.916Z	1000	226
2021-11-25T13:11:31.921Z	1000	225
2021-11-25T13:11:51.928Z	1000	225
2021-11-25T13:12:11.936Z	1000	224
2021-11-25T13:12:31.946Z	1000	223
2021-11-25T13:12:51.957Z	1000	222
2021-11-25T13:13:11.967Z	1000	221
2021-11-25T13:13:31.978Z	1000	221
2021-11-25T13:13:51.985Z	1000	220
2021-11-25T13:14:11.993Z	1000	220
2021-11-25T13:14:32.007Z	1000	219
2021-11-25T13:14:52.010Z	1000	219
2021-11-25T13:15:12.022Z	1000	218
2021-11-25T13:15:32.032Z	1000	217
2021-11-25T13:15:52.047Z	1000	216
2021-11-25T13:16:12.050Z	1000	214
2021-11-25T13:16:32.055Z	1000	215
2021-11-25T13:16:52.055Z	1000	214
2021-11-25T13:17:12.061Z	1000	213
2021-11-25T13:17:32.065Z	1000	213
2021-11-25T13:17:52.066Z	1000	214
2021-11-25T13:18:12.076Z	1000	213
2021-11-25T13:18:32.075Z	1000	211
2021-11-25T13:18:52.080Z	1000	211
2021-11-25T13:19:12.086Z	1000	210
2021-11-25T13:19:32.093Z	1000	210
2021-11-25T13:19:52.092Z	1000	210
2021-11-25T13:20:12.101Z	1000	210
2021-11-25T13:20:32.103Z	1000	209
2021-11-25T13:20:52.112Z	1000	208
2021-11-25T13:21:12.114Z	1000	206
2021-11-25T13:21:32.117Z	1000	205
2021-11-25T13:21:52.123Z	1000	204
2021-11-25T13:22:12.135Z	1000	204
2021-11-25T13:22:32.149Z	1000	204
2021-11-25T13:22:52.163Z	1000	203
2021-11-25T13:23:12.166Z	1000	202
2021-11-25T13:23:32.176Z	1000	202
2021-11-25T13:23:52.191Z	1000	201
2021-11-25T13:24:12.195Z	1000	199
2021-11-25T13:24:32.196Z	1000	199
2021-11-25T13:24:52.207Z	1000	198
2021-11-25T13:25:12.212Z	1000	197
2021-11-25T13:25:32.220Z	1000	196
2021-11-25T13:25:52.224Z	1000	196
2021-11-25T13:26:12.239Z	1000	196
2021-11-25T13:26:32.240Z	1000	194
2021-11-25T13:26:52.253Z	1000	193
2021-11-25T13:27:12.260Z	1000	193
2021-11-25T13:27:32.269Z	1000	193
2021-11-25T13:27:52.276Z	1000	193
2021-11-25T13:28:12.288Z	1000	192
2021-11-25T13:28:32.289Z	1000	192
2021-11-25T13:28:52.302Z	1000	192
2021-11-25T13:29:12.314Z	1000	192
2021-11-25T13:29:32.330Z	1000	192
2021-11-25T13:29:52.334Z	1000	190
2021-11-25T13:30:12.344Z	1000	190
2021-11-25T13:30:32.347Z	1000	189
2021-11-25T13:30:52.361Z	1000	188
2021-11-25T13:31:12.366Z	1000	188
2021-11-25T13:31:32.377Z	1000	187
2021-11-25T13:31:52.392Z	1000	186
2021-11-25T13:32:12.395Z	1000	186
2021-11-25T13:32:32.405Z	1000	185
2021-11-25T13:32:52.416Z	1000	184
2021-11-25T13:33:12.427Z	1000	185
2021-11-25T13:33:32.438Z	1000	185
2021-11-25T13:33:52.445Z	1000	183
2021-11-25T13:34:12.445Z	1000	183
2021-11-25T13:34:32.455Z	1000	182
2021-11-25T13:34:52.458Z	1000	182
2021-11-25T13:35:12.461Z	1000	181
2021-11-25T13:35:32.462Z	1000	182
2021-11-25T13:35:52.470Z	1000	181
2021-11-25T13:36:12.477Z	1000	179
2021-11-25T13:36:32.485Z	1000	179
2021-11-25T13:36:52.494Z	1000	178
2021-11-25T13:37:12.502Z	1000	178
2021-11-25T13:37:32.502Z	1000	177
2021-11-25T13:37:52.506Z	1000	176
2021-11-25T13:38:12.508Z	1000	177
2021-11-25T13:38:32.521Z	1000	176
2021-11-25T13:38:52.533Z	1000	176
2021-11-25T13:39:12.535Z	1000	176
2021-11-25T13:39:32.549Z	1000	176
2021-11-25T13:39:52.561Z	1000	175
2021-11-25T13:40:12.563Z	1000	174
2021-11-25T13:40:32.570Z	1000	174
2021-11-25T13:40:52.579Z	1000	174
2021-11-25T13:41:12.595Z	1000	173
2021-11-25T13:41:32.608Z	1000	173
2021-11-25T13:41:52.608Z	1000	173
2021-11-25T13:42:12.609Z	1000	172
2021-11-25T13:42:32.617Z	1000	172
2021-11-25T13:42:52.621Z	1000	172
2021-11-25T13:43:12.627Z	1000	171
2021-11-25T13:43:32.630Z	1000	170
2021-11-25T13:43:52.632Z	1000	169
2021-11-25T13:44:12.645Z	1000	168
2021-11-25T13:44:32.661Z	1000	167
2021-11-25T13:44:52.664Z	1000	167
2021-11-25T13:45:12.666Z	1000	167
2021-11-25T13:45:32.666Z	1000	167
2021-11-25T13:45:52.672Z	1000	166
2021-11-25T13:46:12.680Z	1000	166
2021-11-25T13:46:32.681Z	1000	165
2021-11-25T13:46:52.687Z	1000	165
2021-11-25T13:47:12.696Z	1000	164
2021-11-25T13:47:32.700Z	1000	164
2021-11-25T13:47:52.700Z	1000	164
2021-11-25T13:48:12.711Z	1000	162
2021-11-25T13:48:32.723Z	1000	162
2021-11-25T13:48:52.730Z	1000	161
2021-11-25T13:49:12.741Z	1000	160
2021-11-25T13:49:32.756Z	1000	160
2021-11-25T13:49:52.768Z	1000	159
2021-11-25T13:50:12.781Z	1000	159
2021-11-25T13:50:32.781Z	1000	159
2021-11-25T13:50:52.782Z	1000	159
2021-11-25T13:51:12.791Z	1000	159
2021-11-25T13:51:32.802Z	1000	158
2021-11-25T13:51:52.804Z	1000	158
2021-11-25T13:52:12.810Z	1000	157
2021-11-25T13:52:32.824Z	1000	157
2021-11-25T13:52:52.833Z	1000	157
2021-11-25T13:53:12.844Z	1000	156
2021-11-25T13:53:32.855Z	1000	155
2021-11-25T13:53:52.862Z	1000	156
2021-11-25T13:54:12.877Z	1000	156
2021-11-25T13:54:32.882Z	1000	155
2021-11-25T13:54:52.895Z	1000	155
2021-11-25T13:55:12.896Z	1000	154
2021-11-25T13:55:32.909Z	1000	154
2021-11-25T13:55:52.911Z	1000	154
2021-11-25T13:56:12.921Z	1000	154
2021-11-25T13:56:32.927Z	1000	153
2021-11-25T13:56:52.933Z	1000	153
2021-11-25T13:57:12.944Z	1000	153
2021-11-25T13:57:32.956Z	1000	152
2021-11-25T13:57:52.959Z	1000	152
2021-11-25T13:58:12.961Z	1000	151
2021-11-25T13:58:32.964Z	1000	151
2021-11-25T13:58:52.975Z	1000	151
2021-11-25T13:59:12.988Z	1000	151
2021-11-25T13:59:32.996Z	1000	150
2021-11-25T13:59:52.999Z	1000	150
2021-11-25T14:00:13.011Z	1000	150
2021-11-25T14:00:33.023Z	1000	151
2021-11-25T14:00:53.031Z	1000	150
2021-11-25T14:01:13.034Z	1000	149
2021-11-25T14:01:33.046Z	1000	149
2021-11-25T14:01:53.050Z	1000	149
2021-11-25T14:02:13.054Z	1000	148
2021-11-25T14:02:33.054Z	1000	148
2021-11-25T14:02:53.054Z	1000	148
2021-11-25T14:03:13.055Z	1000	147
2021-11-25T14:03:33.054Z	1000	146
2021-11-25T14:03:53.055Z	1000	146
2021-11-25T14:04:13.058Z	1000	145
2021-11-25T14:04:33.069Z	1000	145
2021-11-25T14:04:53.070Z	1000	145
2021-11-25T14:05:13.080Z	1000	144
2021-11-25T14:05:33.094Z	1000	144
2021-11-25T14:05:53.096Z	1000	143
2021-11-25T14:06:13.111Z	1000	143
2021-11-25T14:06:33.113Z	1000	143
2021-11-25T14:06:53.116Z	1000	142
2021-11-25T14:07:13.129Z	1000	142
2021-11-25T14:07:33.136Z	1000	142
2021-11-25T14:07:53.139Z	1000	142
2021-11-25T14:08:13.145Z	1000	142
2021-11-25T14:08:33.145Z	1000	142
2021-11-25T14:08:53.147Z	1000	141
2021-11-25T14:09:13.158Z	1000	140
2021-11-25T14:09:33.168Z	1000	139
2021-11-25T14:09:53.179Z	1000	138
2021-11-25T14:10:13.181Z	1000	138
2021-11-25T14:10:33.185Z	1000	138
2021-11-25T14:10:53.195Z	1000	138
2021-11-25T14:11:13.195Z	1000	138
2021-11-25T14:11:33.201Z	1000	137
2021-11-25T14:11:53.202Z	1000	137
2021-11-25T14:12:13.217Z	1000	136
2021-11-25T14:12:33.224Z	1000	136
2021-11-25T14:12:53.225Z	1000	135
2021-11-25T14:13:13.227Z	1000	135
2021-11-25T14:13:33.241Z	1000	135
2021-11-25T14:13:53.248Z	1000	134
2021-11-25T14:14:13.253Z	1000	134
2021-11-25T14:14:33.268Z	1000	134
2021-11-25T14:14:53.270Z	1000	134
2021-11-25T14:15:13.270Z	1000	134
2021-11-25T14:15:33.279Z	1000	135
2021-11-25T14:15:53.290Z	1000	134
2021-11-25T14:16:13.301Z	1000	134
2021-11-25T14:16:33.303Z	1000	134
2021-11-25T14:16:53.306Z	1000	134
2021-11-25T14:17:13.318Z	1000	134
2021-11-25T14:17:33.332Z	1000	134
2021-11-25T14:17:53.334Z	1000	133
2021-11-25T14:18:13.343Z	1000	133
2021-11-25T14:18:33.349Z	1000	132
2021-11-25T14:18:53.349Z	1000	133
2021-11-25T14:19:13.352Z	1000	132
2021-11-25T14:19:33.359Z	1000	132
2021-11-25T14:19:53.364Z	1000	132
2021-11-25T14:20:13.380Z	1000	131
2021-11-25T14:20:33.383Z	1000	131
2021-11-25T14:20:53.392Z	1000	131
2021-11-25T14:21:13.404Z	1000	130
2021-11-25T14:21:33.414Z	1000	130
2021-11-25T14:21:53.422Z	1000	130
2021-11-25T14:22:13.437Z	1000	130
2021-11-25T14:22:33.442Z	1000	130
2021-11-25T14:22:53.448Z	1000	130
2021-11-25T14:23:13.454Z	1000	130
2021-11-25T14:23:33.467Z	1000	129
2021-11-25T14:23:53.471Z	1000	129
2021-11-25T14:24:13.476Z	1000	129
2021-11-25T14:24:33.492Z	1000	128
2021-11-25T14:24:53.493Z	1000	128
2021-11-25T14:25:13.507Z	1000	128
2021-11-25T14:25:33.519Z	1000	127
2021-11-25T14:25:53.521Z	1000	127
2021-11-25T14:26:13.523Z	1000	127
2021-11-25T14:26:33.536Z	1000	127
2021-11-25T14:26:53.551Z	1000	126
2021-11-25T14:27:13.567Z	1000	125
2021-11-25T14:27:33.571Z	1000	125
2021-11-25T14:27:53.583Z	1000	126
2021-11-25T14:28:13.593Z	1000	126
2021-11-25T14:28:33.598Z	1000	125
2021-11-25T14:28:53.601Z	1000	125
2021-11-25T14:29:13.601Z	1000	124
2021-11-25T14:29:33.602Z	1000	124
2021-11-25T14:29:53.603Z	1000	124
2021-11-25T14:30:13.603Z	1000	124
2021-11-25T14:30:33.612Z	1000	124
2021-11-25T14:30:53.625Z	1000	123
2021-11-25T14:31:13.629Z	1000	122
2021-11-25T14:31:33.634Z	1000	123
2021-11-25T14:31:53.649Z	1000	123
2021-11-25T14:32:13.662Z	1000	123
2021-11-25T14:32:33.665Z	1000	123
2021-11-25T14:32:53.669Z	1000	123
2021-11-25T14:33:13.672Z	1000	122
2021-11-25T14:33:33.676Z	1000	122
2021-11-25T14:33:53.678Z	1000	121
2021-11-25T14:34:13.683Z	1000	121
2021-11-25T14:34:33.690Z	1000	121
2021-11-25T14:34:53.706Z	1000	121
2021-11-25T14:35:13.715Z	1000	128
2021-11-25T14:35:33.721Z	1000	134
2021-11-25T14:35:53.734Z	1000	140
2021-11-25T14:36:13.740Z	1000	145
2021-11-25T14:36:33.751Z	1000	149
2021-11-25T14:36:53.762Z	1000	153
2021-11-25T14:37:13.769Z	1000	156
2021-11-25T14:37:33.780Z	1000	159
2021-11-25T14:37:53.782Z	1000	162
2021-11-25T14:38:13.790Z	1000	164
2021-11-25T14:38:33.801Z	1000	166
2021-11-25T14:38:53.803Z	1000	167
2021-11-25T14:39:13.815Z	1000	169
2021-11-25T14:39:33.823Z	1000	171
2021-11-25T14:39:53.834Z	1000	172
2021-11-25T14:40:13.847Z	1000	173
2021-11-25T14:40:33.851Z	1000	175
2021-11-25T14:40:53.854Z	1000	177
2021-11-25T14:41:13.866Z	1000	179
2021-11-25T14:41:33.866Z	1000	181
2021-11-25T14:41:53.869Z	1000	183
2021-11-25T14:42:13.883Z	1000	188
2021-11-25T14:42:33.884Z	1000	190
2021-11-25T14:42:53.884Z	1000	194
2021-11-25T14:43:13.885Z	1000	199
2021-11-25T14:43:33.886Z	1000	203
2021-11-25T14:43:53.894Z	1000	208
2021-11-25T14:44:13.909Z	1000	213
2021-11-25T14:44:33.922Z	1000	216
2021-11-25T14:44:53.930Z	1000	222
2021-11-25T14:45:13.934Z	1000	227
2021-11-25T14:45:33.942Z	1000	232
2021-11-25T14:45:53.954Z	1000	237
2021-11-25T14:46:13.962Z	1000	240
2021-11-25T14:46:33.973Z	1000	244
2021-11-25T14:46:53.988Z	1000	247
2021-11-25T14:47:13.989Z	1000	250
2021-11-25T14:47:33.991Z	1000	252
2021-11-25T14:47:54.003Z	1000	256
2021-11-25T14:48:14.010Z	1000	257
2021-11-25T14:48:34.023Z	1000	259
2021-11-25T14:48:54.037Z	1000	261
2021-11-25T14:49:14.039Z	1000	263
2021-11-25T14:49:34.052Z	1000	264
2021-11-25T14:49:54.055Z	1000	264
2021-11-25T14:50:14.055Z	1000	266
2021-11-25T14:50:34.055Z	1000	266
2021-11-25T14:50:54.055Z	1000	266
2021-11-25T14:51:14.055Z	1000	267
2021-11-25T14:51:34.055Z	1000	267
2021-11-25T14:51:54.058Z	1000	268
2021-11-25T14:52:14.073Z	1000	268
2021-11-25T14:52:34.080Z	1000	269
2021-11-25T14:52:54.084Z	1000	270
2021-11-25T14:53:14.094Z	1000	270
2021-11-25T14:53:34.098Z	1000	270
2021-11-25T14:53:54.108Z	1000	270
2021-11-25T14:54:14.122Z	1000	271
2021-11-25T14:54:34.135Z	1000	271
2021-11-25T14:54:54.135Z	1000	271
2021-11-25T14:55:14.141Z	1000	271
2021-11-25T14:55:34.151Z	1000	271
2021-11-25T14:55:54.152Z	1000	270
2021-11-25T14:56:14.162Z	1000	270
2021-11-25T14:56:34.168Z	1000	270
2021-11-25T14:56:54.181Z	1000	270
2021-11-25T14:57:14.194Z	1000	270
2021-11-25T14:57:34.195Z	1000	270
2021-11-25T14:57:54.209Z	1000	270
2021-11-25T14:58:14.218Z	1000	270
2021-11-25T14:58:34.228Z	1000	269
2021-11-25T14:58:54.240Z	1000	269
2021-11-25T16:49:00.563Z	1000	269
2021-11-25T16:49:20.570Z	1000	269
2021-11-25T16:49:40.582Z	-5	-5
