time	1-SP	1-T	2-SP	2-T
2021-05-18T07:05:53.054Z	607	610	554	556
2021-05-18T07:06:13.054Z	662	660	583	581
2021-05-18T07:06:33.055Z	715	712	608	609
2021-05-18T07:06:53.066Z	760	762	636	637
2021-05-18T07:07:13.069Z	807	809	663	662
2021-05-18T07:07:33.082Z	850	848	690	688
2021-05-18T07:07:53.095Z	885	887	713	714
2021-05-18T07:08:13.102Z	919	920	739	740
2021-05-18T07:08:33.117Z	947	946	763	762
2021-05-18T07:08:53.117Z	970	969	785	786
2021-05-18T07:09:13.130Z	985	986	808	809
2021-05-18T07:09:33.132Z	996	996	830	829
2021-05-18T07:09:53.133Z	1000	1000	851	850
2021-05-18T07:10:13.149Z	998	998	869	870
2021-05-18T07:10:33.163Z	990	989	888	888
2021-05-18T07:10:53.177Z	975	976	905	904
2021-05-18T07:11:13.179Z	955	956	920	920
2021-05-18T07:11:33.184Z	931	929	934	935
2021-05-18T07:11:53.197Z	899	897	948	947
2021-05-18T07:12:13.197Z	862	864	960	959
2021-05-18T07:12:33.206Z	820	822	969	970
2021-05-18T07:12:53.211Z	779	777	978	979
2021-05-18T07:13:13.224Z	730	732	986	986
2021-05-18T07:13:33.235Z	678	680	992	992
2021-05-18T07:13:53.240Z	628	626	996	996
2021-05-18T07:14:13.242Z	572	570	999	999
2021-05-18T07:14:33.255Z	516	518	1000	1000
2021-05-18T07:14:53.256Z	459	461	1000	1000
2021-05-18T07:15:13.271Z	407	405	998	998
2021-05-18T07:15:33.273Z	352	354	994	994
2021-05-18T07:15:53.285Z	299	301	990	989
2021-05-18T07:16:13.288Z	252	250	983	983
2021-05-18T07:16:33.301Z	204	202	975	975
2021-05-18T07:16:53.304Z	160	162	965	966
2021-05-18T07:17:13.315Z	124	122	955	955
2021-05-18T07:17:33.318Z	89	88	943	942
2021-05-18T07:17:53.333Z	59	60	929	929
2021-05-18T07:18:13.334Z	35	36	915	914
2021-05-18T07:18:33.338Z	19	18	898	897
2021-05-18T07:18:53.340Z	6	7	880	881
2021-05-18T07:19:13.353Z	1	1	861	862
2021-05-18T07:19:33.358Z	1	1	843	842
2021-05-18T07:19:53.363Z	7	8	822	821
2021-05-18T07:20:13.373Z	20	20	799	800
2021-05-18T07:20:33.385Z	39	38	776	777
2021-05-18T07:20:53.392Z	64	63	754	753
2021-05-18T07:21:13.400Z	92	93	729	728
2021-05-18T07:21:33.403Z	127	129	704	705
2021-05-18T07:21:53.410Z	167	165	678	679
2021-05-18T07:22:13.420Z	212	210	653	652
2021-05-18T07:22:33.429Z	255	257	626	625
2021-05-18T07:22:53.432Z	306	309	598	600
2021-05-18T07:23:13.432Z	360	358	570	571
2021-05-18T07:23:33.447Z	411	414	544	543
2021-05-18T07:23:53.459Z	467	470	516	515
2021-05-18T07:24:13.462Z	524	522	487	489
2021-05-18T07:24:33.477Z	581	578	459	460
2021-05-18T07:24:53.485Z	631	634	433	432
2021-05-18T07:25:13.490Z	685	688	405	404
2021-05-18T07:25:33.504Z	737	735	377	379
2021-05-18T07:25:53.517Z	785	783	352	351
2021-05-18T07:26:13.527Z	826	828	325	324
2021-05-18T07:26:33.535Z	867	869	299	300
2021-05-18T07:26:53.537Z	904	902	273	274
2021-05-18T07:27:13.550Z	932	933	250	249
2021-05-18T07:27:33.558Z	958	959	226	225
2021-05-18T07:27:53.567Z	978	977	203	204
2021-05-18T07:28:13.577Z	991	991	182	181
2021-05-18T07:28:33.581Z	998	999	161	160
2021-05-18T07:28:53.595Z	1000	1000	140	141
2021-05-18T07:29:13.600Z	995	995	121	122
2021-05-18T07:29:33.614Z	983	984	105	104
2021-05-18T07:29:53.619Z	967	966	88	87
2021-05-18T07:30:13.624Z	944	945	72	73
2021-05-18T07:30:33.631Z	915	916	60	59
2021-05-18T07:30:53.645Z	884	882	47	46
2021-05-18T07:31:13.652Z	845	843	36	35
2021-05-18T07:31:33.658Z	802	804	26	26
2021-05-18T07:31:53.662Z	755	757	18	18
2021-05-18T07:32:13.666Z	704	707	11	11
2021-05-18T07:32:33.670Z	656	654	6	6
2021-05-18T07:32:53.672Z	601	599	3	3
2021-05-18T07:33:13.686Z	545	548	0	1
2021-05-18T07:33:33.695Z	489	491	0	0
2021-05-18T07:33:53.697Z	437	435	1	1
2021-05-18T07:34:13.709Z	381	379	4	3
2021-05-18T07:34:33.718Z	327	329	8	8
2021-05-18T07:34:53.724Z	275	277	13	13
2021-05-18T07:35:13.734Z	230	228	20	21
2021-05-18T07:35:33.749Z	184	182	29	29
2021-05-18T07:35:53.753Z	142	144	39	39
2021-05-18T07:36:13.755Z	105	106	50	51
2021-05-18T07:36:33.768Z	75	74	63	64
2021-05-18T07:36:53.770Z	48	47	78	77
2021-05-18T07:37:13.770Z	27	27	94	93
2021-05-18T07:37:33.782Z	11	12	109	110
2021-05-18T07:37:53.790Z	3	3	128	129
2021-05-18T07:38:13.799Z	0	0	147	146
2021-05-18T07:38:33.800Z	3	3	168	167
2021-05-18T07:38:53.804Z	13	13	188	189
2021-05-18T07:39:13.809Z	28	28	210	211
2021-05-18T07:39:33.814Z	49	50	234	233
2021-05-18T07:39:53.827Z	77	75	259	257
2021-05-18T07:40:13.832Z	110	108	282	283
2021-05-18T07:40:33.833Z	144	146	307	309
2021-05-18T07:40:53.846Z	186	188	334	333
2021-05-18T07:41:13.852Z	232	230	361	360
2021-05-18T07:41:33.867Z	282	280	386	387
2021-05-18T07:41:53.871Z	330	332	414	415
2021-05-18T07:42:13.872Z	384	387	442	441
2021-05-18T07:42:33.887Z	440	438	471	469
2021-05-18T07:42:53.888Z	497	495	496	498
2021-05-18T07:43:33.913Z	605	603	553	552
2021-05-18T07:43:53.929Z	660	658	582	580
2021-05-18T07:44:13.935Z	708	710	607	608
2021-05-18T07:44:33.949Z	758	761	635	636
2021-05-18T07:44:53.957Z	805	803	662	660
2021-05-18T07:45:13.962Z	848	846	688	687
2021-05-18T07:45:33.973Z	887	885	712	713
2021-05-18T07:45:53.982Z	917	919	737	738
2021-05-18T07:46:13.990Z	946	947	762	761
2021-05-18T07:46:33.998Z	968	968	785	784
2021-05-18T07:46:54.000Z	985	985	808	807
2021-05-18T07:47:14.011Z	995	995	828	829
2021-05-18T07:47:34.016Z	1000	1000	849	848
2021-05-18T07:47:54.016Z	998	998	869	868
2021-05-18T07:48:14.024Z	990	990	887	887
2021-05-18T07:48:34.032Z	977	976	903	904
2021-05-18T07:48:54.037Z	957	956	919	920
2021-05-18T07:49:14.047Z	931	932	934	934
2021-05-18T07:49:34.062Z	900	901	948	947
2021-05-18T07:49:54.063Z	863	865	958	959
2021-05-18T07:50:14.073Z	826	824	969	969
2021-05-18T07:50:34.080Z	781	779	978	978
2021-05-18T07:50:54.083Z	732	735	986	985
2021-05-18T07:51:14.083Z	681	683	991	991
2021-05-18T07:51:34.094Z	632	629	996	996
2021-05-18T07:51:54.100Z	576	574	999	999
2021-05-18T07:52:14.112Z	520	522	1000	1000
2021-05-18T07:52:34.116Z	463	466	1000	1000
2021-05-18T07:52:54.130Z	412	409	998	998
2021-05-18T07:53:14.135Z	357	354	995	994
2021-05-18T07:53:34.140Z	303	301	990	990
2021-05-18T07:53:54.154Z	252	255	983	984
2021-05-18T07:54:14.168Z	205	207	976	976
2021-05-18T07:54:34.176Z	165	163	966	966
2021-05-18T07:54:54.182Z	125	123	956	956
2021-05-18T07:55:14.193Z	90	91	943	944
2021-05-18T07:55:34.195Z	60	61	929	930
2021-05-18T07:55:54.206Z	38	37	915	915
2021-05-18T07:56:14.220Z	19	19	899	898
2021-05-18T07:56:34.234Z	7	6	881	882
2021-05-18T07:56:54.240Z	1	1	862	863
2021-05-18T07:57:14.246Z	1	1	844	843
2021-05-18T07:57:34.260Z	7	7	823	822
2021-05-18T07:57:54.262Z	19	20	801	802
2021-05-18T07:58:14.266Z	38	37	778	779
2021-05-18T07:58:34.271Z	63	61	756	755
2021-05-18T07:58:54.273Z	90	91	731	730
2021-05-18T07:59:14.282Z	125	127	705	706
2021-05-18T07:59:34.297Z	165	163	679	680
2021-05-18T07:59:54.308Z	210	208	655	653
2021-05-18T08:00:14.310Z	253	255	627	626
2021-05-18T08:00:34.319Z	304	302	599	601
2021-05-18T08:00:54.334Z	358	355	571	573
2021-05-18T08:01:14.344Z	408	411	546	544
2021-05-18T08:01:34.357Z	464	467	517	516
2021-05-18T08:01:54.368Z	521	519	489	490
2021-05-18T08:02:14.377Z	578	575	460	462
2021-05-18T08:02:34.389Z	629	631	435	433
2021-05-18T08:02:54.404Z	683	685	407	408
2021-05-18T08:03:14.408Z	734	732	379	380
2021-05-18T08:03:34.413Z	783	781	351	353
2021-05-18T08:03:54.422Z	824	826	327	326
2021-05-18T08:04:14.434Z	865	867	301	300
2021-05-18T08:04:34.447Z	901	900	275	276
2021-05-18T08:04:54.447Z	933	931	250	251
2021-05-18T08:05:14.461Z	956	957	228	227
2021-05-18T08:05:34.462Z	976	977	205	203
2021-05-18T08:05:54.470Z	991	990	182	183
2021-05-18T08:06:14.479Z	998	998	161	162
2021-05-18T08:06:34.485Z	1000	1000	142	141
2021-05-18T08:06:54.491Z	995	995	123	122
2021-05-18T08:07:14.505Z	985	984	105	106
2021-05-18T08:07:34.519Z	968	968	88	89
2021-05-18T08:07:54.532Z	944	946	73	74
2021-05-18T08:08:14.533Z	919	917	60	59
2021-05-18T08:08:34.533Z	885	883	47	47
2021-05-18T08:08:54.539Z	847	845	36	37
2021-05-18T08:09:14.554Z	804	806	26	27
2021-05-18T08:09:34.561Z	756	759	19	18
2021-05-18T08:09:54.575Z	711	708	12	11
2021-05-18T08:10:14.579Z	658	655	6	7
2021-05-18T08:10:34.584Z	603	605	3	3
2021-05-18T08:10:54.599Z	547	549	1	1
2021-05-18T08:11:14.605Z	495	492	0	0
2021-05-18T08:11:34.616Z	438	436	1	1
2021-05-18T08:11:54.618Z	382	385	4	3
2021-05-18T08:12:14.634Z	332	330	7	8
2021-05-18T08:12:34.646Z	280	278	13	13
2021-05-18T08:12:54.660Z	230	233	20	20
2021-05-18T08:13:14.663Z	184	186	29	29
2021-05-18T08:13:34.668Z	146	144	38	39
2021-05-18T08:13:54.670Z	108	106	50	49
2021-05-18T08:14:14.685Z	75	77	63	63
2021-05-18T08:14:34.689Z	48	49	76	77
2021-05-18T08:14:54.695Z	28	27	92	93
2021-05-18T08:15:14.708Z	13	12	109	109
2021-05-18T08:15:34.716Z	3	3	128	127
2021-05-18T08:15:54.722Z	0	0	145	146
2021-05-18T08:16:14.722Z	3	3	166	167
2021-05-18T08:16:34.735Z	12	13	188	187
2021-05-18T08:16:54.748Z	28	27	211	209
2021-05-18T08:17:14.754Z	49	48	232	233
2021-05-18T08:17:34.766Z	74	75	256	257
2021-05-18T08:17:54.771Z	106	108	282	280
2021-05-18T08:18:14.780Z	144	142	307	306
2021-05-18T08:18:34.784Z	186	184	331	333
2021-05-18T08:18:54.785Z	228	230	358	360
2021-05-18T08:19:14.786Z	277	279	386	385
2021-05-18T08:19:34.795Z	330	327	414	413
2021-05-18T08:19:54.799Z	384	382	440	441
2021-05-18T08:20:14.806Z	435	438	468	469
2021-05-18T08:20:34.810Z	492	490	497	495
2021-05-18T08:20:54.812Z	549	547	523	524
2021-05-18T08:21:14.812Z	601	603	551	552
2021-05-18T08:21:34.824Z	656	658	579	578
2021-05-18T08:21:54.838Z	709	707	607	606
2021-05-18T08:22:14.841Z	755	757	633	634
2021-05-18T08:22:34.847Z	802	804	660	661
2021-05-18T08:22:54.847Z	846	844	687	685
2021-05-18T08:23:14.849Z	884	883	710	712
2021-05-18T08:23:34.858Z	916	917	736	737
2021-05-18T08:23:54.861Z	944	946	761	760
2021-05-18T08:24:14.865Z	968	967	785	784
2021-05-18T08:24:34.877Z	984	984	806	807
2021-05-18T08:24:54.891Z	995	995	828	827
2021-05-18T08:25:14.906Z	1000	1000	849	848
2021-05-18T08:25:34.912Z	998	998	867	868
2021-05-18T08:25:54.913Z	991	991	886	886
2021-05-18T08:26:14.926Z	977	978	903	902
2021-05-18T08:26:34.938Z	957	958	918	919
2021-05-18T08:26:54.948Z	934	932	933	934
2021-05-18T08:27:14.953Z	902	901	946	946
2021-05-18T08:27:34.957Z	866	868	959	958
2021-05-18T08:27:54.959Z	829	827	968	969
2021-05-18T08:28:14.972Z	784	781	978	977
2021-05-18T08:28:34.973Z	735	737	985	985
2021-05-18T08:28:54.977Z	683	685	991	991
2021-05-18T08:29:14.989Z	634	631	995	996
2021-05-18T08:29:34.998Z	578	581	999	998
2021-05-18T08:29:55.005Z	521	524	1000	1000
2021-05-18T08:30:15.011Z	469	467	1000	1000
2021-05-18T08:30:35.018Z	413	410	998	998
2021-05-18T08:30:55.031Z	357	360	995	995
2021-05-18T08:31:15.046Z	303	306	990	990
2021-05-18T08:31:35.054Z	257	255	984	984
2021-05-18T08:31:55.065Z	209	211	976	976
2021-05-18T08:32:15.069Z	164	166	966	967
2021-05-18T08:32:35.079Z	128	126	956	956
2021-05-18T08:32:55.084Z	92	91	944	945
2021-05-18T08:33:15.093Z	62	63	930	931
2021-05-18T08:33:35.095Z	37	38	916	916
2021-05-18T08:33:55.098Z	20	20	900	899
2021-05-18T08:34:15.112Z	7	7	882	883
2021-05-18T08:34:35.125Z	1	1	863	864
2021-05-18T08:34:55.128Z	1	1	845	844
2021-05-18T08:35:15.136Z	6	7	824	823
2021-05-18T08:35:35.151Z	19	18	802	803
2021-05-18T08:35:55.163Z	37	36	778	780
2021-05-18T08:36:15.173Z	59	60	757	756
2021-05-18T08:36:35.174Z	89	90	732	731
2021-05-18T08:36:55.180Z	124	122	706	707
2021-05-18T08:37:15.186Z	163	162	680	681
2021-05-18T08:37:35.192Z	204	206	656	654
2021-05-18T08:37:55.199Z	251	254	628	630
2021-05-18T08:38:15.213Z	302	300	601	602
2021-05-18T08:38:35.217Z	356	353	575	574
2021-05-18T08:38:55.232Z	406	409	547	545
2021-05-18T08:39:15.233Z	463	465	518	520
2021-05-18T08:39:35.236Z	520	517	490	491
2021-05-18T08:39:55.251Z	571	574	464	463
2021-05-18T08:40:15.254Z	627	629	436	434
2021-05-18T08:40:35.257Z	681	679	407	409
2021-05-18T08:40:55.271Z	733	731	382	381
2021-05-18T08:41:15.278Z	777	780	355	353
2021-05-18T08:41:35.282Z	823	825	328	329
2021-05-18T08:41:55.297Z	864	862	301	302
2021-05-18T08:42:15.298Z	901	899	278	277
2021-05-18T08:42:35.310Z	930	931	253	251
2021-05-18T08:42:55.315Z	956	957	228	229
2021-05-18T08:43:15.319Z	976	975	205	206
2021-05-18T08:43:35.324Z	990	990	184	183
2021-05-18T08:43:55.328Z	998	998	163	162
2021-05-18T08:44:15.336Z	1000	1000	142	143
2021-05-18T08:44:35.345Z	995	996	123	124
2021-05-18T08:44:55.351Z	986	985	106	106
2021-05-18T08:45:15.363Z	969	968	90	90
2021-05-18T08:45:35.364Z	946	947	74	75
2021-05-18T08:45:55.376Z	918	919	61	60
2021-05-18T08:46:15.391Z	887	886	48	47
2021-05-18T08:46:35.396Z	849	847	37	37
2021-05-18T08:46:55.402Z	806	808	27	27
2021-05-18T08:47:15.416Z	759	761	19	19
2021-05-18T08:47:35.426Z	713	711	12	12
2021-05-18T08:47:55.429Z	660	663	7	7
2021-05-18T08:48:15.433Z	605	608	3	3
2021-05-18T08:48:35.434Z	554	552	1	1
2021-05-18T08:48:55.448Z	497	495	0	0
2021-05-18T08:49:15.456Z	440	443	1	1
2021-05-18T08:49:35.461Z	384	387	3	3
2021-05-18T08:49:55.470Z	335	332	7	7
2021-05-18T08:50:15.484Z	282	280	13	12
2021-05-18T08:50:35.487Z	232	235	20	20
2021-05-18T08:50:55.490Z	186	188	28	28
2021-05-18T08:51:15.492Z	148	146	38	38
2021-05-18T08:51:35.508Z	110	111	50	49
2021-05-18T08:51:55.515Z	76	78	63	62
2021-05-18T08:52:15.527Z	51	50	76	76
2021-05-18T08:52:35.532Z	29	28	92	92
2021-05-18T08:52:55.534Z	13	14	109	108
2021-05-18T08:53:15.542Z	3	4	125	126
2021-05-18T08:53:35.542Z	0	0	145	146
2021-05-18T08:53:55.544Z	3	3	165	164
2021-05-18T08:54:15.551Z	12	11	187	186
2021-05-18T08:54:35.564Z	27	26	208	209
2021-05-18T08:54:55.575Z	46	47	231	232
2021-05-18T08:55:15.580Z	73	74	255	256
2021-05-18T08:55:35.594Z	105	106	280	279
2021-05-18T08:55:55.602Z	141	140	306	305
2021-05-18T08:56:15.611Z	183	181	332	331
2021-05-18T08:56:35.620Z	229	227	357	358
2021-05-18T08:56:55.629Z	274	276	384	385
2021-05-18T08:57:15.631Z	325	328	412	410
2021-05-18T08:57:35.637Z	380	377	440	439
2021-05-18T08:57:55.638Z	435	432	468	467
2021-05-18T08:58:15.649Z	491	489	494	495
2021-05-18T08:58:35.653Z	543	545	522	523
2021-05-18T08:58:55.664Z	599	601	550	549
2021-05-18T08:59:15.666Z	654	651	578	577
2021-05-18T08:59:35.669Z	706	704	604	605
2021-05-18T08:59:55.680Z	752	754	631	632
2021-05-18T09:00:15.693Z	799	801	658	659
2021-05-18T09:00:35.696Z	843	844	685	683
2021-05-18T09:00:55.705Z	882	880	711	710
2021-05-18T09:01:15.709Z	916	914	734	735
2021-05-18T09:01:35.711Z	942	943	758	760
2021-05-18T09:01:55.723Z	966	967	782	783
2021-05-18T09:02:15.730Z	983	983	805	804
2021-05-18T09:02:35.733Z	995	994	827	826
2021-05-18T09:02:55.739Z	1000	1000	846	847
2021-05-18T09:03:15.742Z	999	999	866	867
2021-05-18T09:03:35.756Z	992	991	885	884
2021-05-18T09:03:55.765Z	978	979	902	902
2021-05-18T09:04:15.781Z	958	959	917	918
2021-05-18T09:04:35.789Z	935	934	932	933
2021-05-18T09:04:55.789Z	905	903	946	946
2021-05-18T09:05:15.790Z	869	867	958	957
2021-05-18T09:05:35.796Z	828	830	968	968
2021-05-18T09:05:55.797Z	784	786	977	977
2021-05-18T09:06:15.798Z	740	737	985	985
2021-05-18T09:06:35.810Z	688	686	991	991
2021-05-18T09:06:55.815Z	635	637	995	995
2021-05-18T09:07:15.820Z	579	582	998	998
2021-05-18T09:07:35.834Z	528	526	1000	1000
2021-05-18T09:07:55.842Z	472	469	1000	1000
2021-05-18T09:08:15.857Z	416	413	998	998
2021-05-18T09:08:35.869Z	360	363	995	995
2021-05-18T09:08:55.879Z	307	309	990	990
2021-05-18T09:09:15.889Z	256	259	984	984
2021-05-18T09:09:35.904Z	213	211	977	976
2021-05-18T09:09:55.916Z	168	166	967	968
2021-05-18T09:10:15.923Z	128	130	956	957
2021-05-18T09:10:35.926Z	93	94	945	945
2021-05-18T09:10:55.937Z	65	64	932	931
2021-05-18T09:11:15.938Z	40	39	917	916
2021-05-18T09:11:35.944Z	21	21	900	901
2021-05-18T09:11:55.957Z	8	8	883	884
2021-05-18T09:12:15.962Z	1	1	866	865
2021-05-18T09:12:35.973Z	0	1	845	846
2021-05-18T09:12:55.976Z	6	6	824	825
2021-05-18T09:13:15.980Z	18	18	804	803
2021-05-18T09:13:35.981Z	35	35	781	780
2021-05-18T09:13:55.984Z	58	59	757	756
2021-05-18T09:14:15.985Z	88	86	733	734
2021-05-18T09:14:35.999Z	122	121	707	708
2021-05-18T09:14:56.007Z	162	160	684	682
2021-05-18T09:15:16.007Z	201	203	657	656
2021-05-18T09:15:36.023Z	248	251	630	629
2021-05-18T09:15:56.039Z	299	301	603	604
2021-05-18T09:16:16.052Z	352	349	575	576
2021-05-18T09:16:36.067Z	407	404	549	548
2021-05-18T09:16:56.079Z	458	461	521	519
2021-05-18T09:17:16.079Z	515	518	492	493
2021-05-18T09:17:36.088Z	572	569	464	465
2021-05-18T09:17:56.094Z	627	625	438	437
2021-05-18T09:18:16.105Z	677	679	410	409
2021-05-18T09:18:36.117Z	729	726	382	383
2021-05-18T09:18:56.131Z	778	776	354	356
2021-05-18T09:19:16.132Z	819	821	330	329
2021-05-18T09:19:36.135Z	861	863	303	305
2021-05-18T09:19:56.135Z	898	896	278	279
2021-05-18T09:20:16.141Z	929	928	253	254
2021-05-18T09:20:36.155Z	956	955	231	229
2021-05-18T09:20:56.165Z	974	975	207	206
2021-05-18T09:21:16.179Z	989	990	185	186
2021-05-18T09:21:36.181Z	998	998	163	164
2021-05-18T09:21:56.189Z	1000	1000	145	144
2021-05-18T09:22:16.195Z	996	996	125	124
2021-05-18T09:22:36.208Z	986	986	107	106
2021-05-18T09:22:56.212Z	970	969	90	91
2021-05-18T09:23:16.218Z	948	949	75	75
2021-05-18T09:23:36.221Z	919	921	62	61
2021-05-18T09:23:56.232Z	889	887	49	48
2021-05-18T09:24:16.235Z	851	849	37	38
2021-05-18T09:24:36.246Z	809	811	27	28
2021-05-18T09:24:56.249Z	763	765	19	19
2021-05-18T09:25:16.258Z	713	715	12	12
2021-05-18T09:25:36.264Z	665	663	7	7
2021-05-18T09:25:56.267Z	611	608	3	3
2021-05-18T09:26:16.278Z	555	553	1	1
2021-05-18T09:26:36.292Z	499	501	0	0
2021-05-18T09:26:56.305Z	442	445	1	1
2021-05-18T09:27:16.319Z	391	389	3	3
2021-05-18T09:27:36.323Z	337	334	7	7
2021-05-18T09:27:56.328Z	284	287	12	12
2021-05-18T09:28:16.334Z	235	237	20	19
2021-05-18T09:28:36.345Z	189	191	27	28
2021-05-18T09:28:56.351Z	150	148	37	38
2021-05-18T09:29:16.355Z	112	110	49	48
2021-05-18T09:29:36.368Z	79	80	62	61
2021-05-18T09:29:56.383Z	51	52	76	75
2021-05-18T09:30:16.389Z	29	30	90	91
2021-05-18T09:30:36.396Z	14	14	107	108
2021-05-18T09:30:56.406Z	4	4	125	124
2021-05-18T09:31:16.415Z	0	0	144	144
2021-05-18T09:31:36.420Z	3	2	165	164
2021-05-18T09:31:56.434Z	11	11	184	185
2021-05-18T09:32:16.447Z	25	26	207	208
2021-05-18T09:32:36.452Z	46	47	230	229
2021-05-18T09:32:56.466Z	72	71	255	254
2021-05-18T09:33:16.466Z	104	102	277	279
2021-05-18T09:33:36.468Z	138	139	303	304
2021-05-18T09:33:56.471Z	179	181	330	331
2021-05-18T09:34:16.482Z	224	226	356	355
2021-05-18T09:34:36.488Z	273	271	384	382
2021-05-18T09:34:56.497Z	325	322	411	410
2021-05-18T09:35:16.497Z	374	376	437	438
2021-05-18T09:35:36.511Z	429	432	465	466
2021-05-18T09:35:56.522Z	486	488	493	492
2021-05-18T09:36:16.524Z	542	540	522	520
2021-05-18T09:36:36.532Z	598	596	547	549
2021-05-18T09:36:56.540Z	648	651	575	577
2021-05-18T09:37:16.554Z	701	704	603	605
2021-05-18T09:37:36.563Z	752	754	631	630
2021-05-18T09:37:56.564Z	799	797	658	657
2021-05-18T09:38:16.571Z	842	840	682	683
2021-05-18T09:38:36.582Z	878	880	708	709
2021-05-18T09:38:56.586Z	912	914	733	735
2021-05-18T09:39:16.590Z	942	941	758	757
2021-05-18T09:39:36.596Z	965	965	782	781
2021-05-18T09:39:56.606Z	983	982	803	804
2021-05-18T09:40:16.615Z	994	994	825	826
2021-05-18T09:40:36.624Z	1000	1000	846	845
2021-05-18T09:40:56.639Z	999	999	866	865
2021-05-18T09:41:16.641Z	992	992	883	884
2021-05-18T09:41:36.653Z	980	979	901	901
2021-05-18T09:41:56.663Z	961	960	917	918
2021-05-18T09:42:16.672Z	936	934	932	931
2021-05-18T09:42:36.684Z	905	907	945	945
2021-05-18T09:42:56.694Z	870	871	956	957
2021-05-18T09:43:16.703Z	833	831	967	968
2021-05-18T09:43:36.710Z	789	787	977	977
2021-05-18T09:43:56.724Z	741	739	984	984
2021-05-18T09:44:16.733Z	690	692	991	990
2021-05-18T09:44:36.748Z	636	639	995	995
2021-05-18T09:44:56.763Z	586	584	998	998
2021-05-18T09:45:16.773Z	530	528	1000	1000
2021-05-18T09:45:36.788Z	474	471	1000	1000
2021-05-18T09:45:56.802Z	417	420	998	998
2021-05-18T09:46:16.816Z	362	364	995	995
2021-05-18T09:46:36.821Z	313	311	991	991
2021-05-18T09:46:56.832Z	262	260	985	984
2021-05-18T09:47:16.834Z	214	212	977	977
2021-05-18T09:47:36.848Z	170	171	968	968
2021-05-18T09:47:56.851Z	129	131	958	957
2021-05-18T09:48:16.862Z	96	95	946	945
2021-05-18T09:48:36.869Z	66	65	932	932
2021-05-18T09:48:56.878Z	41	40	917	918
2021-05-18T09:49:16.886Z	21	22	901	902
2021-05-18T09:49:36.898Z	8	8	885	884
2021-05-18T09:49:56.910Z	1	1	866	866
2021-05-18T09:50:16.925Z	0	0	847	846
2021-05-18T09:50:36.933Z	6	5	826	827
2021-05-18T09:50:56.937Z	17	17	803	805
2021-05-18T09:51:16.942Z	33	34	783	782
2021-05-18T09:51:36.952Z	57	58	759	758
2021-05-18T09:51:56.962Z	86	87	734	735
2021-05-18T09:52:16.976Z	120	119	709	710
2021-05-18T09:52:36.991Z	159	157	685	684
2021-05-18T09:52:57.005Z	203	200	659	657
2021-05-18T09:53:17.008Z	245	248	632	630
2021-05-18T09:53:37.014Z	295	298	604	605
2021-05-18T09:53:57.028Z	348	350	576	578
2021-05-18T09:54:17.040Z	403	400	548	550
2021-05-18T09:54:37.041Z	459	456	523	521
2021-05-18T09:54:57.051Z	511	513	494	493
2021-05-18T09:55:17.057Z	567	570	466	467
2021-05-18T09:55:37.070Z	623	620	438	439
2021-05-18T09:55:57.085Z	677	674	410	411
2021-05-18T09:56:17.088Z	724	726	384	383
2021-05-18T09:56:37.097Z	773	775	357	356
2021-05-18T09:56:57.107Z	819	821	330	332
2021-05-18T09:57:17.117Z	860	858	304	305
2021-05-18T09:57:37.129Z	897	895	278	279
2021-05-18T09:57:57.132Z	929	927	256	254
2021-05-18T09:58:17.141Z	953	954	231	230
2021-05-18T09:58:37.150Z	974	975	208	207
2021-05-18T09:58:57.158Z	989	988	185	186
2021-05-18T09:59:17.162Z	998	997	164	165
2021-05-18T09:59:37.172Z	1000	1000	145	145
2021-05-18T09:59:57.187Z	997	996	126	125
2021-05-18T10:00:17.197Z	987	986	108	107
2021-05-18T10:00:37.204Z	971	970	91	92
2021-05-18T10:00:57.212Z	949	950	75	76
2021-05-18T10:01:17.218Z	921	923	61	62
2021-05-18T10:01:37.226Z	888	890	50	49
2021-05-18T10:01:57.235Z	854	852	38	38
2021-05-18T10:02:17.246Z	812	810	28	28
2021-05-18T10:02:37.255Z	766	764	19	20
2021-05-18T10:02:57.260Z	717	719	12	13
2021-05-18T10:03:17.270Z	664	667	7	7
2021-05-18T10:03:37.277Z	610	613	3	3
2021-05-18T10:03:57.286Z	560	557	1	1
2021-05-18T10:04:17.292Z	503	500	0	0
2021-05-18T10:04:37.294Z	446	449	1	1
2021-05-18T10:04:57.304Z	390	392	3	3
2021-05-18T10:05:17.307Z	340	337	7	7
2021-05-18T10:05:37.321Z	287	289	12	12
2021-05-18T10:05:57.322Z	237	239	19	19
2021-05-18T10:06:17.327Z	191	193	27	27
2021-05-18T10:06:37.340Z	152	150	37	37
2021-05-18T10:06:57.344Z	114	112	48	49
2021-05-18T10:07:17.346Z	81	79	61	60
2021-05-18T10:07:37.350Z	52	54	75	74
2021-05-18T10:07:57.364Z	30	31	89	90
2021-05-18T10:08:17.367Z	15	14	106	107
2021-05-18T10:08:37.381Z	4	4	124	123
2021-05-18T10:08:57.385Z	0	0	144	143
2021-05-18T10:09:17.393Z	2	2	162	163
2021-05-18T10:09:37.401Z	10	10	184	185
2021-05-18T10:09:57.414Z	24	25	206	207
2021-05-18T10:10:17.429Z	45	44	230	229
2021-05-18T10:10:37.440Z	71	70	252	253
2021-05-18T10:10:57.444Z	100	102	277	278
2021-05-18T10:11:17.446Z	137	139	303	301
2021-05-18T10:11:37.453Z	178	176	329	328
2021-05-18T10:11:57.468Z	224	222	354	355
2021-05-18T10:12:17.476Z	268	270	381	382
2021-05-18T10:12:37.486Z	320	322	409	408
2021-05-18T10:12:57.498Z	374	372	437	436
2021-05-18T10:13:17.511Z	430	427	463	464
2021-05-18T10:13:37.525Z	481	484	491	492
2021-05-18T10:13:57.529Z	538	540	519	521
2021-05-18T10:14:17.538Z	594	591	548	546
2021-05-18T10:14:37.550Z	649	647	576	574
2021-05-18T10:14:57.555Z	697	700	601	602
2021-05-18T10:15:17.566Z	748	751	629	630
2021-05-18T10:15:37.576Z	796	798	656	655
2021-05-18T10:15:57.576Z	840	838	683	682
2021-05-18T10:16:17.583Z	876	878	707	708
2021-05-18T10:16:37.598Z	911	913	732	734
2021-05-18T10:16:57.602Z	941	940	757	756
2021-05-18T10:17:17.607Z	965	964	779	780
2021-05-18T10:17:37.612Z	982	982	802	803
2021-05-18T10:17:57.617Z	993	994	824	825
2021-05-18T10:18:17.621Z	999	1000	845	844
2021-05-18T10:18:37.631Z	999	999	865	864
2021-05-18T10:18:57.633Z	992	993	884	883
2021-05-18T10:19:17.633Z	979	980	900	900
2021-05-18T10:19:37.646Z	962	961	916	917
2021-05-18T10:19:57.661Z	938	936	931	932
2021-05-18T10:20:17.662Z	907	906	945	944
2021-05-18T10:20:37.667Z	872	874	957	956
2021-05-18T10:20:57.679Z	832	834	967	967
2021-05-18T10:21:17.687Z	791	789	976	977
2021-05-18T10:21:37.697Z	743	741	984	984
2021-05-18T10:21:57.697Z	692	694	990	990
2021-05-18T10:22:17.697Z	638	641	995	995
2021-05-18T10:22:37.710Z	588	585	998	998
2021-05-18T10:22:57.717Z	531	534	1000	1000
2021-05-18T10:23:17.721Z	475	478	1000	1000
2021-05-18T10:23:37.722Z	419	422	998	998
2021-05-18T10:23:57.724Z	364	366	996	995
2021-05-18T10:24:17.727Z	315	313	991	991
2021-05-18T10:24:37.738Z	264	262	985	985
2021-05-18T10:24:57.752Z	216	214	977	978
2021-05-18T10:25:17.752Z	171	173	968	968
2021-05-18T10:25:37.764Z	131	133	958	958
2021-05-18T10:25:57.772Z	96	97	946	946
2021-05-18T10:26:17.775Z	67	66	933	932
2021-05-18T10:26:37.788Z	42	41	918	918
2021-05-18T10:26:57.804Z	22	22	902	903
2021-05-18T10:27:17.817Z	9	9	885	886
2021-05-18T10:27:37.829Z	1	2	866	867
2021-05-18T10:27:57.835Z	0	0	848	847
2021-05-18T10:28:17.841Z	5	5	828	827
2021-05-18T10:28:37.844Z	16	17	806	805
2021-05-18T10:28:57.849Z	33	34	783	784
2021-05-18T10:29:17.858Z	56	55	759	760
2021-05-18T10:29:37.869Z	85	84	735	736
2021-05-18T10:29:57.877Z	119	117	712	711
2021-05-18T10:30:17.882Z	154	156	686	685
2021-05-18T10:30:37.896Z	197	199	660	658
2021-05-18T10:30:57.904Z	244	246	633	631
2021-05-18T10:31:17.914Z	294	292	605	606
2021-05-18T10:31:37.916Z	347	345	580	578
2021-05-18T10:31:57.920Z	397	400	551	550
2021-05-18T10:32:17.931Z	454	456	523	524
2021-05-18T10:32:37.944Z	511	508	494	496
2021-05-18T10:32:57.959Z	567	565	468	467
2021-05-18T10:33:17.964Z	618	621	440	439
2021-05-18T10:33:37.971Z	673	670	412	413
2021-05-18T10:33:57.975Z	725	723	386	385
2021-05-18T10:34:17.990Z	770	772	359	358
2021-05-18T10:34:37.998Z	816	818	332	333
2021-05-18T10:34:58.007Z	858	856	305	306
2021-05-18T10:35:18.019Z	896	894	282	280
2021-05-18T10:35:38.032Z	925	927	256	255
2021-05-18T10:35:58.038Z	952	953	232	233
2021-05-18T10:36:18.043Z	973	973	208	209
2021-05-18T10:36:38.056Z	989	988	186	187
2021-05-18T10:36:58.059Z	997	997	166	165
2021-05-18T10:37:18.069Z	1000	1000	146	145
2021-05-18T10:37:38.081Z	997	996	127	126
2021-05-18T10:37:58.092Z	987	987	109	109
2021-05-18T10:38:18.095Z	972	972	92	92
2021-05-18T10:38:38.106Z	950	951	76	77
2021-05-18T10:38:58.112Z	922	924	63	62
2021-05-18T10:39:18.126Z	893	891	50	49
2021-05-18T10:39:38.132Z	855	854	38	38
2021-05-18T10:39:58.138Z	814	812	28	29
2021-05-18T10:40:18.139Z	768	770	20	20
2021-05-18T10:40:38.149Z	718	721	13	13
2021-05-18T10:40:58.164Z	666	669	8	7
2021-05-18T10:41:18.178Z	617	615	3	3
2021-05-18T10:41:38.187Z	562	559	1	1
2021-05-18T10:41:58.192Z	506	504	0	0
2021-05-18T10:42:18.198Z	450	447	1	1
2021-05-18T10:42:38.203Z	394	397	3	3
2021-05-18T10:42:58.203Z	340	342	7	6
2021-05-18T10:43:18.211Z	288	290	12	12
2021-05-18T10:43:38.222Z	242	240	18	19
2021-05-18T10:43:58.235Z	196	194	27	27
2021-05-18T10:44:18.243Z	153	151	36	36
2021-05-18T10:44:38.252Z	115	113	48	47
2021-05-18T10:44:58.257Z	82	83	60	60
2021-05-18T10:45:18.263Z	53	55	75	74
2021-05-18T10:45:38.276Z	31	32	89	89
2021-05-18T10:45:58.278Z	16	15	105	106
2021-05-18T10:46:18.278Z	5	4	123	124
2021-05-18T10:46:38.289Z	0	0	142	141
2021-05-18T10:46:58.290Z	2	2	163	162
2021-05-18T10:47:18.305Z	10	10	184	183
2021-05-18T10:47:38.316Z	24	24	204	205
2021-05-18T10:47:58.324Z	43	44	227	228
2021-05-18T10:48:18.326Z	68	70	251	253
2021-05-18T10:48:38.329Z	99	101	276	275
2021-05-18T10:48:58.329Z	135	134	302	301
2021-05-18T10:49:18.340Z	176	174	328	327
2021-05-18T10:49:38.345Z	221	219	352	354
2021-05-18T10:49:58.351Z	265	268	379	381
2021-05-18T10:50:18.355Z	317	319	407	408
2021-05-18T10:50:38.361Z	370	372	435	434
2021-05-18T10:50:58.371Z	425	423	463	462
2021-05-18T10:51:18.376Z	481	478	491	490
2021-05-18T10:51:38.382Z	537	535	519	518
2021-05-18T10:51:58.388Z	588	591	545	546
2021-05-18T10:52:18.402Z	644	646	573	574
2021-05-18T10:52:38.414Z	696	699	601	599
2021-05-18T10:52:58.422Z	747	745	628	627
2021-05-18T10:53:18.429Z	794	792	655	654
2021-05-18T10:53:38.444Z	838	836	682	680
2021-05-18T10:53:58.455Z	877	875	705	706
2021-05-18T10:54:18.459Z	909	910	731	732
2021-05-18T10:54:38.464Z	939	940	755	756
2021-05-18T10:54:58.471Z	963	964	779	778
2021-05-18T10:55:18.472Z	981	981	802	801
2021-05-18T10:55:38.474Z	993	993	824	823
2021-05-18T10:55:58.478Z	999	999	843	844
2021-05-18T10:56:18.493Z	999	999	863	864
2021-05-18T10:56:38.498Z	993	993	882	881
2021-05-18T10:56:58.500Z	980	981	900	899
2021-05-18T10:57:18.512Z	963	962	915	916
2021-05-18T10:57:38.518Z	939	938	930	931
2021-05-18T10:57:58.527Z	910	908	944	943
2021-05-18T10:58:18.541Z	875	876	956	955
2021-05-18T10:58:38.546Z	835	837	967	966
2021-05-18T10:58:58.561Z	791	793	976	976
2021-05-18T10:59:18.562Z	744	746	983	984
2021-05-18T10:59:38.577Z	698	695	990	990
2021-05-18T10:59:58.578Z	645	642	995	995
2021-05-18T11:00:18.587Z	590	587	998	998
2021-05-18T11:00:38.592Z	533	536	1000	1000
2021-05-18T11:00:58.600Z	476	479	1000	1000
2021-05-18T11:01:18.614Z	425	422	999	998
2021-05-18T11:01:38.619Z	369	372	996	996
2021-05-18T11:01:58.634Z	315	318	991	991
2021-05-18T11:02:18.641Z	268	266	985	985
2021-05-18T11:02:38.651Z	220	217	978	977
2021-05-18T11:02:58.659Z	174	176	969	969
2021-05-18T11:03:18.668Z	133	135	958	959
2021-05-18T11:03:38.677Z	100	99	947	946
2021-05-18T11:03:58.680Z	69	67	934	933
2021-05-18T11:04:18.693Z	43	44	919	919
2021-05-18T11:04:38.704Z	23	23	903	903
2021-05-18T11:04:58.705Z	10	9	887	886
2021-05-18T11:05:18.708Z	2	2	868	869
2021-05-18T11:05:38.710Z	0	0	848	849
2021-05-18T11:05:58.716Z	5	5	829	828
2021-05-18T11:06:18.719Z	15	16	807	806
2021-05-18T11:06:38.732Z	32	33	784	785
2021-05-18T11:06:58.737Z	55	54	760	761
2021-05-18T11:07:18.744Z	84	83	738	737
2021-05-18T11:07:38.756Z	115	117	712	711
2021-05-18T11:07:58.757Z	154	155	686	688
2021-05-18T11:08:18.765Z	197	195	660	661
2021-05-18T11:08:38.772Z	240	242	635	634
2021-05-18T11:08:58.775Z	290	292	607	606
2021-05-18T11:09:18.789Z	343	340	579	581
2021-05-18T11:09:38.795Z	398	395	551	552
2021-05-18T11:09:58.807Z	449	451	525	524
2021-05-18T11:10:18.811Z	506	508	497	496
2021-05-18T11:10:38.819Z	562	560	468	470
2021-05-18T11:10:58.825Z	618	616	443	441
2021-05-18T11:11:18.840Z	668	670	414	413
2021-05-18T11:11:38.841Z	720	723	386	388
2021-05-18T11:11:58.844Z	770	768	359	360
2021-05-18T11:12:18.853Z	816	814	334	333
2021-05-18T11:12:38.864Z	854	856	308	307
2021-05-18T11:12:58.866Z	892	894	282	283
2021-05-18T11:13:18.875Z	925	923	257	258
2021-05-18T11:13:38.888Z	952	951	234	233
2021-05-18T11:13:58.899Z	972	972	211	210
2021-05-18T11:14:18.914Z	987	988	188	189
2021-05-18T11:14:38.926Z	997	997	166	167
2021-05-18T11:14:58.926Z	1000	1000	146	147
2021-05-18T11:15:18.929Z	997	997	128	127
2021-05-18T11:15:38.934Z	988	988	110	109
2021-05-18T11:15:58.936Z	973	973	93	93
2021-05-18T11:16:18.950Z	951	952	78	77
2021-05-18T11:16:38.950Z	926	925	64	63
2021-05-18T11:16:58.959Z	894	892	50	51
2021-05-18T11:17:18.969Z	856	858	39	39
2021-05-18T11:17:38.982Z	814	816	29	29
2021-05-18T11:17:58.992Z	772	770	20	20
2021-05-18T11:18:18.994Z	722	720	13	13
2021-05-18T11:18:39.006Z	670	673	7	8
2021-05-18T11:18:59.007Z	621	618	4	4
2021-05-18T11:19:19.015Z	565	562	1	1
2021-05-18T11:19:39.024Z	508	506	0	0
2021-05-18T11:19:59.029Z	451	454	1	1
2021-05-18T11:20:19.030Z	400	397	3	3
2021-05-18T11:20:39.037Z	345	343	6	6
2021-05-18T11:20:59.037Z	292	295	12	11
2021-05-18T11:21:19.040Z	242	244	18	18
2021-05-18T11:21:39.053Z	199	197	26	26
2021-05-18T11:21:59.062Z	156	154	36	36
2021-05-18T11:22:19.072Z	117	118	47	47
2021-05-18T11:22:39.085Z	83	84	60	59
2021-05-18T11:22:59.100Z	54	56	73	73
2021-05-18T11:23:19.102Z	33	32	88	89
2021-05-18T11:23:39.105Z	16	15	105	104
2021-05-18T11:23:59.107Z	5	5	123	122
2021-05-18T11:24:19.120Z	0	0	140	141
2021-05-18T11:24:39.134Z	1	2	161	161
2021-05-18T11:24:59.135Z	9	9	182	181
2021-05-18T11:25:19.146Z	23	22	204	203
2021-05-18T11:25:39.149Z	43	41	227	226
2021-05-18T11:25:59.153Z	68	67	249	250
2021-05-18T11:26:19.165Z	96	98	274	275
2021-05-18T11:26:39.176Z	132	134	300	301
2021-05-18T11:26:59.179Z	173	175	326	325
2021-05-18T11:27:19.181Z	217	215	352	351
2021-05-18T11:27:39.196Z	266	263	380	378
2021-05-18T11:27:59.201Z	317	314	405	406
2021-05-18T11:28:19.215Z	366	368	433	434
2021-05-18T11:28:39.217Z	421	423	461	462
2021-05-18T11:28:59.225Z	477	475	489	488
2021-05-18T11:29:19.239Z	534	531	517	516
2021-05-18T11:29:39.248Z	590	588	543	545
2021-05-18T11:29:59.252Z	641	643	571	573
2021-05-18T11:30:19.265Z	694	696	599	598
2021-05-18T11:30:39.269Z	745	743	627	626
2021-05-18T11:30:59.271Z	793	791	652	653
2021-05-18T11:31:19.279Z	833	835	679	680
2021-05-18T11:31:39.288Z	873	875	705	704
2021-05-18T11:31:59.292Z	908	907	730	729
2021-05-18T11:32:19.298Z	938	937	755	754
2021-05-18T11:32:39.300Z	963	962	777	778
2021-05-18T11:32:59.311Z	980	980	800	801
2021-05-18T11:33:19.326Z	993	993	822	821
2021-05-18T11:33:39.337Z	999	999	843	842
2021-05-18T11:33:59.341Z	999	999	863	862
2021-05-18T11:34:19.356Z	993	993	880	881
2021-05-18T11:34:39.369Z	982	981	898	899
2021-05-18T11:34:59.370Z	964	963	915	914
2021-05-18T11:35:19.381Z	939	941	930	929
2021-05-18T11:35:39.381Z	910	911	942	943
2021-05-18T11:35:59.388Z	878	877	955	955
2021-05-18T11:36:19.402Z	839	837	966	966
2021-05-18T11:36:39.411Z	795	793	975	975
2021-05-18T11:36:59.426Z	748	750	983	983
2021-05-18T11:37:19.441Z	697	700	990	990
2021-05-18T11:37:39.454Z	644	647	994	995
2021-05-18T11:37:59.459Z	595	592	998	998
2021-05-18T11:38:19.463Z	539	536	1000	1000
2021-05-18T11:38:39.472Z	482	480	1000	1000
2021-05-18T11:38:59.486Z	426	428	999	999
2021-05-18T11:39:19.498Z	371	373	996	996
2021-05-18T11:39:39.504Z	322	319	992	991
2021-05-18T11:39:59.505Z	270	268	986	985
2021-05-18T11:40:19.515Z	222	220	978	978
2021-05-18T11:40:39.529Z	177	175	969	970
2021-05-18T11:40:59.544Z	136	138	959	959
2021-05-18T11:41:19.552Z	100	101	947	948
2021-05-18T11:41:39.561Z	69	70	935	934
2021-05-18T11:41:59.565Z	45	44	920	920
2021-05-18T11:42:19.578Z	24	24	904	903
2021-05-18T11:42:39.585Z	10	10	887	888
2021-05-18T11:42:59.597Z	2	2	869	869
2021-05-18T11:43:19.606Z	0	0	849	850
2021-05-18T11:43:39.620Z	5	4	830	829
2021-05-18T11:43:59.623Z	14	15	808	807
2021-05-18T11:44:19.628Z	31	32	786	785
2021-05-18T11:44:39.642Z	53	54	762	763
2021-05-18T11:44:59.647Z	81	80	738	739
2021-05-18T11:45:19.657Z	115	113	713	714
2021-05-18T11:45:39.659Z	153	151	687	688
2021-05-18T11:45:59.666Z	196	193	663	662
2021-05-18T11:46:19.669Z	238	240	636	635
2021-05-18T11:46:39.672Z	287	289	609	607
2021-05-18T11:46:59.683Z	339	342	581	582
2021-05-18T11:47:19.686Z	394	391	553	554
2021-05-18T11:47:39.686Z	449	447	525	526
2021-05-18T11:47:59.699Z	506	503	499	498
2021-05-18T11:48:19.705Z	557	560	471	470
2021-05-18T11:48:39.718Z	613	616	443	444
2021-05-18T11:48:59.728Z	668	665	415	416
2021-05-18T11:49:19.743Z	720	717	387	388
2021-05-18T11:49:39.750Z	769	767	362	361
2021-05-18T11:49:59.758Z	811	813	335	334
2021-05-18T11:50:19.768Z	853	854	309	308
2021-05-18T11:50:39.781Z	890	892	283	284
2021-05-18T11:50:59.791Z	923	921	258	259
2021-05-18T11:51:19.796Z	950	949	234	235
2021-05-18T11:51:39.805Z	972	971	213	211
2021-05-18T11:51:59.815Z	986	987	190	189
2021-05-18T11:52:19.817Z	996	997	168	167
2021-05-18T11:52:39.826Z	1000	1000	148	149
2021-05-18T11:52:59.837Z	997	998	128	129
2021-05-18T11:53:19.842Z	988	989	110	111
2021-05-18T11:53:39.848Z	973	974	94	94
2021-05-18T11:53:59.855Z	954	953	78	78
2021-05-18T11:54:19.864Z	927	925	64	64
2021-05-18T11:54:39.875Z	894	896	51	51
2021-05-18T11:54:59.882Z	860	859	40	39
2021-05-18T11:55:19.887Z	819	817	29	29
2021-05-18T11:55:39.902Z	774	772	21	21
2021-05-18T11:55:59.916Z	725	727	13	14
2021-05-18T11:56:19.927Z	673	676	8	8
2021-05-18T11:56:39.934Z	619	622	4	4
2021-05-18T11:56:59.946Z	564	566	1	1
2021-05-18T11:57:19.947Z	513	510	0	0
2021-05-18T11:57:39.957Z	457	454	0	1
2021-05-18T11:57:59.971Z	401	398	3	2
2021-05-18T11:58:19.977Z	346	349	6	6
2021-05-18T11:58:39.992Z	293	296	11	11
2021-05-18T11:59:00.002Z	244	246	17	18
2021-05-18T11:59:20.012Z	201	199	26	26
2021-05-18T11:59:40.016Z	157	155	35	35
2021-05-18T12:00:00.016Z	119	120	47	46
2021-05-18T12:00:20.027Z	84	86	59	59
2021-05-18T12:00:40.028Z	56	57	72	73
2021-05-18T12:01:00.034Z	35	34	87	88
2021-05-18T12:01:20.046Z	17	16	104	104
2021-05-18T12:01:40.049Z	5	5	122	121
2021-05-18T12:02:00.062Z	0	0	141	140
2021-05-18T12:02:20.065Z	2	1	161	160
2021-05-18T12:02:40.080Z	8	9	180	181
2021-05-18T12:03:00.085Z	21	22	202	203
2021-05-18T12:03:20.095Z	41	42	226	225
2021-05-18T12:03:40.099Z	66	65	250	249
2021-05-18T12:04:00.108Z	97	95	274	273
2021-05-18T12:04:20.113Z	133	131	298	299
2021-05-18T12:04:40.117Z	170	171	324	325
2021-05-18T12:05:00.120Z	214	216	350	352
2021-05-18T12:05:20.130Z	262	264	378	376
2021-05-18T12:05:40.137Z	312	310	405	404
2021-05-18T12:06:00.144Z	365	363	432	431
2021-05-18T12:06:20.149Z	420	418	461	459
2021-05-18T12:06:40.162Z	476	474	486	487
2021-05-18T12:07:00.164Z	527	530	514	515
2021-05-18T12:07:20.169Z	584	587	543	544
2021-05-18T12:07:40.172Z	640	637	571	570
2021-05-18T12:08:00.187Z	693	690	599	597
2021-05-18T12:08:20.189Z	744	741	624	625
2021-05-18T12:08:40.189Z	787	789	651	652
2021-05-18T12:09:00.200Z	832	834	678	677
2021-05-18T12:09:20.205Z	872	870	704	703
2021-05-18T12:09:40.210Z	907	906	729	728
2021-05-18T12:10:00.221Z	937	936	752	753
2021-05-18T12:10:20.233Z	960	961	776	777
2021-05-18T12:10:40.245Z	979	980	799	800
2021-05-18T12:11:00.258Z	992	993	821	820
2021-05-18T12:11:20.270Z	999	999	842	841
2021-05-18T12:11:40.281Z	999	1000	861	862
2021-05-18T12:12:00.290Z	994	994	880	881
2021-05-18T12:12:20.291Z	982	982	898	897
2021-05-18T12:12:40.306Z	964	965	914	914
2021-05-18T12:13:00.319Z	942	941	928	929
2021-05-18T12:13:20.330Z	913	912	942	943
2021-05-18T12:13:40.338Z	878	880	955	954
2021-05-18T12:14:00.349Z	838	840	965	966
2021-05-18T12:14:20.351Z	799	796	975	975
2021-05-18T12:14:40.365Z	751	749	983	983
2021-05-18T12:15:00.369Z	700	702	990	989
2021-05-18T12:15:20.379Z	647	649	994	994
2021-05-18T12:15:40.384Z	596	594	998	998
2021-05-18T12:16:00.391Z	540	542	1000	1000
2021-05-18T12:16:20.393Z	483	485	1000	1000
2021-05-18T12:16:40.397Z	431	428	999	999
2021-05-18T12:17:00.412Z	375	373	996	996
2021-05-18T12:17:20.413Z	321	323	992	992
2021-05-18T12:17:40.425Z	269	271	986	986
2021-05-18T12:18:00.435Z	224	222	979	978
2021-05-18T12:18:20.436Z	179	180	970	970
2021-05-18T12:18:40.448Z	137	139	960	960
2021-05-18T12:19:00.458Z	103	102	948	948
2021-05-18T12:19:20.460Z	71	70	935	936
2021-05-18T12:19:40.461Z	45	46	920	921
2021-05-18T12:20:00.474Z	24	25	906	905
2021-05-18T12:20:20.475Z	11	10	888	888
2021-05-18T12:20:40.483Z	2	2	870	871
2021-05-18T12:21:00.491Z	0	0	850	851
2021-05-18T12:21:20.491Z	4	4	831	830
2021-05-18T12:21:40.505Z	14	14	809	808
2021-05-18T12:22:00.515Z	30	31	787	788
2021-05-18T12:22:20.521Z	52	51	763	764
2021-05-18T12:22:40.529Z	80	79	738	740
2021-05-18T12:23:00.536Z	111	112	715	714
2021-05-18T12:23:20.542Z	149	150	690	688
2021-05-18T12:23:40.549Z	191	193	663	664
2021-05-18T12:24:00.551Z	238	235	636	637
2021-05-18T12:24:20.556Z	287	285	611	610
2021-05-18T12:24:40.556Z	335	338	583	582
2021-05-18T12:25:00.556Z	390	392	555	556
2021-05-18T12:25:20.570Z	446	443	527	528
2021-05-18T12:25:40.583Z	502	500	498	500
2021-05-18T12:26:00.598Z	554	556	473	471
2021-05-18T12:26:20.610Z	610	612	444	443
2021-05-18T12:26:40.614Z	664	666	416	418
2021-05-18T12:27:00.627Z	716	714	389	390
2021-05-18T12:27:20.634Z	766	764	364	362
2021-05-18T12:27:40.646Z	808	810	337	335
2021-05-18T12:28:00.647Z	851	853	310	311
2021-05-18T12:28:20.655Z	889	887	284	285
2021-05-18T12:28:40.669Z	922	921	259	260
2021-05-18T12:29:00.670Z	947	948	237	236
2021-05-18T12:29:20.680Z	970	971	213	212
2021-05-18T12:29:40.689Z	986	987	190	191
2021-05-18T12:30:00.695Z	996	996	168	169
2021-05-18T12:30:20.702Z	1000	1000	149	148
2021-05-18T12:30:40.703Z	998	998	130	129
2021-05-18T12:31:00.707Z	989	989	111	112
2021-05-18T12:31:20.712Z	974	975	94	95
2021-05-18T12:31:40.726Z	953	954	80	79
2021-05-18T12:32:00.727Z	929	928	65	64
2021-05-18T12:32:20.734Z	897	896	52	52
2021-05-18T12:32:40.748Z	861	862	40	40
2021-05-18T12:33:00.757Z	819	821	30	30
2021-05-18T12:33:20.760Z	773	776	21	21
2021-05-18T12:33:40.771Z	729	727	14	14
2021-05-18T12:34:00.775Z	677	675	8	8
2021-05-18T12:34:20.781Z	623	626	4	4
2021-05-18T12:34:40.792Z	568	571	1	1
2021-05-18T12:35:00.801Z	512	514	0	0
2021-05-18T12:35:20.814Z	460	458	0	0
2021-05-18T12:35:40.821Z	404	401	2	2
2021-05-18T12:36:00.834Z	349	352	6	6
2021-05-18T12:36:20.834Z	296	298	11	11
2021-05-18T12:36:40.839Z	250	248	17	17
2021-05-18T12:37:00.840Z	203	201	25	26
2021-05-18T12:37:20.850Z	159	157	35	34
2021-05-18T12:37:40.864Z	120	122	46	45
2021-05-18T12:38:00.865Z	86	87	59	58
2021-05-18T12:38:20.871Z	59	58	71	72
2021-05-18T12:38:40.883Z	35	34	87	87
2021-05-18T12:39:00.898Z	17	17	103	102
2021-05-18T12:39:20.898Z	6	6	121	120
2021-05-18T12:39:40.913Z	0	1	140	139
2021-05-18T12:40:00.922Z	1	1	158	159
2021-05-18T12:40:20.925Z	8	8	179	180
2021-05-18T12:40:40.933Z	21	22	202	200
2021-05-18T12:41:00.937Z	40	39	225	224
2021-05-18T12:41:20.949Z	65	64	249	248
2021-05-18T12:41:40.955Z	96	94	271	272
2021-05-18T12:42:00.969Z	128	129	297	298
2021-05-18T12:42:20.979Z	168	170	323	324
2021-05-18T12:42:40.981Z	212	214	349	348
2021-05-18T12:43:00.994Z	260	257	376	375
2021-05-18T12:43:21.007Z	311	308	404	403
2021-05-18T12:43:41.018Z	364	361	429	430
2021-05-18T12:44:01.021Z	414	417	457	459
2021-05-18T12:44:21.026Z	470	473	486	487
2021-05-18T12:44:41.039Z	527	529	514	513
2021-05-18T12:45:01.048Z	583	580	542	541
2021-05-18T12:45:21.050Z	638	635	570	569
2021-05-18T12:45:41.065Z	691	689	595	597
2021-05-18T12:46:01.076Z	737	740	623	624
2021-05-18T12:46:21.079Z	785	788	650	651
2021-05-18T12:46:41.086Z	830	832	677	675
2021-05-18T12:47:01.096Z	870	868	703	702
2021-05-18T12:47:21.105Z	906	904	726	727
2021-05-18T12:47:41.118Z	934	935	751	752
2021-05-18T12:48:01.118Z	959	960	775	776
2021-05-18T12:48:21.130Z	978	979	798	797
2021-05-18T12:48:41.133Z	992	991	820	819
2021-05-18T12:49:01.144Z	999	999	841	840
2021-05-18T12:49:21.147Z	1000	1000	860	860
2021-05-18T12:49:41.156Z	995	994	879	880
2021-05-18T12:50:01.159Z	983	983	897	897
2021-05-18T12:50:21.160Z	966	965	913	912
2021-05-18T12:50:41.162Z	942	943	928	928
2021-05-18T12:51:01.163Z	913	915	942	942
2021-05-18T12:51:21.175Z	879	881	954	954
2021-05-18T12:51:41.184Z	843	842	965	965
2021-05-18T12:52:01.198Z	800	798	974	975
2021-05-18T12:52:21.208Z	753	755	983	982
2021-05-18T12:52:41.212Z	703	705	989	989
2021-05-18T12:53:01.219Z	650	652	994	994
2021-05-18T12:53:21.221Z	600	598	997	998
2021-05-18T12:53:41.227Z	544	542	1000	1000
2021-05-18T12:54:01.242Z	488	490	1000	1000
2021-05-18T12:54:21.250Z	431	434	999	999
2021-05-18T12:54:41.265Z	376	378	996	996
2021-05-18T12:55:01.275Z	327	324	992	992
2021-05-18T12:55:21.282Z	275	273	986	986
2021-05-18T12:55:41.295Z	226	224	979	979
2021-05-18T12:56:01.308Z	181	183	970	971
2021-05-18T12:56:21.320Z	139	141	960	960
2021-05-18T12:56:41.324Z	102	104	949	949
2021-05-18T12:57:01.330Z	73	72	936	935
2021-05-18T12:57:21.331Z	47	46	921	922
2021-05-18T12:57:41.333Z	26	27	906	906
2021-05-18T12:58:01.347Z	11	12	888	889
2021-05-18T12:58:21.351Z	2	3	872	871
2021-05-18T12:58:41.353Z	0	0	852	851
2021-05-18T12:59:01.367Z	4	4	832	831
2021-05-18T13:18:05.596Z	11	12	814	183
2021-05-18T13:18:25.599Z	23	23	205	204
2021-05-18T13:18:45.611Z	43	42	228	227
2021-05-18T13:19:05.613Z	67	68	250	251
2021-05-18T13:19:25.618Z	98	100	275	277
2021-05-18T13:19:45.624Z	135	133	301	300
2021-05-18T13:20:05.639Z	176	174	325	327
2021-05-18T13:20:25.639Z	217	219	352	354
2021-05-18T13:20:45.647Z	266	268	380	379
2021-05-18T13:21:05.653Z	318	315	408	406
2021-05-18T13:21:25.654Z	367	370	433	435
2021-05-18T13:21:45.665Z	423	425	462	460
2021-05-18T13:22:05.667Z	480	477	490	489
2021-05-18T13:22:25.669Z	537	534	516	517
2021-05-18T13:22:45.670Z	588	591	545	546
2021-05-18T13:23:05.678Z	644	641	573	572
2021-05-18T13:23:25.682Z	697	695	601	600
2021-05-18T13:23:45.686Z	744	746	626	628
2021-05-18T13:24:05.698Z	792	794	654	652
2021-05-18T13:24:25.712Z	836	834	680	679
2021-05-18T13:24:45.716Z	876	874	704	706
2021-05-18T13:25:05.728Z	908	909	730	731
2021-05-18T13:25:25.734Z	938	939	755	754
2021-05-18T13:25:45.743Z	963	962	779	778
2021-05-18T13:26:05.752Z	981	981	800	801
2021-05-18T13:26:25.755Z	993	993	822	823
2021-05-18T13:26:45.764Z	999	999	844	843
2021-05-18T13:27:05.771Z	999	999	864	863
2021-05-18T13:27:25.779Z	994	993	881	882
2021-05-18T13:27:45.788Z	981	981	899	900
2021-05-18T13:28:05.799Z	963	964	915	915
2021-05-18T13:28:25.803Z	938	939	929	930
2021-05-18T13:28:45.814Z	911	910	943	944
2021-05-18T13:29:05.819Z	876	874	956	955
2021-05-18T13:29:25.831Z	836	838	967	966
2021-05-18T13:29:45.837Z	792	795	976	976
2021-05-18T13:30:05.840Z	745	747	983	984
2021-05-18T13:30:25.840Z	699	697	990	990
2021-05-18T13:30:45.845Z	646	643	995	995
2021-05-18T13:31:05.853Z	591	593	998	998
2021-05-18T13:31:25.867Z	534	537	1000	1000
2021-05-18T13:31:45.880Z	482	480	1000	1000
2021-05-18T13:32:05.883Z	425	423	999	999
2021-05-18T13:32:25.897Z	369	372	996	996
2021-05-18T13:32:45.912Z	320	318	991	991
2021-05-18T13:33:05.914Z	268	266	985	986
2021-05-18T13:33:25.918Z	219	221	978	978
2021-05-18T13:33:45.919Z	174	176	970	969
2021-05-18T13:34:05.929Z	136	135	959	958
2021-05-18T13:34:25.941Z	100	98	947	947
2021-05-18T13:34:45.944Z	68	70	933	934
2021-05-18T13:35:05.953Z	42	43	920	919
2021-05-18T13:35:25.968Z	24	23	904	903
2021-05-18T13:35:45.976Z	10	10	886	887
2021-05-18T13:36:05.986Z	2	2	868	869
2021-05-18T13:36:25.996Z	0	0	850	849
2021-05-18T13:36:46.003Z	4	5	829	828
2021-05-18T13:37:06.009Z	15	15	807	808
2021-05-18T13:37:26.014Z	32	32	786	785
2021-05-18T13:37:46.026Z	53	54	762	761
2021-05-18T13:38:06.032Z	82	83	737	739
2021-05-18T13:38:26.038Z	116	114	712	713
2021-05-18T13:38:46.045Z	151	153	688	687
2021-05-18T13:39:06.057Z	194	196	661	660
2021-05-18T13:39:26.069Z	241	239	634	635
2021-05-18T13:39:46.083Z	291	289	609	608
2021-05-18T13:40:06.087Z	339	342	581	580
2021-05-18T13:40:26.087Z	394	397	553	554
2021-05-18T13:40:46.103Z	450	448	524	526
2021-05-18T13:41:06.115Z	507	505	499	497
2021-05-18T13:41:26.122Z	559	561	470	469
2021-05-18T13:41:46.125Z	615	618	442	443
2021-05-18T13:42:06.129Z	670	667	413	415
2021-05-18T13:42:26.131Z	717	720	388	387
2021-05-18T13:42:46.146Z	767	769	361	359
2021-05-18T13:43:06.152Z	814	811	333	335
2021-05-18T13:43:26.162Z	856	854	307	308
2021-05-18T13:43:46.162Z	890	892	283	282
2021-05-18T13:44:06.171Z	923	925	258	259
2021-05-18T13:44:26.186Z	951	950	233	234
2021-05-18T13:44:46.192Z	972	972	212	211
2021-05-18T13:45:06.196Z	987	987	189	188
2021-05-18T13:45:26.200Z	997	997	167	168
2021-05-18T13:45:46.201Z	1000	1000	146	147
2021-05-18T13:46:06.202Z	997	997	129	128
2021-05-18T13:46:26.206Z	988	988	110	109
2021-05-18T13:46:46.221Z	973	974	93	94
2021-05-18T13:47:06.228Z	952	953	78	78
2021-05-18T13:47:26.230Z	927	926	64	63
2021-05-18T13:47:46.241Z	895	893	51	51
2021-05-18T13:48:06.257Z	857	859	39	39
2021-05-18T13:48:26.269Z	815	817	30	29
2021-05-18T13:48:46.278Z	774	772	21	20
2021-05-18T13:49:06.284Z	725	722	13	13
2021-05-18T13:49:26.294Z	673	670	8	8
2021-05-18T13:49:46.307Z	618	621	4	4
2021-05-18T13:50:06.316Z	563	565	1	1
2021-05-18T13:50:26.325Z	511	509	0	0
2021-05-18T13:50:46.333Z	455	452	1	0
2021-05-18T13:51:06.338Z	398	401	3	3
2021-05-18T13:51:26.351Z	344	346	6	6
2021-05-18T13:51:46.354Z	295	293	11	11
2021-05-18T13:52:06.365Z	245	243	18	18
2021-05-18T13:52:26.373Z	197	200	26	26
2021-05-18T13:52:46.388Z	154	156	35	36
2021-05-18T13:53:06.403Z	119	117	47	47
2021-05-18T13:53:26.417Z	84	86	59	59
2021-05-18T13:53:46.430Z	55	56	73	73
2021-05-18T13:54:06.443Z	34	33	88	88
2021-05-18T13:54:26.453Z	16	16	104	104
2021-05-18T13:54:46.466Z	5	5	122	122
2021-05-18T13:55:06.470Z	0	0	140	141
2021-05-18T13:55:26.478Z	1	2	160	161
2021-05-18T13:55:46.479Z	9	8	182	181
2021-05-18T13:56:06.486Z	23	22	204	203
2021-05-18T13:56:26.490Z	43	42	225	226
2021-05-18T13:56:46.499Z	66	67	249	251
2021-05-18T13:57:06.513Z	97	98	274	273
2021-05-18T13:57:26.521Z	133	131	300	299
2021-05-18T13:57:46.526Z	173	172	324	325
2021-05-18T13:58:06.530Z	214	216	351	352
2021-05-18T13:58:26.543Z	262	265	378	379
2021-05-18T13:58:46.555Z	314	316	406	404
2021-05-18T13:59:06.561Z	368	365	434	432
2021-05-18T13:59:26.576Z	418	421	459	461
2021-05-18T13:59:46.590Z	475	478	488	489
2021-05-18T14:00:06.605Z	532	530	517	515
2021-05-18T14:00:26.608Z	589	586	542	544
2021-05-18T14:00:46.608Z	639	642	571	572
2021-05-18T14:01:06.614Z	693	695	599	598
2021-05-18T14:01:26.621Z	744	742	627	625
2021-05-18T14:01:46.632Z	788	790	652	653
2021-05-18T14:02:06.643Z	833	835	679	677
2021-05-18T14:02:26.653Z	873	872	705	704
2021-05-18T14:02:46.655Z	909	907	728	729
2021-05-18T14:03:06.665Z	936	938	753	754
2021-05-18T14:03:26.679Z	961	960	778	776
2021-05-18T14:03:46.686Z	980	980	799	800
2021-05-18T14:04:06.691Z	992	993	821	822
2021-05-18T14:04:26.697Z	999	999	842	842
2021-05-18T14:04:46.705Z	999	999	863	862
2021-05-18T14:05:06.719Z	994	994	880	881
2021-05-18T14:05:26.734Z	982	981	898	899
2021-05-18T14:05:46.746Z	964	965	915	914
2021-05-18T14:06:06.760Z	940	941	930	929
2021-05-18T14:06:26.769Z	913	911	942	943
2021-05-18T14:06:46.773Z	878	876	955	955
2021-05-18T14:07:06.782Z	838	840	966	966
2021-05-18T14:07:26.794Z	794	796	975	975
2021-05-18T14:07:46.809Z	751	748	983	983
2021-05-18T14:08:06.812Z	700	702	990	989
2021-05-18T14:08:26.821Z	646	649	995	994
2021-05-18T14:08:46.826Z	596	593	998	998
2021-05-18T14:09:06.832Z	539	537	1000	1000
2021-05-18T14:09:26.845Z	483	485	1000	1000
2021-05-18T14:09:46.852Z	426	428	999	999
2021-05-18T14:10:06.864Z	375	372	996	996
2021-05-18T14:10:26.875Z	321	318	992	992
2021-05-18T14:10:46.890Z	269	271	986	986
2021-05-18T14:11:06.903Z	220	222	979	978
2021-05-18T14:11:26.910Z	179	177	970	969
2021-05-18T14:11:46.910Z	137	135	959	960
2021-05-18T14:12:06.917Z	100	102	947	948
2021-05-18T14:12:26.918Z	69	70	935	934
2021-05-18T14:12:46.930Z	45	44	920	920
2021-05-18T14:13:06.934Z	24	25	904	905
2021-05-18T14:13:26.947Z	10	10	887	888
2021-05-18T14:13:46.954Z	2	2	870	869
2021-05-18T14:14:06.964Z	0	0	850	851
2021-05-18T14:14:26.971Z	4	4	829	830
2021-05-18T14:14:46.986Z	15	14	809	808
2021-05-18T14:15:06.989Z	30	31	787	785
2021-05-18T14:15:26.999Z	53	54	763	764
2021-05-18T14:15:47.013Z	81	79	738	739
2021-05-18T14:16:07.015Z	114	113	715	714
2021-05-18T14:16:27.029Z	149	151	689	688
2021-05-18T14:16:47.035Z	192	194	662	664
2021-05-18T14:17:07.047Z	239	237	635	636
2021-05-18T14:17:27.056Z	289	287	610	609
2021-05-18T14:17:47.057Z	337	340	582	581
2021-05-18T14:18:07.060Z	392	395	554	555
2021-05-18T14:18:27.061Z	448	446	525	527
2021-05-18T14:18:47.064Z	500	503	499	498
2021-05-18T14:19:07.065Z	557	560	471	472
2021-05-18T14:19:27.071Z	613	611	443	444
2021-05-18T14:19:47.079Z	668	666	417	416
2021-05-18T14:20:07.084Z	716	718	389	388
2021-05-18T14:20:27.098Z	766	764	361	363
2021-05-18T14:20:47.108Z	812	810	334	335
2021-05-18T14:21:07.121Z	851	853	310	309
2021-05-18T14:21:27.122Z	889	891	284	285
2021-05-18T14:21:47.130Z	922	921	258	260
2021-05-18T14:22:07.140Z	950	949	236	235
2021-05-18T14:22:27.152Z	970	971	212	211
2021-05-18T14:22:47.157Z	986	987	190	191
2021-05-18T14:23:07.157Z	996	996	168	169
2021-05-18T14:23:27.165Z	1000	1000	149	148
2021-05-18T14:23:47.171Z	998	997	129	128
2021-05-18T14:24:07.173Z	989	988	111	112
2021-05-18T14:24:27.185Z	974	975	94	94
2021-05-18T14:24:47.185Z	952	954	79	78
2021-05-18T14:25:07.186Z	928	927	64	64
2021-05-18T14:25:27.197Z	896	894	51	52
2021-05-18T14:25:47.200Z	859	860	39	40
2021-05-18T14:26:07.206Z	821	819	30	29
2021-05-18T14:26:27.217Z	775	773	21	21
2021-05-18T14:26:47.219Z	726	728	14	14
2021-05-18T14:27:07.221Z	674	676	8	8
2021-05-18T14:27:27.233Z	624	622	4	4
2021-05-18T14:27:47.245Z	568	566	1	1
2021-05-18T14:28:07.249Z	512	514	0	0
2021-05-18T14:28:27.255Z	455	457	0	0
2021-05-18T14:28:47.269Z	404	401	2	3
2021-05-18T14:29:07.272Z	348	346	6	6
2021-05-18T14:29:27.286Z	295	297	11	11
2021-05-18T14:29:47.294Z	249	247	17	18
2021-05-18T14:30:07.307Z	201	199	26	26
2021-05-18T14:30:27.318Z	158	160	35	35
2021-05-18T14:30:47.329Z	118	120	45	46
2021-05-18T14:31:07.340Z	87	86	58	59
2021-05-18T14:31:27.351Z	58	57	72	71
2021-05-18T14:31:47.353Z	34	35	87	87
2021-05-18T14:32:07.360Z	17	17	103	103
2021-05-18T14:32:27.359Z	6	6	120	121
2021-05-18T14:32:47.370Z	0	0	140	139
2021-05-18T14:33:07.380Z	1	1	160	159
2021-05-18T14:33:27.387Z	9	8	179	180
2021-05-18T14:33:47.397Z	21	22	201	202
2021-05-18T14:34:07.399Z	40	41	224	226
2021-05-18T14:34:27.406Z	65	66	248	247
2021-05-18T14:34:47.411Z	95	94	273	272
2021-05-18T14:35:07.425Z	132	130	297	298
2021-05-18T14:35:27.425Z	168	170	323	324
2021-05-18T14:35:47.432Z	213	215	350	349
2021-05-18T14:36:07.448Z	262	259	377	376
2021-05-18T14:36:27.450Z	313	311	403	404
2021-05-18T14:36:47.455Z	362	365	431	432
2021-05-18T14:37:07.466Z	418	415	459	458
2021-05-18T14:37:27.470Z	475	472	488	486
2021-05-18T14:37:47.475Z	527	529	514	515
2021-05-18T14:38:07.481Z	583	586	542	541
2021-05-18T14:38:27.490Z	639	636	571	569
2021-05-18T14:38:47.498Z	693	690	596	597
2021-05-18T14:39:07.513Z	739	741	624	625
2021-05-18T14:39:27.526Z	787	790	651	650
2021-05-18T14:39:47.535Z	832	830	678	677
2021-05-18T14:40:07.544Z	872	870	702	703
2021-05-18T14:40:27.551Z	905	906	727	729
2021-05-18T14:40:47.555Z	935	936	752	753
2021-05-18T14:41:07.565Z	960	959	776	775
2021-05-18T14:41:27.573Z	979	979	800	798
2021-05-18T14:41:47.585Z	992	992	820	821
2021-05-18T14:42:07.599Z	999	999	841	842
2021-05-18T14:42:27.613Z	1000	999	861	860
2021-05-18T14:42:47.626Z	994	994	880	879
2021-05-18T14:43:07.633Z	982	983	898	897
2021-05-18T14:43:27.647Z	964	965	913	914
2021-05-18T14:43:47.658Z	943	941	928	929
2021-05-18T14:44:07.674Z	913	912	942	942
2021-05-18T14:44:27.682Z	879	881	955	954
2021-05-18T14:44:47.692Z	840	842	966	965
2021-05-18T14:45:07.704Z	796	798	974	975
2021-05-18T14:45:27.718Z	753	751	983	983
2021-05-18T14:45:47.732Z	702	705	989	989
2021-05-18T14:46:07.747Z	649	651	994	994
2021-05-18T14:46:27.761Z	598	596	998	998
2021-05-18T14:46:47.776Z	542	539	1000	1000
2021-05-18T14:47:07.789Z	485	487	1000	1000
2021-05-18T14:47:27.795Z	428	430	999	999
2021-05-18T14:47:47.809Z	377	375	996	996
2021-05-18T14:48:07.824Z	323	325	992	992
2021-05-18T14:48:27.838Z	270	273	986	986
2021-05-18T14:48:47.853Z	226	224	979	979
2021-05-18T14:49:07.858Z	180	178	970	970
2021-05-18T14:49:27.871Z	138	140	959	960
2021-05-18T14:49:47.881Z	104	103	949	948
2021-05-18T14:50:07.889Z	72	71	935	935
2021-05-18T14:50:27.900Z	45	47	921	921
2021-05-18T14:50:47.903Z	25	25	906	905
2021-05-18T14:51:07.906Z	11	11	889	888
2021-05-18T14:51:27.906Z	2	2	870	871
2021-05-18T14:51:47.920Z	0	0	850	851
2021-05-18T14:52:07.927Z	4	4	832	831
2021-05-18T14:52:27.937Z	14	14	810	809
2021-05-18T14:52:47.942Z	30	31	787	788
2021-05-18T14:53:07.949Z	52	51	763	764
2021-05-18T14:53:27.955Z	78	79	741	740
2021-05-18T14:53:47.963Z	111	112	715	714
2021-05-18T14:54:07.970Z	149	147	689	691
2021-05-18T14:54:27.972Z	192	189	663	664
2021-05-18T14:54:47.978Z	234	236	638	637
2021-05-18T14:55:07.983Z	284	286	610	612
2021-05-18T14:55:27.998Z	337	334	582	584
2021-05-18T14:55:48.012Z	391	389	557	556
2021-05-18T14:56:08.026Z	442	445	528	527
2021-05-18T14:56:28.030Z	499	502	500	501
2021-05-18T14:56:48.046Z	556	554	471	473
2021-05-18T14:57:08.054Z	612	609	446	445
2021-05-18T14:57:28.059Z	661	663	418	417
2021-05-18T14:57:48.071Z	714	716	390	389
2021-05-18T14:58:08.075Z	764	761	363	364
2021-05-18T14:58:28.085Z	810	808	336	337
2021-05-18T14:58:48.088Z	852	850	312	310
2021-05-18T14:59:08.104Z	887	889	286	284
2021-05-18T14:59:28.117Z	920	922	260	261
2021-05-18T14:59:48.128Z	948	947	236	237
2021-05-18T15:00:08.130Z	971	970	214	213
2021-05-18T15:00:28.137Z	985	986	191	190
2021-05-18T15:00:48.147Z	996	996	169	170
2021-05-18T15:01:08.158Z	1000	1000	149	150
2021-05-18T15:01:28.161Z	998	998	129	130
2021-05-18T15:01:48.164Z	989	989	112	112
2021-05-18T15:02:08.170Z	975	975	95	94
2021-05-18T15:02:28.184Z	955	954	79	79
2021-05-18T15:02:48.193Z	929	927	65	65
2021-05-18T15:03:08.194Z	897	899	51	52
2021-05-18T15:03:28.196Z	860	862	41	40
2021-05-18T15:03:48.210Z	823	821	30	30
2021-05-18T15:04:08.222Z	777	775	21	21
2021-05-18T15:04:28.235Z	729	726	14	14
2021-05-18T15:04:48.250Z	677	679	8	8
2021-05-18T15:05:08.259Z	623	626	4	4
2021-05-18T15:05:28.260Z	572	570	1	1
2021-05-18T15:05:48.260Z	515	513	0	0
2021-05-18T15:06:08.273Z	458	461	0	0
2021-05-18T15:06:28.288Z	407	404	2	2
2021-05-18T15:06:48.293Z	351	349	6	6
2021-05-18T15:07:08.304Z	298	300	11	11
2021-05-18T15:07:28.310Z	247	249	17	17
2021-05-18T15:07:48.323Z	204	202	25	25
2021-05-18T15:08:08.326Z	160	162	35	34
2021-05-18T15:08:28.329Z	120	122	46	45
2021-05-18T15:08:48.340Z	89	87	57	58
2021-05-18T15:09:08.343Z	59	58	71	71
2021-05-18T15:09:28.351Z	35	36	87	86
2021-05-18T15:09:48.357Z	18	18	102	103
2021-05-18T15:10:08.371Z	6	6	120	121
2021-05-18T15:10:28.386Z	0	1	139	138
2021-05-18T15:10:48.393Z	1	1	158	159
2021-05-18T15:11:08.397Z	8	8	179	180
2021-05-18T15:11:28.398Z	21	21	201	200
2021-05-18T15:11:48.411Z	40	39	225	223
2021-05-18T15:12:08.426Z	65	64	246	248
2021-05-18T15:12:28.431Z	93	94	271	273
2021-05-18T15:12:48.445Z	129	130	297	296
2021-05-18T15:13:08.461Z	169	167	323	322
2021-05-18T15:13:28.471Z	210	212	348	349
2021-05-18T15:13:48.477Z	258	260	376	374
2021-05-18T15:14:08.490Z	310	307	403	402
2021-05-18T15:14:28.500Z	364	361	429	430
2021-05-18T15:14:48.512Z	414	417	457	459
2021-05-18T15:15:08.521Z	471	468	486	485
2021-05-18T15:15:28.536Z	528	525	514	513
2021-05-18T15:15:48.551Z	579	582	540	541
2021-05-18T15:16:08.563Z	635	637	569	567
2021-05-18T15:16:28.576Z	689	686	597	595
2021-05-18T15:16:48.580Z	740	738	622	623
2021-05-18T15:17:08.586Z	784	786	649	651
2021-05-18T15:17:28.593Z	829	831	676	675
2021-05-18T15:17:48.598Z	870	868	703	701
2021-05-18T15:18:08.601Z	906	904	726	727
2021-05-18T15:18:28.605Z	934	935	751	752
2021-05-18T15:18:48.616Z	959	960	775	774
2021-05-18T15:19:08.625Z	979	978	799	797
2021-05-18T15:19:28.632Z	991	992	819	820
2021-05-18T15:19:48.641Z	999	999	840	841
2021-05-18T15:20:08.650Z	1000	1000	861	860
2021-05-18T15:20:28.654Z	994	995	878	879
2021-05-18T15:20:48.660Z	984	983	896	897
2021-05-18T15:21:08.671Z	966	965	913	912
2021-05-18T15:21:28.681Z	942	944	928	928
2021-05-18T15:21:48.696Z	913	915	941	942
2021-05-18T15:22:08.703Z	882	880	954	954
2021-05-18T15:22:28.712Z	843	841	965	964
2021-05-18T15:22:48.725Z	800	802	974	974
2021-05-18T15:23:08.726Z	753	755	983	982
2021-05-18T15:23:28.735Z	703	705	989	989
2021-05-18T15:23:48.749Z	655	653	994	994
2021-05-18T15:24:08.751Z	600	598	997	998
2021-05-18T15:24:28.753Z	545	542	1000	999
2021-05-18T15:24:48.761Z	488	491	1000	1000
2021-05-18T15:25:08.772Z	432	435	999	999
2021-05-18T15:25:28.785Z	377	379	996	996
2021-05-18T15:25:48.797Z	328	325	992	992
2021-05-18T15:26:08.808Z	276	274	986	986
2021-05-18T15:26:28.820Z	227	225	979	980
2021-05-18T15:26:48.832Z	182	184	970	971
2021-05-18T15:27:08.834Z	140	142	960	961
2021-05-18T15:27:28.836Z	103	105	949	949
2021-05-18T15:27:48.847Z	74	73	936	936
2021-05-18T15:28:08.852Z	47	46	922	922
2021-05-18T15:28:28.855Z	26	27	906	906
2021-05-18T15:28:48.864Z	11	12	888	889
