time	1-SP	1-T	2-T	2-SP
2021-04-28T06:11:15.941Z	607	610	556	554
2021-04-28T06:11:35.943Z	662	660	581	583
2021-04-28T06:11:55.946Z	714	712	609	610
2021-04-28T06:12:15.957Z	763	761	636	637
2021-04-28T06:12:35.967Z	806	808	663	662
2021-04-28T06:12:55.980Z	849	851	690	689
2021-04-28T06:13:15.985Z	887	886	714	715
2021-04-28T06:13:35.994Z	921	919	739	738
2021-04-28T06:13:55.997Z	946	948	764	762
2021-04-28T06:14:15.999Z	969	970	785	786
2021-04-28T06:14:36.011Z	986	985	808	809
2021-04-28T06:14:56.015Z	995	996	830	829
2021-04-28T06:15:16.023Z	1000	1000	851	850
2021-04-28T06:15:36.034Z	998	998	869	870
2021-04-28T06:15:56.043Z	989	990	888	887
2021-04-28T06:16:16.044Z	976	975	905	904
2021-04-28T06:16:36.048Z	955	956	920	921
2021-04-28T06:16:56.057Z	929	930	935	935
2021-04-28T06:17:16.070Z	900	898	948	947
2021-04-28T06:17:36.076Z	863	861	959	959
2021-04-28T06:17:56.078Z	822	824	969	970
2021-04-28T06:18:16.086Z	776	778	978	978
2021-04-28T06:18:36.087Z	732	730	986	986
2021-04-28T06:18:56.096Z	680	678	991	992
2021-04-28T06:19:16.108Z	626	628	996	996
2021-04-28T06:19:36.123Z	570	573	999	999
2021-04-28T06:19:56.129Z	519	516	1000	1000
2021-04-28T06:20:16.132Z	461	459	1000	1000
2021-04-28T06:20:36.132Z	405	408	998	998
2021-04-28T06:20:56.146Z	350	352	994	995
2021-04-28T06:21:16.147Z	302	299	989	990
2021-04-28T06:21:36.161Z	251	253	983	983
2021-04-28T06:21:56.169Z	203	205	975	975
2021-04-28T06:22:16.175Z	163	161	966	966
2021-04-28T06:22:36.183Z	123	121	955	955
2021-04-28T06:22:56.189Z	88	89	943	942
2021-04-28T06:23:16.192Z	59	60	929	930
2021-04-28T06:24:42.896Z	607	609	555	554
2021-04-28T06:25:02.908Z	662	659	581	582
2021-04-28T06:25:22.913Z	714	712	609	610
2021-04-28T06:25:42.915Z	764	762	636	635
2021-04-28T06:26:02.918Z	807	809	664	662
2021-04-28T06:26:22.925Z	849	851	688	689
2021-04-28T06:26:42.932Z	888	886	714	715
2021-04-28T06:27:43.257Z	607	609	555	554
2021-04-28T06:28:03.258Z	662	659	581	582
2021-04-28T06:28:23.269Z	714	712	609	610
2021-04-28T06:28:43.281Z	760	762	637	635
2021-04-28T06:29:41.325Z	607	609	555	554
2021-04-28T06:30:01.335Z	662	659	581	582
2021-04-28T06:30:21.350Z	714	712	609	610
2021-04-28T06:30:41.363Z	760	762	637	635
2021-04-28T06:31:30.191Z	607	610	556	554
2021-04-28T06:31:50.206Z	662	660	581	583
2021-04-28T06:32:10.211Z	715	713	609	608
2021-04-28T06:32:30.217Z	761	763	637	636
2021-04-28T06:32:50.228Z	808	805	662	663
2021-04-28T06:33:10.237Z	850	849	689	690
2021-04-28T06:33:30.238Z	886	887	715	714
2021-04-28T06:33:50.243Z	919	921	738	739
2021-04-28T06:34:10.249Z	948	947	763	764
2021-04-28T06:34:30.264Z	968	969	787	785
2021-04-28T06:34:50.273Z	985	986	807	808
2021-04-28T06:35:10.284Z	996	996	829	830
2021-04-28T06:35:30.295Z	1000	1000	850	849
2021-04-28T06:35:50.306Z	998	998	870	869
2021-04-28T06:36:10.312Z	990	989	887	888
2021-04-28T06:36:30.322Z	975	976	905	905
2021-04-28T06:36:50.324Z	956	955	921	920
2021-04-28T06:37:10.337Z	930	929	934	935
2021-04-28T06:37:30.342Z	898	900	948	948
2021-04-28T06:37:50.355Z	865	863	960	959
2021-04-28T06:38:10.362Z	823	821	970	970
2021-04-28T06:38:30.365Z	777	780	978	979
2021-04-28T06:38:50.372Z	728	730	986	986
2021-04-28T06:39:10.376Z	681	678	992	992
2021-04-28T06:39:30.382Z	627	629	996	996
2021-04-28T06:39:50.394Z	570	573	999	999
2021-04-28T06:40:10.402Z	519	516	1000	1000
2021-04-28T06:40:30.413Z	462	459	1000	1000
2021-04-28T06:40:50.427Z	405	408	998	998
2021-04-28T06:41:10.428Z	355	352	994	995
2021-04-28T06:41:30.431Z	301	299	990	989
2021-04-28T06:41:50.441Z	250	252	983	983
2021-04-28T06:42:10.453Z	202	204	975	975
2021-04-28T06:42:30.462Z	162	160	965	966
2021-04-28T06:43:19.151Z	607	609	556	554
2021-04-28T06:43:39.167Z	662	659	581	582
2021-04-28T06:43:59.180Z	715	713	609	608
2021-04-28T06:44:19.188Z	761	763	637	636
2021-04-28T06:44:39.201Z	807	810	662	663
2021-04-28T06:44:59.202Z	850	848	688	690
2021-04-28T06:45:19.201Z	885	887	715	713
2021-04-28T06:45:39.210Z	919	921	738	739
2021-04-28T06:45:59.213Z	948	946	762	764
2021-04-28T06:46:19.223Z	970	969	786	785
2021-04-28T06:46:39.222Z	985	986	809	808
2021-04-28T06:46:59.237Z	996	995	829	830
2021-04-28T06:47:19.242Z	1000	1000	850	851
2021-04-28T06:47:39.244Z	998	998	870	869
2021-04-28T06:47:59.244Z	990	989	887	888
2021-04-28T06:48:19.256Z	975	976	904	905
2021-04-28T06:48:39.268Z	954	955	920	920
2021-04-28T06:48:59.270Z	930	929	935	935
2021-04-28T06:49:19.271Z	899	897	947	948
2021-04-28T06:49:39.285Z	862	864	959	960
2021-04-28T06:49:59.292Z	824	822	970	969
2021-04-28T06:50:19.306Z	779	777	979	978
2021-04-28T06:50:39.309Z	730	732	986	986
2021-04-28T06:50:59.323Z	678	680	992	991
2021-04-28T06:51:19.329Z	628	626	996	996
2021-04-28T06:51:39.340Z	572	570	999	999
2021-04-28T06:51:59.343Z	515	518	1000	1000
2021-04-28T06:52:19.344Z	464	461	1000	1000
2021-04-28T06:52:39.359Z	407	404	998	998
2021-04-28T06:52:59.359Z	352	354	994	994
2021-04-28T06:53:19.370Z	298	301	989	990
2021-04-28T06:53:39.385Z	252	250	983	983
2021-04-28T06:53:59.387Z	205	203	976	975
2021-04-28T06:54:19.402Z	161	163	966	965
2021-04-28T06:54:39.416Z	121	123	955	955
2021-04-28T06:54:59.429Z	89	88	942	943
2021-04-28T06:55:19.435Z	60	58	930	929
2021-04-28T06:55:39.448Z	36	37	914	914
2021-04-28T06:55:59.463Z	18	18	898	899
2021-04-28T06:56:19.476Z	7	6	880	881
2021-04-28T06:56:39.477Z	1	1	863	862
2021-04-28T06:56:59.484Z	1	1	842	841
2021-04-28T06:57:19.494Z	7	8	821	822
2021-04-28T06:57:39.508Z	20	21	801	800
2021-04-28T06:57:59.514Z	39	38	777	776
2021-04-28T06:58:19.519Z	64	63	753	754
2021-04-28T06:58:39.526Z	92	93	728	729
2021-04-28T06:58:59.528Z	128	126	705	704
2021-04-28T06:59:19.530Z	168	166	678	677
2021-04-28T06:59:39.533Z	208	210	652	653
2021-04-28T06:59:59.545Z	256	259	627	625
2021-04-28T07:00:19.559Z	308	305	599	598
2021-04-28T07:00:39.571Z	361	359	571	572
2021-04-28T07:00:59.584Z	412	414	543	544
2021-04-28T07:01:19.587Z	468	471	517	515
2021-04-28T07:01:39.590Z	525	523	488	487
2021-04-28T07:01:59.604Z	577	580	460	461
2021-04-28T07:02:19.617Z	633	635	431	433
2021-04-28T07:02:39.629Z	687	684	406	405
2021-04-28T07:02:59.638Z	738	736	378	379
2021-04-28T07:03:19.647Z	783	785	350	352
2021-04-28T07:03:39.650Z	828	830	326	325
2021-04-28T07:03:59.657Z	869	867	299	298
2021-04-28T07:04:19.669Z	904	903	274	275
2021-04-28T07:04:39.685Z	933	934	249	250
2021-04-28T07:04:59.697Z	958	959	227	226
2021-04-28T07:05:19.701Z	978	977	203	202
2021-04-28T07:05:39.714Z	991	991	181	182
2021-04-28T07:05:59.727Z	998	999	159	160
2021-04-28T07:06:19.739Z	1000	1000	141	140
2021-04-28T07:06:39.746Z	995	995	122	121
2021-04-28T07:06:59.753Z	983	984	104	105
2021-04-28T07:07:19.755Z	967	966	87	88
2021-04-28T07:07:39.757Z	944	943	73	73
2021-04-28T07:07:59.771Z	915	916	59	58
2021-04-28T07:08:19.779Z	884	882	46	47
2021-04-28T07:08:39.786Z	845	843	36	36
2021-04-28T07:08:59.786Z	801	803	26	26
2021-04-28T07:09:19.800Z	754	756	18	18
2021-04-28T07:09:39.801Z	708	705	11	11
2021-04-28T07:09:59.801Z	654	657	6	6
2021-04-28T07:10:19.806Z	599	602	3	3
2021-04-28T07:10:39.819Z	548	545	0	1
2021-04-28T07:10:59.823Z	491	488	0	0
2021-04-28T07:11:19.836Z	434	436	1	1
2021-04-28T07:11:39.836Z	383	380	4	4
2021-04-28T07:11:59.850Z	328	326	8	8
2021-04-28T07:12:19.860Z	276	278	13	14
2021-04-28T07:12:39.871Z	227	229	21	21
2021-04-28T07:12:59.878Z	185	183	29	29
2021-04-28T07:13:19.879Z	143	141	39	39
2021-04-28T07:13:39.894Z	105	107	51	51
2021-04-28T07:13:59.909Z	73	74	64	63
2021-04-28T07:14:19.919Z	48	47	78	78
2021-04-28T07:14:39.933Z	27	28	93	94
2021-04-28T07:14:59.941Z	12	12	110	111
2021-04-28T07:15:19.950Z	3	3	129	128
2021-04-28T07:15:39.964Z	0	0	146	147
2021-04-28T07:15:59.977Z	3	3	167	168
2021-04-28T07:16:19.977Z	13	13	189	188
2021-04-28T07:16:39.978Z	28	29	212	211
2021-04-28T07:16:59.991Z	50	49	233	234
2021-04-28T07:17:19.996Z	77	76	258	259
2021-04-28T07:17:40.010Z	107	109	283	282
2021-04-28T07:18:00.023Z	145	147	307	308
2021-04-28T07:18:20.036Z	187	185	334	335
2021-04-28T07:18:40.041Z	234	232	361	360
2021-04-28T07:19:00.053Z	279	282	388	387
2021-04-28T07:19:20.055Z	332	330	414	415
2021-04-28T07:19:40.059Z	387	384	442	441
2021-04-28T07:20:00.068Z	438	440	470	469
2021-04-28T07:20:20.078Z	494	497	496	498
2021-04-28T07:20:40.084Z	551	549	525	526
2021-04-28T07:21:00.088Z	608	605	553	552
2021-04-28T07:21:20.099Z	658	660	582	580
2021-04-28T07:21:40.101Z	711	708	607	608
2021-04-28T07:22:00.114Z	761	759	635	636
2021-04-28T07:22:20.128Z	804	806	662	661
2021-04-28T07:22:40.141Z	847	849	686	687
2021-04-28T07:23:00.147Z	886	884	712	714
2021-04-28T07:23:20.149Z	919	918	738	737
2021-04-28T07:23:40.159Z	945	946	762	761
2021-04-28T07:24:00.173Z	968	969	784	785
2021-04-28T07:24:20.184Z	985	984	807	808
2021-04-28T07:24:40.184Z	996	995	829	828
2021-04-28T07:25:00.187Z	1000	1000	850	849
2021-04-28T07:25:20.192Z	998	998	868	869
2021-04-28T07:25:40.200Z	990	990	887	887
2021-04-28T07:26:00.208Z	977	976	904	903
2021-04-28T07:26:20.210Z	957	956	920	919
2021-04-28T07:26:40.213Z	931	930	934	934
2021-04-28T07:27:00.218Z	900	901	947	948
2021-04-28T07:27:20.229Z	863	865	959	958
2021-04-28T07:27:40.236Z	826	824	969	969
2021-04-28T07:28:00.244Z	781	779	978	978
2021-04-28T07:28:20.246Z	732	734	985	986
2021-04-28T07:28:40.248Z	680	682	991	991
2021-04-28T07:29:00.259Z	631	628	996	996
2021-04-28T07:29:20.265Z	575	573	999	999
2021-04-28T07:29:40.275Z	519	521	1000	1000
2021-04-28T07:30:00.279Z	462	464	1000	1000
2021-04-28T07:30:20.281Z	410	408	998	998
2021-04-28T07:30:40.283Z	355	353	995	995
2021-04-28T07:31:00.286Z	302	304	990	990
2021-04-28T07:31:20.297Z	251	253	983	984
2021-04-28T07:31:40.310Z	208	205	975	976
2021-04-28T07:32:00.312Z	163	165	967	966
2021-04-28T07:32:20.323Z	124	125	956	955
2021-04-28T07:32:40.328Z	92	90	943	944
2021-04-28T07:33:00.329Z	61	60	929	930
2021-04-28T07:33:20.333Z	37	38	915	915
2021-04-28T07:33:40.348Z	19	19	899	898
2021-04-28T07:34:00.356Z	7	7	881	882
2021-04-28T07:34:20.364Z	1	1	864	863
2021-04-28T07:34:40.378Z	1	1	844	843
2021-04-28T07:35:00.389Z	7	7	822	823
2021-04-28T07:35:20.393Z	19	20	800	801
2021-04-28T07:35:40.396Z	38	39	779	778
2021-04-28T07:36:00.412Z	62	61	755	754
2021-04-28T07:36:20.427Z	92	91	730	731
2021-04-28T07:36:40.439Z	125	126	704	706
2021-04-28T07:37:00.441Z	165	163	680	679
2021-04-28T07:37:20.443Z	209	207	654	652
2021-04-28T07:37:40.450Z	252	255	626	628
2021-04-28T07:38:00.453Z	303	306	599	600
2021-04-28T07:38:20.453Z	357	354	573	572
2021-04-28T07:38:40.457Z	412	410	545	544
2021-04-28T07:39:00.471Z	463	466	517	518
2021-04-28T07:39:20.472Z	520	523	491	489
2021-04-28T07:39:40.481Z	577	574	462	461
2021-04-28T07:40:00.489Z	633	630	434	435
2021-04-28T07:40:20.490Z	682	684	406	407
2021-04-28T07:40:40.491Z	733	736	381	379
2021-04-28T07:41:00.497Z	782	780	353	352
2021-04-28T07:41:20.498Z	827	825	326	327
2021-04-28T07:41:40.511Z	865	866	300	301
2021-04-28T07:42:00.516Z	901	903	276	275
2021-04-28T07:42:20.524Z	932	931	251	250
2021-04-28T07:42:40.531Z	958	957	227	228
2021-04-28T07:43:00.534Z	976	977	204	205
2021-04-28T07:43:20.536Z	991	991	183	182
2021-04-28T07:43:40.547Z	998	998	162	161
2021-04-28T07:44:00.557Z	1000	1000	141	142
2021-04-28T07:44:20.564Z	995	995	122	123
2021-04-28T07:44:40.578Z	984	985	106	105
2021-04-28T07:45:00.581Z	967	968	89	88
2021-04-28T07:45:20.582Z	946	945	73	74
2021-04-28T07:45:40.591Z	918	916	60	60
2021-04-28T07:46:00.601Z	884	885	47	47
2021-04-28T07:46:20.603Z	845	847	36	37
2021-04-28T07:46:40.614Z	806	804	26	27
2021-04-28T07:47:00.628Z	759	757	19	18
2021-04-28T07:47:20.640Z	709	711	12	11
2021-04-28T07:47:40.645Z	656	658	6	7
2021-04-28T07:48:00.652Z	606	603	3	3
2021-04-28T07:48:20.659Z	550	547	1	1
2021-04-28T07:48:40.674Z	493	496	0	0
2021-04-28T07:49:00.688Z	436	439	1	1
2021-04-28T07:49:20.703Z	386	383	4	3
2021-04-28T07:49:40.717Z	331	329	8	7
2021-04-28T07:50:00.724Z	279	281	13	13
2021-04-28T07:50:20.730Z	229	231	20	20
2021-04-28T07:50:40.740Z	187	185	29	28
2021-04-28T07:51:00.740Z	145	143	38	39
2021-04-28T07:51:20.748Z	107	109	50	50
2021-04-28T07:51:40.755Z	75	76	63	63
2021-04-28T07:52:00.763Z	50	49	77	77
2021-04-28T07:52:20.765Z	28	27	92	92
2021-04-28T07:52:40.769Z	12	13	109	110
2021-04-28T07:53:00.773Z	3	3	127	126
2021-04-28T07:53:20.775Z	0	0	147	146
2021-04-28T07:53:40.788Z	3	3	166	167
2021-04-28T07:54:00.799Z	12	12	187	188
2021-04-28T07:54:20.798Z	28	27	210	209
2021-04-28T07:54:40.810Z	48	49	234	233
2021-04-28T07:55:00.818Z	75	76	256	257
2021-04-28T07:55:20.832Z	107	106	281	282
2021-04-28T07:55:40.847Z	142	143	307	306
2021-04-28T07:56:00.857Z	183	185	334	332
2021-04-28T07:56:20.872Z	229	231	358	359
2021-04-28T07:56:40.880Z	279	276	386	387
2021-04-28T07:57:00.880Z	331	329	413	412
2021-04-28T07:57:20.887Z	381	383	442	440
2021-04-28T07:57:40.893Z	437	434	467	469
2021-04-28T07:58:00.899Z	493	491	496	497
2021-04-28T07:58:20.910Z	545	548	524	523
2021-04-28T07:58:40.925Z	601	604	553	551
2021-04-28T07:59:00.929Z	656	654	578	580
2021-04-28T07:59:20.930Z	709	707	606	605
2021-04-28T07:59:40.943Z	755	757	634	633
2021-04-28T08:00:00.956Z	802	804	659	660
2021-04-28T08:00:20.962Z	846	844	685	687
2021-04-28T08:00:40.971Z	884	883	711	710
2021-04-28T08:01:00.985Z	915	917	737	736
2021-04-28T08:01:20.994Z	944	946	759	761
2021-04-28T08:01:41.007Z	967	967	783	784
2021-04-28T08:02:01.022Z	985	984	806	805
2021-04-28T08:02:21.029Z	995	995	828	827
2021-04-28T08:02:41.043Z	1000	1000	847	848
2021-04-28T08:03:01.051Z	998	998	867	868
2021-04-28T08:03:21.054Z	991	991	886	885
2021-04-28T08:03:41.067Z	977	977	902	903
2021-04-28T08:04:01.082Z	957	958	919	919
2021-04-28T08:04:21.093Z	934	933	933	933
2021-04-28T08:04:41.107Z	903	901	947	946
2021-04-28T08:05:01.109Z	867	868	958	958
2021-04-28T08:05:21.123Z	825	827	969	969
2021-04-28T08:05:41.133Z	784	782	978	977
2021-04-28T08:06:01.136Z	736	734	985	985
2021-04-28T08:06:21.139Z	684	687	991	991
2021-04-28T08:06:41.147Z	630	633	996	995
2021-04-28T08:07:01.156Z	580	577	999	998
2021-04-28T08:07:21.162Z	523	520	1000	1000
2021-04-28T08:07:41.170Z	466	469	1000	1000
2021-04-28T08:08:01.173Z	409	412	998	998
2021-04-28T08:08:21.174Z	359	357	995	995
2021-04-28T08:08:41.187Z	306	308	990	990
2021-04-28T08:09:01.190Z	254	257	984	984
2021-04-28T08:09:21.194Z	211	209	976	976
2021-04-28T08:09:41.196Z	166	164	966	967
2021-04-28T08:10:01.206Z	126	128	956	956
2021-04-28T08:10:21.215Z	91	92	944	943
2021-04-28T08:10:41.228Z	63	62	930	931
2021-04-28T08:11:01.238Z	38	37	916	916
2021-04-28T08:11:21.247Z	20	20	900	899
2021-04-28T08:11:41.256Z	7	7	882	883
2021-04-28T08:12:01.259Z	1	1	863	864
2021-04-28T08:12:21.267Z	1	1	845	844
2021-04-28T08:12:41.273Z	7	6	824	823
2021-04-28T08:13:01.273Z	19	19	802	803
2021-04-28T08:13:21.280Z	36	37	779	780
2021-04-28T08:13:41.288Z	60	59	757	755
2021-04-28T08:14:01.299Z	90	89	732	733
2021-04-28T08:14:21.303Z	122	124	706	707
2021-04-28T08:14:41.304Z	162	164	682	681
2021-04-28T08:15:01.308Z	206	204	655	654
2021-04-28T08:15:21.308Z	254	252	628	629
2021-04-28T08:15:41.314Z	300	302	600	602
2021-04-28T08:16:01.327Z	354	356	575	574
2021-04-28T08:16:21.328Z	409	406	547	545
2021-04-28T08:16:41.329Z	460	463	518	520
2021-04-28T08:17:01.340Z	517	520	490	491
2021-04-28T08:17:21.348Z	574	571	464	463
2021-04-28T08:17:41.350Z	629	627	436	434
2021-04-28T08:18:01.365Z	679	681	407	409
2021-04-28T08:18:21.380Z	731	733	382	381
2021-04-28T08:18:41.395Z	780	778	355	353
2021-04-28T08:19:01.396Z	825	823	328	329
2021-04-28T08:19:21.404Z	862	864	301	302
2021-04-28T08:19:41.409Z	899	901	278	277
2021-04-28T08:20:01.418Z	931	930	253	251
2021-04-28T08:20:21.432Z	957	956	228	229
2021-04-28T08:20:41.435Z	976	976	205	206
2021-04-28T08:21:01.435Z	990	989	184	183
2021-04-28T08:21:21.447Z	998	998	163	162
2021-04-28T08:21:41.458Z	1000	1000	142	143
2021-04-28T08:22:01.459Z	996	995	125	124
2021-04-28T08:22:21.471Z	985	986	106	106
2021-04-28T08:22:41.472Z	968	969	89	90
2021-04-28T08:23:01.481Z	947	946	74	75
2021-04-28T08:23:21.483Z	919	918	61	60
2021-04-28T08:23:41.487Z	885	887	48	47
2021-04-28T08:24:01.494Z	850	848	36	37
2021-04-28T08:24:21.500Z	807	805	27	27
2021-04-28T08:24:41.508Z	761	763	19	19
2021-04-28T08:25:01.513Z	710	713	12	12
2021-04-28T08:25:21.514Z	662	660	7	7
2021-04-28T08:25:41.520Z	608	605	3	3
2021-04-28T08:26:01.528Z	551	554	1	1
2021-04-28T08:26:21.543Z	495	497	0	0
2021-04-28T08:26:41.546Z	443	440	1	1
2021-04-28T08:27:01.547Z	387	384	3	3
2021-04-28T08:27:21.558Z	332	335	7	7
2021-04-28T08:27:41.564Z	280	282	13	12
2021-04-28T08:28:01.567Z	235	232	20	20
2021-04-28T08:28:21.574Z	188	186	28	28
2021-04-28T08:28:41.575Z	146	148	38	38
2021-04-28T08:29:01.583Z	108	110	50	49
2021-04-28T08:29:21.586Z	78	77	63	62
2021-04-28T08:29:41.599Z	50	51	76	76
2021-04-28T08:30:01.606Z	28	29	92	92
2021-04-28T08:30:21.609Z	14	13	109	108
2021-04-28T08:30:41.613Z	4	3	127	126
2021-04-28T08:31:01.627Z	0	0	145	146
2021-04-28T08:31:21.642Z	3	3	165	164
2021-04-28T08:31:41.653Z	11	12	187	186
2021-04-28T08:32:01.661Z	26	27	208	209
2021-04-28T08:32:21.661Z	47	46	231	232
2021-04-28T08:32:41.663Z	74	73	256	254
2021-04-28T08:33:01.668Z	104	105	281	280
2021-04-28T08:33:21.673Z	141	143	304	306
2021-04-28T08:33:41.678Z	183	181	331	332
2021-04-28T08:34:01.690Z	225	227	358	357
2021-04-28T08:34:21.691Z	274	276	385	384
2021-04-28T08:34:41.703Z	326	324	411	412
2021-04-28T08:35:01.707Z	380	378	439	440
2021-04-28T08:35:21.720Z	431	434	467	466
2021-04-28T08:35:41.727Z	488	491	496	494
2021-04-28T08:36:01.728Z	545	542	522	523
2021-04-28T08:36:21.729Z	601	598	550	551
2021-04-28T08:36:41.738Z	651	653	578	577
2021-04-28T08:37:01.748Z	704	707	604	605
2021-04-28T08:37:21.762Z	755	753	631	632
2021-04-28T08:37:41.766Z	802	800	658	657
2021-04-28T08:38:01.774Z	841	843	685	684
2021-04-28T08:38:21.775Z	881	883	709	710
2021-04-28T08:38:41.776Z	915	914	735	736
2021-04-28T08:39:01.777Z	944	943	759	758
2021-04-28T08:39:21.791Z	966	966	783	782
2021-04-28T08:39:41.801Z	983	983	804	805
2021-04-28T08:40:01.806Z	995	994	826	827
2021-04-28T08:40:21.821Z	1000	1000	847	846
2021-04-28T08:40:41.834Z	999	999	867	866
2021-04-28T08:41:01.834Z	991	992	884	885
2021-04-28T08:41:21.839Z	978	978	902	901
2021-04-28T08:41:41.840Z	960	959	918	917
2021-04-28T08:42:01.844Z	935	933	932	932
2021-04-28T08:42:21.846Z	904	905	945	946
2021-04-28T08:42:41.849Z	868	869	958	957
2021-04-28T08:43:01.862Z	830	828	968	968
2021-04-28T08:43:21.866Z	785	788	977	977
2021-04-28T08:43:41.881Z	737	739	985	984
2021-04-28T08:44:01.887Z	690	687	991	991
2021-04-28T08:44:21.890Z	636	634	995	995
2021-04-28T08:44:41.901Z	581	584	998	998
2021-04-28T08:45:01.910Z	524	527	1000	1000
2021-04-28T08:45:21.924Z	473	470	1000	1000
2021-04-28T08:45:41.927Z	416	414	998	998
2021-04-28T08:46:01.935Z	361	363	995	995
2021-04-28T08:46:21.941Z	307	309	990	990
2021-04-28T08:46:41.944Z	260	258	984	984
2021-04-28T08:47:01.957Z	212	210	977	977
2021-04-28T08:47:21.968Z	168	169	968	967
2021-04-28T08:47:41.980Z	127	129	957	957
2021-04-28T08:48:01.986Z	95	93	944	945
2021-04-28T08:48:21.988Z	64	63	932	931
2021-04-28T08:48:41.998Z	39	40	917	916
2021-04-28T08:49:02.009Z	20	21	901	901
2021-04-28T08:49:22.009Z	8	8	883	884
2021-04-28T08:49:42.022Z	1	1	866	865
2021-04-28T08:50:02.032Z	1	0	846	845
2021-04-28T08:50:22.036Z	6	6	825	826
2021-04-28T08:50:42.051Z	17	18	802	803
2021-04-28T08:51:02.059Z	35	34	781	780
2021-04-28T08:51:22.069Z	59	58	757	756
2021-04-28T08:51:42.071Z	86	88	733	734
2021-04-28T08:52:02.080Z	121	122	707	708
2021-04-28T08:52:22.095Z	160	158	683	682
2021-04-28T08:52:42.110Z	204	202	657	655
2021-04-28T08:53:02.117Z	247	249	629	631
2021-04-28T08:53:22.121Z	298	300	604	603
2021-04-28T08:53:42.133Z	351	349	576	575
2021-04-28T08:54:02.136Z	407	404	548	549
2021-04-28T08:54:22.144Z	458	460	519	521
2021-04-28T08:54:42.150Z	515	517	494	492
2021-04-28T08:55:02.160Z	571	569	465	464
2021-04-28T08:55:22.166Z	627	625	437	438
2021-04-28T08:55:42.175Z	677	679	409	410
2021-04-28T08:56:02.182Z	729	726	383	382
2021-04-28T08:56:22.182Z	778	776	356	354
2021-04-28T08:56:42.185Z	819	821	329	330
2021-04-28T08:57:02.197Z	861	863	304	303
2021-04-28T08:57:22.207Z	898	897	278	277
2021-04-28T08:57:42.211Z	927	929	253	254
2021-04-28T08:58:02.218Z	954	955	229	230
2021-04-28T08:58:22.224Z	975	974	207	206
2021-04-28T08:58:42.237Z	990	989	185	186
2021-04-28T08:59:02.247Z	998	998	163	164
2021-04-28T08:59:22.257Z	1000	1000	144	143
2021-04-28T08:59:42.270Z	996	996	125	124
2021-04-28T09:00:02.279Z	986	986	107	107
2021-04-28T09:00:22.290Z	970	969	90	91
2021-04-28T09:00:42.303Z	948	949	76	75
2021-04-28T09:01:02.314Z	920	921	61	61
2021-04-28T09:01:22.317Z	889	888	48	49
2021-04-28T09:01:42.332Z	851	849	38	37
2021-04-28T09:02:02.333Z	808	810	28	27
2021-04-28T09:02:22.333Z	766	763	19	19
2021-04-28T09:02:42.334Z	716	713	12	12
2021-04-28T09:03:02.348Z	663	665	7	7
2021-04-28T09:03:22.352Z	608	610	3	3
2021-04-28T09:03:42.353Z	557	554	1	1
2021-04-28T09:04:02.353Z	500	502	0	0
2021-04-28T09:04:22.366Z	443	445	1	1
2021-04-28T09:04:42.368Z	391	389	3	3
2021-04-28T09:05:02.375Z	336	334	7	7
2021-04-28T09:05:22.388Z	283	286	12	13
2021-04-28T09:05:42.391Z	238	235	19	19
2021-04-28T09:06:02.402Z	191	189	27	28
2021-04-28T09:06:22.417Z	148	150	37	38
2021-04-28T09:06:42.418Z	113	111	49	48
2021-04-28T09:07:02.432Z	79	78	61	61
2021-04-28T09:07:22.448Z	51	52	75	76
2021-04-28T09:07:42.450Z	29	30	91	90
2021-04-28T09:08:02.461Z	14	14	108	107
2021-04-28T09:08:22.464Z	4	4	125	125
2021-04-28T09:08:42.474Z	0	0	144	143
2021-04-28T09:09:02.477Z	2	2	165	164
2021-04-28T09:09:22.491Z	11	10	184	185
2021-04-28T09:09:42.498Z	26	25	207	208
2021-04-28T09:10:02.513Z	45	46	231	230
2021-04-28T09:10:22.522Z	71	73	253	254
2021-04-28T09:10:42.536Z	104	102	278	279
2021-04-28T09:11:02.542Z	141	139	304	303
2021-04-28T09:11:22.555Z	179	181	331	330
2021-04-28T09:11:42.558Z	225	223	355	357
2021-04-28T09:12:02.573Z	274	272	383	382
2021-04-28T09:12:22.582Z	322	324	411	410
2021-04-28T09:12:42.597Z	376	374	437	438
2021-04-28T09:13:02.600Z	432	430	465	466
2021-04-28T09:13:22.603Z	484	487	494	492
2021-04-28T09:13:42.603Z	541	544	520	521
2021-04-28T09:14:02.618Z	598	595	548	549
2021-04-28T09:14:22.621Z	648	650	577	575
2021-04-28T09:14:42.622Z	702	704	602	603
2021-04-28T09:15:02.623Z	752	750	630	631
2021-04-28T09:15:22.632Z	796	798	657	656
2021-04-28T09:15:42.636Z	840	842	684	683
2021-04-28T09:16:02.651Z	880	878	708	709
2021-04-28T09:16:22.653Z	914	913	734	733
2021-04-28T09:16:42.666Z	941	942	759	758
2021-04-28T09:17:02.672Z	965	964	781	782
2021-04-28T09:17:22.682Z	983	982	804	803
2021-04-28T09:17:42.685Z	994	994	826	825
2021-04-28T09:18:02.696Z	1000	1000	845	846
2021-04-28T09:18:22.710Z	999	999	865	866
2021-04-28T09:18:42.710Z	992	992	884	883
2021-04-28T09:19:02.725Z	979	978	900	901
2021-04-28T09:19:22.736Z	960	961	917	918
2021-04-28T09:19:42.736Z	937	936	932	931
2021-04-28T09:20:02.739Z	906	905	944	945
2021-04-28T09:20:22.749Z	870	872	957	957
2021-04-28T09:20:42.757Z	830	832	968	967
2021-04-28T09:21:02.764Z	789	787	977	977
2021-04-28T09:21:22.769Z	741	743	984	984
2021-04-28T09:21:42.785Z	689	691	990	990
2021-04-28T09:22:02.788Z	640	637	995	995
2021-04-28T09:22:22.796Z	584	582	998	998
2021-04-28T09:22:42.808Z	527	530	1000	1000
2021-04-28T09:23:02.813Z	475	473	1000	1000
2021-04-28T09:23:22.813Z	419	416	998	998
2021-04-28T09:23:42.825Z	363	365	995	995
2021-04-28T09:24:02.825Z	314	311	991	991
2021-04-28T09:24:22.839Z	262	260	984	985
2021-04-28T09:24:42.852Z	213	216	977	977
2021-04-28T09:25:02.859Z	169	171	968	968
2021-04-28T09:25:22.868Z	131	130	957	958
2021-04-28T09:25:42.880Z	95	97	946	945
2021-04-28T09:26:02.886Z	64	66	932	933
2021-04-28T09:26:22.900Z	41	40	917	918
2021-04-28T09:26:42.904Z	22	21	902	901
2021-04-28T09:27:02.919Z	8	9	885	884
2021-04-28T09:27:22.924Z	1	1	866	866
2021-04-28T09:27:42.939Z	0	0	847	846
2021-04-28T09:28:02.952Z	6	5	826	825
2021-04-28T09:28:22.960Z	16	17	804	805
2021-04-28T09:28:42.964Z	34	35	781	782
2021-04-28T09:29:02.971Z	58	56	759	758
2021-04-28T09:29:22.973Z	87	86	734	735
2021-04-28T09:29:42.975Z	119	120	709	710
2021-04-28T09:30:02.982Z	158	156	685	683
2021-04-28T09:30:22.986Z	202	200	658	659
2021-04-28T09:30:42.993Z	245	247	630	632
2021-04-28T09:31:03.003Z	296	298	605	604
2021-04-28T09:31:23.012Z	349	347	577	576
2021-04-28T09:31:43.022Z	400	402	549	550
2021-04-28T09:32:03.030Z	456	459	523	521
2021-04-28T09:32:23.040Z	513	511	494	493
2021-04-28T09:32:43.042Z	565	568	466	467
2021-04-28T09:33:03.047Z	621	624	440	438
2021-04-28T09:33:23.053Z	676	674	411	410
2021-04-28T09:33:43.068Z	724	726	383	385
2021-04-28T09:34:03.076Z	773	775	356	357
2021-04-28T09:34:23.084Z	819	817	331	330
2021-04-28T09:34:43.097Z	861	859	305	306
2021-04-28T09:35:03.107Z	895	897	279	280
2021-04-28T09:35:23.117Z	927	926	256	254
2021-04-28T09:35:43.119Z	954	953	231	232
2021-04-28T09:36:03.133Z	973	974	207	208
2021-04-28T09:36:23.138Z	989	989	187	186
2021-04-28T09:36:43.153Z	998	997	165	164
2021-04-28T09:37:03.160Z	1000	1000	144	145
2021-04-28T09:37:23.169Z	996	996	126	126
2021-04-28T09:37:43.171Z	986	987	108	107
2021-04-28T09:38:03.181Z	972	971	91	92
2021-04-28T09:38:23.189Z	950	949	75	76
2021-04-28T09:38:43.192Z	922	923	62	62
2021-04-28T09:39:03.198Z	889	890	49	50
2021-04-28T09:39:23.213Z	854	852	37	38
2021-04-28T09:39:43.215Z	811	809	28	28
2021-04-28T09:40:03.216Z	765	767	20	19
2021-04-28T09:40:23.225Z	719	717	12	13
2021-04-28T09:40:43.231Z	666	664	7	7
2021-04-28T09:41:03.238Z	611	614	3	3
2021-04-28T09:41:23.241Z	560	558	1	1
2021-04-28T09:41:43.251Z	503	501	0	0
2021-04-28T09:42:03.262Z	446	449	1	1
2021-04-28T09:42:23.272Z	390	392	3	3
2021-04-28T09:42:43.272Z	340	337	7	7
2021-04-28T09:43:03.274Z	287	289	12	12
2021-04-28T09:43:23.277Z	237	239	19	19
2021-04-28T09:43:43.286Z	194	192	27	27
2021-04-28T09:44:03.288Z	151	149	36	37
2021-04-28T09:44:23.301Z	113	114	48	48
2021-04-28T09:44:43.309Z	82	80	61	60
2021-04-28T09:45:03.314Z	53	52	75	75
2021-04-28T09:45:23.324Z	31	32	90	90
2021-04-28T09:45:43.335Z	14	15	106	106
2021-04-28T09:46:03.340Z	4	4	125	124
2021-04-28T09:46:23.355Z	0	0	142	143
2021-04-28T09:46:43.370Z	2	2	163	162
2021-04-28T09:47:03.379Z	10	10	185	184
2021-04-28T09:47:23.394Z	24	25	205	206
2021-04-28T09:47:43.399Z	45	44	229	230
2021-04-28T09:48:03.403Z	69	70	253	252
2021-04-28T09:48:23.403Z	101	102	276	277
2021-04-28T09:48:43.414Z	138	136	302	303
2021-04-28T09:49:03.428Z	179	177	328	327
2021-04-28T09:49:23.433Z	221	223	356	354
2021-04-28T09:49:43.442Z	270	267	381	382
2021-04-28T09:50:03.447Z	322	319	409	410
2021-04-28T09:50:23.459Z	371	374	437	436
2021-04-28T09:50:43.474Z	427	430	463	464
2021-04-28T09:51:03.489Z	484	482	491	493
2021-04-28T09:51:23.505Z	536	539	520	518
2021-04-28T09:51:43.505Z	593	595	548	547
2021-04-28T09:52:03.521Z	648	646	574	575
2021-04-28T09:52:23.526Z	702	699	602	601
2021-04-28T09:52:43.528Z	748	750	630	629
2021-04-28T09:53:03.536Z	796	794	655	656
2021-04-28T09:53:23.541Z	840	838	682	683
2021-04-28T09:53:43.555Z	876	878	708	707
2021-04-28T09:54:03.558Z	911	913	731	732
2021-04-28T09:54:23.561Z	941	940	756	757
2021-04-28T09:54:43.573Z	963	964	780	779
2021-04-28T09:55:03.586Z	982	982	801	803
2021-04-28T09:55:23.589Z	994	993	824	825
2021-04-28T09:55:43.601Z	1000	999	845	844
2021-04-28T09:56:03.617Z	999	999	865	864
2021-04-28T09:56:23.630Z	992	993	882	883
2021-04-28T09:56:43.636Z	979	980	900	899
2021-04-28T09:57:03.650Z	962	961	917	916
2021-04-28T09:57:23.665Z	937	936	930	931
2021-04-28T09:57:43.679Z	907	908	944	945
2021-04-28T09:58:03.689Z	874	873	957	956
2021-04-28T09:58:23.696Z	834	832	967	967
2021-04-28T09:58:43.700Z	789	791	976	977
2021-04-28T09:59:03.713Z	745	743	984	984
2021-04-28T09:59:23.728Z	694	692	990	990
2021-04-28T09:59:43.728Z	640	643	995	995
2021-04-28T10:00:03.740Z	585	587	998	998
2021-04-28T10:00:23.755Z	533	530	1000	1000
2021-04-28T10:00:43.759Z	476	478	1000	1000
2021-04-28T10:01:03.760Z	419	421	998	999
2021-04-28T10:01:23.762Z	368	366	995	995
2021-04-28T10:01:43.776Z	314	312	991	991
2021-04-28T10:02:03.778Z	262	265	985	985
2021-04-28T10:02:23.788Z	218	216	977	978
2021-04-28T10:02:43.792Z	173	171	969	968
2021-04-28T10:03:03.806Z	132	133	958	958
2021-04-28T10:03:23.806Z	98	97	946	946
2021-04-28T10:03:43.808Z	67	66	933	933
2021-04-28T10:04:03.810Z	41	42	919	918
2021-04-28T10:04:23.819Z	22	22	902	903
2021-04-28T10:04:43.832Z	9	9	885	885
2021-04-28T10:05:03.837Z	1	2	868	867
2021-04-28T10:05:23.853Z	0	0	848	849
2021-04-28T10:05:43.865Z	5	5	826	827
2021-04-28T10:06:03.877Z	16	17	806	805
2021-04-28T10:06:23.886Z	34	33	783	782
2021-04-28T10:06:43.899Z	55	56	759	760
2021-04-28T10:07:03.900Z	84	85	737	735
2021-04-28T10:07:23.914Z	118	117	711	710
2021-04-28T10:07:43.915Z	154	156	685	686
2021-04-28T10:08:03.916Z	197	199	658	659
2021-04-28T10:08:23.917Z	245	242	633	632
2021-04-28T10:08:43.919Z	295	293	606	607
2021-04-28T10:09:03.932Z	344	346	577	579
2021-04-28T10:09:23.934Z	399	396	552	550
2021-04-28T10:09:43.941Z	455	453	523	522
2021-04-28T10:10:03.950Z	507	510	495	496
2021-04-28T10:10:23.951Z	564	566	466	468
2021-04-28T10:10:43.966Z	620	618	440	439
2021-04-28T10:11:03.967Z	675	672	412	413
2021-04-28T10:11:23.969Z	722	724	384	386
2021-04-28T10:11:43.984Z	772	770	359	358
2021-04-28T10:12:03.997Z	818	816	332	333
2021-04-28T10:12:23.999Z	856	858	305	307
2021-04-28T10:12:44.014Z	894	895	282	281
2021-04-28T10:13:04.018Z	926	925	256	255
2021-04-28T10:13:24.029Z	951	952	232	233
2021-04-28T10:13:44.040Z	973	974	208	209
2021-04-28T10:14:04.042Z	988	988	188	187
2021-04-28T10:14:24.055Z	997	997	166	167
2021-04-28T10:14:44.067Z	1000	1000	145	146
2021-04-28T10:15:04.073Z	997	997	127	126
2021-04-28T10:15:24.083Z	987	987	109	108
2021-04-28T10:16:16.183Z	607	610	553	554
2021-04-28T10:16:36.192Z	662	660	581	583
2021-04-28T10:16:56.206Z	715	713	609	608
2021-04-28T10:17:16.217Z	761	763	637	636
2021-04-28T10:17:36.232Z	808	806	662	663
2021-04-28T10:17:56.243Z	851	849	689	690
2021-04-28T10:18:16.244Z	886	887	715	714
2021-04-28T10:18:36.255Z	920	921	738	739
2021-04-28T10:18:56.260Z	948	947	763	764
2021-04-28T10:19:16.267Z	968	969	787	785
2021-04-28T10:20:03.030Z	607	610	556	554
2021-04-28T10:20:23.042Z	662	660	581	583
2021-04-28T10:20:43.043Z	715	713	609	608
2021-04-28T10:21:03.056Z	760	763	637	636
2021-04-28T10:21:23.056Z	807	809	662	663
2021-04-28T10:21:43.057Z	850	848	688	690
2021-04-28T10:22:03.071Z	885	887	715	713
2021-04-28T10:22:23.081Z	919	920	740	739
2021-04-28T10:22:43.094Z	947	946	762	763
2021-04-28T10:23:03.104Z	970	969	786	787
2021-04-28T10:23:23.114Z	986	986	809	808
2021-04-28T10:23:43.119Z	996	996	831	830
2021-04-28T10:24:03.122Z	1000	1000	850	851
2021-04-28T10:24:23.133Z	998	998	869	870
2021-04-28T10:24:43.147Z	989	990	888	888
2021-04-28T10:25:03.153Z	975	976	905	904
2021-04-28T10:25:23.162Z	956	955	921	920
2021-04-28T10:25:43.167Z	931	929	935	934
2021-04-28T10:26:03.169Z	899	898	948	948
2021-04-28T10:26:23.182Z	863	861	959	960
2021-04-28T10:26:43.190Z	821	823	970	970
2021-04-28T10:27:03.203Z	780	778	979	978
2021-04-28T10:27:23.217Z	731	729	986	986
2021-04-28T10:27:43.219Z	679	682	991	992
2021-04-28T10:28:03.222Z	625	628	996	996
2021-04-28T10:28:23.236Z	570	573	999	999
2021-04-28T10:28:43.246Z	514	517	1000	1000
2021-04-28T10:29:03.246Z	463	461	1000	1000
2021-04-28T10:29:23.253Z	408	405	998	998
2021-04-28T10:29:43.256Z	353	351	994	994
2021-04-28T10:30:03.268Z	300	298	990	989
2021-04-28T10:30:23.274Z	250	252	983	983
2021-04-28T10:30:43.288Z	203	205	975	975
2021-04-28T10:31:03.288Z	160	162	966	965
2021-04-28T10:31:23.297Z	121	123	955	955
2021-04-28T10:31:43.303Z	90	88	942	943
2021-04-28T10:32:03.317Z	60	59	930	929
2021-04-28T10:32:23.324Z	36	37	915	914
2021-04-28T10:32:43.338Z	18	19	898	897
2021-04-28T10:33:03.340Z	6	6	880	881
2021-04-28T10:33:23.341Z	1	1	862	862
2021-04-28T10:33:43.342Z	1	1	842	843
2021-04-28T10:34:03.356Z	7	8	821	822
2021-04-28T10:34:23.367Z	20	21	800	799
2021-04-28T10:34:43.373Z	39	38	777	776
2021-04-28T10:35:03.381Z	64	63	753	752
2021-04-28T10:35:23.387Z	94	92	729	730
2021-04-28T10:35:43.393Z	126	128	704	705
2021-04-28T10:36:03.400Z	165	167	678	679
2021-04-28T10:36:23.400Z	209	211	651	652
2021-04-28T10:36:43.405Z	257	259	627	625
2021-04-28T10:37:03.411Z	307	305	599	598
2021-04-28T10:37:23.413Z	360	358	572	570
2021-04-28T10:37:43.429Z	415	412	544	542
2021-04-28T10:38:03.436Z	471	468	516	517
2021-04-28T10:38:23.487Z	522	525	487	488
2021-04-28T10:38:43.488Z	580	577	461	460
2021-04-28T10:39:03.498Z	635	633	432	434
2021-04-28T10:39:23.511Z	685	687	404	406
2021-04-28T10:39:43.512Z	736	739	379	378
2021-04-28T10:40:03.516Z	785	783	351	350
2021-04-28T10:40:23.515Z	826	828	324	326
2021-04-28T10:40:43.516Z	867	869	300	299
2021-04-28T10:41:03.516Z	904	902	275	273
2021-04-28T10:41:23.516Z	935	933	249	251
2021-04-28T10:41:43.516Z	958	959	225	226
2021-04-28T10:42:03.516Z	978	977	204	203
2021-04-28T10:42:23.516Z	991	991	181	182
2021-04-28T10:42:43.516Z	998	999	160	161
2021-04-28T10:43:03.517Z	1000	1000	141	140
2021-04-28T10:43:23.516Z	995	995	122	121
2021-04-28T10:43:43.516Z	984	984	104	105
2021-04-28T10:44:03.516Z	967	966	89	88
2021-04-28T10:44:23.516Z	944	945	73	72
2021-04-28T10:44:43.516Z	917	916	59	59
2021-04-28T10:45:03.516Z	883	881	47	47
2021-04-28T10:45:23.516Z	844	846	36	35
2021-04-28T10:45:43.517Z	800	802	26	26
2021-04-28T10:46:03.519Z	757	755	18	18
2021-04-28T10:46:23.532Z	707	709	12	11
2021-04-28T10:47:11.889Z	607	610	556	554
2021-04-28T10:47:31.890Z	662	659	581	582
2021-04-28T10:47:51.897Z	715	712	609	608
2021-04-28T10:48:11.911Z	761	763	637	636
2021-04-28T10:48:31.921Z	808	805	662	663
2021-04-28T10:48:51.920Z	851	849	689	688
2021-04-28T10:49:11.929Z	886	887	715	714
2021-04-28T10:49:31.932Z	920	918	738	739
2021-04-28T10:49:51.936Z	948	947	763	764
2021-04-28T10:50:11.943Z	969	970	787	786
2021-04-28T10:50:31.957Z	985	986	808	809
2021-04-28T10:50:51.962Z	996	996	829	830
2021-04-28T10:51:11.962Z	1000	1000	850	849
2021-04-28T10:51:31.976Z	998	998	870	869
2021-04-28T10:51:51.981Z	990	989	887	888
2021-04-28T10:52:11.991Z	975	976	904	905
2021-04-28T10:52:32.003Z	954	956	920	920
2021-04-28T10:52:52.003Z	930	929	935	934
2021-04-28T10:53:12.018Z	899	897	947	948
2021-04-28T10:53:32.018Z	862	864	959	960
2021-04-28T10:53:52.028Z	824	822	970	969
2021-04-28T10:54:12.038Z	779	776	978	978
2021-04-28T10:54:32.041Z	729	732	986	986
2021-04-28T10:54:52.041Z	677	680	992	991
2021-04-28T10:55:12.043Z	628	626	996	996
2021-04-28T10:55:32.058Z	573	570	999	999
2021-04-28T10:55:52.060Z	516	519	1000	1000
2021-04-28T10:56:12.075Z	459	462	1000	1000
2021-04-28T10:56:32.090Z	408	406	998	998
2021-04-28T10:56:52.092Z	353	350	995	994
2021-04-28T10:57:12.102Z	300	302	990	989
2021-04-28T10:57:32.106Z	249	251	983	983
2021-04-28T10:57:52.119Z	206	204	975	975
2021-04-28T10:58:12.120Z	162	160	966	966
2021-04-28T10:58:32.135Z	122	124	955	955
2021-04-28T10:58:52.147Z	90	89	943	943
2021-04-28T10:59:12.148Z	60	59	929	929
2021-04-28T10:59:32.152Z	36	37	915	914
2021-04-28T10:59:52.154Z	18	18	898	899
2021-04-28T11:00:12.169Z	7	6	880	881
2021-04-28T11:00:32.182Z	1	1	863	862
2021-04-28T11:00:52.185Z	1	1	842	843
2021-04-28T11:01:12.192Z	7	8	821	822
2021-04-28T11:01:32.198Z	20	21	801	800
2021-04-28T11:01:52.213Z	39	38	777	776
2021-04-28T11:02:12.216Z	62	63	753	754
2021-04-28T11:02:32.229Z	92	94	730	729
2021-04-28T11:02:52.243Z	128	126	704	703
2021-04-28T11:03:12.248Z	165	167	678	679
2021-04-28T11:03:32.261Z	209	211	651	652
2021-04-28T11:03:52.275Z	258	255	626	625
2021-04-28T11:04:12.277Z	309	306	598	600
2021-04-28T11:04:32.293Z	358	360	570	571
2021-04-28T11:04:52.307Z	414	411	544	543
2021-04-28T11:05:12.308Z	470	468	516	517
2021-04-28T11:05:32.322Z	522	525	487	488
2021-04-28T11:05:52.325Z	579	582	461	460
2021-04-28T11:06:12.338Z	635	632	433	432
2021-04-28T11:06:32.339Z	684	686	405	406
2021-04-28T11:06:52.339Z	736	738	379	378
2021-04-28T11:07:12.355Z	785	783	352	350
2021-04-28T11:07:32.357Z	830	828	325	326
2021-04-28T11:07:52.370Z	867	869	298	299
2021-04-28T11:08:12.383Z	903	902	275	273
2021-04-28T11:08:32.397Z	934	933	250	251
2021-04-28T11:08:52.413Z	958	959	225	226
2021-04-28T11:09:12.419Z	978	977	204	203
2021-04-28T11:09:32.429Z	991	991	181	182
2021-04-28T11:09:52.433Z	998	999	160	161
2021-04-28T11:10:12.449Z	1000	1000	141	140
2021-04-28T11:10:32.458Z	995	995	122	121
2021-04-28T11:10:52.474Z	984	984	104	105
2021-04-28T11:11:12.481Z	967	966	87	88
2021-04-28T11:11:32.496Z	944	945	73	72
2021-04-28T11:11:52.512Z	914	916	59	60
2021-04-28T11:12:12.526Z	883	882	46	47
2021-04-28T11:12:32.527Z	844	842	36	35
2021-04-28T11:12:52.528Z	801	803	26	26
2021-04-28T11:13:12.540Z	754	756	18	18
2021-04-28T11:13:32.552Z	708	705	11	11
2021-04-28T11:13:52.563Z	655	652	6	6
2021-04-28T11:14:12.574Z	600	602	3	2
2021-04-28T11:14:32.589Z	548	546	1	1
2021-04-28T11:14:52.591Z	491	489	0	0
2021-04-28T11:15:12.592Z	434	437	1	1
2021-04-28T11:15:32.605Z	378	381	4	4
2021-04-28T11:15:52.619Z	329	327	8	8
2021-04-28T11:16:12.626Z	277	275	14	13
2021-04-28T11:16:32.636Z	228	230	20	21
2021-04-28T11:16:52.638Z	182	184	29	30
2021-04-28T11:17:12.642Z	144	142	39	39
2021-04-28T11:17:32.653Z	106	105	50	51
2021-04-28T11:17:52.662Z	74	75	63	64
2021-04-28T11:18:12.677Z	47	48	78	77
2021-04-28T11:18:32.678Z	27	27	94	93
2021-04-28T11:18:52.682Z	12	11	109	110
2021-04-28T11:19:12.694Z	3	3	128	129
2021-04-28T11:19:32.701Z	0	0	147	146
2021-04-28T11:19:52.715Z	3	3	168	167
2021-04-28T11:20:12.728Z	13	12	188	189
2021-04-28T11:20:32.740Z	29	28	211	212
2021-04-28T11:20:52.752Z	49	50	235	234
2021-04-28T11:21:12.755Z	76	77	257	258
2021-04-28T11:21:32.770Z	109	107	282	283
2021-04-28T11:21:52.777Z	147	145	308	307
2021-04-28T11:22:12.788Z	185	187	335	334
2021-04-28T11:22:32.788Z	232	234	359	361
2021-04-28T11:22:52.795Z	281	279	387	388
2021-04-28T11:23:12.803Z	334	332	415	414
2021-04-28T11:23:32.808Z	384	386	443	442
2021-04-28T11:23:52.824Z	440	437	469	470
2021-04-28T11:24:12.827Z	497	494	497	499
2021-04-28T11:24:32.842Z	549	551	526	525
2021-04-28T11:24:52.856Z	605	608	552	553
2021-04-28T11:25:12.870Z	660	658	580	582
2021-04-28T11:25:32.871Z	709	711	608	607
2021-04-28T11:25:52.885Z	759	762	634	635
2021-04-28T11:26:12.887Z	806	804	661	662
2021-04-28T11:26:32.887Z	846	848	688	687
2021-04-28T11:26:52.888Z	885	887	712	713
2021-04-28T11:27:12.901Z	919	917	737	739
2021-04-28T11:27:32.908Z	945	946	762	761
2021-04-28T11:27:52.916Z	968	969	786	785
2021-04-28T11:28:12.925Z	985	985	808	807
2021-04-28T11:28:32.929Z	995	996	828	829
2021-04-28T11:28:52.937Z	1000	1000	849	850
2021-04-28T11:29:12.953Z	998	998	869	868
2021-04-28T11:29:32.964Z	991	990	887	886
2021-04-28T11:29:52.976Z	977	976	904	904
2021-04-28T11:30:12.976Z	957	956	919	920
2021-04-28T11:30:32.977Z	931	932	934	934
2021-04-28T11:30:52.981Z	899	900	947	947
2021-04-28T11:31:12.988Z	865	864	959	959
2021-04-28T11:31:32.996Z	824	826	969	969
2021-04-28T11:31:53.011Z	779	781	978	978
2021-04-28T11:32:13.026Z	734	732	986	985
2021-04-28T11:32:33.029Z	682	680	991	991
2021-04-28T11:32:53.040Z	628	630	996	996
2021-04-28T11:33:13.044Z	577	575	999	999
2021-04-28T11:33:33.058Z	520	518	1000	1000
2021-04-28T11:33:53.071Z	463	466	1000	1000
2021-04-28T11:34:13.083Z	407	409	998	998
2021-04-28T11:34:33.098Z	356	354	994	995
2021-04-28T11:34:53.104Z	302	305	990	990
2021-04-28T11:35:13.105Z	251	254	983	984
2021-04-28T11:35:33.106Z	208	206	975	976
2021-04-28T11:35:53.117Z	163	161	967	966
2021-04-28T11:36:13.122Z	123	125	956	955
2021-04-28T11:36:33.128Z	91	90	943	944
2021-04-28T11:36:53.136Z	61	60	930	930
2021-04-28T11:37:13.141Z	37	38	915	915
2021-04-28T11:37:33.142Z	18	19	899	899
2021-04-28T11:37:53.142Z	7	7	881	882
2021-04-28T11:38:13.153Z	1	1	864	863
2021-04-28T11:38:33.165Z	1	1	844	843
2021-04-28T11:38:53.172Z	7	7	822	823
2021-04-28T11:39:13.173Z	19	20	800	801
2021-04-28T11:39:33.178Z	38	39	779	778
2021-04-28T11:39:53.185Z	62	61	755	754
2021-04-28T11:40:13.194Z	90	91	730	731
2021-04-28T11:40:33.200Z	125	127	706	705
2021-04-28T11:40:53.207Z	165	163	680	679
2021-04-28T11:41:13.212Z	210	208	653	654
2021-04-28T11:41:33.214Z	253	256	626	627
2021-04-28T11:41:53.216Z	305	302	600	599
2021-04-28T11:42:13.221Z	359	356	572	574
2021-04-28T11:42:33.226Z	409	412	544	545
2021-04-28T11:42:53.227Z	466	463	518	517
2021-04-28T11:43:13.238Z	523	520	490	488
2021-04-28T11:46:15.239Z	607	610	553	554
2021-04-28T11:46:35.247Z	662	660	581	583
2021-04-28T11:46:55.256Z	715	713	609	608
2021-04-28T11:47:15.263Z	761	763	637	636
2021-04-28T11:47:35.275Z	807	809	662	663
2021-04-28T11:47:55.282Z	850	849	688	690
2021-04-28T11:48:15.285Z	885	887	715	713
2021-04-28T11:48:35.288Z	919	921	738	739
2021-04-28T11:48:55.303Z	948	947	763	764
2021-04-28T11:49:15.306Z	968	969	786	785
2021-04-28T11:49:35.308Z	985	986	807	808
2021-04-28T11:49:55.312Z	996	995	829	830
2021-04-28T11:50:15.326Z	1000	1000	850	849
2021-04-28T11:50:35.333Z	998	998	870	869
2021-04-28T11:51:29.759Z	607	610	553	554
2021-04-28T11:52:21.173Z	607	609	555	554
2021-04-28T11:53:18.607Z	607	610	553	554
2021-04-28T11:53:38.610Z	662	660	581	583
2021-04-28T11:53:58.618Z	715	713	609	608
2021-04-28T11:54:18.625Z	761	763	637	636
2021-04-28T11:54:38.637Z	808	806	662	663
2021-04-28T11:54:58.647Z	851	849	689	688
2021-04-28T11:55:18.654Z	886	888	715	714
2021-04-28T11:55:38.665Z	920	918	738	739
2021-04-28T11:55:58.666Z	948	947	763	762
2021-04-28T11:56:18.670Z	969	970	787	786
2021-04-28T11:56:38.673Z	985	986	808	809
2021-04-28T11:56:58.688Z	996	996	830	831
2021-04-28T11:59:04.186Z	607	609	555	554
2021-04-28T11:59:24.198Z	662	659	581	582
2021-04-28T11:59:44.211Z	715	712	609	610
2021-04-28T12:00:04.216Z	760	763	637	636
2021-04-28T12:00:24.217Z	807	809	662	663
2021-04-28T12:00:44.219Z	850	848	688	690
2021-04-28T12:01:04.224Z	888	887	714	713
2021-04-28T12:01:24.231Z	918	920	739	738
2021-04-28T12:01:44.232Z	947	948	764	763
2021-04-28T12:02:29.870Z	611	608	555	553
2021-04-28T12:02:49.881Z	660	663	583	582
2021-04-28T12:03:09.892Z	713	715	608	610
2021-04-28T12:04:15.233Z	606	608	555	554
2021-04-28T12:05:20.832Z	610	608	555	553
2021-04-28T12:05:40.841Z	660	663	583	582
2021-04-28T12:06:00.855Z	713	711	608	610
2021-04-28T12:06:20.861Z	763	761	636	637
2021-04-28T12:07:13.866Z	607	610	556	554
2021-04-28T12:07:33.870Z	662	659	581	582
2021-04-28T12:07:53.871Z	714	712	609	610
2021-04-28T12:08:13.872Z	763	761	636	635
2021-04-28T12:08:33.884Z	806	808	663	662
2021-04-28T12:08:53.893Z	849	850	690	688
2021-04-28T12:09:13.903Z	887	888	713	714
2021-04-28T12:09:33.912Z	920	918	738	739
2021-04-28T12:10:46.614Z	607	609	555	554
2021-04-28T12:11:06.620Z	662	659	581	582
2021-04-28T12:11:26.622Z	715	712	609	608
2021-04-28T12:11:46.635Z	760	763	637	636
2021-04-28T12:12:06.648Z	807	810	662	663
2021-04-28T12:12:26.652Z	850	849	689	690
2021-04-28T12:12:46.661Z	886	887	715	714
2021-04-28T12:13:06.668Z	919	921	738	739
2021-04-28T12:13:26.678Z	948	947	763	764
2021-04-28T12:13:46.682Z	968	969	787	785
2021-04-28T12:14:06.697Z	985	986	807	808
2021-04-28T12:14:26.702Z	996	996	829	830
2021-04-28T12:14:46.710Z	1000	1000	850	849
2021-04-28T12:15:06.714Z	998	998	870	869
2021-04-28T12:15:26.727Z	990	990	887	888
2021-04-28T12:15:46.738Z	975	976	905	904
2021-04-28T12:16:06.750Z	956	955	921	920
2021-04-28T12:16:26.755Z	930	928	934	935
2021-04-28T12:16:46.759Z	898	899	948	948
2021-04-28T12:17:06.768Z	864	862	960	959
2021-04-28T12:17:26.782Z	823	821	969	970
2021-04-28T12:17:46.786Z	777	779	978	979
2021-04-28T12:18:06.802Z	732	730	986	986
2021-04-28T12:18:26.802Z	680	678	991	992
2021-04-28T12:19:10.631Z	607	609	555	554
2021-04-28T12:19:30.634Z	662	659	581	582
2021-04-28T12:20:11.232Z	607	609	555	554
2021-04-28T12:20:31.234Z	662	659	581	582
2021-04-28T12:20:51.243Z	715	712	609	610
2021-04-28T12:21:11.253Z	760	762	637	636
2021-04-28T12:21:31.267Z	807	809	662	663
2021-04-28T12:21:51.276Z	850	848	688	690
2021-04-28T12:22:11.281Z	885	887	714	713
2021-04-28T12:22:31.290Z	919	921	740	739
2021-04-28T12:22:51.293Z	947	946	762	763
2021-04-28T12:23:11.306Z	970	969	786	785
2021-04-28T12:23:31.307Z	985	986	809	808
2021-04-28T12:23:51.323Z	996	995	829	830
2021-04-28T12:24:11.323Z	1000	1000	850	849
2021-04-28T12:24:31.327Z	998	998	870	869
2021-04-28T12:24:51.334Z	990	989	887	888
2021-04-28T12:25:11.341Z	975	976	904	905
2021-04-28T12:25:31.351Z	956	955	921	920
2021-04-28T12:25:51.357Z	930	929	935	935
2021-04-28T12:26:11.364Z	898	900	947	948
2021-04-28T12:26:31.369Z	861	863	959	959
2021-04-28T12:26:51.378Z	824	822	970	970
2021-04-28T12:27:11.394Z	778	776	978	979
2021-04-28T12:27:31.400Z	729	731	986	986
2021-04-28T12:27:51.413Z	677	680	992	991
2021-04-28T12:28:11.415Z	629	626	996	996
2021-04-28T12:28:31.421Z	573	571	999	999
2021-04-28T12:28:51.436Z	517	514	1000	1000
2021-04-28T12:29:11.448Z	460	463	1000	1000
2021-04-28T12:29:31.448Z	405	407	998	998
2021-04-28T12:29:51.456Z	350	352	994	995
2021-04-28T12:30:11.471Z	302	299	989	990
2021-04-28T12:30:31.483Z	251	249	983	983
2021-04-28T12:30:51.483Z	204	206	975	975
2021-04-28T12:31:11.491Z	160	162	966	965
2021-04-28T12:31:31.504Z	121	123	955	955
2021-04-28T12:31:51.513Z	90	88	942	943
2021-04-28T12:32:11.515Z	60	59	930	929
2021-04-28T12:32:31.526Z	36	35	915	914
2021-04-28T12:32:51.532Z	18	19	898	898
2021-04-28T12:33:11.536Z	6	6	881	881
2021-04-28T12:33:31.537Z	1	1	862	863
2021-04-28T12:33:51.540Z	1	1	842	842
2021-04-28T12:34:11.548Z	7	8	822	821
2021-04-28T12:34:31.563Z	20	20	800	799
2021-04-28T12:34:51.574Z	39	38	777	776
2021-04-28T12:35:11.589Z	64	63	753	755
2021-04-28T12:35:31.597Z	94	93	729	730
2021-04-28T12:35:51.599Z	126	128	703	705
2021-04-28T12:36:11.600Z	166	168	680	678
2021-04-28T12:36:31.602Z	210	208	653	652
2021-04-28T12:36:51.603Z	258	256	626	625
2021-04-28T12:37:11.615Z	309	306	598	600
2021-04-28T12:37:31.628Z	357	360	570	572
2021-04-28T12:37:51.639Z	412	415	542	544
2021-04-28T12:38:11.653Z	468	471	517	515
2021-04-28T12:38:31.662Z	525	522	488	487
2021-04-28T12:38:51.677Z	581	579	460	461
2021-04-28T12:39:11.690Z	631	634	432	433
2021-04-28T12:39:31.705Z	685	687	404	405
2021-04-28T12:39:51.716Z	736	738	379	378
2021-04-28T12:40:11.729Z	785	782	352	351
2021-04-28T12:40:31.733Z	829	827	325	326
2021-04-28T12:40:51.744Z	866	868	299	300
2021-04-28T12:41:11.756Z	902	904	273	274
2021-04-28T12:41:31.766Z	933	932	250	249
2021-04-28T12:41:51.775Z	959	958	226	225
2021-04-28T12:42:11.787Z	978	977	203	204
2021-04-28T12:42:31.795Z	991	991	181	182
2021-04-28T12:42:51.809Z	998	999	161	160
2021-04-28T12:43:11.823Z	1000	1000	141	140
2021-04-28T12:43:31.824Z	995	995	121	122
2021-04-28T12:43:51.839Z	984	983	105	104
2021-04-28T12:44:11.840Z	966	967	88	87
2021-04-28T12:44:31.854Z	943	944	73	73
2021-04-28T12:44:51.869Z	916	915	58	59
2021-04-28T12:45:11.870Z	882	884	47	46
2021-04-28T12:45:31.881Z	843	845	36	35
2021-04-28T12:45:51.888Z	803	801	26	26
2021-04-28T12:46:11.902Z	756	754	18	18
2021-04-28T12:46:31.903Z	705	707	11	11
2021-04-28T12:46:51.904Z	657	654	6	6
2021-04-28T12:47:11.917Z	601	599	3	3
2021-04-28T12:47:31.932Z	545	547	1	0
2021-04-28T12:47:51.935Z	493	490	0	0
2021-04-28T12:48:11.948Z	436	433	1	1
2021-04-28T12:48:31.950Z	380	382	4	4
2021-04-28T12:48:51.964Z	325	327	8	8
2021-04-28T12:49:11.965Z	277	275	14	13
2021-04-28T12:49:31.966Z	228	230	20	21
2021-04-28T12:49:51.981Z	182	184	29	29
2021-04-28T12:50:11.995Z	143	141	40	39
2021-04-28T12:50:31.998Z	106	107	50	51
2021-04-28T12:50:52.011Z	73	74	64	63
2021-04-28T12:51:12.026Z	48	47	78	78
2021-04-28T12:51:32.029Z	27	26	93	94
2021-04-28T12:51:52.042Z	12	12	110	111
2021-04-28T12:52:12.043Z	3	3	128	128
2021-04-28T12:52:32.044Z	0	0	148	147
2021-04-28T12:52:52.059Z	3	3	167	168
2021-04-28T12:53:12.059Z	13	13	189	188
2021-04-28T12:53:32.072Z	28	29	212	211
2021-04-28T12:53:52.074Z	50	49	233	235
2021-04-28T12:54:12.075Z	78	76	258	257
2021-04-28T12:54:32.078Z	108	109	283	282
2021-04-28T12:54:52.090Z	145	147	307	308
2021-04-28T12:55:12.105Z	188	186	334	335
2021-04-28T12:55:32.109Z	230	232	361	360
2021-04-28T12:55:52.121Z	280	282	386	388
2021-04-28T12:56:12.135Z	333	330	414	416
2021-04-28T12:56:32.136Z	383	385	443	441
2021-04-28T12:56:52.136Z	439	441	468	470
2021-04-28T12:57:12.149Z	496	493	497	498
2021-04-28T12:57:32.153Z	553	550	526	524
2021-04-28T12:57:52.165Z	604	607	554	553
2021-04-28T12:58:12.167Z	659	657	580	581
2021-04-28T12:58:32.183Z	712	710	608	607
2021-04-28T12:58:52.185Z	758	761	636	634
2021-04-28T12:59:12.201Z	806	803	661	662
2021-04-28T12:59:32.212Z	849	847	687	686
2021-04-28T12:59:52.215Z	884	886	714	712
2021-04-28T13:00:12.230Z	918	919	737	738
2021-04-28T13:00:32.245Z	947	945	762	763
2021-04-28T13:00:52.246Z	968	968	786	784
2021-04-28T13:01:12.261Z	985	985	806	808
2021-04-28T13:01:32.265Z	996	995	829	830
2021-04-28T13:01:52.277Z	1000	1000	850	849
2021-04-28T13:02:12.293Z	998	998	868	869
2021-04-28T13:02:32.308Z	990	991	887	887
2021-04-28T13:02:52.309Z	976	976	904	903
2021-04-28T13:03:12.322Z	957	956	920	919
2021-04-28T13:03:32.337Z	931	932	934	934
2021-04-28T13:03:52.338Z	899	901	947	947
2021-04-28T13:04:12.340Z	866	864	959	959
2021-04-28T13:04:32.356Z	824	826	969	969
2021-04-28T13:04:52.366Z	779	781	978	978
2021-04-28T13:05:12.371Z	734	732	986	985
2021-04-28T13:05:32.386Z	682	680	991	991
2021-04-28T13:05:52.388Z	628	630	996	996
2021-04-28T13:06:12.403Z	577	574	999	999
2021-04-28T13:06:32.404Z	520	517	1000	1000
2021-04-28T13:06:52.418Z	463	466	1000	1000
2021-04-28T13:07:12.418Z	411	409	998	998
2021-04-28T13:07:32.432Z	356	353	995	995
2021-04-28T13:07:52.432Z	302	304	990	990
2021-04-28T13:08:12.447Z	251	253	983	984
2021-04-28T13:08:32.450Z	207	205	975	976
2021-04-28T13:08:52.461Z	163	165	966	966
2021-04-28T13:09:12.464Z	123	125	955	956
2021-04-28T13:09:32.479Z	91	89	943	943
2021-04-28T13:09:52.481Z	61	62	930	930
2021-04-28T13:10:12.496Z	36	37	915	916
2021-04-28T13:10:32.509Z	19	19	898	899
2021-04-28T13:10:52.512Z	7	6	882	881
2021-04-28T13:11:12.526Z	1	1	863	862
2021-04-28T13:11:32.529Z	1	1	843	844
2021-04-28T13:11:52.541Z	7	7	823	822
2021-04-28T13:12:12.544Z	20	19	801	800
2021-04-28T13:12:32.545Z	37	38	778	779
2021-04-28T13:12:52.549Z	61	62	754	755
2021-04-28T13:13:12.551Z	91	90	731	730
2021-04-28T13:13:32.560Z	126	125	706	704
2021-04-28T13:13:52.571Z	163	165	679	680
2021-04-28T13:14:12.573Z	207	209	652	654
2021-04-28T13:14:32.574Z	254	257	628	627
2021-04-28T13:14:52.584Z	305	303	600	599
2021-04-28T13:15:12.593Z	359	356	572	573
2021-04-28T13:15:32.599Z	409	412	544	545
2021-04-28T13:15:52.600Z	466	468	518	517
2021-04-28T13:16:12.611Z	522	520	490	488
2021-04-28T13:16:32.620Z	579	576	461	463
2021-04-28T13:16:52.634Z	629	632	433	434
2021-04-28T13:17:12.638Z	683	685	408	406
2021-04-28T13:17:32.650Z	735	732	380	379
2021-04-28T13:17:52.660Z	783	781	352	354
2021-04-28T13:18:12.667Z	824	826	326	327
2021-04-28T13:18:32.678Z	865	867	302	300
2021-04-28T13:18:52.686Z	902	900	276	275
2021-04-28T13:19:12.690Z	933	932	251	250
2021-04-28T13:19:32.699Z	956	957	227	228
2021-04-28T13:19:52.707Z	977	977	205	204
2021-04-28T13:20:12.715Z	991	990	183	182
2021-04-28T13:20:32.722Z	998	998	161	162
2021-04-28T13:20:52.736Z	1000	1000	141	142
2021-04-28T13:21:12.748Z	995	995	124	123
2021-04-28T13:21:32.760Z	984	985	105	105
2021-04-28T13:21:52.766Z	967	968	89	89
2021-04-28T13:22:12.775Z	946	945	73	74
2021-04-28T13:22:32.790Z	917	916	60	60
2021-04-28T13:22:52.793Z	883	885	47	47
2021-04-28T13:23:12.807Z	844	846	36	36
2021-04-28T13:23:32.821Z	805	803	26	26
2021-04-28T13:23:52.824Z	758	760	18	18
2021-04-28T13:24:12.831Z	707	709	12	12
2021-04-28T13:24:32.837Z	659	657	6	6
2021-04-28T13:24:52.844Z	605	602	3	3
2021-04-28T13:25:12.849Z	549	546	1	1
2021-04-28T13:25:32.850Z	492	495	0	0
2021-04-28T13:25:52.853Z	436	439	1	1
2021-04-28T13:26:12.865Z	386	383	4	3
2021-04-28T13:26:32.879Z	331	329	8	7
2021-04-28T13:26:52.883Z	279	277	13	13
2021-04-28T13:27:12.897Z	230	232	20	20
2021-04-28T13:27:32.907Z	184	186	29	29
2021-04-28T13:27:52.914Z	143	144	39	38
2021-04-28T13:28:12.926Z	109	107	50	50
2021-04-28T13:28:32.927Z	76	75	62	63
2021-04-28T13:28:52.936Z	49	50	77	77
2021-04-28T13:29:12.941Z	27	28	92	93
2021-04-28T13:29:32.950Z	12	12	109	109
2021-04-28T13:29:52.962Z	3	3	128	127
2021-04-28T13:30:12.964Z	0	0	147	146
2021-04-28T13:30:32.966Z	3	3	166	167
2021-04-28T13:30:52.979Z	12	12	187	188
2021-04-28T13:31:12.981Z	28	27	210	209
2021-04-28T13:31:32.992Z	48	49	234	232
2021-04-28T13:31:53.006Z	74	76	258	257
2021-04-28T13:32:13.017Z	107	108	280	282
2021-04-28T13:32:33.019Z	144	142	306	307
2021-04-28T13:32:53.023Z	186	184	332	334
2021-04-28T13:33:13.033Z	232	229	359	358
2021-04-28T13:33:33.039Z	276	279	387	385
2021-04-28T13:33:53.041Z	328	331	412	413
2021-04-28T13:34:13.051Z	382	380	440	441
2021-04-28T13:34:33.060Z	438	435	468	469
2021-04-28T13:34:53.071Z	494	492	496	495
2021-04-28T13:35:13.086Z	546	548	525	523
2021-04-28T13:35:33.098Z	602	604	550	552
2021-04-28T13:35:53.114Z	656	654	578	580
2021-04-28T13:36:13.122Z	709	707	606	607
2021-04-28T13:36:33.134Z	759	757	634	632
2021-04-28T13:36:53.139Z	801	804	661	659
2021-04-28T13:37:13.151Z	844	846	687	686
2021-04-28T13:37:33.161Z	883	882	711	712
2021-04-28T13:37:53.172Z	917	916	736	737
2021-04-28T13:38:13.182Z	946	944	761	760
2021-04-28T13:38:33.190Z	967	967	784	783
2021-04-28T13:38:53.198Z	984	984	807	806
2021-04-28T13:39:13.206Z	995	995	827	828
2021-04-28T13:39:33.212Z	1000	1000	848	849
2021-04-28T13:39:53.222Z	998	998	868	868
2021-04-28T13:40:13.226Z	990	991	886	885
2021-04-28T13:40:33.239Z	978	977	903	903
2021-04-28T13:40:53.240Z	958	957	919	919
2021-04-28T13:41:13.248Z	933	931	933	933
2021-04-28T13:41:33.262Z	902	903	946	947
2021-04-28T13:41:53.269Z	865	867	958	958
2021-04-28T13:42:13.283Z	828	826	969	968
2021-04-28T13:42:33.288Z	783	781	977	978
2021-04-28T13:42:53.289Z	734	737	985	985
2021-04-28T13:43:13.293Z	683	685	991	991
2021-04-28T13:43:33.307Z	633	631	996	996
2021-04-28T13:43:53.308Z	578	580	998	999
2021-04-28T13:44:13.323Z	521	523	1000	1000
2021-04-28T13:44:33.326Z	469	466	1000	1000
2021-04-28T13:44:53.336Z	412	410	998	998
2021-04-28T13:45:13.338Z	357	359	995	995
2021-04-28T13:45:33.352Z	303	305	990	990
2021-04-28T13:45:53.353Z	256	254	983	984
2021-04-28T13:46:13.356Z	208	210	976	976
2021-04-28T13:46:33.368Z	164	166	967	967
2021-04-28T13:46:53.371Z	127	126	956	956
2021-04-28T13:47:13.386Z	92	93	944	944
2021-04-28T13:47:33.390Z	61	63	931	931
2021-04-28T13:47:53.401Z	39	38	915	916
2021-04-28T13:48:13.416Z	20	19	900	899
2021-04-28T13:48:33.417Z	7	7	882	882
2021-04-28T13:48:53.433Z	1	1	863	864
2021-04-28T13:49:13.435Z	1	1	845	844
2021-04-28T13:49:33.445Z	7	6	824	823
2021-04-28T13:49:53.448Z	18	19	801	802
2021-04-28T13:50:13.459Z	36	37	780	779
2021-04-28T13:50:33.464Z	61	60	756	755
2021-04-28T13:50:53.466Z	88	89	731	732
2021-04-28T13:51:13.480Z	123	125	706	707
2021-04-28T13:51:33.495Z	163	161	682	680
2021-04-28T13:51:53.496Z	207	205	655	656
2021-04-28T13:52:13.497Z	251	253	627	628
2021-04-28T13:52:33.511Z	302	300	602	601
2021-04-28T13:52:53.527Z	356	353	574	575
2021-04-28T13:53:13.528Z	406	409	545	547
2021-04-28T13:53:33.542Z	463	460	519	518
2021-04-28T13:53:53.557Z	520	518	491	490
2021-04-28T13:54:13.559Z	572	574	462	464
2021-04-28T13:54:33.572Z	628	630	436	435
2021-04-28T13:54:53.574Z	682	680	408	407
2021-04-28T13:55:13.589Z	730	732	380	381
2021-04-28T13:55:33.604Z	779	781	355	354
2021-04-28T13:55:53.604Z	824	822	328	327
2021-04-28T13:56:13.620Z	866	864	301	303
2021-04-28T13:56:33.622Z	899	901	276	277
2021-04-28T13:56:53.637Z	931	929	253	252
2021-04-28T13:57:13.649Z	957	956	228	229
2021-04-28T13:57:33.651Z	976	976	205	206
2021-04-28T13:57:53.653Z	990	991	184	183
2021-04-28T13:58:13.668Z	998	998	163	162
2021-04-28T13:58:33.683Z	1000	1000	142	143
2021-04-28T13:58:53.684Z	996	995	124	123
2021-04-28T13:59:13.699Z	985	985	106	105
2021-04-28T13:59:33.713Z	969	968	89	90
2021-04-28T13:59:53.729Z	947	945	75	74
2021-04-28T14:00:13.732Z	918	920	60	60
2021-04-28T14:00:33.744Z	887	886	48	48
2021-04-28T14:00:53.751Z	849	847	36	37
2021-04-28T14:01:13.761Z	806	808	27	27
2021-04-28T14:01:33.765Z	758	761	19	19
2021-04-28T14:01:53.778Z	712	710	12	12
2021-04-28T14:02:13.792Z	659	662	7	6
2021-04-28T14:02:33.792Z	604	607	3	3
2021-04-28T14:02:53.793Z	553	550	1	1
2021-04-28T14:03:13.806Z	496	498	0	0
2021-04-28T14:03:33.806Z	439	441	1	1
2021-04-28T14:03:53.816Z	388	385	3	3
2021-04-28T14:04:13.824Z	333	330	7	7
2021-04-28T14:04:33.836Z	280	282	13	13
2021-04-28T14:04:53.839Z	235	233	20	20
2021-04-28T14:05:13.854Z	188	186	28	28
2021-04-28T14:05:33.859Z	146	148	38	38
2021-04-28T14:05:53.870Z	108	109	50	49
2021-04-28T14:06:13.871Z	78	76	63	62
2021-04-28T14:06:33.885Z	50	51	76	77
2021-04-28T14:06:53.898Z	28	29	92	91
2021-04-28T14:07:13.901Z	13	13	109	108
2021-04-28T14:07:33.913Z	3	3	126	127
2021-04-28T14:07:53.919Z	0	0	145	146
2021-04-28T14:08:13.919Z	3	3	166	165
2021-04-28T14:08:33.933Z	11	12	186	187
2021-04-28T14:08:53.945Z	27	26	208	209
2021-04-28T14:09:13.959Z	48	47	232	231
2021-04-28T14:09:33.974Z	73	74	256	255
2021-04-28T14:09:53.989Z	105	107	279	281
2021-04-28T14:10:13.997Z	143	141	305	307
2021-04-28T14:10:34.012Z	181	183	332	331
2021-04-28T14:10:54.025Z	227	229	357	358
2021-04-28T14:11:14.028Z	276	274	384	386
2021-04-28T14:11:34.028Z	324	326	412	411
2021-04-28T14:11:54.040Z	378	381	440	439
2021-04-28T14:12:14.048Z	435	432	466	468
2021-04-28T14:12:34.058Z	491	489	495	494
2021-04-28T14:12:54.071Z	543	546	523	522
2021-04-28T14:13:14.073Z	600	602	549	551
2021-04-28T14:13:34.072Z	655	653	578	579
2021-04-28T14:13:54.084Z	703	706	606	604
2021-04-28T14:14:14.100Z	754	756	631	632
2021-04-28T14:14:34.106Z	802	800	658	659
2021-04-28T14:14:54.114Z	845	843	685	684
2021-04-28T14:15:14.118Z	881	882	711	710
2021-04-28T14:15:34.125Z	915	914	735	736
2021-04-28T14:15:54.136Z	944	943	759	758
2021-04-28T14:16:14.152Z	966	967	784	782
2021-04-28T14:16:34.153Z	983	983	804	806
2021-04-28T14:16:54.167Z	995	994	827	826
2021-04-28T14:17:14.170Z	1000	1000	848	847
2021-04-28T14:17:34.184Z	999	998	866	867
2021-04-28T14:17:54.197Z	991	992	885	886
2021-04-28T14:18:14.199Z	979	978	902	902
2021-04-28T14:18:34.199Z	959	958	917	918
2021-04-28T14:18:54.213Z	933	935	932	933
2021-04-28T14:19:14.213Z	905	904	946	945
2021-04-28T14:19:34.214Z	869	867	957	958
2021-04-28T14:19:54.216Z	828	830	968	968
2021-04-28T14:20:14.230Z	783	785	977	977
2021-04-28T14:20:34.237Z	739	736	985	985
2021-04-28T14:20:54.243Z	687	689	991	991
2021-04-28T14:21:14.256Z	633	636	995	996
2021-04-28T14:21:34.259Z	582	580	998	998
2021-04-28T14:21:54.261Z	526	523	1000	1000
2021-04-28T14:22:14.277Z	468	471	1000	1000
2021-04-28T14:22:34.293Z	417	414	998	998
2021-04-28T14:22:54.306Z	361	359	995	995
2021-04-28T14:23:14.309Z	307	310	990	990
2021-04-28T14:23:34.318Z	256	258	984	984
2021-04-28T14:23:54.324Z	212	210	976	977
2021-04-28T14:24:14.326Z	167	169	968	967
2021-04-28T14:24:34.340Z	127	128	957	957
2021-04-28T14:24:54.346Z	94	93	944	945
2021-04-28T14:25:14.355Z	64	65	932	931
2021-04-28T14:25:34.356Z	39	40	917	916
2021-04-28T14:25:54.365Z	21	20	900	901
2021-04-28T14:26:14.366Z	8	7	884	883
2021-04-28T14:26:34.370Z	1	1	865	864
2021-04-28T14:26:54.372Z	0	1	845	846
2021-04-28T14:27:14.372Z	6	6	826	825
2021-04-28T14:27:34.386Z	18	17	803	802
2021-04-28T14:27:54.388Z	37	36	780	781
2021-04-28T14:28:14.402Z	59	60	756	757
2021-04-28T14:28:34.417Z	88	87	733	732
2021-04-28T14:28:54.420Z	123	122	708	709
2021-04-28T14:29:14.432Z	159	161	681	683
2021-04-28T14:29:34.433Z	203	201	657	656
2021-04-28T14:29:54.436Z	251	249	629	631
2021-04-28T14:30:14.450Z	298	300	602	603
2021-04-28T14:30:34.466Z	351	349	576	575
2021-04-28T14:30:54.479Z	407	404	548	549
2021-04-28T14:31:14.479Z	458	461	519	520
2021-04-28T14:31:34.494Z	516	518	493	492
2021-04-28T14:31:54.509Z	573	570	464	463
2021-04-28T14:32:14.511Z	624	626	436	437
2021-04-28T14:32:34.524Z	678	681	410	409
2021-04-28T14:32:54.525Z	730	728	382	381
2021-04-28T14:33:14.528Z	775	777	355	356
2021-04-28T14:33:34.542Z	821	823	330	329
2021-04-28T14:33:54.543Z	863	861	303	302
2021-04-28T14:34:14.543Z	896	898	277	279
2021-04-28T14:34:34.543Z	929	930	252	253
2021-04-28T14:34:54.557Z	955	954	230	229
2021-04-28T14:35:14.559Z	976	975	206	207
2021-04-28T14:35:34.574Z	989	990	184	185
2021-04-28T14:35:54.575Z	998	998	164	163
2021-04-28T14:36:14.587Z	1000	1000	143	144
2021-04-28T14:36:34.602Z	996	996	124	125
2021-04-28T14:36:54.605Z	986	985	107	107
2021-04-28T14:37:14.613Z	969	970	90	90
2021-04-28T14:37:34.622Z	947	948	75	75
2021-04-28T14:37:54.625Z	921	920	61	61
2021-04-28T14:38:14.629Z	888	889	49	48
2021-04-28T15:56:53.608Z	876	877	45	44
2021-04-28T15:57:13.619Z	346	349	6	6
2021-04-28T15:57:33.621Z	298	295	11	11
2021-04-28T15:57:53.631Z	247	249	17	18
2021-04-28T15:58:13.641Z	200	202	25	26
2021-04-28T15:59:22.481Z	607	609	555	554
2021-04-28T16:00:15.846Z	607	610	556	554
