time	1-tT	1-T
2021-12-30T07:08:10.175Z	1200	414
2021-12-30T07:08:30.189Z	1200	416
2021-12-30T07:08:50.201Z	1200	419
2021-12-30T07:09:10.210Z	1200	422
2021-12-30T07:09:30.210Z	1200	424
2021-12-30T07:09:50.221Z	1200	427
2021-12-30T07:10:10.225Z	1200	429
2021-12-30T07:10:30.238Z	1200	432
2021-12-30T07:10:50.238Z	1200	433
2021-12-30T07:11:10.250Z	1200	434
2021-12-30T07:11:30.255Z	1200	433
2021-12-30T07:11:50.270Z	1200	432
2021-12-30T07:12:10.278Z	1200	431
2021-12-30T07:12:30.283Z	1200	430
2021-12-30T07:12:50.288Z	1200	428
2021-12-30T07:13:10.290Z	1200	427
2021-12-30T07:13:30.297Z	1200	426
2021-12-30T07:13:50.304Z	1200	423
2021-12-30T07:14:10.310Z	1200	421
2021-12-30T07:14:30.321Z	1200	419
2021-12-30T07:14:50.335Z	1200	418
2021-12-30T07:15:10.344Z	1200	417
2021-12-30T07:15:30.350Z	1200	415
2021-12-30T07:15:50.364Z	1200	414
2021-12-30T07:16:50.365Z	1200	409
2021-12-30T07:17:10.368Z	1200	407
2021-12-30T07:17:30.368Z	1200	406
2021-12-30T07:17:50.377Z	1200	404
2021-12-30T07:18:10.382Z	1200	403
2021-12-30T07:18:30.383Z	1200	401
2021-12-30T07:18:50.393Z	1200	400
2021-12-30T07:19:10.406Z	1200	399
2021-12-30T07:19:30.413Z	1200	397
2021-12-30T07:19:50.413Z	1200	396
2021-12-30T07:20:10.420Z	1200	395
2021-12-30T07:20:30.434Z	1200	393
2021-12-30T07:20:50.448Z	1200	392
2021-12-30T07:21:10.457Z	1200	391
2021-12-30T07:21:30.466Z	1200	390
2021-12-30T07:21:50.477Z	1200	389
2021-12-30T07:22:10.486Z	1200	387
2021-12-30T07:22:30.501Z	1200	387
2021-12-30T07:22:50.504Z	1200	385
2021-12-30T07:23:10.518Z	1200	384
2021-12-30T07:23:30.522Z	1200	383
2021-12-30T07:23:50.529Z	1200	382
2021-12-30T07:24:10.528Z	1200	381
2021-12-30T07:24:30.537Z	1200	380
2021-12-30T07:24:50.542Z	1200	379
2021-12-30T07:25:10.542Z	1200	378
2021-12-30T07:25:30.543Z	1200	377
2021-12-30T07:25:50.549Z	1200	376
2021-12-30T07:26:10.550Z	1200	375
2021-12-30T07:26:30.560Z	1200	374
2021-12-30T07:26:50.560Z	1200	373
2021-12-30T07:27:10.567Z	1200	372
2021-12-30T07:27:30.566Z	1200	371
2021-12-30T07:27:50.566Z	1200	370
2021-12-30T07:28:10.571Z	1200	369
2021-12-30T07:28:30.572Z	1200	368
2021-12-30T07:28:50.574Z	1200	367
2021-12-30T07:29:10.574Z	1200	366
2021-12-30T07:29:30.574Z	1200	365
2021-12-30T07:29:50.576Z	1200	318
2021-12-30T07:30:10.576Z	1200	325
2021-12-30T07:30:30.585Z	1200	330
2021-12-30T07:30:50.590Z	1200	332
2021-12-30T07:31:10.591Z	1200	335
2021-12-30T07:31:30.602Z	1200	339
2021-12-30T07:31:50.603Z	1200	343
2021-12-30T07:32:10.612Z	1200	347
2021-12-30T07:32:30.618Z	1200	351
2021-12-30T07:32:50.628Z	1200	356
2021-12-30T07:33:10.629Z	1200	362
2021-12-30T07:33:30.630Z	1200	366
2021-12-30T07:33:50.640Z	1200	371
2021-12-30T07:34:10.641Z	1200	375
2021-12-30T07:34:30.655Z	1200	380
2021-12-30T07:34:50.657Z	1200	384
2021-12-30T07:35:10.665Z	1200	389
2021-12-30T07:35:30.671Z	1200	393
2021-12-30T07:35:50.676Z	1200	397
2021-12-30T07:36:10.683Z	1200	401
2021-12-30T07:36:30.699Z	1200	405
2021-12-30T07:36:50.711Z	1200	408
2021-12-30T07:37:10.711Z	1200	409
2021-12-30T07:37:30.719Z	1200	409
2021-12-30T07:37:50.732Z	1200	408
2021-12-30T07:38:10.748Z	1200	406
2021-12-30T07:38:30.758Z	1200	405
2021-12-30T07:38:50.760Z	1200	403
2021-12-30T07:39:10.767Z	1200	402
2021-12-30T07:39:30.778Z	1200	399
2021-12-30T07:39:50.790Z	1200	397
2021-12-30T07:40:10.803Z	1200	394
2021-12-30T07:40:30.813Z	1200	392
2021-12-30T07:40:50.823Z	1200	390
2021-12-30T07:41:10.827Z	1200	388
2021-12-30T07:41:30.835Z	1200	386
2021-12-30T07:41:50.840Z	1200	388
2021-12-30T07:42:10.853Z	1200	388
2021-12-30T07:42:30.865Z	1200	391
2021-12-30T07:42:50.875Z	1200	392
2021-12-30T07:43:10.882Z	1200	396
2021-12-30T07:43:30.894Z	1200	398
2021-12-30T07:43:50.902Z	1200	398
2021-12-30T07:44:10.902Z	1200	397
2021-12-30T07:44:30.912Z	1200	398
2021-12-30T07:44:50.922Z	1200	397
2021-12-30T07:45:10.923Z	1200	396
2021-12-30T07:45:30.925Z	1200	395
2021-12-30T07:45:50.935Z	1200	389
2021-12-30T07:46:10.940Z	1200	326
2021-12-30T07:46:30.942Z	1200	299
2021-12-30T07:46:50.950Z	1200	296
2021-12-30T07:47:10.956Z	1200	296
2021-12-30T07:47:30.971Z	1200	298
2021-12-30T07:47:50.972Z	1200	301
2021-12-30T07:48:10.975Z	1200	304
2021-12-30T07:48:30.983Z	1200	306
2021-12-30T07:48:50.984Z	1200	310
2021-12-30T07:49:10.994Z	1200	313
2021-12-30T07:49:31.004Z	1200	317
2021-12-30T07:49:51.010Z	1200	321
2021-12-30T07:50:11.015Z	1200	325
2021-12-30T07:50:31.021Z	1200	329
2021-12-30T07:50:51.033Z	1200	333
2021-12-30T07:51:11.043Z	1200	337
2021-12-30T07:51:31.054Z	1200	341
2021-12-30T07:51:51.057Z	1200	345
2021-12-30T07:52:11.070Z	1200	349
2021-12-30T07:52:31.071Z	1200	352
2021-12-30T07:52:51.079Z	1200	356
2021-12-30T07:53:11.085Z	1200	359
2021-12-30T07:53:31.096Z	1200	363
2021-12-30T07:53:51.111Z	1200	365
2021-12-30T07:54:11.118Z	1200	369
2021-12-30T07:54:31.132Z	1200	372
2021-12-30T07:54:51.144Z	1200	375
2021-12-30T07:55:11.148Z	1200	378
2021-12-30T07:55:31.163Z	1200	380
2021-12-30T07:55:51.175Z	1200	383
2021-12-30T07:56:11.180Z	1200	386
2021-12-30T07:56:31.184Z	1200	389
2021-12-30T07:56:51.192Z	1200	391
2021-12-30T07:57:11.193Z	1200	394
2021-12-30T07:57:31.194Z	1200	397
2021-12-30T07:57:51.203Z	1200	399
2021-12-30T07:58:11.206Z	1200	402
2021-12-30T07:58:31.206Z	1200	404
2021-12-30T07:58:51.206Z	1200	406
2021-12-30T07:59:11.211Z	1200	409
2021-12-30T07:59:51.235Z	1200	413
2021-12-30T08:00:11.241Z	1200	415
2021-12-30T08:00:31.250Z	1200	418
2021-12-30T08:00:51.255Z	1200	420
2021-12-30T08:01:11.257Z	1200	420
2021-12-30T08:01:31.266Z	1200	420
2021-12-30T08:01:51.270Z	1200	420
2021-12-30T08:02:11.280Z	1200	418
2021-12-30T08:02:31.282Z	1200	417
2021-12-30T08:02:51.290Z	1200	415
2021-12-30T08:03:11.292Z	1200	413
2021-12-30T08:03:51.301Z	1200	409
2021-12-30T08:04:11.309Z	1200	407
2021-12-30T08:04:31.311Z	1200	404
2021-12-30T08:04:51.322Z	1200	402
2021-12-30T08:05:11.328Z	1200	401
2021-12-30T08:05:31.338Z	1200	398
2021-12-30T08:05:51.345Z	1200	396
2021-12-30T08:06:11.347Z	1200	395
2021-12-30T08:06:31.361Z	1200	393
2021-12-30T08:06:51.366Z	1200	392
2021-12-30T08:07:11.368Z	1200	391
2021-12-30T08:07:31.371Z	1200	391
2021-12-30T08:07:51.381Z	1200	392
2021-12-30T08:08:11.392Z	1200	394
2021-12-30T08:08:31.407Z	1200	396
2021-12-30T08:08:51.422Z	1200	398
2021-12-30T08:09:11.426Z	1200	401
2021-12-30T08:09:31.441Z	1200	403
2021-12-30T08:09:51.454Z	1200	406
2021-12-30T08:10:11.465Z	1200	406
2021-12-30T08:10:31.471Z	1200	407
2021-12-30T08:10:51.484Z	1200	407
2021-12-30T08:11:11.487Z	1200	406
2021-12-30T08:11:31.490Z	1200	405
2021-12-30T08:11:51.499Z	1200	404
2021-12-30T08:12:11.514Z	1200	402
2021-12-30T08:12:31.517Z	1200	401
2021-12-30T08:12:51.528Z	1200	399
2021-12-30T08:13:11.533Z	1200	397
2021-12-30T08:13:31.533Z	1200	396
2021-12-30T08:13:51.536Z	1200	393
2021-12-30T08:14:11.536Z	1200	392
2021-12-30T08:14:31.539Z	1200	391
2021-12-30T08:14:51.542Z	1200	391
2021-12-30T08:15:11.544Z	1200	392
2021-12-30T08:15:31.556Z	1200	393
2021-12-30T08:15:51.562Z	1200	395
2021-12-30T08:16:11.566Z	1200	397
2021-12-30T08:16:31.569Z	1200	400
2021-12-30T08:16:51.575Z	1200	402
2021-12-30T08:17:11.588Z	1200	404
2021-12-30T08:17:31.596Z	1200	405
2021-12-30T08:17:51.603Z	1200	357
2021-12-30T08:18:11.610Z	1200	365
2021-12-30T08:18:31.617Z	1200	373
2021-12-30T08:18:51.627Z	1200	379
2021-12-30T08:19:11.632Z	1200	383
2021-12-30T08:19:31.645Z	1200	388
2021-12-30T08:19:51.647Z	1200	392
2021-12-30T08:20:11.654Z	1200	394
2021-12-30T08:20:31.654Z	1200	396
2021-12-30T08:20:51.662Z	1200	396
2021-12-30T08:21:11.671Z	1200	396
2021-12-30T08:21:31.671Z	1200	396
2021-12-30T08:21:51.681Z	1200	394
2021-12-30T08:22:11.687Z	1200	393
2021-12-30T08:22:31.694Z	1200	391
2021-12-30T08:22:51.695Z	1200	389
2021-12-30T08:23:11.707Z	1200	387
2021-12-30T08:23:31.708Z	1200	385
2021-12-30T08:23:51.721Z	1200	384
2021-12-30T08:24:11.729Z	1200	383
2021-12-30T08:24:31.744Z	1200	383
2021-12-30T08:24:51.752Z	1200	384
2021-12-30T08:25:11.756Z	1200	385
2021-12-30T08:25:31.766Z	1200	389
2021-12-30T08:25:51.769Z	1200	391
2021-12-30T08:26:11.773Z	1200	394
2021-12-30T08:26:31.774Z	1200	395
2021-12-30T08:26:51.774Z	1200	395
2021-12-30T08:27:11.775Z	1200	396
2021-12-30T08:27:31.781Z	1200	394
2021-12-30T08:27:51.788Z	1200	393
2021-12-30T08:28:11.795Z	1200	392
2021-12-30T08:28:31.806Z	1200	389
2021-12-30T08:28:51.815Z	1200	387
2021-12-30T08:29:11.828Z	1200	386
2021-12-30T08:29:31.830Z	1200	385
2021-12-30T08:29:51.837Z	1200	384
2021-12-30T08:30:11.844Z	1200	385
2021-12-30T08:30:31.857Z	1200	387
2021-12-30T08:30:51.866Z	1200	390
2021-12-30T08:31:11.868Z	1200	392
2021-12-30T08:31:31.869Z	1200	395
2021-12-30T08:31:51.873Z	1200	396
2021-12-30T08:32:11.884Z	1200	396
2021-12-30T08:32:31.888Z	1200	396
2021-12-30T08:32:51.889Z	1200	395
2021-12-30T08:33:11.902Z	1200	394
2021-12-30T08:33:31.907Z	1200	392
2021-12-30T08:33:51.921Z	1200	391
2021-12-30T08:34:11.933Z	1200	388
2021-12-30T08:34:31.942Z	1200	386
2021-12-30T08:34:51.957Z	1200	385
2021-12-30T08:35:11.960Z	1200	385
2021-12-30T08:35:31.971Z	1200	386
2021-12-30T08:35:51.985Z	1200	387
2021-12-30T08:36:12.000Z	1200	389
2021-12-30T08:36:32.005Z	1200	392
2021-12-30T08:36:52.017Z	1200	394
2021-12-30T08:37:12.019Z	1200	396
2021-12-30T08:37:32.030Z	1200	397
2021-12-30T08:37:52.036Z	1200	396
2021-12-30T08:38:12.038Z	1200	396
2021-12-30T08:38:32.040Z	1200	395
2021-12-30T08:38:52.050Z	1200	394
2021-12-30T08:39:12.053Z	1200	392
2021-12-30T08:39:32.067Z	1200	390
2021-12-30T08:39:52.074Z	1200	388
2021-12-30T08:40:12.083Z	1200	346
2021-12-30T08:40:32.095Z	1200	299
2021-12-30T08:40:52.102Z	1200	286
2021-12-30T08:41:12.103Z	1200	292
2021-12-30T08:41:32.110Z	1200	295
2021-12-30T08:41:52.114Z	1200	298
2021-12-30T08:42:12.127Z	1200	301
2021-12-30T08:42:32.137Z	1200	304
2021-12-30T08:42:52.138Z	1200	305
2021-12-30T08:43:12.145Z	1200	307
2021-12-30T08:43:32.156Z	1200	310
2021-12-30T08:43:52.168Z	1200	313
2021-12-30T08:44:12.171Z	1200	316
2021-12-30T08:44:32.186Z	1200	319
2021-12-30T08:44:52.185Z	1200	323
2021-12-30T08:45:12.197Z	1200	327
2021-12-30T08:45:32.202Z	1200	331
2021-12-30T08:45:52.212Z	1200	334
2021-12-30T08:46:12.221Z	1200	338
2021-12-30T08:46:32.221Z	1200	342
2021-12-30T08:46:52.225Z	1200	346
2021-12-30T08:47:12.236Z	1200	349
2021-12-30T08:47:32.243Z	1200	352
2021-12-30T08:47:52.259Z	1200	356
2021-12-30T08:48:12.273Z	1200	359
2021-12-30T08:48:32.283Z	1200	363
2021-12-30T08:48:52.284Z	1200	365
2021-12-30T08:49:12.293Z	1200	369
2021-12-30T08:49:32.307Z	1200	371
2021-12-30T08:49:52.318Z	1200	374
2021-12-30T08:50:12.322Z	1200	378
2021-12-30T08:50:32.323Z	1200	380
2021-12-30T08:50:52.328Z	1200	383
2021-12-30T08:51:12.333Z	1200	386
2021-12-30T08:51:32.334Z	1200	389
2021-12-30T08:51:52.346Z	1200	391
2021-12-30T08:52:12.358Z	1200	394
2021-12-30T08:52:32.362Z	1200	397
2021-12-30T08:52:52.375Z	1200	399
2021-12-30T08:53:12.379Z	1200	402
2021-12-30T08:53:32.388Z	1200	404
2021-12-30T08:53:52.404Z	1200	407
2021-12-30T08:54:12.409Z	1200	409
2021-12-30T08:54:52.431Z	1200	414
2021-12-30T08:55:12.442Z	1200	417
2021-12-30T08:55:32.445Z	1200	419
2021-12-30T08:55:52.452Z	1200	421
2021-12-30T08:56:12.456Z	1200	422
2021-12-30T08:56:32.467Z	1200	422
2021-12-30T08:56:52.466Z	1200	421
2021-12-30T08:57:12.478Z	1200	420
2021-12-30T08:57:32.479Z	1200	419
2021-12-30T08:57:52.487Z	1200	417
2021-12-30T08:58:12.501Z	1200	415
2021-12-30T08:58:32.508Z	1200	413
2021-12-30T08:59:12.519Z	1200	409
2021-12-30T08:59:32.521Z	1200	407
2021-12-30T08:59:52.525Z	1200	405
2021-12-30T09:00:12.527Z	1200	403
2021-12-30T09:00:32.531Z	1200	401
2021-12-30T09:00:52.537Z	1200	399
2021-12-30T09:01:12.540Z	1200	397
2021-12-30T09:01:32.540Z	1200	395
2021-12-30T09:01:52.543Z	1200	394
2021-12-30T09:02:12.553Z	1200	392
2021-12-30T09:02:32.554Z	1200	392
2021-12-30T09:02:52.555Z	1200	393
2021-12-30T09:03:12.556Z	1200	394
2021-12-30T09:03:32.562Z	1200	396
2021-12-30T09:03:52.575Z	1200	398
2021-12-30T09:04:12.583Z	1200	401
2021-12-30T09:04:32.590Z	1200	403
2021-12-30T09:04:52.604Z	1200	405
2021-12-30T09:05:12.607Z	1200	406
2021-12-30T09:05:32.611Z	1200	407
2021-12-30T09:05:52.623Z	1200	407
2021-12-30T09:06:12.632Z	1200	406
2021-12-30T09:06:32.637Z	1200	406
2021-12-30T09:06:52.652Z	1200	404
2021-12-30T09:07:12.657Z	1200	402
2021-12-30T09:07:32.667Z	1200	401
2021-12-30T09:07:52.677Z	1200	399
2021-12-30T09:08:12.691Z	1200	398
2021-12-30T09:08:32.699Z	1200	396
2021-12-30T09:08:52.712Z	1200	395
2021-12-30T09:09:12.718Z	1200	393
2021-12-30T09:09:32.721Z	1200	393
2021-12-30T09:09:52.730Z	1200	393
2021-12-30T09:10:12.737Z	1200	392
2021-12-30T09:10:32.741Z	1200	323
2021-12-30T09:10:52.750Z	1200	333
2021-12-30T09:11:12.758Z	1200	357
2021-12-30T09:11:32.773Z	1200	371
2021-12-30T09:11:52.787Z	1200	383
2021-12-30T09:12:12.797Z	1200	391
2021-12-30T09:12:32.802Z	1200	398
2021-12-30T09:12:52.806Z	1200	405
2021-12-30T09:13:32.833Z	1200	415
2021-12-30T09:13:52.836Z	1200	417
2021-12-30T09:14:12.844Z	1200	419
2021-12-30T09:14:32.852Z	1200	420
2021-12-30T09:14:52.865Z	1200	420
2021-12-30T09:15:12.877Z	1200	420
2021-12-30T09:15:32.882Z	1200	419
2021-12-30T09:15:52.896Z	1200	418
2021-12-30T09:16:12.909Z	1200	417
2021-12-30T09:16:32.909Z	1200	416
2021-12-30T09:16:52.912Z	1200	415
2021-12-30T09:17:12.912Z	1200	413
2021-12-30T09:18:12.934Z	1200	409
2021-12-30T09:18:32.949Z	1200	407
2021-12-30T09:18:52.960Z	1200	406
2021-12-30T09:19:12.961Z	1200	405
2021-12-30T09:19:32.962Z	1200	403
2021-12-30T09:19:52.977Z	1200	402
2021-12-30T09:20:12.977Z	1200	401
2021-12-30T09:20:32.979Z	1200	401
2021-12-30T09:20:52.988Z	1200	402
2021-12-30T09:21:12.992Z	1200	404
2021-12-30T09:21:33.004Z	1200	406
2021-12-30T09:21:53.006Z	1200	408
2021-12-30T09:24:33.075Z	1200	409
2021-12-30T09:24:53.081Z	1200	407
2021-12-30T09:25:13.081Z	1200	406
2021-12-30T09:25:33.096Z	1200	405
2021-12-30T09:25:53.104Z	1200	404
2021-12-30T09:26:13.110Z	1200	403
2021-12-30T09:26:33.118Z	1200	402
2021-12-30T09:26:53.134Z	1200	403
2021-12-30T09:27:13.144Z	1200	404
2021-12-30T09:27:33.156Z	1200	406
2021-12-30T09:27:53.165Z	1200	408
2021-12-30T09:28:53.186Z	1200	413
2021-12-30T09:29:13.190Z	1200	414
2021-12-30T09:29:33.190Z	1200	414
2021-12-30T09:29:53.204Z	1200	373
2021-12-30T09:30:13.205Z	1200	338
2021-12-30T09:30:33.209Z	1200	329
2021-12-30T09:30:53.211Z	1200	326
2021-12-30T09:31:13.223Z	1200	325
2021-12-30T09:31:33.238Z	1200	325
2021-12-30T09:31:53.242Z	1200	327
2021-12-30T09:32:13.248Z	1200	329
2021-12-30T09:32:33.253Z	1200	331
2021-12-30T09:32:53.257Z	1200	333
2021-12-30T09:33:13.260Z	1200	335
2021-12-30T09:33:33.270Z	1200	337
2021-12-30T09:33:53.279Z	1200	340
2021-12-30T09:34:13.292Z	1200	343
2021-12-30T09:34:33.302Z	1200	346
2021-12-30T09:34:53.309Z	1200	349
2021-12-30T09:35:13.324Z	1200	352
2021-12-30T09:35:33.329Z	1200	356
2021-12-30T09:35:53.330Z	1200	359
2021-12-30T09:36:13.344Z	1200	362
2021-12-30T09:36:33.349Z	1200	365
2021-12-30T09:36:53.358Z	1200	368
2021-12-30T09:37:13.361Z	1200	371
2021-12-30T09:37:33.362Z	1200	374
2021-12-30T09:37:53.372Z	1200	377
2021-12-30T09:38:13.378Z	1200	380
2021-12-30T09:38:33.383Z	1200	383
2021-12-30T09:38:53.396Z	1200	385
2021-12-30T09:39:13.408Z	1200	388
2021-12-30T09:39:33.423Z	1200	391
2021-12-30T09:39:53.428Z	1200	392
2021-12-30T09:40:13.437Z	1200	396
2021-12-30T09:40:33.446Z	1200	398
2021-12-30T09:40:53.456Z	1200	402
2021-12-30T09:41:13.466Z	1200	404
2021-12-30T09:41:33.465Z	1200	407
2021-12-30T09:41:53.479Z	1200	408
2021-12-30T09:42:33.501Z	1200	415
2021-12-30T09:42:53.504Z	1200	416
2021-12-30T09:43:13.510Z	1200	418
2021-12-30T09:43:33.519Z	1200	421
2021-12-30T09:43:53.526Z	1200	423
2021-12-30T09:44:13.534Z	1200	425
2021-12-30T09:44:33.535Z	1200	425
2021-12-30T09:44:53.546Z	1200	426
2021-12-30T09:45:13.546Z	1200	425
2021-12-30T09:45:33.553Z	1200	424
2021-12-30T09:45:53.557Z	1200	424
2021-12-30T09:46:13.569Z	1200	421
2021-12-30T09:46:33.581Z	1200	420
2021-12-30T09:46:53.588Z	1200	418
2021-12-30T09:47:13.598Z	1200	417
2021-12-30T09:47:33.610Z	1200	414
2021-12-30T09:47:53.621Z	1200	413
2021-12-30T09:48:33.629Z	1200	408
2021-12-30T09:48:53.632Z	1200	406
2021-12-30T09:49:13.643Z	1200	405
2021-12-30T09:49:33.652Z	1200	403
2021-12-30T09:49:53.653Z	1200	401
2021-12-30T09:50:13.661Z	1200	399
2021-12-30T09:50:33.676Z	1200	397
2021-12-30T09:50:53.680Z	1200	396
2021-12-30T09:51:13.687Z	1200	396
2021-12-30T09:51:33.695Z	1200	397
2021-12-30T09:51:53.705Z	1200	398
2021-12-30T09:52:13.717Z	1200	400
2021-12-30T09:52:33.717Z	1200	402
2021-12-30T09:52:53.724Z	1200	405
2021-12-30T09:53:13.739Z	1200	407
2021-12-30T09:53:33.745Z	1200	409
2021-12-30T09:54:53.773Z	1200	409
2021-12-30T09:55:13.773Z	1200	408
2021-12-30T09:55:33.778Z	1200	407
2021-12-30T09:55:53.791Z	1200	406
2021-12-30T09:56:13.792Z	1200	404
2021-12-30T09:56:33.795Z	1200	402
2021-12-30T09:56:53.805Z	1200	402
2021-12-30T09:57:13.814Z	1200	400
2021-12-30T09:57:33.817Z	1200	398
2021-12-30T09:57:53.817Z	1200	398
2021-12-30T09:58:13.821Z	1200	399
2021-12-30T09:58:33.831Z	1200	400
2021-12-30T09:58:53.845Z	1200	403
2021-12-30T09:59:13.853Z	1200	404
2021-12-30T09:59:33.855Z	1200	407
2021-12-30T09:59:53.866Z	1200	407
2021-12-30T10:00:13.879Z	1200	409
2021-12-30T10:00:33.891Z	1200	409
2021-12-30T10:00:53.906Z	1200	407
2021-12-30T10:01:13.913Z	1200	407
2021-12-30T10:01:33.918Z	1200	357
2021-12-30T10:01:53.928Z	1200	349
2021-12-30T10:02:13.936Z	1200	361
2021-12-30T10:02:33.942Z	1200	370
2021-12-30T10:02:53.948Z	1200	375
2021-12-30T10:03:13.956Z	1200	381
2021-12-30T10:03:33.968Z	1200	386
2021-12-30T10:03:53.973Z	1200	392
2021-12-30T10:04:13.981Z	1200	396
2021-12-30T10:04:33.993Z	1200	399
2021-12-30T10:04:54.005Z	1200	401
2021-12-30T10:05:14.008Z	1200	401
2021-12-30T10:05:34.018Z	1200	401
2021-12-30T10:05:54.020Z	1200	401
2021-12-30T10:06:14.033Z	1200	400
2021-12-30T10:06:34.043Z	1200	399
2021-12-30T10:06:54.056Z	1200	396
2021-12-30T10:07:14.065Z	1200	395
2021-12-30T10:07:34.072Z	1200	393
2021-12-30T10:07:54.083Z	1200	391
2021-12-30T10:08:14.095Z	1200	389
2021-12-30T10:08:34.110Z	1200	387
2021-12-30T10:08:54.111Z	1200	385
2021-12-30T10:09:14.126Z	1200	385
2021-12-30T10:09:34.130Z	1200	386
2021-12-30T10:09:54.132Z	1200	386
2021-12-30T10:10:14.136Z	1200	388
2021-12-30T10:10:34.139Z	1200	391
2021-12-30T10:10:54.141Z	1200	395
2021-12-30T10:11:14.143Z	1200	397
2021-12-30T10:11:34.154Z	1200	398
2021-12-30T10:11:54.165Z	1200	398
2021-12-30T10:12:14.179Z	1200	399
2021-12-30T10:12:34.190Z	1200	398
2021-12-30T10:12:54.194Z	1200	397
2021-12-30T10:13:14.195Z	1200	396
2021-12-30T10:13:34.206Z	1200	394
2021-12-30T10:13:54.212Z	1200	393
2021-12-30T10:14:14.215Z	1200	391
2021-12-30T10:14:34.226Z	1200	389
2021-12-30T10:14:54.235Z	1200	386
2021-12-30T10:15:14.235Z	1200	326
2021-12-30T10:15:34.244Z	1200	314
2021-12-30T10:15:54.253Z	1200	311
2021-12-30T10:16:14.259Z	1200	311
2021-12-30T10:16:34.268Z	1200	313
2021-12-30T10:16:54.279Z	1200	316
2021-12-30T10:17:14.291Z	1200	318
2021-12-30T10:17:34.306Z	1200	320
2021-12-30T10:17:54.308Z	1200	323
2021-12-30T10:18:14.317Z	1200	326
2021-12-30T10:18:34.330Z	1200	330
2021-12-30T10:18:54.332Z	1200	333
2021-12-30T10:19:14.346Z	1200	337
2021-12-30T10:19:34.348Z	1200	340
2021-12-30T10:19:54.356Z	1200	344
2021-12-30T10:20:14.372Z	1200	347
2021-12-30T10:20:34.386Z	1200	350
2021-12-30T10:20:54.395Z	1200	353
2021-12-30T10:21:14.400Z	1200	356
2021-12-30T10:21:34.406Z	1200	359
2021-12-30T10:21:54.417Z	1200	363
2021-12-30T10:22:14.426Z	1200	366
2021-12-30T10:22:34.429Z	1200	369
2021-12-30T10:22:54.444Z	1200	372
2021-12-30T10:23:14.457Z	1200	375
2021-12-30T10:23:34.468Z	1200	378
2021-12-30T10:23:54.476Z	1200	380
2021-12-30T10:24:14.477Z	1200	383
2021-12-30T10:24:34.479Z	1200	386
2021-12-30T10:24:54.489Z	1200	389
2021-12-30T10:25:14.502Z	1200	392
2021-12-30T10:25:34.507Z	1200	394
2021-12-30T10:25:54.510Z	1200	397
2021-12-30T10:26:14.510Z	1200	399
2021-12-30T10:26:34.510Z	1200	402
2021-12-30T10:26:54.513Z	1200	405
2021-12-30T10:27:14.522Z	1200	407
2021-12-30T10:27:34.526Z	1200	409
2021-12-30T10:28:14.538Z	1200	414
2021-12-30T10:28:34.540Z	1200	416
2021-12-30T10:28:54.541Z	1200	419
2021-12-30T10:29:14.546Z	1200	419
2021-12-30T10:29:34.548Z	1200	420
2021-12-30T10:29:54.553Z	1200	420
2021-12-30T10:30:14.557Z	1200	418
2021-12-30T10:30:34.563Z	1200	417
2021-12-30T10:30:54.566Z	1200	415
2021-12-30T10:31:14.569Z	1200	414
2021-12-30T10:31:54.585Z	1200	409
2021-12-30T10:32:14.595Z	1200	408
2021-12-30T10:32:34.606Z	1200	406
2021-12-30T10:32:54.607Z	1200	404
2021-12-30T10:33:14.621Z	1200	402
2021-12-30T10:33:34.634Z	1200	400
2021-12-30T10:33:54.636Z	1200	398
2021-12-30T10:34:14.639Z	1200	396
2021-12-30T10:34:34.648Z	1200	394
2021-12-30T10:34:54.655Z	1200	392
2021-12-30T10:35:14.658Z	1200	391
2021-12-30T10:35:34.672Z	1200	391
2021-12-30T10:35:54.678Z	1200	391
2021-12-30T10:36:14.679Z	1200	392
2021-12-30T10:36:34.679Z	1200	393
2021-12-30T10:36:54.684Z	1200	396
2021-12-30T10:37:14.688Z	1200	398
2021-12-30T10:37:34.697Z	1200	401
2021-12-30T10:37:54.704Z	1200	403
2021-12-30T10:38:14.706Z	1200	404
2021-12-30T10:38:34.716Z	1200	405
2021-12-30T10:38:54.721Z	1200	405
2021-12-30T10:39:14.723Z	1200	405
2021-12-30T10:39:34.731Z	1200	404
2021-12-30T10:39:54.739Z	1200	402
2021-12-30T10:40:14.739Z	1200	401
2021-12-30T10:40:34.742Z	1200	399
2021-12-30T10:40:54.744Z	1200	398
2021-12-30T10:41:14.753Z	1200	397
2021-12-30T10:41:34.769Z	1200	395
2021-12-30T10:41:54.780Z	1200	393
2021-12-30T10:42:14.781Z	1200	392
2021-12-30T10:42:34.792Z	1200	391
2021-12-30T10:42:54.801Z	1200	390
2021-12-30T10:43:14.816Z	1200	391
2021-12-30T10:43:34.817Z	1200	392
2021-12-30T10:43:54.826Z	1200	394
2021-12-30T10:44:14.833Z	1200	395
2021-12-30T10:44:34.837Z	1200	398
2021-12-30T10:44:54.851Z	1200	401
2021-12-30T10:45:14.857Z	1200	403
2021-12-30T10:45:34.872Z	1200	351
2021-12-30T10:45:54.880Z	1200	326
2021-12-30T10:46:14.892Z	1200	350
2021-12-30T10:46:34.894Z	1200	373
2021-12-30T10:46:54.896Z	1200	386
2021-12-30T10:47:14.904Z	1200	397
2021-12-30T10:47:34.909Z	1200	404
2021-12-30T10:48:14.923Z	1200	414
2021-12-30T10:48:34.930Z	1200	416
2021-12-30T10:48:54.930Z	1200	418
2021-12-30T10:49:14.935Z	1200	419
2021-12-30T10:49:34.943Z	1200	419
2021-12-30T10:49:54.945Z	1200	419
2021-12-30T10:50:14.951Z	1200	418
2021-12-30T10:50:34.963Z	1200	417
2021-12-30T10:50:54.970Z	1200	416
2021-12-30T10:51:14.972Z	1200	415
2021-12-30T10:51:34.984Z	1200	414
2021-12-30T10:51:54.989Z	1200	413
2021-12-30T10:52:55.009Z	1200	408
2021-12-30T10:53:15.013Z	1200	407
2021-12-30T10:53:35.017Z	1200	406
2021-12-30T10:53:55.017Z	1200	405
2021-12-30T10:54:15.029Z	1200	405
2021-12-30T10:54:35.037Z	1200	406
2021-12-30T10:54:55.040Z	1200	408
2021-12-30T10:55:35.050Z	1200	413
2021-12-30T10:55:55.065Z	1200	416
2021-12-30T10:56:15.068Z	1200	420
2021-12-30T10:56:35.082Z	1200	424
2021-12-30T10:56:55.084Z	1200	428
2021-12-30T10:57:15.084Z	1200	432
2021-12-30T10:57:35.086Z	1200	436
2021-12-30T10:57:55.099Z	1200	440
2021-12-30T10:58:15.112Z	1200	445
2021-12-30T10:58:35.121Z	1200	448
2021-12-30T10:58:55.126Z	1200	452
2021-12-30T10:59:15.131Z	1200	455
2021-12-30T10:59:35.144Z	1200	457
2021-12-30T10:59:55.147Z	1200	459
2021-12-30T11:00:15.157Z	1200	459
2021-12-30T11:00:35.158Z	1200	458
2021-12-30T11:00:55.169Z	1200	457
2021-12-30T11:01:15.183Z	1200	456
2021-12-30T11:01:35.190Z	1200	455
2021-12-30T11:01:55.195Z	1200	453
2021-12-30T11:02:15.204Z	1200	451
2021-12-30T11:02:35.207Z	1200	449
2021-12-30T11:02:55.213Z	1200	447
2021-12-30T11:03:15.227Z	1200	446
2021-12-30T11:03:35.237Z	1200	444
2021-12-30T11:03:55.239Z	1200	442
2021-12-30T11:04:15.244Z	1200	441
2021-12-30T11:04:35.247Z	1200	442
2021-12-30T11:04:55.259Z	1200	443
2021-12-30T11:05:15.273Z	1200	370
2021-12-30T11:05:35.278Z	1200	359
2021-12-30T11:05:55.285Z	1200	355
2021-12-30T11:06:15.287Z	1200	355
2021-12-30T11:06:35.296Z	1200	357
2021-12-30T11:06:55.297Z	1200	359
2021-12-30T11:07:15.311Z	1200	362
2021-12-30T11:07:35.314Z	1200	365
2021-12-30T11:07:55.319Z	1200	369
2021-12-30T11:08:15.327Z	1200	373
2021-12-30T11:08:35.331Z	1200	376
2021-12-30T11:08:55.335Z	1200	380
2021-12-30T11:09:15.344Z	1200	383
2021-12-30T11:09:35.351Z	1200	387
2021-12-30T11:09:55.357Z	1200	390
2021-12-30T11:10:15.364Z	1200	392
2021-12-30T11:10:35.376Z	1200	396
2021-12-30T11:10:55.390Z	1200	399
2021-12-30T11:11:15.397Z	1200	402
2021-12-30T11:11:35.409Z	1200	405
2021-12-30T11:11:55.422Z	1200	409
2021-12-30T11:12:35.437Z	1200	414
2021-12-30T11:12:55.438Z	1200	418
2021-12-30T11:13:15.445Z	1200	420
2021-12-30T11:13:35.446Z	1200	424
2021-12-30T11:13:55.452Z	1200	426
2021-12-30T11:14:15.452Z	1200	429
2021-12-30T11:14:35.467Z	1200	432
2021-12-30T11:14:55.474Z	1200	435
2021-12-30T11:15:15.483Z	1200	437
2021-12-30T11:15:35.493Z	1200	440
2021-12-30T11:15:55.498Z	1200	443
2021-12-30T11:16:15.501Z	1200	445
2021-12-30T11:16:35.513Z	1200	448
2021-12-30T11:16:55.527Z	1200	451
2021-12-30T11:17:15.542Z	1200	454
2021-12-30T11:17:35.551Z	1200	456
2021-12-30T11:17:55.562Z	1200	459
2021-12-30T11:18:15.570Z	1200	461
2021-12-30T11:18:35.583Z	1200	463
2021-12-30T11:18:55.586Z	1200	465
2021-12-30T11:19:15.588Z	1200	466
2021-12-30T11:19:35.598Z	1200	467
2021-12-30T11:19:55.601Z	1200	466
2021-12-30T11:20:15.602Z	1200	464
2021-12-30T11:20:35.604Z	1200	463
2021-12-30T11:20:55.613Z	1200	460
2021-12-30T11:21:15.614Z	1200	459
2021-12-30T11:21:35.613Z	1200	457
2021-12-30T11:21:55.627Z	1200	455
2021-12-30T11:22:15.627Z	1200	454
2021-12-30T11:22:35.634Z	1200	452
2021-12-30T11:22:55.645Z	1200	451
2021-12-30T11:23:15.654Z	1200	449
2021-12-30T11:23:35.665Z	1200	447
2021-12-30T11:23:55.669Z	1200	445
2021-12-30T11:24:15.678Z	1200	444
2021-12-30T11:24:35.692Z	1200	444
2021-12-30T11:24:55.706Z	1200	445
2021-12-30T11:25:15.709Z	1200	447
2021-12-30T11:25:35.718Z	1200	448
2021-12-30T11:25:55.719Z	1200	450
2021-12-30T11:26:15.734Z	1200	451
2021-12-30T11:26:35.748Z	1200	451
2021-12-30T11:26:55.760Z	1200	451
2021-12-30T11:27:15.775Z	1200	450
2021-12-30T11:27:35.784Z	1200	449
2021-12-30T11:27:55.796Z	1200	448
2021-12-30T11:28:15.805Z	1200	447
2021-12-30T11:28:35.807Z	1200	446
2021-12-30T11:28:55.816Z	1200	444
2021-12-30T11:29:15.824Z	1200	444
2021-12-30T11:29:35.831Z	1200	444
2021-12-30T11:29:55.834Z	1200	446
2021-12-30T11:30:15.846Z	1200	447
2021-12-30T11:30:35.850Z	1200	448
2021-12-30T11:30:55.860Z	1200	449
2021-12-30T11:31:15.867Z	1200	450
2021-12-30T11:31:35.882Z	1200	450
2021-12-30T11:31:55.896Z	1200	450
2021-12-30T11:32:15.909Z	1200	449
2021-12-30T11:32:35.914Z	1200	448
2021-12-30T11:32:55.924Z	1200	447
2021-12-30T11:33:15.925Z	1200	446
2021-12-30T11:33:35.927Z	1200	444
2021-12-30T11:33:55.941Z	1200	444
2021-12-30T11:34:15.955Z	1200	444
2021-12-30T11:34:35.957Z	1200	445
2021-12-30T11:34:55.964Z	1200	446
2021-12-30T11:35:15.970Z	1200	448
2021-12-30T11:35:35.977Z	1200	450
2021-12-30T11:35:55.986Z	1200	451
2021-12-30T11:36:15.985Z	1200	452
2021-12-30T11:36:35.990Z	1200	452
2021-12-30T11:36:56.000Z	1200	452
2021-12-30T11:37:16.001Z	1200	451
2021-12-30T11:37:36.003Z	1200	450
2021-12-30T11:37:56.004Z	1200	449
2021-12-30T11:38:16.014Z	1200	448
2021-12-30T11:38:36.024Z	1200	447
2021-12-30T11:38:56.033Z	1200	445
2021-12-30T11:39:16.037Z	1200	444
2021-12-30T11:39:36.042Z	1200	444
2021-12-30T11:39:56.047Z	1200	445
2021-12-30T11:40:16.053Z	1200	446
2021-12-30T11:40:36.064Z	1200	448
2021-12-30T11:40:56.068Z	1200	450
2021-12-30T11:41:16.069Z	1200	451
2021-12-30T11:41:36.081Z	1200	451
2021-12-30T11:41:56.085Z	1200	451
2021-12-30T11:42:16.092Z	1200	451
2021-12-30T11:42:36.099Z	1200	450
2021-12-30T11:42:56.112Z	1200	449
2021-12-30T11:43:16.126Z	1200	448
2021-12-30T11:43:36.127Z	1200	447
2021-12-30T11:43:56.129Z	1200	445
2021-12-30T11:44:16.143Z	1200	444
2021-12-30T11:44:36.155Z	1200	444
2021-12-30T11:44:56.161Z	1200	445
2021-12-30T11:45:16.168Z	1200	447
2021-12-30T11:45:36.177Z	1200	449
2021-12-30T11:45:56.181Z	1200	450
2021-12-30T11:46:16.189Z	1200	451
2021-12-30T11:46:36.189Z	1200	451
2021-12-30T11:46:56.204Z	1200	451
2021-12-30T11:47:16.213Z	1200	451
2021-12-30T11:47:36.221Z	1200	450
2021-12-30T11:47:56.221Z	1200	449
2021-12-30T11:48:16.222Z	1200	447
2021-12-30T11:48:36.228Z	1200	446
2021-12-30T11:48:56.233Z	1200	445
2021-12-30T11:49:16.243Z	1200	445
2021-12-30T11:49:36.247Z	1200	445
2021-12-30T11:49:56.262Z	1200	446
2021-12-30T11:50:16.268Z	1200	447
2021-12-30T11:50:36.282Z	1200	449
2021-12-30T11:50:56.294Z	1200	450
2021-12-30T11:51:16.298Z	1200	450
2021-12-30T11:51:36.307Z	1200	450
2021-12-30T11:51:56.316Z	1200	450
2021-12-30T11:52:16.327Z	1200	449
2021-12-30T11:52:36.330Z	1200	448
2021-12-30T11:52:56.345Z	1200	447
2021-12-30T11:53:16.350Z	1200	446
2021-12-30T11:53:36.353Z	1200	446
2021-12-30T11:53:56.355Z	1200	446
2021-12-30T11:54:16.361Z	1200	447
2021-12-30T11:54:36.362Z	1200	448
2021-12-30T11:54:56.366Z	1200	450
2021-12-30T11:55:16.367Z	1200	450
2021-12-30T11:55:36.377Z	1200	450
2021-12-30T11:55:56.390Z	1200	450
2021-12-30T11:56:16.402Z	1200	449
2021-12-30T11:56:36.408Z	1200	448
2021-12-30T11:56:56.414Z	1200	447
2021-12-30T11:57:16.427Z	1200	446
2021-12-30T11:57:36.437Z	1200	446
2021-12-30T11:57:56.453Z	1200	446
2021-12-30T11:58:16.456Z	1200	446
2021-12-30T11:58:36.466Z	1200	447
2021-12-30T11:58:56.477Z	1200	447
2021-12-30T11:59:16.480Z	1200	447
2021-12-30T11:59:36.493Z	1200	447
2021-12-30T11:59:56.500Z	1200	447
2021-12-30T12:00:16.502Z	-5	-5
2021-12-30T12:00:36.517Z	-5	-5
2021-12-30T12:00:56.532Z	-5	-5
2021-12-30T12:01:16.532Z	-5	-5
2021-12-30T12:01:36.537Z	-5	-5
2021-12-30T12:01:56.550Z	-5	-5
2021-12-30T12:02:16.554Z	-5	-5
2021-12-30T12:02:36.564Z	-5	-5
2021-12-30T12:02:56.567Z	-5	-5
2021-12-30T12:03:16.579Z	-5	-5
2021-12-30T12:03:36.581Z	-5	-5
2021-12-30T12:03:56.590Z	-5	-5
2021-12-30T12:04:16.598Z	-5	-5
2021-12-30T12:04:36.609Z	-5	-5
2021-12-30T12:04:56.623Z	-5	-5
2021-12-30T12:05:16.627Z	-5	-5
2021-12-30T12:05:36.642Z	-5	-5
2021-12-30T12:05:56.642Z	-5	-5
2021-12-30T12:06:16.655Z	-5	-5
2021-12-30T12:06:36.666Z	-5	-5
2021-12-30T12:06:56.666Z	-5	-5
2021-12-30T12:07:16.673Z	-5	-5
2021-12-30T12:07:36.674Z	-5	-5
2021-12-30T12:07:56.689Z	-5	-5
2021-12-30T12:08:16.692Z	-5	-5
2021-12-30T12:08:36.696Z	-5	-5
2021-12-30T12:08:56.701Z	-5	-5
2021-12-30T12:09:16.708Z	-5	-5
2021-12-30T12:09:36.709Z	-5	-5
2021-12-30T12:09:56.720Z	-5	-5
2021-12-30T12:10:16.725Z	-5	-5
2021-12-30T12:10:36.733Z	-5	-5
2021-12-30T12:10:56.745Z	-5	-5
2021-12-30T12:11:16.747Z	-5	-5
2021-12-30T12:11:36.752Z	-5	-5
2021-12-30T12:11:56.753Z	-5	-5
2021-12-30T12:12:16.753Z	-5	-5
2021-12-30T12:12:36.763Z	-5	-5
2021-12-30T12:12:56.773Z	-5	-5
2021-12-30T12:13:16.776Z	-5	-5
2021-12-30T12:13:36.786Z	-5	-5
2021-12-30T12:13:56.790Z	-5	-5
2021-12-30T12:14:16.797Z	-5	-5
2021-12-30T12:14:36.812Z	-5	-5
2021-12-30T12:14:56.822Z	-5	-5
2021-12-30T12:15:16.836Z	-5	-5
2021-12-30T12:15:36.842Z	-5	-5
2021-12-30T12:15:56.847Z	-5	-5
2021-12-30T12:16:16.854Z	-5	-5
2021-12-30T12:16:36.861Z	-5	-5
2021-12-30T12:16:56.869Z	-5	-5
2021-12-30T12:17:16.870Z	-5	-5
2021-12-30T12:17:36.875Z	-5	-5
2021-12-30T12:17:56.878Z	-5	-5
2021-12-30T12:18:16.879Z	-5	-5
2021-12-30T12:18:36.879Z	-5	-5
2021-12-30T12:18:56.881Z	-5	-5
2021-12-30T12:19:16.893Z	-5	-5
2021-12-30T12:19:36.894Z	-5	-5
2021-12-30T12:19:56.898Z	-5	-5
2021-12-30T12:20:16.903Z	-5	-5
2021-12-30T12:20:36.911Z	-5	-5
2021-12-30T12:20:56.912Z	-5	-5
2021-12-30T12:21:16.919Z	-5	-5
2021-12-30T12:21:36.929Z	-5	-5
2021-12-30T12:21:56.931Z	-5	-5
2021-12-30T12:22:16.944Z	-5	-5
2021-12-30T12:22:36.945Z	-5	-5
2021-12-30T12:22:56.959Z	-5	-5
2021-12-30T12:23:16.962Z	-5	-5
2021-12-30T12:23:36.973Z	-5	-5
2021-12-30T12:23:56.978Z	-5	-5
2021-12-30T12:24:16.982Z	-5	-5
2021-12-30T12:24:36.987Z	-5	-5
2021-12-30T12:24:56.999Z	-5	-5
2021-12-30T12:25:17.007Z	-5	-5
2021-12-30T12:25:37.023Z	-5	-5
2021-12-30T12:25:57.034Z	-5	-5
2021-12-30T12:26:17.039Z	-5	-5
2021-12-30T12:26:37.038Z	-5	-5
2021-12-30T12:26:57.048Z	-5	-5
2021-12-30T12:27:17.056Z	-5	-5
2021-12-30T12:27:37.068Z	-5	-5
2021-12-30T12:27:57.081Z	-5	-5
2021-12-30T12:28:17.087Z	-5	-5
2021-12-30T12:28:37.101Z	-5	-5
2021-12-30T12:28:57.112Z	-5	-5
2021-12-30T12:29:17.115Z	-5	-5
2021-12-30T12:29:37.126Z	-5	-5
2021-12-30T12:29:57.125Z	-5	-5
2021-12-30T12:30:17.133Z	-5	-5
2021-12-30T12:30:37.143Z	-5	-5
2021-12-30T12:30:57.145Z	-5	-5
2021-12-30T12:31:17.147Z	-5	-5
2021-12-30T12:31:37.148Z	-5	-5
2021-12-30T12:31:57.161Z	-5	-5
2021-12-30T12:32:17.164Z	-5	-5
2021-12-30T12:32:37.173Z	-5	-5
2021-12-30T12:32:57.174Z	-5	-5
2021-12-30T12:33:17.183Z	-5	-5
2021-12-30T12:33:37.191Z	-5	-5
2021-12-30T12:33:57.202Z	-5	-5
2021-12-30T12:34:17.207Z	-5	-5
2021-12-30T12:34:37.207Z	-5	-5
2021-12-30T12:34:57.208Z	-5	-5
2021-12-30T12:35:17.223Z	-5	-5
2021-12-30T12:35:37.224Z	-5	-5
2021-12-30T12:35:57.229Z	-5	-5
2021-12-30T12:36:17.242Z	-5	-5
2021-12-30T12:36:37.252Z	-5	-5
2021-12-30T12:36:57.262Z	-5	-5
2021-12-30T12:37:17.275Z	-5	-5
2021-12-30T12:37:37.287Z	-5	-5
2021-12-30T12:37:57.297Z	-5	-5
2021-12-30T12:38:17.308Z	-5	-5
2021-12-30T12:38:37.317Z	-5	-5
2021-12-30T12:38:57.319Z	-5	-5
2021-12-30T12:39:17.332Z	-5	-5
2021-12-30T12:39:37.343Z	-5	-5
2021-12-30T12:39:57.346Z	-5	-5
2021-12-30T12:40:17.358Z	-5	-5
2021-12-30T12:40:37.367Z	-5	-5
2021-12-30T12:40:57.371Z	-5	-5
2021-12-30T12:41:17.385Z	-5	-5
2021-12-30T12:41:37.393Z	-5	-5
2021-12-30T12:41:57.397Z	-5	-5
2021-12-30T12:42:17.406Z	-5	-5
2021-12-30T12:42:37.407Z	-5	-5
2021-12-30T12:42:57.420Z	-5	-5
2021-12-30T12:43:17.423Z	-5	-5
2021-12-30T12:43:37.424Z	-5	-5
2021-12-30T12:43:57.434Z	-5	-5
2021-12-30T12:44:17.450Z	-5	-5
2021-12-30T12:44:37.463Z	-5	-5
2021-12-30T12:44:57.469Z	-5	-5
2021-12-30T12:45:17.478Z	-5	-5
2021-12-30T12:45:37.481Z	-5	-5
2021-12-30T12:45:57.483Z	-5	-5
2021-12-30T12:46:17.488Z	-5	-5
2021-12-30T12:46:37.497Z	-5	-5
2021-12-30T12:46:57.499Z	-5	-5
2021-12-30T12:47:17.514Z	-5	-5
2021-12-30T12:47:37.523Z	-5	-5
2021-12-30T12:47:57.535Z	-5	-5
2021-12-30T12:48:17.538Z	-5	-5
2021-12-30T12:48:37.540Z	-5	-5
2021-12-30T12:48:57.547Z	-5	-5
2021-12-30T12:49:17.547Z	-5	-5
2021-12-30T12:49:37.554Z	-5	-5
2021-12-30T12:49:57.555Z	-5	-5
2021-12-30T12:50:17.566Z	-5	-5
2021-12-30T12:50:37.577Z	-5	-5
2021-12-30T12:50:57.582Z	-5	-5
2021-12-30T12:51:17.587Z	-5	-5
2021-12-30T12:51:37.598Z	-5	-5
2021-12-30T12:51:57.599Z	-5	-5
2021-12-30T12:52:17.613Z	-5	-5
2021-12-30T12:52:37.621Z	-5	-5
2021-12-30T12:52:57.629Z	-5	-5
2021-12-30T12:53:17.638Z	-5	-5
2021-12-30T12:53:37.645Z	-5	-5
2021-12-30T12:53:57.648Z	-5	-5
2021-12-30T12:54:17.651Z	-5	-5
2021-12-30T12:54:37.652Z	-5	-5
2021-12-30T12:54:57.667Z	-5	-5
2021-12-30T12:55:17.676Z	-5	-5
2021-12-30T12:55:37.676Z	-5	-5
2021-12-30T12:55:57.690Z	-5	-5
2021-12-30T12:56:17.704Z	-5	-5
2021-12-30T12:56:37.717Z	-5	-5
2021-12-30T12:56:57.723Z	-5	-5
2021-12-30T12:57:17.724Z	-5	-5
2021-12-30T12:57:37.738Z	-5	-5
2021-12-30T12:57:57.739Z	-5	-5
2021-12-30T12:58:17.754Z	-5	-5
2021-12-30T12:58:37.756Z	-5	-5
2021-12-30T12:58:57.765Z	-5	-5
2021-12-30T12:59:17.776Z	-5	-5
2021-12-30T12:59:37.778Z	-5	-5
2021-12-30T12:59:57.791Z	-5	-5
2021-12-30T13:00:17.802Z	-5	-5
2021-12-30T13:00:37.802Z	-5	-5
2021-12-30T13:00:57.804Z	-5	-5
2021-12-30T13:01:17.807Z	-5	-5
2021-12-30T13:01:37.816Z	-5	-5
2021-12-30T13:01:57.822Z	-5	-5
2021-12-30T13:02:17.828Z	-5	-5
2021-12-30T13:02:37.836Z	-5	-5
2021-12-30T13:02:57.850Z	-5	-5
2021-12-30T13:03:17.865Z	-5	-5
2021-12-30T13:03:37.869Z	-5	-5
2021-12-30T13:03:57.879Z	-5	-5
2021-12-30T13:04:17.887Z	-5	-5
2021-12-30T13:04:37.893Z	-5	-5
2021-12-30T13:04:57.897Z	-5	-5
2021-12-30T13:05:17.900Z	-5	-5
2021-12-30T13:05:37.915Z	-5	-5
2021-12-30T13:05:57.921Z	-5	-5
2021-12-30T13:06:17.924Z	-5	-5
2021-12-30T13:06:37.927Z	-5	-5
2021-12-30T13:06:57.942Z	-5	-5
2021-12-30T13:07:17.945Z	-5	-5
2021-12-30T13:07:37.954Z	-5	-5
2021-12-30T13:07:57.958Z	-5	-5
2021-12-30T13:08:17.960Z	-5	-5
2021-12-30T13:08:37.960Z	-5	-5
2021-12-30T13:08:57.964Z	-5	-5
2021-12-30T13:09:17.971Z	-5	-5
2021-12-30T13:09:37.977Z	-5	-5
2021-12-30T13:09:57.978Z	-5	-5
2021-12-30T13:10:17.984Z	-5	-5
2021-12-30T13:10:37.987Z	-5	-5
2021-12-30T13:10:57.996Z	-5	-5
2021-12-30T13:11:18.001Z	-5	-5
2021-12-30T13:11:38.009Z	-5	-5
2021-12-30T13:11:58.011Z	-5	-5
2021-12-30T13:12:18.013Z	-5	-5
2021-12-30T13:12:38.025Z	-5	-5
2021-12-30T13:12:58.039Z	-5	-5
2021-12-30T13:13:18.053Z	-5	-5
2021-12-30T13:13:38.063Z	-5	-5
2021-12-30T13:13:58.071Z	-5	-5
2021-12-30T13:14:18.082Z	-5	-5
2021-12-30T13:14:38.089Z	-5	-5
2021-12-30T13:14:58.094Z	-5	-5
2021-12-30T13:15:18.103Z	-5	-5
2021-12-30T13:15:38.104Z	-5	-5
2021-12-30T13:15:58.108Z	-5	-5
2021-12-30T13:16:18.110Z	-5	-5
2021-12-30T13:16:38.112Z	-5	-5
2021-12-30T13:16:58.126Z	-5	-5
2021-12-30T13:17:18.132Z	-5	-5
2021-12-30T13:17:38.139Z	-5	-5
2021-12-30T13:17:58.146Z	-5	-5
2021-12-30T13:18:18.157Z	-5	-5
2021-12-30T13:18:38.160Z	-5	-5
2021-12-30T13:18:58.162Z	-5	-5
2021-12-30T13:19:18.163Z	-5	-5
2021-12-30T13:19:38.172Z	-5	-5
2021-12-30T13:19:58.183Z	-5	-5
2021-12-30T13:20:18.189Z	-5	-5
2021-12-30T13:20:38.190Z	-5	-5
2021-12-30T13:20:58.192Z	-5	-5
2021-12-30T13:21:18.207Z	-5	-5
2021-12-30T13:21:38.219Z	-5	-5
2021-12-30T13:21:58.225Z	-5	-5
2021-12-30T13:22:18.236Z	-5	-5
2021-12-30T13:22:38.245Z	-5	-5
2021-12-30T13:22:58.259Z	-5	-5
2021-12-30T13:23:18.263Z	-5	-5
2021-12-30T13:23:38.268Z	-5	-5
2021-12-30T13:23:58.268Z	-5	-5
2021-12-30T13:24:18.274Z	-5	-5
2021-12-30T13:24:38.287Z	-5	-5
2021-12-30T13:24:58.292Z	-5	-5
2021-12-30T13:25:18.301Z	-5	-5
2021-12-30T13:25:38.315Z	-5	-5
2021-12-30T13:25:58.330Z	-5	-5
2021-12-30T13:26:18.338Z	-5	-5
2021-12-30T13:26:38.346Z	-5	-5
2021-12-30T13:26:58.356Z	-5	-5
2021-12-30T13:27:18.360Z	-5	-5
2021-12-30T13:27:38.365Z	-5	-5
2021-12-30T13:27:58.368Z	-5	-5
2021-12-30T13:28:18.367Z	-5	-5
2021-12-30T13:28:38.367Z	-5	-5
2021-12-30T13:28:58.381Z	-5	-5
2021-12-30T13:29:18.394Z	-5	-5
2021-12-30T13:29:38.403Z	-5	-5
2021-12-30T13:29:58.410Z	-5	-5
2021-12-30T13:30:18.411Z	-5	-5
2021-12-30T13:30:38.421Z	-5	-5
2021-12-30T13:30:58.423Z	-5	-5
2021-12-30T13:31:18.432Z	-5	-5
2021-12-30T13:31:38.441Z	-5	-5
2021-12-30T13:31:58.444Z	-5	-5
2021-12-30T13:32:18.457Z	-5	-5
2021-12-30T13:32:38.466Z	-5	-5
2021-12-30T13:32:58.473Z	-5	-5
2021-12-30T13:33:18.473Z	-5	-5
2021-12-30T13:33:38.487Z	-5	-5
2021-12-30T13:33:58.500Z	-5	-5
2021-12-30T13:34:18.514Z	-5	-5
2021-12-30T13:34:38.523Z	-5	-5
2021-12-30T13:34:58.538Z	-5	-5
2021-12-30T13:35:18.540Z	-5	-5
2021-12-30T13:35:38.548Z	-5	-5
2021-12-30T13:35:58.551Z	-5	-5
2021-12-30T13:36:18.562Z	-5	-5
2021-12-30T13:36:38.575Z	-5	-5
2021-12-30T13:36:58.577Z	-5	-5
2021-12-30T13:37:18.581Z	-5	-5
2021-12-30T13:37:38.583Z	-5	-5
2021-12-30T13:37:58.594Z	-5	-5
2021-12-30T13:38:18.595Z	-5	-5
2021-12-30T13:38:38.597Z	-5	-5
2021-12-30T13:38:58.609Z	-5	-5
2021-12-30T13:39:18.613Z	-5	-5
2021-12-30T13:39:38.625Z	-5	-5
2021-12-30T13:39:58.635Z	-5	-5
2021-12-30T13:40:18.637Z	-5	-5
2021-12-30T13:40:38.636Z	-5	-5
2021-12-30T13:40:58.644Z	-5	-5
2021-12-30T13:41:18.658Z	-5	-5
2021-12-30T13:41:38.660Z	-5	-5
2021-12-30T13:41:58.660Z	-5	-5
2021-12-30T13:42:18.672Z	-5	-5
2021-12-30T13:42:38.675Z	-5	-5
2021-12-30T13:42:58.683Z	-5	-5
2021-12-30T13:43:18.686Z	-5	-5
2021-12-30T13:43:38.697Z	-5	-5
2021-12-30T13:43:58.698Z	-5	-5
2021-12-30T13:44:18.709Z	-5	-5
2021-12-30T13:44:38.718Z	-5	-5
2021-12-30T13:44:58.727Z	-5	-5
2021-12-30T13:45:18.732Z	-5	-5
2021-12-30T13:45:38.735Z	-5	-5
2021-12-30T13:45:58.745Z	-5	-5
2021-12-30T13:46:18.753Z	-5	-5
2021-12-30T13:46:38.757Z	-5	-5
2021-12-30T13:46:58.760Z	-5	-5
2021-12-30T13:47:18.763Z	-5	-5
2021-12-30T13:47:38.774Z	-5	-5
2021-12-30T13:47:58.780Z	-5	-5
2021-12-30T13:48:18.795Z	-5	-5
2021-12-30T13:48:38.802Z	-5	-5
2021-12-30T13:48:58.808Z	-5	-5
2021-12-30T13:49:18.816Z	-5	-5
2021-12-30T13:49:38.818Z	-5	-5
2021-12-30T13:49:58.831Z	-5	-5
2021-12-30T13:50:18.832Z	-5	-5
2021-12-30T13:50:38.842Z	-5	-5
