time	1-SP	1-T	2-T	2-SP
2021-04-27T06:06:40.759Z	608	610	553	555
2021-04-27T06:07:00.764Z	663	660	582	583
2021-04-27T06:07:20.764Z	715	713	610	608
2021-04-27T06:07:40.775Z	761	763	637	636
2021-04-27T06:08:00.782Z	808	806	662	663
2021-04-27T06:08:20.785Z	851	849	689	688
2021-04-27T06:08:40.794Z	886	888	715	714
2021-04-27T06:09:00.801Z	920	921	738	739
2021-04-27T06:09:20.812Z	948	947	763	764
2021-04-27T06:09:40.812Z	968	969	787	786
2021-04-27T06:10:00.813Z	985	986	809	808
2021-04-27T06:10:20.815Z	996	996	829	830
2021-04-27T06:10:40.825Z	1000	1000	850	849
2021-04-27T06:11:00.829Z	998	998	870	869
2021-04-27T06:11:20.844Z	990	989	887	888
2021-04-27T06:11:40.848Z	975	976	905	905
2021-04-27T06:12:00.856Z	956	955	921	920
2021-04-27T06:12:20.858Z	930	929	934	935
2021-04-27T06:12:40.864Z	898	899	948	948
2021-04-27T06:13:00.870Z	864	863	960	959
2021-04-27T06:13:20.880Z	823	821	970	970
2021-04-27T06:13:40.893Z	777	779	978	979
2021-04-27T06:14:00.904Z	728	730	986	986
2021-04-27T06:14:20.914Z	680	678	992	992
2021-04-27T06:14:40.928Z	626	629	996	996
2021-04-27T06:15:00.929Z	570	573	999	999
2021-04-27T06:15:20.930Z	518	516	1000	1000
2021-04-27T06:15:40.944Z	461	459	1000	1000
2021-04-27T06:16:00.956Z	405	407	998	998
2021-04-27T06:16:20.961Z	354	352	994	994
2021-04-27T06:16:40.965Z	301	298	990	989
2021-04-27T06:17:00.964Z	250	252	983	983
2021-04-27T06:17:20.979Z	202	204	975	975
2021-04-27T06:17:40.986Z	162	160	965	966
2021-04-27T06:18:00.992Z	122	124	955	955
2021-04-27T06:18:20.994Z	87	89	943	943
2021-04-27T06:18:40.996Z	60	59	929	929
2021-04-27T06:19:01.009Z	36	37	915	914
2021-04-27T06:19:49.059Z	607	609	555	554
2021-04-27T06:20:09.073Z	662	659	581	582
2021-04-27T06:20:29.076Z	715	712	609	610
2021-04-27T06:20:49.084Z	760	762	637	636
2021-04-27T06:21:09.098Z	807	809	662	663
2021-04-27T06:21:29.106Z	850	848	688	690
2021-04-27T06:21:49.119Z	885	887	715	713
2021-04-27T06:22:09.122Z	919	921	738	739
2021-04-27T06:22:29.128Z	948	946	762	764
2021-04-27T06:22:49.141Z	970	969	786	785
2021-04-27T06:23:09.151Z	985	986	809	808
2021-04-27T06:23:29.154Z	996	995	829	830
2021-04-27T06:23:49.157Z	1000	1000	850	849
2021-04-27T06:24:09.167Z	998	998	870	869
2021-04-27T06:24:29.168Z	990	989	887	888
2021-04-27T06:24:49.178Z	975	976	904	905
2021-04-27T06:25:09.180Z	956	955	921	920
2021-04-27T06:25:29.183Z	930	929	934	935
2021-04-27T06:26:15.003Z	607	609	555	554
2021-04-27T06:26:35.016Z	662	659	581	582
2021-04-27T06:26:55.030Z	715	712	609	608
2021-04-27T06:27:15.032Z	760	762	637	636
2021-04-27T06:28:11.055Z	607	609	555	554
2021-04-27T06:28:31.060Z	662	659	581	582
2021-04-27T06:28:51.066Z	715	712	609	608
2021-04-27T06:29:11.073Z	760	763	637	636
2021-04-27T06:29:31.075Z	807	809	662	663
2021-04-27T06:29:51.085Z	850	848	688	690
2021-04-27T06:30:11.098Z	885	887	715	713
2021-04-27T06:30:31.102Z	919	921	738	739
2021-04-27T06:30:51.116Z	948	947	763	764
2021-04-27T06:31:11.120Z	968	969	786	785
2021-04-27T06:31:31.134Z	985	986	807	808
2021-04-27T06:31:51.135Z	996	996	829	830
2021-04-27T06:32:11.149Z	1000	1000	850	849
2021-04-27T06:32:31.161Z	998	998	870	869
2021-04-27T06:32:51.172Z	990	990	887	888
2021-04-27T06:33:11.183Z	975	976	905	904
2021-04-27T06:33:31.192Z	956	955	921	920
2021-04-27T06:33:51.193Z	930	931	934	935
2021-04-27T06:34:11.200Z	898	899	948	948
2021-04-27T06:34:31.213Z	864	862	960	959
2021-04-27T06:34:51.226Z	823	821	969	970
2021-04-27T06:35:11.230Z	777	779	978	979
2021-04-27T06:35:31.245Z	728	731	986	985
2021-04-27T06:35:51.255Z	681	679	992	991
2021-04-27T06:36:11.262Z	628	625	996	996
2021-04-27T06:36:31.269Z	573	570	999	999
2021-04-27T06:36:51.273Z	516	519	1000	1000
2021-04-27T06:37:11.280Z	460	462	1000	1000
2021-04-27T06:37:31.285Z	404	407	998	998
2021-04-27T06:37:51.288Z	354	352	994	994
2021-04-27T06:38:11.292Z	301	299	989	989
2021-04-27T06:38:31.293Z	251	248	983	983
2021-04-27T06:38:51.295Z	203	206	975	975
2021-04-27T06:39:11.302Z	160	162	966	966
2021-04-27T06:39:31.315Z	124	122	955	955
2021-04-27T06:40:17.913Z	607	610	556	554
2021-04-27T06:40:37.914Z	662	660	581	583
2021-04-27T06:40:57.916Z	715	712	609	610
2021-04-27T06:41:38.529Z	607	610	556	554
2021-04-27T06:41:58.532Z	662	659	581	582
2021-04-27T06:42:18.543Z	714	712	609	610
2021-04-27T06:42:38.557Z	760	762	637	635
2021-04-27T06:42:58.559Z	807	809	664	662
2021-04-27T06:43:57.459Z	606	608	555	554
2021-04-27T06:44:17.473Z	660	663	583	582
2021-04-27T06:44:37.488Z	713	715	608	609
2021-04-27T06:44:57.497Z	762	760	635	637
2021-04-27T06:45:17.508Z	808	806	662	664
2021-04-27T06:45:37.514Z	851	849	689	688
2021-04-27T06:45:57.526Z	885	887	714	713
2021-04-27T06:46:17.532Z	919	920	740	738
2021-04-27T06:46:37.543Z	947	948	764	763
2021-04-27T06:46:57.547Z	969	970	785	786
2021-04-27T06:47:17.552Z	986	985	808	809
2021-04-27T06:47:37.563Z	996	996	830	831
2021-04-27T06:47:57.565Z	1000	1000	850	849
2021-04-27T06:48:17.574Z	998	998	870	869
2021-04-27T06:48:37.576Z	990	989	888	887
2021-04-27T06:48:57.580Z	976	975	904	905
2021-04-27T06:49:17.583Z	955	956	920	921
2021-04-27T06:49:37.594Z	929	930	935	934
2021-04-27T06:49:57.605Z	900	899	948	947
2021-04-27T06:50:17.613Z	864	862	960	959
2021-04-27T06:50:37.623Z	823	821	969	970
2021-04-27T06:50:57.636Z	778	780	978	979
2021-04-27T06:51:17.643Z	729	731	986	986
2021-04-27T06:51:37.651Z	682	679	992	991
2021-04-27T06:51:57.660Z	628	625	996	996
2021-04-27T06:52:17.666Z	573	571	999	999
2021-04-27T06:52:37.677Z	517	514	1000	1000
2021-04-27T06:52:57.686Z	461	463	1000	1000
2021-04-27T06:53:17.693Z	404	407	998	998
2021-04-27T06:53:37.707Z	355	352	994	995
2021-04-27T06:54:32.277Z	607	609	555	554
2021-04-27T06:54:52.288Z	662	664	581	582
2021-04-27T06:55:12.294Z	714	712	609	610
2021-04-27T06:55:32.300Z	764	762	636	635
2021-04-27T06:55:52.303Z	806	808	663	662
2021-04-27T06:56:12.319Z	849	851	688	689
2021-04-27T06:56:32.333Z	887	886	714	715
2021-04-27T06:56:52.345Z	921	919	739	738
2021-04-27T06:57:12.361Z	946	948	764	762
2021-04-27T06:57:32.373Z	969	970	785	786
2021-04-27T06:57:52.385Z	986	985	808	809
2021-04-27T06:58:12.386Z	996	996	830	829
2021-04-27T06:58:32.387Z	1000	1000	851	850
2021-04-27T06:58:52.393Z	998	998	869	870
2021-04-27T06:59:12.396Z	989	990	888	888
2021-04-27T06:59:32.400Z	976	975	905	904
2021-04-27T06:59:52.402Z	956	955	921	920
2021-04-27T07:00:12.404Z	930	929	935	935
2021-04-27T07:00:32.418Z	899	897	947	948
2021-04-27T07:00:52.428Z	862	864	959	960
2021-04-27T07:01:47.775Z	610	608	555	553
2021-04-27T07:02:07.784Z	660	662	583	581
2021-04-27T07:02:27.796Z	712	715	608	609
2021-04-27T07:02:47.800Z	762	760	635	637
2021-04-27T07:03:07.814Z	809	807	662	664
2021-04-27T07:03:27.824Z	851	849	689	688
2021-04-27T07:03:47.824Z	886	887	715	714
2021-04-27T07:04:07.835Z	919	921	738	739
2021-04-27T07:04:27.836Z	947	946	762	763
2021-04-27T07:04:47.852Z	970	969	786	787
2021-04-27T07:05:07.864Z	986	985	809	807
2021-04-27T07:05:27.867Z	995	996	830	829
2021-04-27T07:05:47.872Z	1000	1000	851	850
2021-04-27T07:06:07.885Z	998	998	870	869
2021-04-27T07:06:27.898Z	990	989	887	888
2021-04-27T07:06:47.904Z	975	976	904	905
2021-04-27T07:07:07.909Z	955	956	920	921
2021-04-27T07:07:27.917Z	929	930	935	934
2021-04-27T07:07:47.932Z	900	899	948	947
2021-04-27T07:08:07.935Z	864	862	960	959
2021-04-27T07:08:27.945Z	823	821	969	970
2021-04-27T07:08:47.956Z	778	780	978	979
2021-04-27T07:09:07.956Z	729	732	986	986
2021-04-27T07:09:27.956Z	678	680	992	992
2021-04-27T07:09:47.967Z	624	627	996	996
2021-04-27T07:10:07.967Z	574	572	999	999
2021-04-27T07:10:27.980Z	518	516	1000	1000
2021-04-27T07:10:47.988Z	462	459	1000	1000
2021-04-27T07:11:07.996Z	406	408	998	998
2021-04-27T07:11:27.999Z	351	354	994	994
2021-04-27T07:11:48.005Z	303	300	989	990
2021-04-27T07:12:08.020Z	252	249	983	983
2021-04-27T07:12:28.032Z	204	206	975	975
2021-04-27T07:13:12.103Z	607	609	555	554
2021-04-27T07:13:32.105Z	662	659	581	582
2021-04-27T07:14:30.681Z	607	609	555	554
2021-04-27T07:14:50.685Z	662	659	581	582
2021-04-27T07:15:34.259Z	606	609	555	554
2021-04-27T07:15:54.261Z	661	664	581	582
2021-04-27T07:16:14.265Z	714	712	609	610
2021-04-27T07:16:34.335Z	761	763	637	636
2021-04-27T07:16:54.349Z	808	810	662	663
2021-04-27T07:17:14.350Z	851	849	689	690
2021-04-27T07:17:34.352Z	886	887	715	714
2021-04-27T07:17:54.358Z	919	921	738	739
2021-04-27T07:18:14.360Z	948	947	763	764
2021-04-27T07:18:34.374Z	968	969	786	785
2021-04-27T07:18:54.378Z	985	986	809	808
2021-04-27T07:19:14.391Z	996	996	829	830
2021-04-27T07:19:34.403Z	1000	1000	850	849
2021-04-27T07:19:54.416Z	998	998	870	869
2021-04-27T07:20:14.416Z	990	990	887	888
2021-04-27T07:20:34.426Z	975	976	905	905
2021-04-27T07:20:54.428Z	956	955	921	920
2021-04-27T07:21:14.440Z	930	929	934	935
2021-04-27T07:22:13.956Z	607	609	555	554
2021-04-27T07:22:33.968Z	661	664	581	582
2021-04-27T07:22:53.981Z	714	712	609	610
2021-04-27T07:23:38.672Z	607	609	555	554
2021-04-27T07:23:58.684Z	662	659	581	582
2021-04-27T07:24:18.699Z	715	712	609	608
2021-04-27T07:24:38.710Z	760	763	637	636
2021-04-27T07:24:58.723Z	807	809	662	663
2021-04-27T07:25:44.790Z	606	609	555	554
2021-04-27T07:26:04.804Z	661	664	581	582
2021-04-27T07:26:24.812Z	714	712	609	610
2021-04-27T07:26:44.822Z	760	762	637	635
2021-04-27T07:27:04.835Z	807	809	661	663
2021-04-27T07:27:24.839Z	850	848	688	689
2021-04-27T07:27:44.848Z	888	887	714	713
2021-04-27T07:28:04.859Z	919	920	740	739
2021-04-27T07:28:24.868Z	947	946	762	763
2021-04-27T07:28:44.882Z	970	969	786	785
2021-04-27T07:29:04.888Z	985	986	809	808
2021-04-27T07:29:24.901Z	996	996	829	830
2021-04-27T07:29:44.909Z	1000	1000	850	851
2021-04-27T07:30:04.916Z	998	998	870	869
2021-04-27T07:30:24.916Z	990	989	888	888
2021-04-27T07:30:44.927Z	975	976	904	905
2021-04-27T07:31:04.928Z	954	956	920	920
2021-04-27T07:31:24.930Z	930	929	935	935
2021-04-27T07:31:44.942Z	899	900	947	948
2021-04-27T07:32:04.948Z	862	863	959	959
2021-04-27T07:32:24.955Z	824	822	970	969
2021-04-27T07:32:44.961Z	778	776	978	979
2021-04-27T07:33:04.962Z	729	731	986	986
2021-04-27T07:33:24.972Z	682	679	992	991
2021-04-27T07:33:44.979Z	627	625	996	996
2021-04-27T07:34:04.981Z	571	574	999	999
2021-04-27T07:34:24.992Z	514	517	1000	1000
2021-04-27T07:34:44.998Z	463	460	1000	1000
2021-04-27T07:35:05.001Z	406	408	998	998
2021-04-27T07:35:25.006Z	351	353	994	995
2021-04-27T07:35:45.012Z	302	300	989	990
2021-04-27T07:36:05.027Z	251	249	983	983
2021-04-27T07:36:25.034Z	203	205	975	975
2021-04-27T07:36:45.036Z	163	161	966	966
2021-04-27T07:37:05.044Z	123	121	955	955
2021-04-27T07:37:25.057Z	88	89	943	942
2021-04-27T07:37:45.059Z	58	60	929	930
2021-04-27T07:38:05.065Z	37	36	914	914
2021-04-27T07:38:25.065Z	18	19	899	898
2021-04-27T07:38:45.078Z	6	6	881	880
2021-04-27T07:39:05.084Z	1	1	862	862
2021-04-27T07:39:25.093Z	1	1	843	842
2021-04-27T07:39:45.093Z	8	7	822	821
2021-04-27T07:40:05.094Z	21	20	799	801
2021-04-27T07:40:25.103Z	38	39	776	777
2021-04-27T07:40:45.103Z	63	62	754	753
2021-04-27T07:41:05.118Z	94	92	729	730
2021-04-27T07:41:25.120Z	126	128	703	705
2021-04-27T07:41:45.129Z	166	168	679	678
2021-04-27T07:42:05.136Z	211	209	652	651
2021-04-27T07:42:25.140Z	255	257	625	626
2021-04-27T07:42:45.146Z	306	308	597	599
2021-04-27T07:43:05.154Z	360	357	572	570
2021-04-27T07:43:25.157Z	415	413	543	545
2021-04-27T07:43:45.161Z	467	469	515	516
2021-04-27T07:44:05.171Z	524	526	489	488
2021-04-27T07:44:25.171Z	581	578	460	459
2021-04-27T07:44:45.181Z	631	634	432	433
2021-04-27T07:45:05.185Z	685	688	407	405
2021-04-27T07:45:25.193Z	737	735	379	377
2021-04-27T07:45:45.206Z	786	783	351	352
2021-04-27T07:46:05.212Z	827	829	324	325
2021-04-27T07:46:25.228Z	868	866	300	299
2021-04-27T07:46:45.233Z	904	902	274	273
2021-04-27T07:47:05.242Z	932	934	249	250
2021-04-27T07:47:25.245Z	958	959	227	226
2021-04-27T07:47:45.256Z	978	977	204	203
2021-04-27T07:48:05.264Z	992	991	181	182
2021-04-27T07:48:25.270Z	998	999	160	161
2021-04-27T07:48:45.285Z	1000	1000	141	140
2021-04-27T07:49:05.298Z	995	995	122	121
2021-04-27T07:49:25.312Z	984	984	104	105
2021-04-27T07:49:45.323Z	967	966	89	88
2021-04-27T07:50:05.329Z	944	945	73	72
2021-04-27T07:50:25.331Z	914	916	59	59
2021-04-27T07:50:45.340Z	883	881	46	47
2021-04-27T07:51:05.350Z	844	846	36	35
2021-04-27T07:51:25.361Z	801	803	26	26
2021-04-27T07:51:45.366Z	758	755	18	18
2021-04-27T07:52:05.379Z	707	705	12	11
2021-04-27T07:52:25.386Z	654	656	6	6
2021-04-27T07:52:45.386Z	599	601	3	3
2021-04-27T07:53:05.388Z	547	545	0	1
2021-04-27T07:53:25.390Z	490	493	0	0
2021-04-27T07:53:45.399Z	433	436	1	1
2021-04-27T07:54:05.406Z	383	380	4	4
2021-04-27T07:54:25.406Z	328	326	8	8
2021-04-27T07:54:45.412Z	276	278	13	14
2021-04-27T07:55:05.413Z	226	228	21	20
2021-04-27T07:55:25.425Z	184	182	29	29
2021-04-27T07:55:45.435Z	142	144	39	39
2021-04-27T07:56:05.439Z	105	106	51	50
2021-04-27T07:56:25.441Z	75	74	64	63
2021-04-27T07:56:45.441Z	48	47	77	78
2021-04-27T07:57:05.447Z	26	27	93	94
2021-04-27T07:57:25.450Z	12	12	110	110
2021-04-27T07:57:45.456Z	3	3	127	128
2021-04-27T07:58:05.465Z	0	0	147	148
2021-04-27T07:58:25.472Z	4	3	167	166
2021-04-27T07:58:45.483Z	12	13	189	188
2021-04-27T07:59:05.493Z	28	29	210	211
2021-04-27T07:59:25.504Z	50	49	234	235
2021-04-27T07:59:45.512Z	78	76	258	257
2021-04-27T08:00:05.514Z	107	109	283	282
2021-04-27T08:00:25.520Z	145	147	307	308
2021-04-27T08:00:45.527Z	187	185	333	334
2021-04-27T08:01:05.542Z	233	231	360	361
2021-04-27T08:01:25.553Z	282	280	388	386
2021-04-27T08:01:45.556Z	329	332	415	414
2021-04-27T08:02:05.569Z	383	386	443	442
2021-04-27T08:02:25.582Z	439	441	468	470
2021-04-27T08:02:45.582Z	495	492	497	498
2021-04-27T08:03:05.587Z	551	548	525	526
2021-04-27T08:03:25.601Z	607	604	553	554
2021-04-27T08:03:45.608Z	657	659	581	580
2021-04-27T08:04:05.614Z	709	712	609	608
2021-04-27T08:04:25.628Z	759	761	634	635
2021-04-27T08:04:45.629Z	806	804	661	662
2021-04-27T08:05:05.639Z	848	846	687	688
2021-04-27T08:05:25.642Z	883	885	713	712
2021-04-27T08:05:45.642Z	917	918	738	737
2021-04-27T08:06:05.643Z	945	946	762	761
2021-04-27T08:06:25.655Z	968	969	784	785
2021-04-27T08:06:45.664Z	985	984	807	808
2021-04-27T08:07:05.665Z	996	995	829	828
2021-04-27T08:07:25.667Z	1000	1000	849	848
2021-04-27T08:07:45.680Z	998	998	869	868
2021-04-27T08:08:40.598Z	606	608	555	554
2021-04-27T08:09:00.607Z	661	663	581	582
2021-04-27T08:09:20.615Z	714	712	609	610
2021-04-27T08:09:40.621Z	760	762	637	635
2021-04-27T08:10:00.634Z	807	809	661	663
2021-04-27T08:10:20.645Z	850	848	688	689
2021-04-27T08:12:21.450Z	607	609	555	554
2021-04-27T08:12:41.464Z	662	659	581	582
2021-04-27T08:13:01.477Z	714	712	609	610
2021-04-27T08:13:21.480Z	760	762	637	636
2021-04-27T08:13:41.493Z	807	809	662	663
2021-04-27T08:14:01.496Z	850	848	688	689
2021-04-27T08:14:21.506Z	888	887	714	713
2021-04-27T08:14:41.511Z	919	920	740	739
2021-04-27T08:15:58.198Z	607	609	555	554
2021-04-27T08:16:18.207Z	662	659	581	582
2021-04-27T08:16:38.219Z	715	712	609	608
2021-04-27T08:17:48.022Z	607	610	553	554
2021-04-27T08:18:08.032Z	662	660	581	583
2021-04-27T08:18:28.104Z	716	713	610	608
2021-04-27T08:18:48.116Z	761	763	637	636
2021-04-27T08:19:08.121Z	808	806	662	663
2021-04-27T08:21:30.000Z	607	610	553	554
2021-04-27T08:21:50.008Z	662	660	581	583
2021-04-27T08:22:10.008Z	715	713	609	608
2021-04-27T08:22:30.009Z	761	763	637	636
2021-04-27T08:22:50.012Z	808	806	662	663
2021-04-27T08:23:10.020Z	851	849	689	688
2021-04-27T08:23:30.030Z	886	888	715	714
2021-04-27T08:23:50.041Z	919	921	738	739
2021-04-27T08:24:10.056Z	948	947	763	764
2021-04-27T08:24:30.057Z	968	969	787	785
2021-04-27T08:24:50.060Z	985	986	807	808
2021-04-27T08:25:10.072Z	996	996	829	830
2021-04-27T08:26:20.207Z	607	609	555	554
2021-04-27T08:26:40.217Z	662	659	581	582
2021-04-27T08:27:00.223Z	714	712	609	610
2021-04-27T08:27:46.816Z	606	609	555	554
2021-04-27T08:28:06.829Z	661	663	581	582
2021-04-27T08:28:26.840Z	713	711	608	610
2021-04-27T08:29:14.569Z	606	609	555	554
2021-04-27T08:29:34.578Z	661	663	583	582
2021-04-27T08:29:54.581Z	713	711	608	610
2021-04-27T08:30:14.594Z	763	761	636	637
2021-04-27T08:30:34.598Z	809	807	663	662
2021-04-27T08:30:54.601Z	848	850	689	688
2021-04-27T08:31:14.615Z	886	888	715	714
2021-04-27T08:31:34.619Z	919	921	738	739
2021-04-27T08:33:47.026Z	607	610	556	554
2021-04-27T08:34:07.027Z	662	660	581	583
2021-04-27T08:34:27.038Z	715	713	609	608
2021-04-27T08:35:16.674Z	607	609	555	554
2021-04-27T08:35:36.687Z	662	659	581	582
2021-04-27T08:35:56.698Z	715	712	609	610
2021-04-27T08:37:51.903Z	607	609	555	554
2021-04-27T08:38:11.905Z	662	659	581	582
2021-04-27T08:38:31.904Z	715	713	609	608
2021-04-27T08:38:51.915Z	761	763	637	636
2021-04-27T08:39:11.929Z	808	806	662	663
2021-04-27T08:39:31.944Z	851	849	689	690
2021-04-27T08:39:51.945Z	886	887	715	714
2021-04-27T08:40:11.953Z	920	918	738	739
2021-04-27T08:40:31.966Z	948	947	763	762
2021-04-27T08:40:51.969Z	969	970	787	786
2021-04-27T08:41:11.977Z	986	985	808	809
2021-04-27T08:41:31.978Z	996	996	830	829
2021-04-27T08:41:51.988Z	1000	1000	851	850
2021-04-27T08:42:12.003Z	998	998	869	870
2021-04-27T08:42:32.003Z	989	990	888	887
2021-04-27T08:42:52.015Z	976	975	905	904
2021-04-27T08:43:12.025Z	955	954	920	920
2021-04-27T08:43:32.027Z	929	930	935	935
2021-04-27T08:43:52.029Z	900	898	948	947
2021-04-27T08:44:12.031Z	863	861	959	959
2021-04-27T08:44:32.045Z	822	824	969	970
2021-04-27T08:44:52.047Z	776	778	979	978
2021-04-27T08:45:12.061Z	731	729	986	986
2021-04-27T08:45:32.072Z	679	682	991	992
2021-04-27T08:45:52.085Z	625	627	996	996
2021-04-27T08:46:12.092Z	574	571	999	999
2021-04-27T08:46:32.101Z	517	514	1000	1000
2021-04-27T08:46:52.106Z	460	463	1000	1000
2021-04-27T08:47:12.122Z	409	406	998	998
2021-04-27T08:47:32.136Z	353	351	995	994
2021-04-27T08:47:52.136Z	300	302	990	989
2021-04-27T08:48:12.152Z	249	251	983	983
2021-04-27T08:48:32.152Z	205	203	975	975
2021-04-27T08:48:52.164Z	161	163	966	966
2021-04-27T08:49:12.168Z	122	123	955	954
2021-04-27T08:49:32.179Z	90	88	942	943
2021-04-27T08:49:52.185Z	60	59	930	929
2021-04-27T08:50:12.198Z	36	37	914	914
2021-04-27T08:50:32.198Z	19	18	898	899
2021-04-27T08:50:52.203Z	7	6	880	881
2021-04-27T08:51:12.212Z	1	1	862	862
2021-04-27T08:51:32.225Z	1	1	842	843
2021-04-27T08:51:52.241Z	7	8	821	822
2021-04-27T08:52:12.246Z	20	20	800	799
2021-04-27T08:52:32.257Z	39	38	777	778
2021-04-27T08:52:52.264Z	62	63	753	754
2021-04-27T08:53:12.266Z	93	94	730	729
2021-04-27T08:53:32.274Z	128	126	705	703
2021-04-27T08:53:52.277Z	167	166	679	678
2021-04-27T08:54:12.288Z	211	209	652	651
2021-04-27T08:54:32.292Z	259	257	625	627
2021-04-27T08:54:52.305Z	305	307	598	599
2021-04-27T08:55:12.319Z	358	360	570	571
2021-04-27T08:55:32.334Z	413	411	544	543
2021-04-27T08:55:52.339Z	470	468	516	514
2021-04-27T08:56:12.354Z	522	525	487	488
2021-04-27T08:56:32.362Z	579	581	461	460
2021-04-27T08:56:52.363Z	635	632	433	432
2021-04-27T08:57:12.368Z	684	686	405	406
2021-04-27T08:57:32.371Z	736	738	377	378
2021-04-27T08:57:52.382Z	784	782	352	351
2021-04-27T08:58:12.382Z	829	827	325	326
2021-04-27T08:58:32.393Z	867	868	298	300
2021-04-27T08:58:52.398Z	903	905	275	274
2021-04-27T08:59:12.405Z	934	933	250	249
2021-04-27T08:59:32.406Z	957	958	226	227
2021-04-27T08:59:52.408Z	977	978	204	203
2021-04-27T09:00:12.408Z	991	991	182	181
2021-04-27T09:00:32.420Z	999	998	160	161
2021-04-27T09:00:52.433Z	1000	1000	140	141
2021-04-27T09:01:12.447Z	995	995	122	121
2021-04-27T09:01:32.451Z	983	984	104	103
2021-04-27T09:01:52.452Z	967	966	87	88
2021-04-27T09:02:12.461Z	944	943	73	73
2021-04-27T09:02:32.474Z	915	917	59	59
2021-04-27T09:02:52.478Z	884	882	46	47
2021-04-27T09:03:12.479Z	845	843	35	36
2021-04-27T09:03:32.484Z	801	803	26	26
2021-04-27T09:03:52.488Z	754	756	18	18
2021-04-27T09:04:12.499Z	708	706	11	11
2021-04-27T09:04:32.501Z	655	652	6	6
2021-04-27T09:04:52.507Z	600	602	3	2
2021-04-27T09:05:12.511Z	548	546	1	1
2021-04-27T09:05:32.524Z	491	489	0	0
2021-04-27T09:05:52.539Z	434	437	1	1
2021-04-27T09:06:12.551Z	378	381	4	4
2021-04-27T09:06:32.555Z	330	327	8	8
2021-04-27T09:06:52.564Z	278	276	14	13
2021-04-27T09:07:12.575Z	229	226	20	21
2021-04-27T09:07:32.588Z	183	185	29	29
2021-04-27T09:07:52.591Z	141	143	39	39
2021-04-27T09:08:12.592Z	107	106	51	50
2021-04-27T09:08:32.595Z	75	74	64	63
2021-04-27T09:08:52.600Z	48	47	77	78
2021-04-27T09:09:12.602Z	27	26	93	94
2021-04-27T09:09:32.606Z	12	12	110	111
2021-04-27T09:09:52.615Z	3	3	128	129
2021-04-27T09:10:12.628Z	0	0	147	146
2021-04-27T09:10:32.639Z	3	3	168	167
2021-04-27T09:10:52.650Z	12	13	189	188
2021-04-27T09:11:12.651Z	28	29	212	211
2021-04-27T09:11:32.665Z	49	51	233	234
2021-04-27T09:11:52.671Z	77	75	257	258
2021-04-27T09:12:12.680Z	109	108	282	284
2021-04-27T09:12:32.683Z	146	145	308	309
2021-04-27T09:12:52.694Z	189	187	334	333
2021-04-27T09:13:12.703Z	230	232	361	360
2021-04-27T09:13:32.707Z	279	281	388	387
2021-04-27T09:13:52.709Z	331	333	413	414
2021-04-27T09:14:12.708Z	384	387	441	442
2021-04-27T09:14:32.715Z	440	437	469	470
2021-04-27T09:14:52.720Z	496	493	497	498
2021-04-27T09:15:12.734Z	552	550	525	524
2021-04-27T09:15:32.737Z	608	605	553	552
2021-04-27T09:15:52.751Z	657	659	581	580
2021-04-27T09:16:12.766Z	709	711	609	607
2021-04-27T09:16:32.776Z	758	761	636	634
2021-04-27T09:16:52.783Z	805	807	660	661
2021-04-27T09:17:12.787Z	847	845	686	688
2021-04-27T09:17:32.789Z	885	884	712	713
2021-04-27T09:17:52.793Z	919	917	737	738
2021-04-27T09:18:12.795Z	947	945	762	760
2021-04-27T09:18:32.796Z	969	968	785	784
2021-04-27T09:18:52.797Z	984	985	808	807
2021-04-27T09:19:12.805Z	995	996	830	829
2021-04-27T09:19:32.806Z	1000	1000	849	849
2021-04-27T09:19:52.808Z	998	998	868	868
2021-04-27T09:20:12.809Z	991	990	887	886
2021-04-27T09:20:32.810Z	976	976	903	904
2021-04-27T09:20:52.825Z	956	957	919	920
2021-04-27T09:21:12.828Z	933	931	934	933
2021-04-27T09:21:32.840Z	901	900	948	947
2021-04-27T09:21:52.851Z	865	866	958	959
2021-04-27T09:22:12.853Z	823	825	969	969
2021-04-27T09:22:32.855Z	782	780	978	978
2021-04-27T09:22:52.869Z	733	731	985	985
2021-04-27T09:23:12.871Z	681	684	991	992
2021-04-27T09:23:32.885Z	632	629	996	996
2021-04-27T09:23:52.899Z	576	574	998	999
2021-04-27T09:24:12.901Z	519	522	1000	1000
2021-04-27T09:24:32.907Z	462	465	1000	1000
2021-04-27T09:24:52.909Z	411	408	998	998
2021-04-27T09:25:12.918Z	355	357	995	995
2021-04-27T09:25:32.931Z	301	304	990	990
2021-04-27T09:25:52.946Z	255	253	983	984
2021-04-27T09:26:12.956Z	207	205	976	976
2021-04-27T09:26:32.965Z	163	165	966	966
2021-04-27T09:26:52.966Z	126	124	955	956
2021-04-27T09:27:12.972Z	91	89	944	943
2021-04-27T09:27:32.975Z	61	62	930	930
2021-04-27T09:27:52.977Z	36	37	915	916
2021-04-27T09:28:12.988Z	19	19	898	899
2021-04-27T09:28:32.999Z	7	7	882	881
2021-04-27T09:28:53.015Z	1	1	863	864
2021-04-27T09:29:13.029Z	1	1	843	844
2021-04-27T09:29:33.033Z	7	7	823	822
2021-04-27T09:29:53.043Z	20	19	801	802
2021-04-27T09:30:13.054Z	37	38	778	779
2021-04-27T09:30:33.063Z	61	63	756	755
2021-04-27T09:30:53.069Z	92	90	731	730
2021-04-27T09:31:13.069Z	124	125	705	706
2021-04-27T09:31:33.078Z	164	166	681	680
2021-04-27T09:31:53.080Z	208	206	654	653
2021-04-27T09:32:13.092Z	256	254	627	628
2021-04-27T09:32:33.098Z	303	305	599	600
2021-04-27T09:32:53.099Z	357	354	573	572
2021-04-27T09:33:13.103Z	412	410	545	546
2021-04-27T09:33:33.113Z	464	466	516	518
2021-04-27T09:33:53.116Z	521	518	490	489
2021-04-27T09:34:13.125Z	578	575	462	461
2021-04-27T09:34:33.140Z	629	631	433	435
2021-04-27T09:34:53.142Z	683	685	408	407
2021-04-27T09:35:13.155Z	735	732	380	379
2021-04-27T09:35:33.167Z	783	781	352	354
2021-04-27T09:35:53.170Z	824	826	325	327
2021-04-27T09:36:13.177Z	866	864	301	300
2021-04-27T09:36:33.177Z	902	901	276	277
2021-04-27T09:36:53.181Z	931	932	250	252
2021-04-27T09:37:13.189Z	957	958	228	227
2021-04-27T09:37:33.192Z	977	976	205	204
2021-04-27T09:37:53.208Z	990	991	182	183
2021-04-27T09:38:13.220Z	998	998	161	162
2021-04-27T09:38:33.227Z	1000	1000	142	141
2021-04-27T09:38:53.233Z	995	995	123	124
2021-04-27T09:39:13.244Z	985	984	105	105
2021-04-27T09:39:33.258Z	968	969	89	89
2021-04-27T09:39:53.271Z	945	946	74	73
2021-04-27T09:40:13.276Z	919	917	59	60
2021-04-27T09:40:33.277Z	885	883	48	47
2021-04-27T09:40:53.289Z	846	848	36	36
2021-04-27T09:41:13.302Z	802	804	26	27
2021-04-27T09:41:33.312Z	759	757	18	18
2021-04-27T09:41:53.327Z	709	711	12	11
2021-04-27T09:42:13.340Z	656	658	6	7
2021-04-27T09:42:33.340Z	606	603	3	3
2021-04-27T09:42:53.353Z	549	552	1	1
2021-04-27T09:43:13.362Z	492	495	0	0
2021-04-27T09:43:33.368Z	440	438	1	1
2021-04-27T09:43:53.378Z	384	381	3	3
2021-04-27T09:44:13.387Z	329	332	7	8
2021-04-27T09:44:33.399Z	277	280	13	13
2021-04-27T09:44:53.408Z	232	230	20	20
2021-04-27T09:45:13.421Z	187	185	29	29
2021-04-27T09:45:33.431Z	145	143	38	39
2021-04-27T09:45:53.438Z	108	109	50	50
2021-04-27T09:46:13.449Z	75	76	63	63
2021-04-27T09:46:33.449Z	48	49	77	76
2021-04-27T09:46:53.453Z	29	28	93	92
2021-04-27T09:47:13.454Z	13	12	110	109
2021-04-27T09:47:33.462Z	3	3	126	127
2021-04-27T09:47:53.467Z	0	0	145	146
2021-04-27T09:48:13.470Z	3	3	166	167
2021-04-27T09:48:33.473Z	12	12	187	188
2021-04-27T09:48:53.484Z	28	27	210	209
2021-04-27T09:49:13.497Z	47	48	233	232
2021-04-27T09:49:33.503Z	74	75	257	256
2021-04-27T09:49:53.516Z	106	107	282	281
2021-04-27T09:50:13.528Z	143	145	306	307
2021-04-27T09:50:33.537Z	184	186	332	333
2021-04-27T09:50:53.548Z	230	228	358	360
2021-04-27T09:51:13.553Z	279	276	386	387
2021-04-27T09:51:33.553Z	330	328	413	412
2021-04-27T09:51:53.555Z	379	382	441	440
2021-04-27T09:52:13.559Z	434	437	469	468
2021-04-27T09:52:33.562Z	490	493	497	496
2021-04-27T09:52:53.574Z	547	549	523	524
2021-04-27T09:53:13.581Z	602	600	551	552
2021-04-27T09:53:33.584Z	657	654	579	580
2021-04-27T09:53:53.587Z	709	707	606	605
2021-04-27T09:54:13.597Z	755	758	634	633
2021-04-27T09:54:33.600Z	803	801	659	660
2021-04-27T09:54:53.600Z	846	844	686	687
2021-04-27T09:55:13.609Z	882	883	712	711
2021-04-27T09:55:33.622Z	916	917	735	736
2021-04-27T09:55:53.625Z	945	944	760	761
2021-04-27T09:56:13.635Z	966	967	784	783
2021-04-27T09:56:33.641Z	984	984	805	806
2021-04-27T09:56:53.655Z	995	995	827	828
2021-04-27T09:57:13.661Z	1000	1000	848	847
2021-04-27T09:57:33.672Z	999	998	868	867
2021-04-27T09:57:53.684Z	991	990	885	886
2021-04-27T09:58:13.688Z	977	978	903	903
2021-04-27T09:58:33.696Z	959	958	919	918
2021-04-27T09:58:53.696Z	933	932	933	933
2021-04-27T09:59:13.702Z	902	904	946	947
2021-04-27T09:59:33.714Z	866	868	958	959
2021-04-27T09:59:53.729Z	825	827	969	968
2021-04-27T10:00:13.745Z	785	782	978	977
2021-04-27T10:00:33.756Z	737	734	985	985
2021-04-27T10:00:53.759Z	686	684	991	991
2021-04-27T10:01:13.760Z	633	630	995	996
2021-04-27T10:01:33.765Z	578	580	998	999
2021-04-27T10:02:30.237Z	606	608	555	554
2021-04-27T10:02:50.238Z	660	663	583	582
2021-04-27T10:03:10.242Z	713	715	608	609
2021-04-27T10:03:30.249Z	762	760	636	637
2021-04-27T10:03:50.257Z	809	807	662	664
2021-04-27T10:04:10.263Z	851	849	689	688
2021-04-27T10:04:30.272Z	886	887	715	714
2021-04-27T10:04:50.281Z	919	920	740	739
2021-04-27T10:05:10.293Z	947	948	762	763
2021-04-27T10:05:30.297Z	969	968	785	787
2021-04-27T10:05:50.307Z	986	985	808	809
2021-04-27T10:06:10.319Z	996	996	830	831
2021-04-27T10:06:30.330Z	1000	1000	850	849
2021-04-27T10:06:50.338Z	998	998	870	869
2021-04-27T10:07:10.348Z	990	989	888	887
2021-04-27T10:07:30.349Z	976	975	905	904
2021-04-27T10:07:50.356Z	956	954	920	920
2021-04-27T10:08:10.358Z	929	931	934	935
2021-04-27T10:08:30.367Z	898	899	948	948
2021-04-27T10:08:50.367Z	865	863	960	959
2021-04-27T10:09:10.372Z	824	822	970	969
2021-04-27T10:09:30.373Z	779	777	979	978
2021-04-27T10:09:50.374Z	730	728	986	986
2021-04-27T10:10:10.376Z	679	681	992	992
2021-04-27T10:10:30.390Z	625	627	996	996
2021-04-27T10:10:50.398Z	570	572	999	999
2021-04-27T10:11:10.398Z	519	516	1000	1000
2021-04-27T10:11:30.399Z	463	460	1000	1000
2021-04-27T10:11:50.402Z	407	404	998	998
2021-04-27T10:12:10.403Z	353	355	995	994
2021-04-27T10:12:30.410Z	300	302	990	989
2021-04-27T10:12:50.416Z	250	252	983	983
2021-04-27T10:13:10.431Z	203	205	975	976
2021-04-27T10:13:30.440Z	163	161	966	966
2021-04-27T10:13:50.442Z	124	122	955	955
2021-04-27T10:14:10.452Z	89	88	943	943
2021-04-27T10:14:30.455Z	60	58	930	929
2021-04-27T10:14:50.462Z	36	37	915	914
2021-04-27T10:15:10.472Z	18	19	898	897
2021-04-27T10:15:30.482Z	6	6	881	881
2021-04-27T10:15:50.491Z	1	1	862	863
2021-04-27T10:16:10.496Z	1	1	842	843
2021-04-27T10:16:30.506Z	7	8	822	821
2021-04-27T10:16:50.506Z	20	19	800	799
2021-04-27T10:17:10.520Z	39	38	777	776
2021-04-27T10:17:30.527Z	64	62	754	753
2021-04-27T10:17:50.531Z	94	92	729	730
2021-04-27T10:18:10.532Z	126	128	704	705
2021-04-27T10:18:30.542Z	165	167	678	679
2021-04-27T10:18:50.553Z	209	211	654	652
2021-04-27T10:19:10.563Z	257	255	626	625
2021-04-27T10:19:30.565Z	308	305	599	598
2021-04-27T10:19:50.567Z	361	358	571	572
2021-04-27T10:20:10.574Z	411	413	543	544
2021-04-27T10:20:30.584Z	467	469	515	516
2021-04-27T10:20:50.591Z	523	525	487	488
2021-04-27T10:21:10.596Z	579	581	461	460
2021-04-27T10:21:30.600Z	634	631	433	432
2021-04-27T10:21:50.609Z	687	685	406	404
2021-04-27T10:22:10.611Z	738	735	378	377
2021-04-27T10:22:30.619Z	785	783	351	352
2021-04-27T10:22:50.627Z	826	828	325	326
2021-04-27T10:23:10.641Z	867	868	298	300
2021-04-27T10:23:30.645Z	902	904	275	274
2021-04-27T10:23:50.657Z	933	934	251	249
2021-04-27T10:24:10.657Z	959	958	226	225
2021-04-27T10:24:30.663Z	978	977	203	204
2021-04-27T10:24:50.670Z	992	991	181	182
2021-04-27T10:25:10.672Z	998	999	160	161
2021-04-27T10:25:30.678Z	1000	1000	140	141
2021-04-27T10:25:50.684Z	995	994	123	122
2021-04-27T10:26:10.694Z	984	984	105	104
2021-04-27T10:26:30.699Z	967	967	88	87
2021-04-27T10:26:50.709Z	943	945	73	72
2021-04-27T10:27:10.709Z	917	916	59	59
2021-04-27T10:27:30.716Z	883	882	46	47
2021-04-27T10:27:50.719Z	844	846	36	35
2021-04-27T10:28:10.721Z	800	802	26	26
2021-04-27T10:28:30.733Z	757	755	18	18
2021-04-27T10:28:50.739Z	707	709	12	11
2021-04-27T10:29:10.742Z	654	656	6	6
2021-04-27T10:29:30.755Z	603	601	3	3
2021-04-27T10:29:50.760Z	547	544	1	1
2021-04-27T10:30:10.760Z	490	492	0	0
2021-04-27T10:30:30.766Z	438	436	1	1
2021-04-27T10:30:50.766Z	382	379	4	4
2021-04-27T10:31:10.781Z	327	330	8	8
2021-04-27T10:31:30.782Z	275	277	13	13
2021-04-27T10:31:50.793Z	230	227	21	20
2021-04-27T10:32:10.803Z	183	185	29	29
2021-04-27T10:32:30.810Z	141	143	39	39
2021-04-27T10:32:50.821Z	107	106	51	50
2021-04-27T10:33:10.837Z	74	73	63	64
2021-04-27T10:33:30.838Z	47	48	78	78
2021-04-27T10:33:50.841Z	28	27	94	93
2021-04-27T10:34:10.856Z	12	11	109	110
2021-04-27T10:34:30.858Z	3	3	128	129
2021-04-27T10:34:50.860Z	0	0	147	146
2021-04-27T10:35:10.872Z	3	3	168	167
2021-04-27T10:35:30.883Z	13	12	188	189
2021-04-27T10:35:50.896Z	29	28	211	210
2021-04-27T10:36:10.901Z	49	50	235	234
2021-04-27T10:36:30.911Z	76	78	257	258
2021-04-27T10:36:50.923Z	109	108	282	284
2021-04-27T10:37:10.935Z	144	145	308	307
2021-04-27T10:37:30.937Z	186	188	333	334
2021-04-27T10:37:50.946Z	232	230	360	361
2021-04-27T10:38:10.956Z	282	280	387	386
2021-04-27T10:38:30.962Z	330	333	416	414
2021-04-27T10:38:50.975Z	385	382	441	443
2021-04-27T10:39:10.978Z	441	439	470	468
2021-04-27T10:39:30.980Z	493	496	498	497
2021-04-27T10:39:50.991Z	550	548	524	526
2021-04-27T10:40:11.005Z	607	604	553	551
2021-04-27T10:40:31.009Z	656	659	581	580
2021-04-27T10:40:51.022Z	709	712	606	608
2021-04-27T10:41:11.036Z	759	757	634	635
2021-04-27T10:41:31.042Z	806	804	661	662
2021-04-27T10:41:51.057Z	848	847	687	686
2021-04-27T10:42:11.065Z	883	885	713	712
2021-04-27T10:42:31.078Z	917	918	738	737
2021-04-27T10:42:51.084Z	945	947	763	761
2021-04-27T10:43:11.085Z	968	969	784	785
2021-04-27T10:43:31.093Z	985	984	807	808
2021-04-27T10:43:51.096Z	995	995	828	829
2021-04-27T10:44:11.104Z	1000	1000	849	850
2021-04-27T10:44:31.110Z	998	998	869	868
2021-04-27T10:44:51.114Z	991	990	887	886
2021-04-27T10:45:11.116Z	977	976	903	904
2021-04-27T10:45:31.131Z	957	958	919	920
2021-04-27T10:45:51.139Z	930	932	934	933
2021-04-27T10:46:11.152Z	902	900	947	947
2021-04-27T10:47:26.473Z	606	609	555	554
2021-04-27T10:49:05.277Z	607	609	555	554
2021-04-27T10:49:25.291Z	662	659	581	582
2021-04-27T10:50:52.619Z	607	609	555	554
2021-04-27T10:51:47.138Z	607	610	553	554
2021-04-27T10:52:07.146Z	663	660	582	583
2021-04-27T10:52:27.148Z	711	713	610	608
2021-04-27T10:52:47.149Z	761	764	635	636
2021-04-27T10:53:07.149Z	808	806	662	663
2021-04-27T10:53:27.149Z	851	849	689	688
2021-04-27T10:55:45.135Z	606	609	555	554
2021-04-27T10:56:28.445Z	607	610	556	554
2021-04-27T10:56:48.452Z	662	660	581	583
2021-04-27T10:58:09.250Z	606	609	555	554
2021-04-27T10:58:29.257Z	661	663	581	582
2021-04-27T10:58:49.262Z	713	711	608	610
2021-04-27T10:59:09.263Z	763	761	636	637
2021-04-27T10:59:29.273Z	809	807	663	662
2021-04-27T10:59:49.280Z	848	850	690	688
2021-04-27T11:00:09.286Z	887	885	713	715
2021-04-27T11:00:59.723Z	607	610	556	554
2021-04-27T11:01:19.729Z	662	659	581	582
2021-04-27T11:01:39.742Z	714	712	609	610
2021-04-27T11:01:59.751Z	764	762	636	635
2021-04-27T11:02:19.765Z	806	808	663	662
2021-04-27T11:02:39.766Z	849	851	688	689
2021-04-27T11:02:59.780Z	888	886	714	715
2021-04-27T11:03:19.793Z	921	920	739	738
2021-04-27T11:03:39.801Z	947	948	764	763
2021-04-27T11:03:59.804Z	969	968	786	787
2021-04-27T11:04:19.807Z	986	985	808	809
2021-04-27T11:04:39.816Z	995	996	830	829
2021-04-27T11:04:59.830Z	1000	1000	851	850
2021-04-27T11:05:19.842Z	998	998	869	870
2021-04-27T11:05:39.850Z	990	989	887	888
2021-04-27T11:05:59.859Z	975	976	904	905
2021-04-27T11:06:19.864Z	955	956	920	921
2021-04-27T11:06:39.870Z	929	930	935	934
2021-04-27T11:06:59.881Z	900	898	948	947
2021-04-27T11:07:19.882Z	864	862	960	959
2021-04-27T11:07:39.893Z	823	821	970	970
2021-04-27T11:07:59.905Z	778	776	978	979
2021-04-27T11:08:19.907Z	730	732	986	986
2021-04-27T11:08:39.914Z	679	681	991	992
2021-04-27T11:08:59.921Z	625	628	996	996
2021-04-27T11:09:19.935Z	570	573	999	999
2021-04-27T11:09:39.940Z	519	517	1000	1000
2021-04-27T11:09:59.946Z	463	460	1000	1000
2021-04-27T11:10:19.948Z	407	404	998	998
2021-04-27T11:10:39.948Z	352	355	995	994
2021-04-27T11:10:59.954Z	300	302	990	989
2021-04-27T11:11:19.959Z	250	252	983	983
2021-04-27T11:11:39.965Z	203	205	975	975
2021-04-27T11:11:59.980Z	160	162	966	966
2021-04-27T11:12:19.990Z	124	122	955	955
2021-04-27T11:12:40.001Z	90	88	942	943
2021-04-27T11:13:00.012Z	60	59	929	929
2021-04-27T11:13:20.025Z	36	35	915	914
2021-04-27T11:13:40.039Z	18	19	898	898
2021-04-27T11:14:00.042Z	6	7	881	880
2021-04-27T11:14:20.046Z	1	1	862	861
2021-04-27T11:14:40.058Z	1	1	842	843
2021-04-27T11:15:00.069Z	7	8	821	822
2021-04-27T11:15:20.075Z	20	20	799	800
2021-04-27T11:15:40.089Z	38	39	776	777
2021-04-27T11:16:00.099Z	63	64	754	753
2021-04-27T11:16:20.100Z	93	91	730	729
2021-04-27T11:16:40.103Z	128	126	704	703
2021-04-27T11:17:00.106Z	168	166	678	677
2021-04-27T11:17:20.106Z	212	210	652	653
2021-04-27T11:17:40.110Z	255	258	625	626
2021-04-27T11:18:00.111Z	306	309	600	598
2021-04-27T11:18:20.114Z	359	357	572	571
2021-04-27T11:18:40.119Z	414	412	544	543
2021-04-27T11:19:00.134Z	470	468	516	517
2021-04-27T11:19:20.147Z	522	524	487	489
2021-04-27T11:19:40.151Z	578	580	459	461
2021-04-27T11:20:00.166Z	633	635	434	433
2021-04-27T11:20:20.175Z	687	684	406	405
2021-04-27T11:20:40.186Z	738	736	378	379
2021-04-27T11:21:00.196Z	782	784	351	352
2021-04-27T11:21:20.209Z	827	828	324	325
2021-04-27T11:21:40.219Z	867	869	300	299
2021-04-27T11:22:00.231Z	903	902	275	274
2021-04-27T11:22:20.241Z	934	933	250	249
2021-04-27T11:22:40.247Z	959	958	226	227
2021-04-27T11:23:00.257Z	977	978	203	204
2021-04-27T11:23:20.267Z	991	992	182	181
2021-04-27T11:23:40.273Z	999	998	161	160
2021-04-27T11:24:00.273Z	1000	1000	140	141
2021-04-27T11:24:20.281Z	995	995	121	122
2021-04-27T11:24:40.288Z	984	984	105	104
2021-04-27T11:25:00.300Z	966	967	88	88
2021-04-27T11:25:20.310Z	945	943	72	73
2021-04-27T11:25:40.318Z	916	914	59	59
2021-04-27T11:26:59.001Z	607	609	555	554
2021-04-27T11:27:19.016Z	662	659	581	582
2021-04-27T11:27:39.022Z	715	712	609	608
2021-04-27T11:27:59.026Z	761	763	637	636
2021-04-27T11:28:46.762Z	606	609	555	554
2021-04-27T11:29:06.763Z	662	659	581	582
2021-04-27T11:29:26.763Z	715	712	609	608
2021-04-27T11:29:46.778Z	760	762	637	636
2021-04-27T11:30:06.784Z	807	809	662	663
2021-04-27T11:30:26.793Z	850	848	688	690
2021-04-27T11:30:46.796Z	885	887	715	713
2021-04-27T11:31:06.803Z	919	921	738	739
2021-04-27T11:31:26.815Z	948	946	763	764
2021-04-27T11:31:46.818Z	970	969	786	785
2021-04-27T11:32:06.833Z	985	986	809	808
2021-04-27T11:32:26.840Z	996	995	829	830
2021-04-27T11:32:46.847Z	1000	1000	850	849
2021-04-27T11:33:06.851Z	998	998	870	869
2021-04-27T11:33:26.858Z	990	990	887	888
2021-04-27T11:33:46.867Z	975	976	905	905
2021-04-27T11:34:06.870Z	956	955	921	920
2021-04-27T11:34:26.882Z	930	929	934	935
2021-04-27T11:34:46.883Z	898	899	948	948
2021-04-27T11:35:06.898Z	864	863	960	959
2021-04-27T11:35:26.902Z	823	821	969	970
2021-04-27T11:36:23.318Z	607	610	556	554
2021-04-27T11:36:43.324Z	662	660	581	583
2021-04-27T11:37:03.333Z	711	713	610	608
2021-04-27T11:37:23.336Z	761	763	637	636
2021-04-27T11:37:43.340Z	808	806	662	663
2021-04-27T11:38:03.341Z	851	849	689	688
2021-04-27T11:38:23.351Z	886	888	715	714
2021-04-27T11:38:43.357Z	920	918	738	739
2021-04-27T11:39:03.357Z	948	947	763	762
2021-04-27T11:39:23.367Z	969	969	787	786
2021-04-27T11:39:43.372Z	985	986	808	809
2021-04-27T11:40:03.381Z	996	996	830	831
2021-04-27T11:40:23.389Z	1000	1000	851	850
2021-04-27T11:40:43.393Z	998	998	869	870
2021-04-27T11:41:03.403Z	989	990	887	888
2021-04-27T11:41:23.411Z	975	976	905	904
2021-04-27T11:41:43.417Z	956	955	921	920
2021-04-27T11:42:03.431Z	930	928	934	935
2021-04-27T11:42:23.435Z	898	899	948	948
2021-04-27T11:42:43.444Z	864	863	960	959
2021-04-27T11:43:03.453Z	823	821	969	970
2021-04-27T11:43:23.466Z	777	780	978	979
2021-04-27T11:43:43.478Z	728	730	986	986
2021-04-27T11:44:03.483Z	681	678	992	992
2021-04-27T11:44:23.493Z	626	629	996	996
2021-04-27T11:44:43.498Z	570	573	999	999
2021-04-27T11:45:03.512Z	518	516	1000	1000
2021-04-27T11:45:23.527Z	461	464	1000	1000
2021-04-27T11:45:43.528Z	405	407	998	998
2021-04-27T11:46:03.527Z	354	352	994	994
2021-04-27T11:46:23.532Z	301	298	990	989
2021-04-27T11:46:43.538Z	250	252	983	983
2021-04-27T11:47:03.543Z	206	204	975	975
2021-04-27T11:47:23.548Z	162	160	966	966
2021-04-27T11:47:43.557Z	122	124	955	955
2021-04-27T11:48:03.561Z	87	89	943	943
2021-04-27T11:48:23.566Z	60	59	929	929
2021-04-27T11:48:43.578Z	36	35	915	914
2021-04-27T11:49:03.591Z	18	19	898	897
2021-04-27T11:49:23.604Z	7	6	880	881
2021-04-27T11:49:43.619Z	1	0	863	862
2021-04-27T11:50:03.633Z	1	1	843	842
2021-04-27T11:50:23.638Z	8	8	821	822
2021-04-27T11:50:43.649Z	20	21	799	800
2021-04-27T11:51:03.663Z	39	38	778	777
2021-04-27T11:51:23.669Z	64	63	754	755
2021-04-27T11:51:43.670Z	92	93	728	730
2021-04-27T11:52:03.685Z	127	129	705	704
2021-04-27T11:52:23.696Z	167	166	679	677
2021-04-27T11:52:43.711Z	208	210	652	653
2021-04-27T11:53:03.714Z	256	259	627	626
2021-04-27T11:53:23.728Z	308	305	599	598
2021-04-27T11:53:43.734Z	361	359	571	572
2021-04-27T11:54:03.744Z	412	415	542	544
2021-04-27T11:54:23.752Z	469	466	517	515
2021-04-27T11:54:43.767Z	526	523	488	487
2021-04-27T11:55:03.772Z	577	580	459	461
2021-04-27T11:55:23.787Z	633	636	434	432
2021-04-27T11:55:43.793Z	687	685	406	404
2021-04-27T11:56:03.798Z	734	737	378	379
2021-04-27T11:56:23.807Z	783	785	350	351
2021-04-27T11:56:43.807Z	828	826	326	324
2021-04-27T11:57:03.818Z	869	867	299	300
2021-04-27T11:57:23.821Z	902	903	273	275
2021-04-27T11:57:43.832Z	933	934	251	249
2021-04-27T11:58:03.842Z	959	958	226	225
2021-04-27T11:58:23.845Z	977	978	203	204
2021-04-27T11:58:43.858Z	991	991	180	181
2021-04-27T11:59:03.865Z	999	998	161	160
2021-04-27T11:59:23.867Z	1000	1000	141	141
2021-04-27T11:59:43.869Z	995	995	121	122
2021-04-27T12:00:03.872Z	984	983	105	104
2021-04-27T12:00:23.878Z	966	967	88	87
2021-04-27T12:00:43.887Z	945	944	73	73
2021-04-27T12:01:03.891Z	916	915	60	59
2021-04-27T12:01:23.896Z	882	884	47	46
2021-04-27T12:01:43.902Z	843	845	36	36
2021-04-27T12:02:03.904Z	803	801	26	26
2021-04-27T12:02:23.910Z	756	754	18	18
2021-04-27T12:02:43.917Z	706	708	11	11
2021-04-27T12:03:03.932Z	653	656	6	6
2021-04-27T12:03:23.947Z	599	601	3	3
2021-04-27T12:03:43.958Z	548	546	1	1
2021-04-27T12:04:03.972Z	492	490	0	0
2021-04-27T12:04:23.976Z	437	434	1	1
2021-04-27T12:04:43.988Z	381	379	3	4
2021-04-27T12:05:03.999Z	328	325	8	8
2021-04-27T12:05:24.007Z	276	279	13	13
2021-04-27T12:05:44.010Z	228	230	20	21
2021-04-27T12:06:04.016Z	182	184	29	29
2021-04-27T12:06:24.026Z	141	143	39	39
2021-04-27T12:06:44.028Z	104	106	51	50
2021-04-27T12:07:04.039Z	75	74	64	63
2021-04-27T12:07:24.043Z	48	47	77	78
2021-04-27T12:07:44.058Z	27	27	93	94
2021-04-27T12:08:04.068Z	11	12	110	109
2021-04-27T12:08:24.078Z	3	3	129	128
2021-04-27T12:08:44.085Z	0	0	146	147
2021-04-27T12:09:04.087Z	3	3	167	168
2021-04-27T12:09:24.101Z	12	13	189	188
2021-04-27T12:09:44.113Z	28	29	212	211
2021-04-27T12:10:04.121Z	50	49	234	235
2021-04-27T12:10:24.130Z	77	76	258	257
2021-04-27T12:10:44.134Z	107	109	283	282
2021-04-27T12:11:04.135Z	145	147	307	308
2021-04-27T12:11:24.136Z	188	186	334	335
2021-04-27T12:11:44.144Z	230	232	361	360
2021-04-27T12:12:04.152Z	280	282	386	387
2021-04-27T12:12:24.153Z	332	329	414	415
2021-04-27T12:12:44.167Z	386	384	442	443
2021-04-27T12:13:04.178Z	437	440	470	469
2021-04-27T12:13:24.194Z	494	497	496	497
2021-04-27T12:13:44.198Z	551	549	525	526
2021-04-27T12:14:04.211Z	607	605	553	552
2021-04-27T12:14:24.224Z	657	660	581	580
2021-04-27T12:14:44.231Z	711	708	607	608
2021-04-27T12:15:04.232Z	761	759	635	633
2021-04-27T12:15:24.239Z	804	806	662	661
2021-04-27T12:15:44.253Z	847	849	686	688
2021-04-27T12:16:04.259Z	886	884	713	714
2021-04-27T12:16:24.272Z	917	918	738	737
2021-04-27T12:16:44.272Z	946	947	761	762
2021-04-27T12:17:04.276Z	969	968	785	786
2021-04-27T12:17:24.292Z	985	985	808	807
2021-04-27T12:17:44.297Z	995	996	830	829
2021-04-27T12:18:04.303Z	1000	1000	849	850
2021-04-27T12:18:24.312Z	998	998	869	868
2021-04-27T12:18:44.315Z	991	990	887	886
2021-04-27T12:19:04.327Z	976	976	903	904
2021-04-27T12:19:24.337Z	956	957	919	919
2021-04-27T12:19:44.337Z	932	931	934	934
2021-04-27T12:20:04.342Z	900	902	947	947
2021-04-27T12:20:24.357Z	863	865	959	958
2021-04-27T12:20:44.365Z	826	824	969	969
2021-04-27T12:21:04.368Z	780	782	978	978
2021-04-27T12:21:24.382Z	731	734	985	985
2021-04-27T12:21:44.390Z	684	682	991	991
2021-04-27T12:22:04.398Z	630	627	996	996
2021-04-27T12:22:24.400Z	574	577	999	999
2021-04-27T12:22:44.408Z	517	520	1000	1000
2021-04-27T12:23:04.417Z	465	463	1000	1000
2021-04-27T12:23:24.417Z	409	411	998	998
2021-04-27T12:23:44.427Z	353	356	995	995
2021-04-27T12:24:32.062Z	607	609	555	554
2021-04-27T12:24:52.075Z	662	659	581	582
2021-04-27T12:25:12.088Z	714	712	609	610
2021-04-27T12:25:32.101Z	760	762	637	635
2021-04-27T12:25:52.111Z	807	809	661	663
2021-04-27T12:26:12.118Z	850	848	688	689
2021-04-27T12:26:32.123Z	888	887	714	713
2021-04-27T12:26:52.138Z	919	920	740	739
2021-04-27T12:27:12.150Z	947	948	762	763
2021-04-27T12:27:32.163Z	970	969	786	787
2021-04-27T12:27:52.169Z	985	986	809	808
2021-04-27T12:28:46.274Z	607	610	556	554
2021-04-27T12:29:06.279Z	662	660	581	583
2021-04-27T12:29:55.831Z	607	610	556	554
2021-04-27T12:30:15.834Z	662	660	581	583
2021-04-27T12:31:24.587Z	607	610	556	554
2021-04-27T12:31:44.598Z	662	660	581	583
2021-04-27T12:33:22.601Z	607	610	556	554
2021-04-27T12:33:42.615Z	662	660	581	583
2021-04-27T12:34:02.629Z	715	712	609	608
2021-04-27T12:34:22.635Z	761	763	637	636
2021-04-27T12:35:10.437Z	607	610	553	554
2021-04-27T12:35:30.439Z	662	660	581	583
2021-04-27T12:35:50.450Z	715	713	609	608
2021-04-27T12:36:10.451Z	761	763	637	636
2021-04-27T12:36:30.466Z	808	806	662	663
2021-04-27T12:36:50.479Z	851	849	689	687
2021-04-27T12:37:10.487Z	886	888	715	714
2021-04-27T12:37:30.500Z	919	921	738	739
2021-04-27T12:37:50.512Z	947	948	762	763
2021-04-27T12:38:10.511Z	969	969	786	787
2021-04-27T12:38:30.522Z	986	985	808	809
2021-04-27T12:38:50.524Z	996	996	830	829
2021-04-27T12:39:10.526Z	1000	1000	851	850
2021-04-27T12:49:13.896Z	606	609	555	554
2021-04-27T12:49:33.910Z	661	664	581	582
2021-04-27T12:49:53.910Z	714	712	609	610
2021-04-27T12:50:13.919Z	760	762	637	635
2021-04-27T12:50:33.923Z	807	809	662	663
2021-04-27T12:50:53.933Z	850	848	688	689
2021-04-27T12:51:13.939Z	889	887	714	713
2021-04-27T12:51:33.942Z	919	920	740	739
2021-04-27T12:51:53.946Z	947	946	762	763
2021-04-27T12:52:13.947Z	970	969	786	785
2021-04-27T12:52:33.957Z	985	986	809	808
2021-04-27T12:52:53.967Z	996	995	829	830
2021-04-27T12:53:13.968Z	1000	1000	850	851
2021-04-27T12:53:33.983Z	998	998	870	869
2021-04-27T12:53:53.986Z	990	989	887	888
2021-04-27T12:54:13.997Z	975	976	904	905
2021-04-27T12:54:33.997Z	956	955	921	920
2021-04-27T12:54:53.997Z	930	929	934	935
2021-04-27T12:55:14.012Z	898	900	947	948
2021-04-27T12:55:34.020Z	861	863	959	959
2021-04-27T12:55:54.032Z	823	821	970	970
2021-04-27T12:56:14.037Z	778	780	978	979
2021-04-27T12:56:34.040Z	729	731	986	985
2021-04-27T12:56:54.050Z	681	679	992	992
2021-04-27T12:57:14.055Z	627	624	996	996
2021-04-27T12:57:34.069Z	571	574	999	999
2021-04-27T12:57:54.075Z	519	517	1000	1000
2021-04-27T12:58:14.089Z	462	460	1000	1000
2021-04-27T12:58:34.103Z	406	408	998	998
2021-04-27T12:58:54.107Z	350	353	994	995
2021-04-27T12:59:14.118Z	302	299	989	990
2021-04-27T12:59:34.133Z	251	253	983	983
2021-04-27T12:59:54.140Z	203	205	975	975
2021-04-27T13:00:14.146Z	163	161	966	966
2021-04-27T13:00:34.160Z	123	121	955	955
2021-04-27T13:00:54.170Z	88	89	943	942
2021-04-27T13:01:14.185Z	61	59	929	930
2021-04-27T13:01:34.189Z	36	35	915	914
2021-04-27T13:01:54.195Z	18	19	898	898
2021-04-27T13:02:14.211Z	6	6	880	881
2021-04-27T13:02:34.214Z	1	1	861	862
2021-04-27T13:02:54.226Z	1	1	843	842
2021-04-27T13:03:14.239Z	8	7	821	822
2021-04-27T13:03:34.248Z	20	20	799	800
2021-04-27T13:03:54.255Z	39	40	778	777
2021-04-27T13:04:14.268Z	64	62	754	753
2021-04-27T13:04:34.274Z	94	93	729	730
2021-04-27T13:04:54.282Z	127	128	703	704
2021-04-27T13:05:14.288Z	168	166	679	677
2021-04-27T13:05:34.289Z	208	210	652	653
2021-04-27T13:05:54.304Z	257	259	627	625
2021-04-27T13:06:14.307Z	307	305	599	598
2021-04-27T13:06:34.308Z	360	358	571	570
2021-04-27T13:06:54.308Z	415	412	544	542
2021-04-27T13:07:14.323Z	471	468	516	517
2021-04-27T13:07:34.326Z	522	524	487	489
2021-04-27T13:07:54.332Z	577	580	459	461
2021-04-27T13:08:14.342Z	632	635	431	433
2021-04-27T13:08:34.347Z	686	688	406	405
2021-04-27T13:08:54.356Z	737	735	379	377
2021-04-27T13:09:14.359Z	785	783	352	350
2021-04-27T13:09:34.363Z	829	827	325	324
2021-04-27T13:09:54.373Z	869	867	299	300
2021-04-27T13:10:14.387Z	905	903	274	275
2021-04-27T13:10:34.402Z	932	934	249	250
2021-04-27T13:10:54.403Z	958	959	225	226
2021-04-27T13:11:14.415Z	977	978	204	203
2021-04-27T13:11:34.427Z	991	992	182	181
2021-04-27T13:11:54.433Z	999	998	161	160
2021-04-27T13:12:14.443Z	1000	1000	141	140
2021-04-27T13:12:34.444Z	995	995	122	121
2021-04-27T13:12:54.448Z	983	984	104	105
2021-04-27T13:13:14.452Z	966	967	88	88
2021-04-27T13:13:34.464Z	945	944	72	73
2021-04-27T13:13:54.465Z	917	915	59	59
2021-04-27T13:14:14.473Z	883	881	47	47
2021-04-27T13:14:34.484Z	844	843	36	35
2021-04-27T13:14:54.496Z	802	804	26	26
2021-04-27T13:15:14.497Z	755	757	18	18
2021-04-27T13:15:34.499Z	705	707	11	11
2021-04-27T13:15:54.501Z	653	655	6	6
2021-04-27T13:16:14.509Z	603	601	3	3
2021-04-27T13:16:34.511Z	547	544	1	1
2021-04-27T13:16:54.517Z	490	493	0	0
2021-04-27T13:17:14.519Z	433	436	1	1
2021-04-27T13:17:34.531Z	382	380	4	4
2021-04-27T13:17:54.536Z	327	330	8	8
2021-04-27T13:18:14.547Z	275	277	13	14
2021-04-27T13:18:34.558Z	230	228	21	20
2021-04-27T13:18:54.571Z	184	182	29	29
2021-04-27T13:19:14.582Z	142	143	39	40
2021-04-27T13:19:34.592Z	104	106	51	50
2021-04-27T13:19:54.606Z	75	73	64	63
2021-04-27T13:20:14.609Z	48	49	77	78
2021-04-27T13:20:34.621Z	26	27	93	93
2021-04-27T13:20:54.637Z	12	12	111	110
2021-04-27T13:21:14.650Z	3	3	127	128
2021-04-27T13:21:34.661Z	0	0	147	148
2021-04-27T13:21:54.672Z	3	3	168	167
2021-04-27T13:22:14.687Z	13	13	188	189
2021-04-27T13:22:34.698Z	28	28	210	212
2021-04-27T13:22:54.706Z	51	49	234	233
2021-04-27T13:23:14.715Z	76	77	259	258
2021-04-27T13:23:34.723Z	109	107	282	283
2021-04-27T13:23:54.728Z	147	145	308	309
2021-04-27T13:24:14.729Z	185	187	335	333
2021-04-27T13:24:34.736Z	232	234	359	361
2021-04-27T13:24:54.751Z	282	279	387	388
2021-04-27T13:25:14.756Z	329	332	415	414
2021-04-27T13:25:34.757Z	384	387	441	442
2021-04-27T13:25:54.766Z	440	438	469	470
2021-04-27T13:26:14.777Z	497	494	498	496
2021-04-27T13:26:34.784Z	549	552	526	525
2021-04-27T13:26:54.795Z	605	603	552	553
2021-04-27T13:27:14.799Z	660	658	580	582
2021-04-27T13:27:34.805Z	709	711	609	607
2021-04-27T13:27:54.812Z	759	761	634	635
2021-04-27T13:28:14.819Z	806	804	661	662
2021-04-27T13:28:34.829Z	845	847	688	687
2021-04-27T13:28:54.843Z	884	886	714	713
2021-04-27T13:29:14.856Z	918	917	737	738
2021-04-27T13:29:34.872Z	947	946	762	761
2021-04-27T13:29:54.886Z	968	969	786	785
2021-04-27T13:30:14.900Z	985	984	807	808
2021-04-27T13:30:34.907Z	996	995	829	830
2021-04-27T13:31:29.502Z	607	610	556	554
2021-04-27T13:31:49.510Z	662	660	581	583
2021-04-27T13:32:09.513Z	715	712	609	608
2021-04-27T13:32:29.528Z	761	763	637	636
2021-04-27T13:32:49.540Z	808	806	662	663
2021-04-27T13:33:09.544Z	851	849	689	687
2021-04-27T13:33:29.552Z	886	887	715	714
2021-04-27T13:33:49.553Z	919	921	738	739
2021-04-27T13:34:09.556Z	948	947	763	764
2021-04-27T13:34:29.568Z	968	969	787	785
2021-04-27T13:34:49.580Z	985	986	807	808
2021-04-27T13:35:09.584Z	996	996	829	830
2021-04-27T13:35:29.594Z	1000	1000	850	849
2021-04-27T13:35:49.594Z	998	998	870	869
2021-04-27T13:36:09.596Z	990	990	887	888
2021-04-27T13:37:07.934Z	607	609	555	554
2021-04-27T13:37:27.947Z	662	659	581	582
2021-04-27T13:38:21.552Z	607	610	556	554
2021-04-27T13:38:41.555Z	662	660	581	583
2021-04-27T13:39:01.567Z	715	713	609	608
2021-04-27T13:39:21.569Z	761	763	637	636
2021-04-27T13:39:41.575Z	808	805	662	663
2021-04-27T13:40:01.578Z	850	849	689	690
2021-04-27T13:40:21.591Z	886	887	715	714
2021-04-27T13:40:41.606Z	919	921	738	739
2021-04-27T13:41:01.621Z	948	946	763	764
2021-04-27T13:41:21.632Z	968	969	786	785
2021-04-27T13:41:41.646Z	985	986	809	808
2021-04-27T13:42:01.653Z	996	996	829	830
2021-04-27T13:42:21.663Z	1000	1000	850	849
2021-04-27T13:42:41.673Z	998	998	870	869
2021-04-27T13:43:01.683Z	990	989	887	888
2021-04-27T13:43:21.685Z	975	976	904	905
2021-04-27T13:43:41.690Z	956	955	921	920
2021-04-27T13:44:01.696Z	930	929	934	935
2021-04-27T13:44:21.699Z	898	900	947	948
2021-04-27T13:44:41.711Z	861	863	960	959
2021-04-27T13:45:01.726Z	823	821	970	970
2021-04-27T13:45:21.728Z	778	780	978	979
2021-04-27T13:45:41.731Z	728	731	986	985
2021-04-27T13:46:01.741Z	681	679	992	992
2021-04-27T13:46:21.743Z	627	624	996	996
2021-04-27T13:47:18.209Z	606	609	555	554
2021-04-27T13:47:38.210Z	661	664	581	582
2021-04-27T13:48:20.665Z	607	609	555	554
2021-04-27T13:48:40.680Z	661	663	581	582
2021-04-27T13:49:00.693Z	714	711	609	610
2021-04-27T13:49:20.708Z	764	761	636	635
2021-04-27T13:49:40.721Z	806	808	663	662
2021-04-27T13:50:00.729Z	849	850	690	688
2021-04-27T13:50:20.730Z	887	888	713	714
2021-04-27T13:50:40.742Z	920	919	739	740
2021-04-27T13:51:00.747Z	948	947	763	762
2021-04-27T13:51:49.317Z	607	609	555	554
2021-04-27T13:52:09.323Z	662	659	581	582
2021-04-27T13:52:53.896Z	607	609	555	554
2021-04-27T13:53:53.422Z	607	610	553	554
2021-04-27T13:54:13.431Z	662	660	581	583
2021-04-27T13:54:33.435Z	715	713	610	608
2021-04-27T13:54:53.446Z	761	763	637	636
2021-04-27T13:55:13.453Z	808	806	662	663
2021-04-27T13:55:33.455Z	850	848	688	690
2021-04-27T13:55:53.460Z	885	887	715	713
2021-04-27T13:56:13.466Z	919	921	738	739
2021-04-27T13:56:33.480Z	948	946	762	764
2021-04-27T13:56:53.483Z	970	969	786	785
2021-04-27T13:57:13.486Z	985	986	809	808
2021-04-27T13:57:33.498Z	996	996	831	830
2021-04-27T13:57:53.511Z	1000	1000	850	851
2021-04-27T13:58:13.526Z	998	998	869	869
2021-04-27T13:58:33.536Z	990	990	888	887
2021-04-27T13:58:53.548Z	976	975	904	905
2021-04-27T13:59:42.106Z	607	609	555	554
2021-04-27T14:00:02.111Z	662	664	581	582
2021-04-27T14:00:22.126Z	714	712	609	610
2021-04-27T14:00:42.127Z	760	762	637	635
2021-04-27T14:01:02.129Z	807	809	662	663
2021-04-27T14:01:22.141Z	850	848	688	690
2021-04-27T14:01:42.145Z	885	887	715	713
2021-04-27T14:02:02.157Z	919	921	738	739
2021-04-27T14:02:22.157Z	947	946	762	763
2021-04-27T14:02:42.168Z	970	969	786	785
2021-04-27T14:03:02.171Z	985	986	809	808
2021-04-27T14:03:22.175Z	996	996	829	830
2021-04-27T14:03:42.183Z	1000	1000	850	851
2021-04-27T14:04:02.196Z	998	998	870	869
2021-04-27T14:04:22.203Z	990	989	887	888
2021-04-27T14:04:42.207Z	975	976	904	905
2021-04-27T14:06:00.956Z	607	609	555	554
2021-04-27T14:06:20.969Z	661	663	583	582
2021-04-27T14:06:40.982Z	713	715	608	609
2021-04-27T14:07:00.982Z	762	764	635	636
2021-04-27T14:07:20.991Z	809	807	662	664
2021-04-27T14:07:40.994Z	848	850	689	688
2021-04-27T14:08:01.000Z	886	888	713	714
2021-04-27T14:08:21.012Z	920	919	739	740
2021-04-27T14:08:41.021Z	948	947	763	762
2021-04-27T14:09:01.031Z	969	969	787	786
2021-04-27T14:09:21.044Z	985	986	809	808
2021-04-27T14:09:41.052Z	996	996	829	830
2021-04-27T14:10:01.068Z	1000	1000	850	851
2021-04-27T14:10:21.071Z	998	998	869	870
2021-04-27T14:10:41.081Z	989	990	888	887
2021-04-27T14:11:01.091Z	976	975	905	904
2021-04-27T14:11:21.094Z	955	954	920	920
2021-04-27T14:11:41.104Z	929	930	935	935
2021-04-27T14:12:01.111Z	900	899	948	947
2021-04-27T14:12:21.121Z	864	862	960	959
2021-04-27T14:12:41.128Z	822	824	969	970
2021-04-27T14:13:01.137Z	777	779	978	979
2021-04-27T14:13:21.140Z	732	730	986	986
2021-04-27T14:13:41.151Z	680	677	991	992
2021-04-27T14:14:01.152Z	625	628	996	996
2021-04-27T14:14:21.153Z	575	572	999	999
2021-04-27T14:14:41.161Z	518	515	1000	1000
2021-04-27T14:15:01.176Z	460	463	1000	1000
2021-04-27T14:15:21.191Z	404	406	998	998
2021-04-27T14:15:41.206Z	353	351	994	994
2021-04-27T14:16:01.207Z	300	302	990	989
2021-04-27T14:16:21.209Z	249	251	983	983
2021-04-27T14:16:41.215Z	205	203	975	975
2021-04-27T14:17:01.228Z	161	159	966	966
2021-04-27T14:17:21.238Z	122	123	955	954
2021-04-27T14:17:41.239Z	90	88	942	943
2021-04-27T14:18:01.247Z	60	59	928	929
2021-04-27T14:18:21.252Z	36	37	915	914
2021-04-27T14:18:41.254Z	18	18	898	899
2021-04-27T14:19:01.260Z	7	6	880	881
2021-04-27T14:19:21.275Z	1	1	863	862
2021-04-27T14:19:41.282Z	1	1	842	841
2021-04-27T14:20:01.290Z	7	8	821	822
2021-04-27T14:20:21.293Z	20	21	801	800
2021-04-27T14:20:41.306Z	39	38	777	776
2021-04-27T14:21:01.309Z	62	63	753	754
2021-04-27T14:21:21.324Z	92	94	728	729
2021-04-27T14:21:41.339Z	128	126	705	703
2021-04-27T14:22:01.340Z	168	166	678	679
2021-04-27T14:22:21.339Z	209	211	651	652
2021-04-27T14:22:41.347Z	257	255	626	625
2021-04-27T14:23:01.356Z	308	306	598	597
2021-04-27T14:23:21.368Z	357	360	570	572
2021-04-27T14:23:41.383Z	413	415	545	543
2021-04-27T14:24:01.393Z	469	467	516	515
2021-04-27T14:24:21.402Z	526	524	488	489
2021-04-27T14:24:41.409Z	578	580	459	461
2021-04-27T14:25:01.417Z	634	631	433	432
2021-04-27T14:25:21.425Z	688	685	405	404
2021-04-27T14:25:41.431Z	735	737	377	379
2021-04-27T14:26:01.432Z	783	785	352	351
2021-04-27T14:26:21.445Z	828	826	325	324
2021-04-27T14:26:41.461Z	869	867	299	300
2021-04-27T14:27:01.469Z	902	904	273	274
2021-04-27T14:27:21.474Z	933	935	250	249
2021-04-27T14:27:41.476Z	959	958	226	225
2021-04-27T14:28:01.477Z	977	978	203	204
2021-04-27T14:28:21.486Z	991	991	182	181
2021-04-27T14:28:41.495Z	999	998	161	160
2021-04-27T14:29:01.498Z	1000	1000	141	140
2021-04-27T14:29:21.511Z	994	995	122	122
2021-04-27T14:29:41.521Z	984	984	104	105
2021-04-27T14:30:01.530Z	967	966	87	88
