time	1-SP	1-T	2-SP	2-T
2021-04-30T06:16:00.401Z	606	609	554	555
2021-04-30T06:16:20.416Z	661	664	582	581
2021-04-30T06:16:40.419Z	714	712	610	609
2021-04-30T06:17:00.432Z	760	762	636	637
2021-04-30T06:17:20.446Z	807	809	663	661
2021-04-30T06:17:40.453Z	850	848	689	688
2021-04-30T06:18:00.464Z	888	886	715	714
2021-04-30T06:18:20.474Z	918	920	738	739
2021-04-30T06:18:40.488Z	947	948	763	764
2021-04-30T06:19:00.502Z	969	970	786	785
2021-04-30T06:19:20.517Z	986	985	809	808
2021-04-30T06:19:40.526Z	996	996	829	830
2021-04-30T06:20:00.533Z	1000	1000	850	851
2021-04-30T06:20:20.536Z	998	998	870	869
2021-04-30T06:20:40.537Z	990	990	888	887
2021-04-30T06:21:00.553Z	975	976	904	905
2021-04-30T06:21:20.553Z	956	955	920	921
2021-04-30T06:21:40.553Z	930	929	935	935
2021-04-30T06:22:00.561Z	898	900	948	947
2021-04-30T06:22:20.563Z	862	863	960	959
2021-04-30T06:22:40.573Z	820	822	969	970
2021-04-30T06:23:00.574Z	779	777	978	979
2021-04-30T06:23:20.584Z	730	728	986	986
2021-04-30T06:23:40.592Z	678	681	992	992
2021-04-30T06:24:00.604Z	624	627	996	996
2021-04-30T06:24:20.606Z	573	571	999	999
2021-04-30T06:25:20.755Z	606	608	554	555
2021-04-30T06:25:40.761Z	660	663	582	583
2021-04-30T06:26:00.775Z	713	715	610	608
2021-04-30T06:26:20.788Z	763	761	637	636
2021-04-30T06:26:40.790Z	810	808	662	663
2021-04-30T06:27:00.796Z	848	850	688	690
2021-04-30T06:27:20.803Z	887	888	714	713
2021-04-30T06:27:40.812Z	920	919	740	738
2021-04-30T06:28:00.817Z	948	947	764	763
2021-04-30T06:28:20.817Z	969	969	786	787
2021-04-30T06:28:40.827Z	985	986	809	807
2021-04-30T06:29:00.835Z	996	996	830	829
2021-04-30T06:29:50.784Z	606	609	554	555
2021-04-30T06:30:10.786Z	661	663	582	581
2021-04-30T06:30:30.796Z	714	711	610	609
2021-04-30T06:30:50.805Z	763	761	637	636
2021-04-30T06:31:10.814Z	809	807	662	663
2021-04-30T06:31:30.824Z	848	850	688	690
2021-04-30T06:31:50.829Z	887	888	714	713
2021-04-30T06:32:10.832Z	920	919	740	738
2021-04-30T06:32:30.839Z	948	947	762	763
2021-04-30T06:32:50.853Z	969	969	786	787
2021-04-30T06:33:10.859Z	985	986	808	809
2021-04-30T06:34:10.657Z	606	608	554	555
2021-04-30T06:34:30.667Z	660	663	582	583
2021-04-30T06:34:50.671Z	713	711	610	608
2021-04-30T06:35:10.682Z	763	761	637	636
2021-04-30T06:35:30.687Z	806	808	662	663
2021-04-30T06:36:14.691Z	606	609	554	555
2021-04-30T06:36:34.698Z	661	664	582	581
2021-04-30T06:37:29.224Z	607	610	554	556
2021-04-30T06:37:49.239Z	662	659	582	581
2021-04-30T06:38:09.242Z	714	712	610	609
2021-04-30T06:38:29.247Z	764	762	635	637
2021-04-30T06:38:49.250Z	807	809	662	664
2021-04-30T06:39:09.250Z	849	848	689	688
2021-04-30T06:39:29.260Z	888	886	715	714
2021-04-30T06:39:49.268Z	918	920	738	739
2021-04-30T06:40:09.274Z	947	948	763	764
2021-04-30T06:40:29.286Z	969	968	786	785
2021-04-30T06:40:49.293Z	986	985	809	808
2021-04-30T06:41:09.294Z	995	996	829	830
2021-04-30T06:41:29.301Z	1000	1000	850	851
2021-04-30T06:41:49.310Z	998	998	870	869
2021-04-30T06:42:49.510Z	606	609	554	555
2021-04-30T06:43:09.517Z	661	663	582	581
2021-04-30T06:43:29.522Z	714	711	610	609
2021-04-30T06:43:49.526Z	764	761	635	636
2021-04-30T06:44:09.527Z	806	808	662	663
2021-04-30T06:44:29.538Z	849	851	689	688
2021-04-30T06:45:12.541Z	607	610	554	556
2021-04-30T06:45:32.548Z	662	664	582	581
2021-04-30T06:45:52.552Z	714	711	610	609
2021-04-30T06:46:12.561Z	764	762	635	636
2021-04-30T06:46:32.563Z	806	808	662	663
2021-04-30T06:46:52.563Z	849	851	689	688
2021-04-30T06:47:46.703Z	606	609	554	555
2021-04-30T06:48:06.715Z	661	664	582	581
2021-04-30T06:48:26.717Z	714	712	610	609
2021-04-30T06:49:43.548Z	607	610	554	556
2021-04-30T06:50:03.559Z	662	664	582	581
2021-04-30T06:50:23.567Z	714	712	610	609
2021-04-30T06:50:43.571Z	764	762	635	636
2021-04-30T06:51:33.385Z	607	610	554	556
2021-04-30T06:52:45.927Z	606	608	554	555
2021-04-30T06:53:05.934Z	660	663	582	583
2021-04-30T06:53:25.936Z	713	711	610	608
2021-04-30T06:53:45.945Z	763	761	637	636
2021-04-30T06:54:05.953Z	805	808	662	663
2021-04-30T06:54:25.961Z	849	850	688	690
2021-04-30T06:54:45.975Z	887	885	715	713
2021-04-30T06:55:57.460Z	606	609	554	555
2021-04-30T06:56:17.466Z	661	664	582	581
2021-04-30T06:56:37.476Z	714	711	610	609
2021-04-30T06:56:57.482Z	764	761	635	636
2021-04-30T06:57:17.492Z	806	808	662	663
2021-04-30T06:57:37.495Z	849	851	689	688
2021-04-30T06:57:57.498Z	887	886	715	714
2021-04-30T06:58:17.502Z	921	919	738	739
2021-04-30T06:58:37.505Z	946	947	762	763
2021-04-30T06:58:57.508Z	969	970	786	787
2021-04-30T06:59:17.508Z	985	986	809	808
2021-04-30T06:59:37.519Z	996	995	830	829
2021-04-30T06:59:57.522Z	1000	1000	851	850
2021-04-30T07:00:17.524Z	998	998	869	870
2021-04-30T07:00:37.530Z	990	990	887	888
2021-04-30T07:00:57.537Z	976	975	905	904
2021-04-30T07:01:17.542Z	955	956	921	920
2021-04-30T07:01:37.552Z	929	930	935	935
2021-04-30T07:01:57.554Z	900	899	947	948
2021-04-30T07:02:17.559Z	863	862	959	959
2021-04-30T07:02:37.572Z	822	824	970	969
2021-04-30T07:02:57.583Z	777	779	978	978
2021-04-30T07:03:17.596Z	732	730	986	986
2021-04-30T07:03:37.599Z	681	678	992	992
2021-04-30T07:03:57.603Z	627	629	996	996
2021-04-30T07:04:17.612Z	571	573	999	999
2021-04-30T07:04:37.621Z	519	517	1000	1000
2021-04-30T07:04:57.632Z	463	460	1000	1000
2021-04-30T07:05:17.647Z	407	404	998	998
2021-04-30T07:05:37.655Z	351	354	994	994
2021-04-30T07:05:57.666Z	298	300	990	989
2021-04-30T07:06:17.674Z	252	250	983	983
2021-04-30T07:06:37.677Z	204	202	975	975
2021-04-30T07:06:57.690Z	161	163	965	966
2021-04-30T07:07:17.697Z	121	123	955	955
2021-04-30T07:07:37.705Z	90	88	943	942
2021-04-30T07:07:57.712Z	60	59	929	929
2021-04-30T07:08:17.718Z	36	37	914	915
2021-04-30T07:08:37.720Z	18	19	898	898
2021-04-30T07:08:57.727Z	6	6	881	880
2021-04-30T07:09:17.731Z	1	1	862	861
2021-04-30T07:09:37.731Z	1	1	842	843
2021-04-30T07:09:57.733Z	8	7	821	822
2021-04-30T07:10:17.744Z	21	20	801	800
2021-04-30T07:10:37.748Z	38	39	778	776
2021-04-30T07:10:57.757Z	63	64	753	755
2021-04-30T07:11:17.772Z	93	91	729	730
2021-04-30T07:11:37.781Z	128	126	703	704
2021-04-30T07:11:57.793Z	168	166	679	678
2021-04-30T07:12:17.799Z	208	210	653	652
2021-04-30T07:12:37.807Z	256	258	626	624
2021-04-30T07:12:57.822Z	307	305	598	599
2021-04-30T07:13:17.829Z	361	358	570	571
2021-04-30T07:13:37.838Z	411	413	544	543
2021-04-30T07:13:57.853Z	467	470	516	515
2021-04-30T07:14:17.854Z	524	521	488	489
2021-04-30T07:14:37.859Z	580	578	459	461
2021-04-30T07:14:57.860Z	636	633	434	432
2021-04-30T07:15:17.868Z	684	687	406	404
2021-04-30T07:15:37.881Z	736	738	378	379
2021-04-30T07:15:57.887Z	784	782	351	352
2021-04-30T07:16:17.902Z	829	827	326	325
2021-04-30T07:16:37.910Z	866	868	300	299
2021-04-30T07:16:57.917Z	903	904	274	275
2021-04-30T07:17:17.928Z	934	932	249	250
2021-04-30T07:17:37.938Z	959	958	227	226
2021-04-30T07:17:57.944Z	977	978	204	203
2021-04-30T07:18:17.951Z	991	992	181	182
2021-04-30T07:18:37.961Z	999	998	160	161
2021-04-30T07:18:57.965Z	1000	1000	141	140
2021-04-30T07:19:17.975Z	995	995	122	121
2021-04-30T07:19:37.975Z	984	983	104	105
2021-04-30T07:19:57.989Z	967	967	88	88
2021-04-30T07:20:17.992Z	943	944	72	73
2021-04-30T07:20:37.993Z	917	916	59	59
2021-04-30T07:20:57.997Z	883	882	47	46
2021-04-30T07:21:18.012Z	845	843	36	36
2021-04-30T07:21:38.025Z	801	804	26	26
2021-04-30T07:21:58.027Z	754	757	18	18
2021-04-30T07:22:18.043Z	709	706	11	11
2021-04-30T07:22:38.057Z	656	653	6	6
2021-04-30T07:22:58.063Z	601	603	3	3
2021-04-30T07:23:18.071Z	545	547	0	1
2021-04-30T07:23:38.085Z	493	490	0	0
2021-04-30T07:23:58.085Z	436	434	1	1
2021-04-30T07:24:18.095Z	380	383	4	4
2021-04-30T07:24:38.106Z	326	329	8	8
2021-04-30T07:24:58.121Z	274	277	13	13
2021-04-30T07:25:18.121Z	230	227	20	21
2021-04-30T07:25:38.123Z	184	182	29	29
2021-04-30T07:25:58.130Z	142	144	39	39
2021-04-30T07:26:18.139Z	105	106	50	51
2021-04-30T07:26:38.148Z	75	74	63	64
2021-04-30T07:26:58.153Z	48	47	78	77
2021-04-30T07:27:18.163Z	27	28	94	93
2021-04-30T07:27:38.178Z	12	12	111	110
2021-04-30T07:27:58.181Z	3	3	127	128
2021-04-30T07:28:18.185Z	0	0	147	148
2021-04-30T07:28:38.195Z	3	4	168	167
2021-04-30T07:28:58.203Z	13	12	189	188
2021-04-30T07:29:18.218Z	29	28	212	211
2021-04-30T07:29:38.231Z	48	49	233	234
2021-04-30T07:29:58.244Z	75	77	258	259
2021-04-30T07:30:18.248Z	108	110	283	282
2021-04-30T07:30:38.262Z	146	144	309	308
2021-04-30T07:30:58.276Z	188	186	333	334
2021-04-30T07:31:18.289Z	230	233	360	361
2021-04-30T07:31:38.303Z	280	282	387	386
2021-04-30T07:31:58.305Z	332	330	415	414
2021-04-30T07:32:18.309Z	386	383	443	442
2021-04-30T07:32:38.319Z	442	439	469	470
2021-04-30T07:32:58.326Z	493	496	497	498
2021-04-30T07:33:18.327Z	550	553	525	524
2021-04-30T07:33:38.330Z	606	603	554	552
2021-04-30T07:33:58.337Z	660	658	579	580
2021-04-30T07:34:18.342Z	709	711	607	608
2021-04-30T07:34:38.357Z	759	761	635	636
2021-04-30T07:34:58.372Z	805	803	662	660
2021-04-30T07:35:18.373Z	848	846	688	687
2021-04-30T07:35:38.384Z	883	885	712	713
2021-04-30T07:35:58.395Z	917	919	737	739
2021-04-30T07:36:18.411Z	946	945	762	761
2021-04-30T07:36:38.423Z	969	968	786	785
2021-04-30T07:36:58.430Z	984	985	807	808
2021-04-30T07:37:18.432Z	995	996	829	830
2021-04-30T07:37:38.441Z	1000	1000	850	849
2021-04-30T07:37:58.455Z	998	998	869	868
2021-04-30T07:38:18.461Z	991	990	886	887
2021-04-30T07:38:38.465Z	977	976	904	903
2021-04-30T07:38:58.470Z	956	958	920	919
2021-04-30T07:39:18.479Z	930	932	933	934
2021-04-30T07:39:38.479Z	902	900	947	947
2021-04-30T07:39:58.486Z	866	864	959	959
2021-04-30T07:40:18.497Z	824	826	969	969
2021-04-30T07:40:38.509Z	779	781	978	978
2021-04-30T07:40:58.519Z	735	733	985	986
2021-04-30T07:41:18.523Z	683	681	991	992
2021-04-30T07:41:38.537Z	629	632	996	996
2021-04-30T07:41:58.548Z	574	576	999	999
2021-04-30T07:42:18.549Z	522	520	1000	1000
2021-04-30T07:42:38.550Z	465	463	1000	1000
2021-04-30T07:42:58.560Z	409	412	998	998
2021-04-30T07:43:18.574Z	354	356	995	995
2021-04-30T07:43:38.583Z	305	303	990	990
2021-04-30T07:43:58.589Z	254	252	983	983
2021-04-30T07:44:18.600Z	206	208	975	976
2021-04-30T07:44:38.615Z	162	164	967	966
2021-04-30T07:44:58.624Z	126	124	956	955
2021-04-30T07:45:18.627Z	90	89	943	944
2021-04-30T07:45:38.638Z	61	62	929	930
2021-04-30T07:45:58.652Z	36	37	916	915
2021-04-30T07:46:18.655Z	19	19	899	898
2021-04-30T07:46:38.666Z	7	7	881	882
2021-04-30T07:46:58.668Z	1	1	864	863
2021-04-30T07:47:18.671Z	1	1	844	843
2021-04-30T07:47:38.680Z	7	7	823	824
2021-04-30T07:48:36.086Z	607	609	554	555
2021-04-30T07:48:56.088Z	662	664	582	581
2021-04-30T07:49:49.600Z	606	609	554	555
2021-04-30T07:50:39.331Z	606	609	554	555
2021-04-30T07:50:59.337Z	661	664	582	581
2021-04-30T07:51:19.342Z	714	711	610	609
2021-04-30T07:51:39.344Z	763	761	637	636
2021-04-30T07:51:59.358Z	809	807	662	663
2021-04-30T07:52:19.361Z	848	850	688	689
2021-04-30T07:52:39.372Z	886	888	714	713
2021-04-30T07:52:59.383Z	920	918	739	738
2021-04-30T07:53:19.383Z	948	947	764	763
2021-04-30T07:53:39.385Z	970	969	785	786
2021-04-30T07:53:59.397Z	985	986	808	809
2021-04-30T07:54:19.412Z	996	996	830	829
2021-04-30T07:54:39.427Z	1000	1000	851	850
2021-04-30T07:55:31.773Z	606	609	554	555
2021-04-30T07:55:51.784Z	662	659	582	581
2021-04-30T07:56:44.335Z	607	609	554	555
2021-04-30T07:57:04.338Z	662	659	582	581
2021-04-30T07:57:24.350Z	714	712	610	609
2021-04-30T07:57:44.364Z	760	762	635	637
2021-04-30T07:58:04.372Z	807	809	663	661
2021-04-30T07:58:24.380Z	850	848	689	688
2021-04-30T07:58:44.393Z	888	887	713	714
2021-04-30T07:59:04.401Z	919	920	738	740
2021-04-30T07:59:24.406Z	947	948	763	762
2021-04-30T07:59:44.411Z	970	969	787	786
2021-04-30T08:00:04.424Z	986	985	807	809
2021-04-30T08:00:24.430Z	995	996	829	830
2021-04-30T08:00:44.445Z	1000	1000	850	849
2021-04-30T08:01:04.450Z	998	998	870	869
2021-04-30T08:01:24.462Z	989	990	888	888
2021-04-30T08:01:44.468Z	976	975	904	905
2021-04-30T08:02:04.474Z	956	955	920	921
2021-04-30T08:02:24.475Z	930	931	935	934
2021-04-30T08:02:44.486Z	898	899	948	948
2021-04-30T08:03:04.494Z	864	862	959	960
2021-04-30T08:03:24.496Z	823	821	970	969
2021-04-30T08:03:44.501Z	777	779	979	978
2021-04-30T08:04:04.516Z	728	730	986	986
2021-04-30T08:04:24.523Z	681	678	992	992
2021-04-30T08:04:44.526Z	627	629	996	996
2021-04-30T08:05:04.532Z	571	573	999	999
2021-04-30T08:05:24.542Z	519	517	1000	1000
2021-04-30T08:05:44.543Z	462	460	1000	1000
2021-04-30T08:06:04.548Z	406	408	998	998
2021-04-30T08:06:24.561Z	350	353	995	994
2021-04-30T08:06:44.565Z	302	299	990	989
2021-04-30T08:07:04.576Z	251	248	983	983
2021-04-30T08:07:24.589Z	203	205	975	975
2021-04-30T08:07:44.602Z	163	161	966	966
2021-04-30T08:08:04.612Z	123	121	955	955
2021-04-30T08:08:24.612Z	88	90	942	943
2021-04-30T08:08:44.615Z	59	60	930	929
2021-04-30T08:09:04.628Z	37	36	914	914
2021-04-30T08:09:24.641Z	18	18	898	899
2021-04-30T08:09:44.646Z	6	7	880	881
2021-04-30T08:10:04.648Z	0	1	863	862
2021-04-30T08:10:24.652Z	1	1	842	841
2021-04-30T08:10:44.662Z	8	7	821	822
2021-04-30T08:11:04.675Z	21	20	799	800
2021-04-30T08:11:24.689Z	38	39	778	777
2021-04-30T08:11:44.703Z	63	64	753	755
2021-04-30T08:12:04.717Z	93	91	729	730
2021-04-30T08:12:24.719Z	128	127	703	704
2021-04-30T08:12:44.725Z	165	167	679	678
2021-04-30T08:13:04.739Z	209	211	652	651
2021-04-30T08:13:24.747Z	257	255	625	626
2021-04-30T08:13:44.757Z	309	306	600	598
2021-04-30T08:14:04.758Z	357	360	572	570
2021-04-30T08:14:24.772Z	413	415	543	542
2021-04-30T08:14:44.777Z	469	466	515	516
2021-04-30T08:15:04.790Z	526	523	489	488
2021-04-30T08:15:24.795Z	577	580	461	460
2021-04-30T08:15:44.803Z	633	636	432	434
2021-04-30T08:16:04.806Z	687	685	404	406
2021-04-30T08:16:24.820Z	738	736	379	378
2021-04-30T08:16:44.834Z	782	784	352	351
2021-04-30T08:17:04.847Z	827	829	325	326
2021-04-30T08:17:24.862Z	868	866	298	300
2021-04-30T08:17:44.873Z	904	903	275	274
2021-04-30T08:18:04.882Z	932	934	250	249
2021-04-30T08:18:24.882Z	958	959	226	227
2021-04-30T08:18:44.883Z	978	977	203	204
2021-04-30T08:19:04.883Z	991	991	180	181
2021-04-30T08:19:24.895Z	998	999	161	160
2021-04-30T08:19:44.908Z	1000	1000	141	140
2021-04-30T08:20:04.919Z	995	994	122	122
2021-04-30T08:20:24.933Z	984	984	104	105
2021-04-30T08:20:44.936Z	966	967	87	88
2021-04-30T08:21:04.944Z	945	944	73	72
2021-04-30T08:21:24.948Z	916	915	59	58
2021-04-30T08:21:44.959Z	882	884	46	47
2021-04-30T08:22:04.959Z	843	845	35	36
2021-04-30T08:22:24.972Z	804	802	26	26
2021-04-30T08:22:44.978Z	757	755	18	18
2021-04-30T08:23:04.978Z	707	704	11	11
2021-04-30T08:23:24.987Z	653	656	6	6
2021-04-30T08:23:44.998Z	598	601	3	3
2021-04-30T08:24:05.002Z	548	545	1	0
2021-04-30T08:24:25.004Z	491	488	0	0
2021-04-30T08:24:45.015Z	434	437	1	1
2021-04-30T08:25:05.030Z	378	381	4	4
2021-04-30T08:25:25.035Z	329	327	8	8
2021-04-30T08:25:45.049Z	277	274	13	13
2021-04-30T08:26:05.052Z	227	230	21	20
2021-04-30T08:26:25.060Z	181	183	29	29
2021-04-30T08:26:45.065Z	143	142	39	40
2021-04-30T08:27:05.074Z	106	105	51	50
2021-04-30T08:27:25.079Z	74	75	64	63
2021-04-30T08:27:45.084Z	47	48	78	78
2021-04-30T08:28:05.093Z	28	27	93	94
2021-04-30T08:28:25.106Z	12	11	110	109
2021-04-30T08:28:45.111Z	3	3	129	128
2021-04-30T08:29:05.113Z	0	0	146	147
2021-04-30T08:29:25.116Z	3	3	167	168
2021-04-30T08:29:45.129Z	13	13	189	188
2021-04-30T08:30:05.139Z	28	28	212	210
2021-04-30T08:30:25.140Z	50	49	233	234
2021-04-30T08:30:45.141Z	75	77	257	258
2021-04-30T08:31:05.152Z	108	110	283	281
2021-04-30T08:31:25.156Z	145	144	308	307
2021-04-30T08:31:45.171Z	188	186	335	334
2021-04-30T08:32:05.184Z	230	232	360	361
2021-04-30T08:32:25.197Z	279	282	387	388
2021-04-30T08:32:45.209Z	332	329	415	414
2021-04-30T08:33:05.213Z	386	383	443	442
2021-04-30T08:33:25.215Z	437	439	469	470
2021-04-30T08:33:45.222Z	494	496	497	498
2021-04-30T08:34:05.224Z	550	548	526	524
2021-04-30T08:34:25.233Z	607	604	554	553
2021-04-30T08:34:45.242Z	661	659	580	581
2021-04-30T08:35:05.254Z	709	711	607	609
2021-04-30T08:35:25.257Z	759	762	635	634
2021-04-30T08:35:45.261Z	806	804	662	661
2021-04-30T08:36:05.264Z	845	847	686	688
2021-04-30T08:36:25.269Z	884	886	713	714
2021-04-30T08:36:45.273Z	918	919	738	737
2021-04-30T08:37:05.276Z	946	945	762	761
2021-04-30T08:37:25.291Z	969	968	784	785
2021-04-30T08:37:45.303Z	984	985	807	808
2021-04-30T08:38:05.312Z	995	995	829	828
2021-04-30T08:38:25.324Z	1000	1000	850	849
2021-04-30T08:38:45.325Z	998	998	868	869
2021-04-30T08:39:05.328Z	990	990	887	886
2021-04-30T08:39:25.341Z	976	977	904	903
2021-04-30T08:39:45.356Z	956	957	919	920
2021-04-30T08:40:05.358Z	932	931	934	934
2021-04-30T08:40:25.367Z	901	899	947	948
2021-04-30T08:40:45.381Z	864	866	959	959
2021-04-30T08:41:05.382Z	823	825	969	969
2021-04-30T08:41:25.395Z	782	780	978	978
2021-04-30T08:41:45.399Z	733	731	986	985
2021-04-30T08:42:05.408Z	681	683	992	991
2021-04-30T08:42:25.417Z	632	629	996	996
2021-04-30T08:42:45.420Z	576	573	999	998
2021-04-30T08:43:05.431Z	519	522	1000	1000
2021-04-30T08:43:25.438Z	462	465	1000	1000
2021-04-30T08:43:45.448Z	411	409	998	998
2021-04-30T08:44:05.452Z	356	353	995	995
2021-04-30T08:44:25.453Z	302	305	990	990
2021-04-30T08:44:45.464Z	251	253	984	983
2021-04-30T08:45:05.473Z	208	206	976	975
2021-04-30T08:45:25.481Z	164	162	966	967
2021-04-30T08:45:45.493Z	124	126	955	956
2021-04-30T08:46:05.503Z	89	90	944	943
2021-04-30T08:46:25.504Z	62	60	930	929
2021-04-30T08:46:45.510Z	37	36	915	916
2021-04-30T08:47:05.511Z	19	19	898	899
2021-04-30T08:47:25.524Z	7	7	882	881
2021-04-30T08:47:45.534Z	1	1	863	862
2021-04-30T08:48:05.546Z	1	1	843	844
2021-04-30T08:48:25.557Z	7	7	822	823
2021-04-30T08:48:45.558Z	19	19	802	801
2021-04-30T08:49:05.561Z	37	38	778	777
2021-04-30T08:49:25.573Z	62	60	754	755
2021-04-30T08:49:45.580Z	92	90	729	731
2021-04-30T08:50:05.583Z	124	126	706	705
2021-04-30T08:50:25.590Z	164	166	680	681
2021-04-30T08:50:45.598Z	208	206	653	654
2021-04-30T08:51:05.611Z	256	254	628	627
2021-04-30T08:51:25.616Z	303	305	600	599
2021-04-30T08:51:45.619Z	356	359	572	574
2021-04-30T08:52:05.625Z	412	409	544	545
2021-04-30T08:52:25.636Z	468	465	518	517
2021-04-30T08:52:45.649Z	520	523	490	488
2021-04-30T08:53:05.659Z	577	574	461	462
2021-04-30T08:53:25.661Z	632	630	433	434
2021-04-30T08:53:45.668Z	681	684	407	406
2021-04-30T08:54:05.682Z	733	735	379	381
2021-04-30T08:54:25.692Z	782	780	352	353
2021-04-30T08:54:45.701Z	827	825	328	326
2021-04-30T08:55:05.713Z	864	866	301	300
2021-04-30T08:55:25.721Z	901	903	275	276
2021-04-30T08:55:45.723Z	932	931	250	251
2021-04-30T08:56:05.730Z	958	957	226	227
2021-04-30T08:56:25.732Z	976	977	205	204
2021-04-30T08:56:45.733Z	990	991	183	182
2021-04-30T08:57:05.741Z	998	998	161	162
2021-04-30T08:57:25.745Z	1000	1000	141	142
2021-04-30T08:57:45.749Z	995	995	123	123
2021-04-30T08:58:05.753Z	985	984	105	105
2021-04-30T08:58:25.767Z	968	967	89	88
2021-04-30T08:58:45.776Z	945	946	73	74
2021-04-30T08:59:05.785Z	917	918	59	60
2021-04-30T08:59:25.794Z	883	884	48	47
2021-04-30T08:59:45.797Z	847	845	36	36
2021-04-30T09:00:05.801Z	804	802	26	27
2021-04-30T09:00:25.809Z	758	760	18	18
2021-04-30T09:00:45.819Z	707	710	12	12
2021-04-30T09:01:05.834Z	659	657	6	6
2021-04-30T09:01:25.846Z	604	602	3	3
2021-04-30T09:01:45.848Z	548	550	1	1
2021-04-30T09:02:05.848Z	496	493	0	0
2021-04-30T09:02:25.860Z	439	436	1	1
2021-04-30T09:02:45.870Z	383	385	4	3
2021-04-30T09:03:05.883Z	328	330	7	8
2021-04-30T09:03:25.893Z	280	278	13	13
2021-04-30T09:03:45.909Z	231	233	20	20
2021-04-30T09:04:05.912Z	184	186	28	29
2021-04-30T09:04:25.917Z	146	144	38	39
2021-04-30T09:04:45.924Z	108	106	50	50
2021-04-30T09:05:05.925Z	75	77	63	63
2021-04-30T09:05:25.933Z	48	49	76	77
2021-04-30T09:05:45.944Z	28	28	92	93
2021-04-30T09:06:05.945Z	13	12	109	108
2021-04-30T09:06:25.948Z	3	3	128	127
2021-04-30T09:06:45.958Z	0	0	145	146
2021-04-30T09:07:05.973Z	3	3	166	167
2021-04-30T09:07:25.979Z	12	12	187	188
2021-04-30T09:07:45.991Z	27	28	210	209
2021-04-30T09:08:06.007Z	49	48	234	233
2021-04-30T09:08:26.010Z	73	75	256	257
2021-04-30T09:08:46.014Z	106	107	281	282
2021-04-30T09:09:06.020Z	143	142	307	306
2021-04-30T09:09:26.030Z	185	183	334	332
2021-04-30T09:09:46.041Z	227	230	358	359
2021-04-30T09:10:06.049Z	277	279	386	385
2021-04-30T09:10:26.056Z	329	327	414	413
2021-04-30T09:10:46.058Z	384	381	439	441
2021-04-30T09:11:06.066Z	435	437	468	469
2021-04-30T09:11:26.076Z	492	494	496	495
2021-04-30T09:11:46.090Z	549	546	525	524
2021-04-30T09:12:06.098Z	600	603	551	552
2021-04-30T09:12:26.109Z	655	657	579	580
2021-04-30T09:12:46.115Z	708	706	607	606
2021-04-30T09:13:06.120Z	759	756	632	633
2021-04-30T09:13:26.120Z	801	803	659	661
2021-04-30T09:13:46.132Z	845	847	686	685
2021-04-30T09:14:06.136Z	884	882	712	711
2021-04-30T09:14:26.149Z	918	916	735	737
2021-04-30T09:14:46.162Z	944	945	760	761
2021-04-30T09:15:06.168Z	967	968	784	783
2021-04-30T09:15:26.181Z	984	984	807	806
2021-04-30T09:15:46.193Z	995	995	827	828
2021-04-30T09:16:06.204Z	1000	1000	848	849
2021-04-30T09:16:26.214Z	998	998	868	867
2021-04-30T09:16:46.229Z	991	991	886	886
2021-04-30T09:17:06.238Z	977	977	902	903
2021-04-30T09:17:26.250Z	958	957	919	919
2021-04-30T09:17:46.253Z	933	934	933	933
2021-04-30T09:18:06.260Z	901	903	947	946
2021-04-30T09:18:26.269Z	868	867	958	958
2021-04-30T09:18:46.279Z	828	826	969	969
2021-04-30T09:19:06.291Z	783	785	978	977
2021-04-30T09:19:26.296Z	734	736	985	985
2021-04-30T09:19:46.308Z	683	685	991	991
2021-04-30T09:20:06.311Z	634	631	995	996
2021-04-30T09:20:26.322Z	578	576	998	998
2021-04-30T09:20:46.325Z	522	524	1000	1000
2021-04-30T09:21:06.327Z	465	468	1000	1000
2021-04-30T09:21:26.340Z	414	411	998	998
2021-04-30T09:21:46.350Z	359	356	995	995
2021-04-30T09:22:06.360Z	305	308	990	990
2021-04-30T09:22:26.361Z	254	257	984	984
2021-04-30T09:22:46.363Z	211	209	976	976
2021-04-30T09:23:06.369Z	166	164	967	966
2021-04-30T09:23:26.374Z	126	128	956	957
2021-04-30T09:23:46.388Z	91	93	944	944
2021-04-30T09:24:06.392Z	61	62	931	930
2021-04-30T09:24:26.404Z	39	38	916	915
2021-04-30T09:24:46.419Z	20	19	900	900
2021-04-30T09:25:06.427Z	7	8	882	883
2021-04-30T09:25:26.434Z	1	1	865	864
2021-04-30T09:25:46.446Z	1	1	845	844
2021-04-30T09:26:06.449Z	7	6	823	824
2021-04-30T09:26:26.459Z	19	18	803	802
2021-04-30T09:26:46.474Z	36	37	780	779
2021-04-30T09:27:06.481Z	60	59	756	757
2021-04-30T09:27:26.496Z	90	89	731	732
2021-04-30T09:27:46.506Z	122	124	707	706
2021-04-30T09:28:06.510Z	162	164	681	682
2021-04-30T09:28:26.512Z	206	204	654	655
2021-04-30T09:28:46.518Z	250	252	629	628
2021-04-30T09:29:06.523Z	301	303	601	603
2021-04-30T09:29:26.523Z	355	352	573	574
2021-04-30T09:29:46.539Z	405	408	547	546
2021-04-30T09:30:06.550Z	462	464	519	517
2021-04-30T09:30:26.559Z	519	516	490	491
2021-04-30T09:30:46.563Z	576	573	464	463
2021-04-30T09:31:06.570Z	627	629	436	434
2021-04-30T09:31:26.571Z	681	679	407	409
2021-04-30T09:31:46.574Z	733	731	382	381
2021-04-30T09:32:06.576Z	778	780	354	353
2021-04-30T09:32:26.588Z	823	821	327	329
2021-04-30T09:32:46.591Z	865	863	301	302
2021-04-30T09:33:06.604Z	898	900	277	276
2021-04-30T09:33:26.604Z	930	932	252	253
2021-04-30T09:33:46.616Z	956	955	228	229
2021-04-30T09:34:06.618Z	975	976	206	205
2021-04-30T09:34:26.621Z	990	990	184	185
2021-04-30T09:34:46.623Z	998	998	162	163
2021-04-30T09:35:06.637Z	1000	1000	143	142
2021-04-30T09:35:26.644Z	996	995	124	123
2021-04-30T09:35:46.646Z	985	986	106	106
2021-04-30T09:36:06.651Z	968	969	90	89
2021-04-30T09:36:26.652Z	947	946	74	74
2021-04-30T09:36:46.667Z	919	920	60	61
2021-04-30T09:37:06.669Z	885	887	48	48
2021-04-30T09:37:26.683Z	850	848	37	36
2021-04-30T09:37:46.697Z	806	809	27	27
2021-04-30T09:38:06.699Z	760	762	18	19
2021-04-30T09:38:26.710Z	714	711	12	12
2021-04-30T09:38:46.711Z	661	658	7	7
2021-04-30T09:39:06.716Z	606	608	3	3
2021-04-30T09:39:26.726Z	554	552	1	1
2021-04-30T09:39:46.730Z	497	494	0	0
2021-04-30T09:40:06.735Z	440	443	1	1
2021-04-30T09:40:26.743Z	389	386	3	3
2021-04-30T09:40:46.756Z	334	331	7	7
2021-04-30T09:41:06.759Z	281	283	13	13
2021-04-30T09:41:26.769Z	231	233	19	20
2021-04-30T09:41:46.773Z	189	187	28	29
2021-04-30T09:42:06.778Z	146	148	38	38
2021-04-30T09:42:26.788Z	108	110	49	49
2021-04-30T09:42:46.792Z	78	77	62	63
2021-04-30T09:43:06.801Z	50	49	76	76
2021-04-30T09:43:26.804Z	28	29	92	91
2021-04-30T09:43:46.809Z	14	13	108	109
2021-04-30T09:44:06.817Z	4	3	126	125
2021-04-30T09:44:26.818Z	0	0	146	145
2021-04-30T09:44:46.822Z	2	3	165	166
2021-04-30T09:45:06.833Z	11	12	186	185
2021-04-30T09:45:26.836Z	27	26	209	208
2021-04-30T09:45:46.838Z	48	47	231	232
2021-04-30T09:46:06.853Z	73	74	255	256
2021-04-30T09:46:26.867Z	105	104	281	279
2021-04-30T09:46:46.881Z	143	141	304	305
2021-04-30T09:47:06.893Z	181	183	331	332
2021-04-30T09:47:26.908Z	227	225	358	357
2021-04-30T09:47:46.920Z	277	275	383	385
2021-04-30T09:48:06.930Z	325	327	411	413
2021-04-30T09:48:26.942Z	379	377	439	438
2021-04-30T09:48:46.947Z	435	433	465	467
2021-04-30T09:49:06.954Z	487	490	494	495
2021-04-30T09:49:26.964Z	544	547	523	521
2021-04-30T09:49:46.964Z	601	598	551	550
2021-04-30T09:50:06.978Z	651	653	577	578
2021-04-30T09:50:26.986Z	704	707	605	604
2021-04-30T09:50:46.992Z	755	753	633	631
2021-04-30T09:51:06.997Z	802	800	658	659
2021-04-30T09:51:27.002Z	842	844	684	686
2021-04-30T09:51:47.011Z	881	880	711	709
2021-04-30T09:52:07.018Z	916	914	734	735
2021-04-30T09:52:27.031Z	942	944	759	760
2021-04-30T09:52:47.044Z	966	965	783	782
2021-04-30T09:53:07.049Z	984	983	806	805
2021-04-30T09:53:27.057Z	994	995	826	827
2021-04-30T09:53:47.072Z	1000	1000	847	846
2021-04-30T09:54:07.085Z	999	999	867	866
2021-04-30T09:54:27.085Z	992	991	884	885
2021-04-30T09:54:47.091Z	978	978	902	901
2021-04-30T09:55:07.094Z	959	960	918	918
2021-04-30T09:55:27.107Z	935	934	932	933
2021-04-30T09:55:47.118Z	905	903	946	946
2021-04-30T09:56:07.122Z	868	870	958	957
2021-04-30T09:56:27.134Z	827	829	968	968
2021-04-30T09:56:47.138Z	786	784	977	977
2021-04-30T09:57:07.140Z	738	740	985	985
2021-04-30T09:57:27.148Z	686	688	991	991
2021-04-30T09:57:47.151Z	637	634	995	995
2021-04-30T09:58:07.159Z	581	579	998	998
2021-04-30T09:58:27.162Z	524	527	1000	1000
2021-04-30T09:58:47.174Z	472	470	1000	1000
2021-04-30T09:59:07.176Z	416	413	998	998
2021-04-30T09:59:27.179Z	360	362	995	995
2021-04-30T09:59:47.193Z	311	308	991	990
2021-04-30T10:00:07.198Z	259	257	984	985
2021-04-30T10:00:27.200Z	211	213	976	977
2021-04-30T10:00:47.203Z	166	168	968	967
2021-04-30T10:01:07.206Z	130	128	957	956
2021-04-30T10:01:27.207Z	94	92	945	945
2021-04-30T10:01:47.208Z	64	65	931	932
2021-04-30T10:02:07.213Z	39	40	917	917
2021-04-30T10:02:27.222Z	21	20	901	900
2021-04-30T10:02:47.228Z	8	8	883	884
2021-04-30T10:03:07.229Z	1	1	866	865
2021-04-30T10:03:27.232Z	0	1	846	845
2021-04-30T10:03:47.234Z	6	6	825	826
2021-04-30T10:04:07.242Z	18	17	803	804
2021-04-30T10:04:27.253Z	36	35	782	781
2021-04-30T10:04:47.267Z	58	59	758	757
2021-04-30T10:05:07.269Z	87	88	733	732
2021-04-30T10:05:27.276Z	122	120	708	709
2021-04-30T10:05:47.285Z	161	159	682	683
2021-04-30T10:06:07.289Z	201	203	657	656
2021-04-30T10:06:27.299Z	248	250	630	629
2021-04-30T10:06:47.304Z	298	301	603	604
2021-04-30T10:07:07.313Z	352	349	574	576
2021-04-30T10:07:27.320Z	406	404	549	548
2021-04-30T10:07:47.325Z	457	460	521	520
2021-04-30T10:08:07.336Z	514	516	493	491
2021-04-30T10:08:27.348Z	570	573	464	466
2021-04-30T10:08:47.360Z	626	623	436	438
2021-04-30T10:09:07.367Z	679	677	408	410
2021-04-30T10:09:27.370Z	726	729	383	382
2021-04-30T10:09:47.370Z	775	777	356	355
2021-04-30T10:10:07.375Z	821	819	329	330
2021-04-30T10:10:27.382Z	862	860	303	304
2021-04-30T10:10:47.387Z	899	897	279	278
2021-04-30T10:11:07.390Z	927	929	254	253
2021-04-30T10:11:27.393Z	954	955	230	229
2021-04-30T10:11:47.396Z	975	974	207	208
2021-04-30T10:12:07.399Z	990	989	184	185
2021-04-30T10:12:27.414Z	997	998	164	163
2021-04-30T10:12:47.415Z	1000	1000	144	145
2021-04-30T10:13:07.430Z	996	996	124	125
2021-04-30T10:13:27.431Z	985	986	108	107
2021-04-30T10:13:47.442Z	970	970	91	90
2021-04-30T10:14:07.458Z	948	947	75	76
2021-04-30T10:14:27.462Z	920	921	61	61
2021-04-30T10:14:47.465Z	889	888	49	48
2021-04-30T10:15:07.467Z	851	849	37	38
2021-04-30T10:15:27.472Z	808	810	27	28
2021-04-30T10:15:47.473Z	766	764	19	19
2021-04-30T10:16:07.478Z	716	713	12	12
2021-04-30T10:16:27.479Z	663	665	7	7
2021-04-30T10:16:47.482Z	608	610	3	3
2021-04-30T10:17:07.491Z	557	554	1	1
2021-04-30T10:17:27.506Z	500	502	0	0
2021-04-30T10:17:47.518Z	443	445	1	1
2021-04-30T10:18:07.526Z	392	389	3	3
2021-04-30T10:18:27.538Z	337	334	7	7
2021-04-30T10:18:47.553Z	284	286	13	12
2021-04-30T10:19:07.555Z	238	236	19	19
2021-04-30T10:19:27.566Z	191	189	28	27
2021-04-30T10:19:47.573Z	148	150	38	37
2021-04-30T10:20:07.576Z	113	112	48	49
2021-04-30T10:20:27.586Z	80	78	61	62
2021-04-30T10:20:47.587Z	51	53	76	75
2021-04-30T10:21:07.596Z	29	30	90	91
2021-04-30T10:21:27.605Z	14	14	107	108
2021-04-30T10:21:47.613Z	4	4	125	125
2021-04-30T10:22:07.617Z	0	0	143	144
2021-04-30T10:22:27.624Z	2	2	164	165
2021-04-30T10:22:47.635Z	11	10	185	184
2021-04-30T10:23:07.640Z	26	25	208	207
2021-04-30T10:23:27.642Z	45	46	230	231
2021-04-30T10:23:47.651Z	71	73	254	253
2021-04-30T10:24:07.663Z	104	102	279	278
2021-04-30T10:24:27.666Z	137	139	303	304
2021-04-30T10:24:47.667Z	179	181	330	328
2021-04-30T10:25:07.681Z	225	223	357	356
2021-04-30T10:25:27.688Z	270	272	382	383
2021-04-30T10:25:47.703Z	322	324	410	411
2021-04-30T10:26:07.714Z	376	374	438	437
2021-04-30T10:26:27.724Z	433	430	464	465
2021-04-30T10:26:47.730Z	484	487	493	494
2021-04-30T10:27:07.731Z	542	539	521	520
2021-04-30T10:27:27.732Z	598	596	547	548
2021-04-30T10:27:47.745Z	649	651	576	577
2021-04-30T10:28:07.746Z	702	700	604	602
2021-04-30T10:28:27.756Z	753	751	629	630
2021-04-30T10:28:47.767Z	797	799	656	658
2021-04-30T10:29:07.782Z	841	839	683	682
2021-04-30T10:29:27.791Z	880	878	710	708
2021-04-30T10:29:47.794Z	912	913	733	734
2021-04-30T10:30:07.801Z	941	943	758	757
2021-04-30T10:30:27.803Z	965	964	782	781
2021-04-30T10:30:47.812Z	982	983	803	804
2021-04-30T10:31:07.823Z	994	994	825	824
2021-04-30T10:31:27.832Z	1000	999	846	845
2021-04-30T10:31:47.839Z	999	999	865	866
2021-04-30T10:32:07.841Z	992	992	884	884
2021-04-30T10:32:27.853Z	979	980	901	901
2021-04-30T10:32:47.861Z	959	961	916	917
2021-04-30T10:33:07.862Z	937	935	931	932
2021-04-30T10:33:27.867Z	906	907	945	945
2021-04-30T10:33:47.871Z	870	872	956	957
2021-04-30T10:34:07.875Z	833	831	967	968
2021-04-30T10:34:27.882Z	788	786	977	976
2021-04-30T10:34:47.888Z	740	742	985	984
2021-04-30T10:35:07.902Z	693	691	990	991
2021-04-30T10:35:27.917Z	639	637	995	995
2021-04-30T10:35:47.921Z	583	586	998	998
2021-04-30T10:36:07.925Z	532	529	1000	1000
2021-04-30T10:36:27.933Z	474	472	1000	1000
2021-04-30T10:36:47.933Z	417	420	998	998
2021-04-30T10:37:07.948Z	362	364	995	995
2021-04-30T10:37:27.953Z	312	310	991	990
2021-04-30T10:37:47.961Z	261	263	984	985
2021-04-30T10:38:07.963Z	212	214	977	977
2021-04-30T10:38:27.971Z	171	169	968	968
2021-04-30T10:38:47.979Z	131	132	957	958
2021-04-30T10:39:07.993Z	94	96	946	946
2021-04-30T10:39:28.000Z	66	65	932	932
2021-04-30T10:39:48.003Z	41	40	917	918
2021-04-30T10:40:08.004Z	21	22	901	902
2021-04-30T10:40:28.007Z	9	8	885	884
2021-04-30T10:40:48.016Z	1	1	866	867
2021-04-30T10:41:08.023Z	0	0	846	847
2021-04-30T10:41:28.034Z	5	6	827	826
2021-04-30T10:41:48.040Z	17	17	805	804
2021-04-30T10:42:08.051Z	34	33	782	783
2021-04-30T10:42:28.056Z	58	57	760	759
2021-04-30T10:42:48.059Z	85	86	735	734
2021-04-30T10:43:08.060Z	119	118	709	710
2021-04-30T10:43:28.076Z	159	157	685	684
2021-04-30T10:43:48.090Z	199	201	658	657
2021-04-30T10:44:08.103Z	246	248	631	632
2021-04-30T10:44:28.108Z	297	295	603	605
2021-04-30T10:44:48.116Z	346	348	578	576
2021-04-30T10:45:08.131Z	401	403	549	551
2021-04-30T10:45:28.135Z	458	455	521	522
2021-04-30T10:45:48.143Z	510	512	495	493
2021-04-30T10:46:08.151Z	567	569	466	467
2021-04-30T10:46:28.152Z	623	620	438	439
2021-04-30T10:46:48.156Z	673	675	412	411
2021-04-30T10:47:08.168Z	725	727	384	385
2021-04-30T10:47:28.183Z	775	772	356	357
2021-04-30T10:47:48.197Z	817	819	331	330
2021-04-30T10:48:08.199Z	859	861	305	306
2021-04-30T10:48:28.204Z	896	895	279	280
2021-04-30T10:48:48.214Z	926	927	256	255
2021-04-30T10:49:08.221Z	953	954	231	232
2021-04-30T10:49:28.234Z	974	973	207	209
2021-04-30T10:49:48.247Z	989	989	187	186
2021-04-30T10:50:08.254Z	997	998	165	164
2021-04-30T10:50:28.262Z	1000	1000	144	145
2021-04-30T10:50:48.276Z	996	996	127	126
2021-04-30T10:51:08.284Z	987	986	108	107
2021-04-30T10:51:28.293Z	971	972	91	92
2021-04-30T10:51:48.303Z	949	950	77	76
2021-04-30T10:52:08.311Z	923	922	62	61
2021-04-30T10:52:28.313Z	890	892	49	50
2021-04-30T10:52:48.319Z	852	853	38	38
2021-04-30T10:53:08.322Z	813	811	28	28
2021-04-30T10:53:28.328Z	766	764	19	20
2021-04-30T10:53:48.332Z	716	719	12	13
2021-04-30T10:54:08.346Z	668	666	7	7
2021-04-30T10:54:28.355Z	613	611	3	3
2021-04-30T10:54:48.363Z	557	560	1	1
2021-04-30T10:55:08.365Z	505	503	0	0
2021-04-30T10:55:28.368Z	448	445	1	1
2021-04-30T10:55:48.383Z	392	394	3	3
2021-04-30T10:56:08.384Z	337	339	7	7
2021-04-30T10:56:28.385Z	289	286	12	12
2021-04-30T10:56:48.391Z	238	240	19	19
2021-04-30T10:57:08.396Z	191	193	27	27
2021-04-30T10:57:28.404Z	152	150	37	37
2021-04-30T10:57:48.407Z	113	115	48	48
2021-04-30T10:58:08.419Z	80	81	60	61
2021-04-30T10:58:28.419Z	54	53	74	75
2021-04-30T10:58:48.424Z	31	30	90	89
2021-04-30T10:59:08.434Z	14	15	107	106
2021-04-30T10:59:28.441Z	5	4	124	125
2021-04-30T10:59:48.455Z	0	0	143	142
2021-04-30T11:00:08.465Z	2	2	164	163
2021-04-30T11:00:28.479Z	10	10	183	184
2021-04-30T11:00:48.486Z	24	25	206	205
2021-04-30T11:01:08.497Z	45	44	230	228
2021-04-30T11:01:28.501Z	71	70	252	253
2021-04-30T11:01:48.502Z	100	102	277	278
2021-04-30T11:02:08.507Z	137	135	303	302
2021-04-30T11:02:28.510Z	179	177	327	328
2021-04-30T11:02:48.517Z	220	223	354	355
2021-04-30T11:03:08.528Z	269	267	382	381
2021-04-30T11:03:28.543Z	322	319	407	408
2021-04-30T11:03:48.558Z	371	374	435	437
2021-04-30T11:04:08.568Z	427	425	464	463
2021-04-30T11:04:28.574Z	484	482	493	491
2021-04-30T11:04:48.583Z	536	539	518	520
2021-04-30T11:05:08.589Z	593	595	547	546
2021-04-30T11:05:28.590Z	648	646	575	574
2021-04-30T11:05:48.604Z	701	699	601	602
2021-04-30T11:06:08.604Z	748	750	629	630
2021-04-30T11:06:28.612Z	796	794	656	655
2021-04-30T11:06:48.612Z	840	838	680	682
2021-04-30T11:07:08.616Z	876	878	707	708
2021-04-30T11:07:28.620Z	911	910	733	731
2021-04-30T11:07:48.623Z	941	940	755	756
2021-04-30T11:08:08.636Z	963	964	779	780
2021-04-30T11:08:28.645Z	982	982	803	802
2021-04-30T11:08:48.649Z	994	993	825	824
2021-04-30T11:09:08.652Z	999	999	844	845
2021-04-30T11:09:28.653Z	999	999	864	863
2021-04-30T11:09:48.666Z	992	993	883	883
2021-04-30T11:10:08.679Z	981	980	900	900
2021-04-30T11:10:28.682Z	962	961	916	915
2021-04-30T11:10:48.696Z	937	938	931	931
2021-04-30T11:11:08.700Z	906	908	944	944
2021-04-30T11:11:28.710Z	874	872	956	957
2021-04-30T11:11:48.714Z	833	835	967	967
2021-04-30T11:12:08.728Z	789	791	976	976
2021-04-30T11:12:28.736Z	745	743	984	984
2021-04-30T11:12:48.745Z	694	696	990	990
2021-04-30T11:13:08.760Z	640	642	995	995
2021-04-30T11:13:28.760Z	589	586	998	998
2021-04-30T11:13:48.769Z	532	535	1000	1000
2021-04-30T11:14:08.774Z	475	477	1000	1000
2021-04-30T11:14:28.775Z	423	421	998	998
2021-04-30T11:14:48.785Z	367	365	995	996
2021-04-30T11:15:08.794Z	313	316	991	991
2021-04-30T11:15:28.796Z	266	264	985	985
2021-04-30T11:15:48.805Z	217	215	977	978
2021-04-30T11:16:08.815Z	172	174	968	969
2021-04-30T11:16:28.829Z	134	133	958	958
2021-04-30T11:16:48.835Z	98	96	946	947
2021-04-30T11:17:08.846Z	67	68	933	933
2021-04-30T11:17:28.846Z	41	42	919	918
2021-04-30T11:17:48.854Z	23	22	903	902
2021-04-30T11:18:08.858Z	9	9	885	886
2021-04-30T11:18:28.871Z	1	2	868	867
2021-04-30T11:18:48.880Z	0	0	848	847
2021-04-30T11:19:08.890Z	5	5	827	828
2021-04-30T11:19:28.901Z	17	16	807	806
2021-04-30T11:19:48.906Z	32	33	784	783
2021-04-30T11:20:08.914Z	56	55	760	761
2021-04-30T11:20:28.929Z	85	83	735	736
2021-04-30T11:20:48.936Z	116	118	712	710
2021-04-30T11:21:08.938Z	155	157	685	687
2021-04-30T11:21:28.946Z	199	196	659	660
2021-04-30T11:21:48.956Z	242	244	634	632
2021-04-30T11:22:08.968Z	292	294	606	605
2021-04-30T11:22:28.975Z	345	343	578	579
2021-04-30T11:22:48.975Z	401	398	552	551
2021-04-30T11:23:08.987Z	452	455	524	522
2021-04-30T11:23:28.998Z	509	507	495	496
2021-04-30T11:23:49.009Z	566	564	469	468
2021-04-30T11:24:09.017Z	617	620	441	439
2021-04-30T11:24:29.030Z	672	670	412	413
2021-04-30T11:24:49.041Z	725	722	387	385
2021-04-30T11:25:09.044Z	770	772	359	358
2021-04-30T11:25:29.053Z	816	818	332	333
2021-04-30T11:25:49.056Z	858	856	305	306
2021-04-30T11:26:09.071Z	893	894	281	280
2021-04-30T11:26:29.085Z	925	927	256	257
2021-04-30T11:26:49.090Z	953	952	232	233
2021-04-30T11:27:09.092Z	972	973	210	209
2021-04-30T11:27:29.106Z	988	988	187	188
2021-04-30T11:27:49.118Z	997	997	165	166
2021-04-30T11:28:09.127Z	1000	1000	147	146
2021-04-30T11:28:29.131Z	997	997	127	126
2021-04-30T11:28:49.145Z	987	988	108	109
2021-04-30T11:29:09.151Z	971	972	93	92
2021-04-30T11:29:29.163Z	951	950	77	76
2021-04-30T11:29:49.166Z	924	925	62	63
2021-04-30T11:30:09.168Z	891	892	50	50
2021-04-30T11:30:29.173Z	856	854	39	38
2021-04-30T11:30:49.173Z	814	816	28	29
2021-04-30T11:31:09.181Z	767	769	20	20
2021-04-30T11:31:29.182Z	722	720	13	13
2021-04-30T11:31:49.196Z	669	667	7	8
2021-04-30T11:32:09.207Z	614	617	3	3
2021-04-30T11:32:29.211Z	563	561	1	1
2021-04-30T11:32:49.219Z	506	504	0	0
2021-04-30T11:33:09.229Z	450	452	1	1
2021-04-30T11:33:29.242Z	393	396	3	3
2021-04-30T11:33:49.247Z	343	341	6	7
2021-04-30T11:34:09.261Z	290	288	12	11
2021-04-30T11:34:29.266Z	240	242	19	18
2021-04-30T11:34:49.278Z	193	195	26	27
2021-04-30T11:35:09.283Z	154	152	36	37
2021-04-30T11:35:29.293Z	115	117	48	47
2021-04-30T11:35:49.303Z	82	83	60	60
2021-04-30T11:36:09.307Z	55	54	73	74
2021-04-30T11:36:29.318Z	32	31	89	90
2021-04-30T11:36:49.332Z	15	15	106	105
2021-04-30T11:37:09.336Z	5	5	124	123
2021-04-30T11:37:29.337Z	0	0	141	142
2021-04-30T11:37:49.348Z	2	2	161	162
2021-04-30T11:38:09.358Z	9	10	182	183
2021-04-30T11:38:29.365Z	23	24	205	204
2021-04-30T11:38:49.380Z	43	42	228	227
2021-04-30T11:39:09.383Z	70	68	250	252
2021-04-30T11:39:29.386Z	98	100	276	277
2021-04-30T11:39:49.394Z	135	133	301	300
2021-04-30T11:40:09.409Z	176	174	326	327
2021-04-30T11:40:29.413Z	218	220	353	354
2021-04-30T11:40:49.417Z	266	269	380	379
2021-04-30T11:41:09.432Z	318	316	408	407
2021-04-30T11:41:29.444Z	372	370	433	435
2021-04-30T11:41:49.448Z	423	426	462	463
2021-04-30T11:42:09.455Z	480	477	490	489
2021-04-30T11:42:29.465Z	537	534	516	518
2021-04-30T11:42:49.469Z	589	591	545	546
2021-04-30T11:43:09.479Z	644	647	573	572
2021-04-30T11:43:29.479Z	698	695	601	600
2021-04-30T11:43:49.494Z	744	747	627	628
2021-04-30T11:44:09.501Z	792	795	654	653
2021-04-30T11:44:29.507Z	837	835	681	680
2021-04-30T11:44:49.511Z	873	875	705	706
2021-04-30T11:45:09.515Z	909	910	731	732
2021-04-30T11:45:29.515Z	939	938	756	755
2021-04-30T11:45:49.523Z	964	963	778	779
2021-04-30T11:46:09.538Z	980	981	801	802
2021-04-30T11:46:29.540Z	993	993	823	822
2021-04-30T11:46:49.543Z	999	999	843	844
2021-04-30T11:47:09.557Z	999	999	863	864
2021-04-30T11:47:29.557Z	993	993	882	881
2021-04-30T11:47:49.572Z	980	981	898	899
2021-04-30T11:48:09.572Z	963	962	915	916
2021-04-30T11:48:29.578Z	939	938	930	930
2021-04-30T11:48:49.585Z	909	910	944	943
2021-04-30T11:49:09.599Z	877	875	955	956
2021-04-30T11:49:29.615Z	837	835	966	966
2021-04-30T11:49:49.619Z	792	794	976	976
2021-04-30T11:50:09.631Z	744	746	983	984
2021-04-30T11:50:29.633Z	697	695	990	990
2021-04-30T11:50:49.637Z	644	646	995	995
2021-04-30T11:51:09.649Z	588	591	998	998
2021-04-30T11:51:29.649Z	537	534	1000	1000
2021-04-30T11:51:49.651Z	479	482	1000	1000
2021-04-30T11:52:09.663Z	423	425	998	999
2021-04-30T11:52:29.665Z	372	369	996	996
2021-04-30T11:52:49.679Z	317	315	991	991
2021-04-30T11:53:09.688Z	265	268	985	985
2021-04-30T11:53:29.701Z	221	219	978	978
2021-04-30T11:53:49.703Z	175	174	969	969
2021-04-30T11:54:09.717Z	134	136	958	959
2021-04-30T11:54:29.723Z	98	99	947	947
2021-04-30T11:54:49.730Z	69	68	934	933
2021-04-30T11:55:09.735Z	43	44	919	920
2021-04-30T11:55:29.746Z	23	24	904	903
2021-04-30T11:55:49.760Z	10	9	887	886
2021-04-30T11:56:09.761Z	2	2	868	869
2021-04-30T11:56:29.775Z	0	0	850	849
2021-04-30T11:56:49.788Z	4	5	829	828
2021-04-30T11:57:09.803Z	15	16	807	808
2021-04-30T11:57:29.808Z	33	32	784	785
2021-04-30T11:57:49.809Z	54	55	762	761
2021-04-30T11:58:09.821Z	82	84	737	738
2021-04-30T11:58:29.821Z	116	115	711	713
2021-04-30T11:58:49.825Z	152	153	688	686
2021-04-30T11:59:09.832Z	195	197	661	662
2021-04-30T11:59:29.839Z	242	240	634	635
2021-04-30T11:59:49.852Z	293	290	608	607
2021-04-30T12:00:09.865Z	341	343	580	579
2021-04-30T12:00:29.867Z	396	393	552	553
2021-04-30T12:00:49.873Z	453	450	526	525
2021-04-30T12:01:09.886Z	505	507	497	496
2021-04-30T12:01:29.887Z	562	559	469	470
2021-04-30T12:01:49.901Z	618	615	443	442
2021-04-30T12:02:09.915Z	668	670	415	413
2021-04-30T12:02:29.916Z	720	723	386	388
2021-04-30T12:02:49.917Z	770	768	359	360
2021-04-30T12:03:09.929Z	812	814	334	333
2021-04-30T12:03:29.935Z	855	857	307	309
2021-04-30T12:03:49.946Z	893	891	281	283
2021-04-30T12:04:09.957Z	923	924	258	257
2021-04-30T12:04:29.967Z	950	952	234	235
2021-04-30T12:04:49.975Z	972	971	210	211
2021-04-30T12:05:09.980Z	988	987	189	188
2021-04-30T12:05:29.983Z	997	997	167	166
2021-04-30T12:05:49.993Z	1000	1000	146	147
2021-04-30T12:06:10.003Z	997	997	129	128
2021-04-30T12:06:30.013Z	988	988	110	109
2021-04-30T12:06:50.014Z	973	974	93	94
2021-04-30T12:07:10.015Z	951	952	78	78
2021-04-30T12:14:05.578Z	37	943	73	72
2021-04-30T12:14:25.581Z	20	19	100	101
2021-04-30T12:14:45.583Z	7	7	118	119
2021-04-30T12:15:05.586Z	1	1	137	136
2021-04-30T12:15:25.601Z	1	1	157	156
2021-04-30T12:15:45.602Z	7	7	176	177
2021-04-30T12:16:05.612Z	18	19	198	199
2021-04-30T12:16:25.627Z	36	37	221	222
2021-04-30T12:16:45.631Z	60	62	245	244
2021-04-30T12:17:05.638Z	90	89	269	268
2021-04-30T12:17:25.642Z	125	123	295	294
2021-04-30T12:17:45.648Z	165	163	318	319
2021-04-30T12:18:05.649Z	204	206	345	346
2021-04-30T12:18:25.654Z	252	254	372	373
2021-04-30T12:18:45.661Z	302	304	399	398
2021-04-30T12:19:05.661Z	355	353	427	426
2021-04-30T12:19:25.670Z	410	407	455	454
2021-04-30T12:19:45.678Z	466	463	481	482
2021-04-30T12:20:05.679Z	517	520	509	510
2021-04-30T12:20:25.688Z	573	576	537	538
2021-04-30T12:20:45.699Z	629	631	565	564
2021-04-30T12:21:05.704Z	682	680	593	592
2021-04-30T12:21:25.717Z	734	731	621	619
2021-04-30T12:21:45.720Z	782	780	646	647
2021-04-30T12:22:05.725Z	823	825	672	673
2021-04-30T12:22:25.725Z	864	865	698	700
2021-04-30T12:22:45.733Z	900	902	724	723
2021-04-30T12:23:05.740Z	931	930	749	748
2021-04-30T12:23:25.752Z	957	956	773	772
2021-04-30T12:23:45.758Z	975	976	794	795
2021-04-30T12:24:05.763Z	990	990	817	817
2021-04-30T12:24:25.772Z	998	998	838	837
2021-04-30T12:24:45.784Z	1000	1000	858	857
2021-04-30T12:25:05.797Z	995	996	877	876
2021-04-30T12:25:25.811Z	984	985	894	894
2021-04-30T12:25:45.822Z	968	968	910	911
2021-04-30T12:26:05.838Z	947	946	926	926
2021-04-30T12:26:25.845Z	919	917	940	940
2021-04-30T12:26:45.846Z	885	887	953	952
2021-04-30T12:27:05.846Z	847	849	964	963
2021-04-30T12:27:25.856Z	804	806	973	973
2021-04-30T12:27:45.858Z	762	760	981	982
2021-04-30T12:28:05.870Z	712	710	988	988
2021-04-30T12:28:25.877Z	660	658	993	994
2021-04-30T12:28:45.884Z	606	603	997	997
2021-04-30T12:29:05.896Z	550	553	999	999
2021-04-30T12:29:25.907Z	494	496	1000	1000
2021-04-30T12:29:45.918Z	442	440	999	999
2021-04-30T12:30:05.928Z	387	384	997	997
2021-04-30T12:30:25.939Z	332	330	993	993
2021-04-30T12:30:45.943Z	281	283	987	987
2021-04-30T12:31:05.953Z	231	233	980	980
2021-04-30T12:31:25.966Z	186	188	972	972
2021-04-30T12:31:45.967Z	147	146	962	962
2021-04-30T12:32:05.974Z	110	108	951	950
2021-04-30T12:32:25.990Z	77	76	938	937
2021-04-30T12:32:45.997Z	50	49	923	924
2021-04-30T12:33:06.008Z	28	29	908	908
2021-04-30T12:33:26.016Z	12	13	892	891
2021-04-30T12:33:46.025Z	4	3	874	873
2021-04-30T12:34:06.033Z	0	0	854	855
2021-04-30T12:34:26.042Z	3	3	834	835
2021-04-30T12:34:46.053Z	12	12	814	813
2021-04-30T12:35:06.060Z	26	27	791	790
2021-04-30T12:35:26.062Z	47	48	768	769
2021-04-30T12:35:46.075Z	74	73	743	745
2021-04-30T12:36:06.085Z	107	105	721	719
2021-04-30T12:36:26.092Z	140	142	695	694
2021-04-30T12:36:46.093Z	182	184	669	667
2021-04-30T12:37:06.103Z	228	230	642	643
2021-04-30T12:37:26.112Z	277	275	614	615
2021-04-30T12:37:46.122Z	329	327	589	588
2021-04-30T12:38:06.131Z	379	381	561	559
2021-04-30T12:38:26.145Z	435	437	532	534
2021-04-30T12:38:46.152Z	491	489	504	505
2021-04-30T12:39:06.152Z	543	546	478	477
2021-04-30T12:39:26.164Z	600	602	449	451
2021-04-30T12:39:46.168Z	655	652	421	422
2021-04-30T12:40:06.172Z	708	705	396	395
2021-04-30T12:40:26.180Z	753	755	368	367
2021-04-30T12:40:46.193Z	800	802	341	340
2021-04-30T12:41:06.207Z	843	845	315	316
2021-04-30T12:41:26.217Z	882	881	289	290
2021-04-30T12:41:46.232Z	916	915	264	265
2021-04-30T12:42:06.239Z	943	944	241	240
2021-04-30T12:42:26.246Z	966	967	217	216
2021-04-30T12:42:46.256Z	984	983	194	195
2021-04-30T12:43:06.265Z	995	994	172	173
2021-04-30T12:43:26.275Z	1000	1000	153	152
2021-04-30T12:43:46.287Z	999	998	134	133
2021-04-30T12:44:06.290Z	991	991	115	114
2021-04-30T12:44:26.297Z	978	978	97	98
2021-04-30T12:44:46.298Z	958	959	81	82
2021-04-30T12:45:06.314Z	932	934	68	67
2021-04-30T12:45:26.316Z	904	903	54	54
2021-04-30T12:45:46.318Z	868	867	42	43
2021-04-30T12:46:06.333Z	828	830	31	32
2021-04-30T12:46:26.341Z	783	785	23	23
2021-04-30T12:46:46.350Z	735	737	15	15
2021-04-30T12:47:06.360Z	688	686	9	9
2021-04-30T12:47:26.361Z	634	632	5	5
2021-04-30T12:47:46.371Z	579	581	2	2
2021-04-30T12:48:06.382Z	522	525	0	0
2021-04-30T12:48:26.388Z	471	468	0	0
2021-04-30T12:48:46.396Z	415	412	2	2
2021-04-30T12:49:06.408Z	359	362	5	5
2021-04-30T12:49:26.411Z	306	308	10	10
2021-04-30T12:49:46.414Z	259	257	16	16
2021-04-30T12:50:06.427Z	211	209	24	24
2021-04-30T12:50:26.431Z	167	169	33	33
2021-04-30T12:50:46.433Z	127	128	44	43
2021-04-30T12:51:06.437Z	94	93	55	56
2021-04-30T12:51:26.443Z	64	63	69	69
2021-04-30T12:51:46.451Z	39	38	84	83
2021-04-30T12:52:06.460Z	20	21	100	99
2021-04-30T12:52:26.465Z	7	8	116	117
2021-04-30T12:52:46.468Z	1	1	135	136
2021-04-30T12:53:06.469Z	1	1	155	156
2021-04-30T12:53:26.477Z	6	6	176	175
2021-04-30T12:53:46.486Z	18	18	198	197
2021-04-30T12:54:06.492Z	37	36	219	220
2021-04-30T12:54:26.507Z	59	60	243	244
2021-04-30T12:54:46.518Z	88	90	268	267
2021-04-30T12:55:06.531Z	123	121	293	292
2021-04-30T12:55:26.544Z	159	161	317	318
2021-04-30T12:55:46.546Z	203	205	344	345
2021-04-30T12:56:06.558Z	251	248	371	370
2021-04-30T12:56:26.575Z	301	299	399	398
2021-04-30T12:56:46.588Z	350	352	424	426
2021-04-30T12:57:06.598Z	405	407	453	454
2021-04-30T12:57:26.611Z	461	459	481	480
2021-04-30T12:57:46.624Z	518	515	509	508
2021-04-30T12:58:06.632Z	569	572	535	536
2021-04-30T12:58:26.647Z	625	628	563	565
2021-04-30T12:58:46.648Z	679	681	591	590
2021-04-30T12:59:06.653Z	730	728	619	618
2021-04-30T12:59:26.660Z	779	777	646	645
2021-04-30T12:59:46.662Z	824	822	671	672
2021-04-30T13:00:06.668Z	861	863	697	698
2021-04-30T13:00:26.679Z	898	900	723	722
2021-04-30T13:00:46.684Z	930	929	748	747
2021-04-30T13:01:06.692Z	956	955	770	771
2021-04-30T13:01:26.708Z	975	976	793	794
2021-04-30T13:01:46.716Z	989	990	816	817
2021-04-30T13:02:06.717Z	998	998	837	836
2021-04-30T13:02:26.718Z	1000	1000	857	856
2021-04-30T13:02:46.732Z	996	996	875	876
2021-04-30T13:03:06.738Z	986	986	893	894
2021-04-30T13:03:26.745Z	970	969	910	911
2021-04-30T13:03:46.751Z	947	946	925	925
2021-04-30T13:04:06.762Z	919	921	940	939
2021-04-30T13:04:26.762Z	886	888	951	952
2021-04-30T13:04:46.766Z	851	849	963	963
2021-04-30T13:05:06.777Z	809	807	973	973
2021-04-30T13:05:26.794Z	762	760	981	981
2021-04-30T13:05:46.802Z	713	715	988	988
2021-04-30T13:06:06.805Z	660	663	993	993
2021-04-30T13:06:26.809Z	611	608	997	997
2021-04-30T13:06:46.811Z	555	552	999	999
2021-04-30T13:07:06.812Z	498	496	1000	1000
2021-04-30T13:07:26.818Z	442	444	999	999
2021-04-30T13:07:46.824Z	391	388	997	997
2021-04-30T13:08:06.837Z	336	334	993	993
2021-04-30T13:08:26.850Z	283	281	987	988
2021-04-30T13:08:46.863Z	234	236	980	981
2021-04-30T13:09:06.868Z	188	190	973	972
2021-04-30T13:09:26.870Z	149	147	962	962
2021-04-30T13:09:46.881Z	111	109	951	951
2021-04-30T13:10:06.888Z	77	79	938	938
2021-04-30T13:10:26.902Z	52	51	925	924
2021-04-30T13:10:46.902Z	30	29	909	908
2021-04-30T13:11:06.913Z	13	14	892	893
2021-04-30T13:11:26.918Z	4	4	875	874
2021-04-30T13:11:46.929Z	0	0	856	855
2021-04-30T13:12:06.944Z	2	3	835	836
2021-04-30T13:12:26.948Z	11	11	814	815
2021-04-30T13:12:46.949Z	25	26	793	792
2021-04-30T13:13:06.962Z	46	47	769	768
2021-04-30T13:13:26.972Z	73	71	745	746
2021-04-30T13:13:46.986Z	105	103	722	721
2021-04-30T13:14:06.997Z	138	140	696	695
2021-04-30T13:14:27.004Z	180	182	670	671
2021-04-30T13:14:47.017Z	226	224	643	644
2021-04-30T13:15:07.029Z	275	273	615	617
2021-04-30T13:15:27.041Z	322	325	590	589
2021-04-30T13:15:47.054Z	377	379	562	563
2021-04-30T13:16:07.066Z	432	430	533	535
2021-04-30T13:16:27.081Z	489	487	508	506
2021-04-30T13:16:47.094Z	541	544	479	478
2021-04-30T13:17:07.101Z	597	600	451	452
2021-04-30T13:17:27.105Z	653	650	422	424
2021-04-30T13:17:47.119Z	701	703	397	396
2021-04-30T13:18:07.134Z	752	754	369	368
2021-04-30T13:18:27.138Z	799	801	342	343
2021-04-30T13:18:47.142Z	843	841	315	317
2021-04-30T13:19:07.141Z	882	880	292	290
2021-04-30T13:19:27.153Z	913	914	266	265
2021-04-30T13:19:47.160Z	942	943	241	242
2021-04-30T13:20:07.165Z	966	965	217	219
2021-04-30T13:20:27.171Z	983	983	197	196
2021-04-30T13:20:47.177Z	994	994	174	173
2021-04-30T13:21:07.181Z	1000	1000	153	154
2021-04-30T13:21:27.196Z	999	999	133	134
2021-04-30T13:21:47.211Z	992	992	116	115
2021-04-30T13:22:07.226Z	979	978	99	98
2021-04-30T13:22:27.239Z	960	959	82	83
2021-04-30T13:22:47.249Z	934	936	68	68
2021-04-30T13:23:07.251Z	904	905	55	55
2021-04-30T13:23:27.260Z	871	870	43	42
2021-04-30T13:23:47.272Z	831	829	32	32
2021-04-30T13:24:07.279Z	787	785	23	23
2021-04-30T13:24:27.293Z	738	741	15	16
2021-04-30T13:24:47.309Z	687	689	10	9
2021-04-30T13:25:07.324Z	638	635	5	5
2021-04-30T13:25:27.337Z	582	580	2	2
2021-04-30T13:25:47.344Z	526	529	0	0
2021-04-30T13:26:07.349Z	469	472	0	0
2021-04-30T13:26:27.357Z	418	416	2	2
2021-04-30T13:26:47.370Z	363	361	5	5
2021-04-30T13:27:07.380Z	309	312	10	9
2021-04-30T13:27:27.384Z	259	261	16	16
2021-04-30T13:27:47.388Z	211	213	23	23
2021-04-30T13:28:07.394Z	170	168	32	33
2021-04-30T13:28:27.398Z	130	128	43	42
2021-04-30T13:28:47.401Z	94	96	55	55
2021-04-30T13:29:07.405Z	64	65	69	68
2021-04-30T13:29:27.418Z	39	40	82	83
2021-04-30T13:29:47.421Z	22	21	99	99
2021-04-30T13:30:07.429Z	8	8	116	115
2021-04-30T13:30:27.440Z	1	1	135	134
2021-04-30T13:30:47.444Z	1	0	155	154
2021-04-30T13:31:07.447Z	6	6	174	175
2021-04-30T13:31:27.462Z	17	18	196	195
2021-04-30T13:31:47.473Z	35	34	219	218
2021-04-30T13:32:07.482Z	59	58	241	242
2021-04-30T13:32:27.489Z	86	87	266	267
2021-04-30T13:32:47.489Z	120	122	291	290
2021-04-30T13:33:07.496Z	160	158	318	316
2021-04-30T13:33:27.500Z	203	201	342	343
2021-04-30T13:33:47.512Z	246	249	369	370
2021-04-30T13:34:07.513Z	297	299	397	395
2021-04-30T13:34:27.522Z	350	347	424	423
2021-04-30T13:34:47.527Z	404	402	452	451
2021-04-30T13:35:07.541Z	460	458	478	479
2021-04-30T13:35:27.542Z	512	515	507	508
2021-04-30T13:35:47.545Z	569	566	535	534
2021-04-30T13:36:07.558Z	625	622	563	562
2021-04-30T13:36:27.564Z	679	676	589	590
2021-04-30T13:36:47.579Z	726	728	617	618
2021-04-30T13:37:07.580Z	775	777	644	643
2021-04-30T13:37:27.590Z	821	819	671	670
2021-04-30T13:37:47.591Z	862	860	695	696
2021-04-30T13:38:07.606Z	896	897	721	722
2021-04-30T13:38:27.611Z	928	929	746	745
2021-04-30T13:38:47.619Z	954	953	770	769
2021-04-30T13:39:07.634Z	975	974	792	793
2021-04-30T13:39:27.644Z	989	989	814	815
2021-04-30T13:39:47.659Z	997	998	836	836
2021-04-30T13:40:07.664Z	1000	1000	856	855
2021-04-30T13:40:27.675Z	996	996	875	874
2021-04-30T13:40:47.683Z	986	986	892	893
2021-04-30T13:41:07.696Z	971	970	909	910
2021-04-30T13:41:27.709Z	949	948	925	924
2021-04-30T13:41:47.709Z	921	923	939	938
2021-04-30T13:42:07.712Z	888	890	952	951
2021-04-30T13:42:27.726Z	853	852	962	963
2021-04-30T13:42:47.737Z	811	809	972	973
2021-04-30T13:43:07.740Z	765	763	981	980
2021-04-30T13:43:27.744Z	716	718	988	987
2021-04-30T13:43:47.746Z	663	665	993	993
2021-04-30T13:44:07.757Z	609	611	997	997
2021-04-30T13:44:27.759Z	558	556	999	999
2021-04-30T13:44:47.762Z	502	499	1000	1000
2021-04-30T13:45:07.774Z	445	448	999	999
2021-04-30T13:45:27.790Z	389	392	997	997
2021-04-30T13:45:47.802Z	335	337	993	993
2021-04-30T13:46:07.816Z	287	285	988	988
2021-04-30T13:46:27.823Z	238	236	981	981
2021-04-30T13:46:47.834Z	192	190	972	973
2021-04-30T13:47:07.843Z	149	151	962	963
2021-04-30T13:47:27.844Z	111	113	952	952
2021-04-30T13:47:47.847Z	81	80	939	939
2021-04-30T13:48:07.854Z	53	52	925	925
2021-04-30T13:48:27.868Z	31	30	910	910
2021-04-30T13:48:47.871Z	14	15	893	894
2021-04-30T13:49:07.885Z	4	4	875	875
2021-04-30T13:49:27.897Z	0	0	857	856
2021-04-30T13:49:47.912Z	2	2	837	836
2021-04-30T13:50:07.921Z	11	11	815	816
2021-04-30T13:50:27.927Z	25	24	793	794
2021-04-30T13:50:47.942Z	46	45	769	770
2021-04-30T13:51:07.950Z	72	71	747	746
2021-04-30T13:51:27.958Z	101	103	722	721
2021-04-30T13:51:47.960Z	138	139	697	698
2021-04-30T13:52:07.967Z	179	177	670	672
2021-04-30T13:52:27.981Z	224	222	644	645
2021-04-30T13:52:47.989Z	273	271	619	617
2021-04-30T13:53:07.992Z	320	323	591	590
2021-04-30T13:53:27.996Z	374	377	563	564
2021-04-30T13:53:48.010Z	429	427	535	536
2021-04-30T13:54:08.012Z	486	483	507	508
2021-04-30T13:54:28.023Z	537	540	481	480
2021-04-30T13:54:48.025Z	593	596	453	451
2021-04-30T13:55:08.032Z	648	651	425	426
2021-04-30T13:55:28.037Z	701	699	397	398
2021-04-30T13:55:48.048Z	752	750	369	370
2021-04-30T13:56:08.062Z	795	797	344	343
2021-04-30T13:56:28.065Z	839	841	318	317
2021-04-30T13:56:48.080Z	878	880	292	293
2021-04-30T13:57:08.093Z	913	911	266	267
2021-04-30T13:57:28.101Z	942	941	244	243
2021-04-30T13:57:48.110Z	964	965	220	219
2021-04-30T13:58:08.120Z	982	983	197	196
2021-04-30T13:58:28.128Z	994	994	175	176
2021-04-30T13:58:48.132Z	999	999	154	155
2021-04-30T13:59:08.138Z	999	999	134	135
2021-04-30T13:59:28.142Z	992	992	117	116
2021-04-30T13:59:48.153Z	980	979	100	99
2021-04-30T14:00:08.159Z	961	960	83	84
2021-04-30T14:00:28.164Z	936	937	68	69
2021-04-30T14:00:48.168Z	906	907	55	55
2021-04-30T14:01:08.180Z	870	872	44	43
2021-04-30T14:01:28.194Z	834	832	33	32
2021-04-30T14:01:48.202Z	789	787	23	24
2021-04-30T14:02:08.216Z	742	744	16	16
2021-04-30T14:02:28.224Z	691	693	9	10
2021-04-30T14:02:48.239Z	637	640	5	5
2021-04-30T14:03:08.253Z	587	584	2	2
2021-04-30T14:03:28.262Z	531	528	0	0
2021-04-30T14:03:48.263Z	474	477	0	0
2021-04-30T14:04:08.277Z	418	421	2	2
2021-04-30T14:04:28.290Z	363	365	5	5
2021-04-30T14:04:48.300Z	314	312	9	9
2021-04-30T14:05:08.315Z	263	261	15	16
2021-04-30T14:05:28.316Z	215	217	23	23
2021-04-30T14:05:48.331Z	170	172	32	32
2021-04-30T14:06:08.341Z	130	131	42	43
2021-04-30T14:06:28.349Z	97	96	54	55
2021-04-30T14:06:48.361Z	66	65	67	68
2021-04-30T14:07:08.361Z	41	40	82	82
2021-04-30T14:07:28.363Z	22	22	99	98
2021-04-30T14:07:48.375Z	8	9	114	115
2021-04-30T14:08:08.380Z	2	1	133	134
2021-04-30T14:08:28.390Z	0	0	153	154
2021-04-30T14:08:48.393Z	5	6	174	173
2021-04-30T14:09:08.395Z	17	16	196	195
2021-04-30T14:09:28.403Z	34	33	219	217
2021-04-30T14:09:48.409Z	56	57	240	241
2021-04-30T14:10:08.418Z	84	86	265	266
2021-04-30T14:10:28.419Z	118	120	290	289
2021-04-30T14:10:48.423Z	157	155	316	315
2021-04-30T14:11:08.427Z	201	199	340	341
2021-04-30T14:11:28.427Z	248	245	367	368
2021-04-30T14:11:48.428Z	293	296	395	396
2021-04-30T14:12:08.429Z	346	349	423	421
2021-04-30T14:12:28.439Z	401	398	451	449
2021-04-30T14:12:48.444Z	456	454	479	477
2021-04-30T14:13:08.459Z	513	510	504	505
2021-04-30T14:13:28.463Z	564	566	532	534
2021-04-30T14:13:48.476Z	619	622	560	562
2021-04-30T14:14:08.483Z	673	675	588	587
2021-04-30T14:14:28.489Z	725	723	616	615
2021-04-30T14:14:48.493Z	774	772	644	642
2021-04-30T14:15:08.493Z	816	818	668	669
2021-04-30T14:16:02.082Z	606	609	554	555
2021-04-30T14:16:22.083Z	661	663	582	583
2021-04-30T14:16:42.093Z	713	711	610	608
2021-04-30T14:17:02.108Z	763	761	637	636
2021-04-30T14:17:22.119Z	810	808	662	663
2021-04-30T14:17:42.125Z	849	850	688	690
2021-04-30T14:19:30.562Z	606	608	554	555
2021-04-30T14:19:50.576Z	660	663	582	583
2021-04-30T14:20:10.584Z	713	715	609	608
2021-04-30T14:20:30.589Z	762	760	637	636
2021-04-30T14:20:50.591Z	809	807	664	663
2021-04-30T14:21:10.597Z	848	849	688	689
2021-04-30T14:21:30.607Z	886	888	714	715
2021-04-30T14:21:50.613Z	920	918	739	738
2021-04-30T14:22:10.619Z	948	947	764	763
2021-04-30T14:22:30.621Z	970	969	785	786
2021-04-30T14:22:50.629Z	985	986	808	809
2021-04-30T14:23:10.634Z	996	996	830	831
2021-04-30T14:23:30.638Z	1000	1000	851	850
2021-04-30T14:23:50.641Z	998	998	870	869
2021-04-30T14:24:10.647Z	989	990	887	888
2021-04-30T14:24:30.655Z	976	975	904	905
2021-04-30T14:24:50.666Z	956	955	920	921
2021-04-30T14:25:10.673Z	930	931	935	934
2021-04-30T14:25:30.685Z	898	899	948	948
2021-04-30T14:25:50.691Z	861	863	959	959
2021-04-30T14:26:10.696Z	824	822	969	970
2021-04-30T14:26:30.710Z	779	777	978	979
2021-04-30T14:26:50.711Z	730	728	986	986
2021-04-30T14:27:10.716Z	679	681	992	992
2021-04-30T14:27:30.730Z	625	627	996	996
2021-04-30T14:27:50.738Z	574	572	999	999
2021-04-30T14:28:10.750Z	518	515	1000	1000
2021-04-30T14:28:30.758Z	461	464	1000	1000
2021-04-30T14:28:50.761Z	405	408	998	998
2021-04-30T14:29:10.777Z	351	353	995	994
2021-04-30T14:29:30.792Z	302	300	990	989
2021-04-30T14:29:50.802Z	252	249	983	983
2021-04-30T14:30:10.808Z	204	206	975	975
2021-04-30T14:31:02.569Z	606	609	554	555
2021-04-30T14:31:22.579Z	661	663	582	583
2021-04-30T14:31:42.593Z	713	715	609	608
2021-04-30T14:32:02.602Z	763	760	637	636
2021-04-30T14:32:22.606Z	809	807	664	663
2021-04-30T14:32:42.619Z	851	849	688	689
2021-04-30T14:33:02.619Z	886	888	714	715
2021-04-30T14:33:22.627Z	919	921	739	738
2021-04-30T14:33:42.628Z	947	946	763	762
2021-04-30T14:34:02.632Z	970	969	787	786
2021-04-30T14:34:22.633Z	985	986	808	809
2021-04-30T14:34:42.635Z	996	996	830	831
2021-04-30T14:35:37.981Z	607	609	554	555
2021-04-30T14:35:57.993Z	662	659	582	581
2021-04-30T14:36:17.998Z	714	712	610	609
2021-04-30T14:36:38.008Z	760	762	635	637
2021-04-30T14:36:58.011Z	807	809	663	662
2021-04-30T14:37:18.021Z	850	848	689	688
2021-04-30T14:37:38.028Z	889	887	713	714
2021-04-30T14:37:58.035Z	919	921	739	740
2021-04-30T14:38:18.042Z	947	946	763	762
2021-04-30T14:38:38.052Z	970	969	785	786
2021-04-30T14:38:58.058Z	985	986	808	809
2021-04-30T14:39:18.059Z	996	995	830	829
2021-04-30T14:39:38.066Z	1000	1000	851	850
2021-04-30T14:39:58.081Z	998	998	869	870
2021-04-30T14:40:18.084Z	990	989	888	887
2021-04-30T14:40:38.086Z	975	976	905	904
2021-04-30T14:40:58.093Z	956	955	920	921
2021-04-30T14:41:18.099Z	930	929	935	934
2021-04-30T14:41:38.114Z	898	900	948	947
2021-04-30T14:41:58.121Z	861	863	959	959
2021-04-30T14:42:55.539Z	606	609	554	555
2021-04-30T14:43:15.544Z	661	663	582	581
2021-04-30T14:43:35.553Z	714	711	610	609
2021-04-30T14:43:55.564Z	763	761	637	636
2021-04-30T14:44:15.571Z	806	808	662	663
2021-04-30T14:44:35.579Z	848	850	688	690
2021-04-30T14:44:55.586Z	887	888	714	713
2021-04-30T14:45:15.595Z	920	919	739	738
2021-04-30T14:45:35.603Z	948	947	764	763
2021-04-30T14:45:55.607Z	968	969	785	786
2021-04-30T14:46:15.611Z	985	986	808	809
2021-04-30T14:46:35.622Z	996	996	830	829
2021-04-30T14:46:55.629Z	1000	1000	851	850
2021-04-30T14:47:15.635Z	998	998	869	870
2021-04-30T14:47:35.646Z	990	990	887	888
2021-04-30T14:47:55.652Z	976	975	905	905
2021-04-30T14:48:15.664Z	955	956	921	920
2021-04-30T14:48:35.677Z	929	930	935	935
2021-04-30T14:48:55.684Z	897	899	947	948
2021-04-30T14:49:15.699Z	864	862	959	960
2021-04-30T14:49:35.704Z	823	821	970	969
2021-04-30T14:49:55.716Z	777	780	979	978
2021-04-30T14:50:15.723Z	728	731	985	986
2021-04-30T14:50:35.736Z	682	679	991	992
2021-04-30T14:50:55.750Z	628	625	996	996
2021-04-30T14:51:15.755Z	572	575	999	999
2021-04-30T14:51:35.758Z	516	518	1000	1000
2021-04-30T14:51:55.758Z	459	462	1000	1000
2021-04-30T14:52:15.767Z	408	406	998	998
2021-04-30T14:52:35.777Z	353	351	994	994
2021-04-30T14:52:55.784Z	300	298	989	990
2021-04-30T14:53:15.787Z	250	252	983	983
2021-04-30T14:53:35.797Z	202	204	975	975
2021-04-30T14:53:55.800Z	163	161	966	965
2021-04-30T14:54:15.806Z	123	122	955	954
2021-04-30T14:54:35.820Z	88	90	943	943
2021-04-30T14:54:55.828Z	59	60	929	929
2021-04-30T14:55:15.831Z	35	36	915	914
2021-04-30T14:55:35.834Z	19	18	898	898
2021-04-30T14:55:55.838Z	7	6	881	880
2021-04-30T14:56:15.844Z	1	0	862	863
2021-04-30T14:56:35.856Z	1	1	842	843
2021-04-30T14:56:55.866Z	8	7	821	822
2021-04-30T14:57:15.877Z	21	20	801	800
2021-04-30T14:57:35.892Z	38	39	778	776
2021-04-30T14:57:55.896Z	63	64	754	752
2021-04-30T14:58:15.909Z	93	94	729	730
2021-04-30T14:58:35.917Z	128	126	703	705
2021-04-30T14:58:55.923Z	168	166	680	678
2021-04-30T14:59:15.931Z	209	211	653	651
