time	1-tT	1-T
2021-12-09T08:14:18.585Z	1200	485
2021-12-09T08:14:38.594Z	1200	490
2021-12-09T08:14:58.605Z	1200	496
2021-12-09T08:15:18.618Z	1200	502
2021-12-09T08:15:38.629Z	1200	509
2021-12-09T08:15:58.641Z	1200	514
2021-12-09T08:16:18.652Z	1200	520
2021-12-09T08:16:38.662Z	1200	525
2021-12-09T08:16:58.663Z	1200	531
2021-12-09T08:17:18.665Z	1200	537
2021-12-09T08:17:38.665Z	1200	542
2021-12-09T08:17:58.668Z	1200	547
2021-12-09T08:18:18.670Z	1200	552
2021-12-09T08:18:38.679Z	1200	559
2021-12-09T08:18:58.682Z	1200	564
2021-12-09T08:19:18.686Z	1200	568
2021-12-09T08:19:38.694Z	1200	574
2021-12-09T08:19:58.707Z	1200	579
2021-12-09T08:20:18.712Z	1200	585
2021-12-09T08:20:38.725Z	1200	591
2021-12-09T08:20:58.739Z	1200	595
2021-12-09T08:21:18.742Z	1200	600
2021-12-09T08:21:38.755Z	1200	606
2021-12-09T08:21:58.766Z	1200	611
2021-12-09T08:22:18.766Z	1200	617
2021-12-09T08:22:38.769Z	1200	622
2021-12-09T08:22:58.769Z	1200	626
2021-12-09T08:23:18.779Z	1200	631
2021-12-09T08:23:38.793Z	1200	636
2021-12-09T08:23:58.805Z	1200	640
2021-12-09T08:24:18.814Z	1200	646
2021-12-09T08:24:38.827Z	1200	652
2021-12-09T08:24:58.842Z	1200	657
2021-12-09T08:25:18.848Z	1200	661
2021-12-09T08:25:38.861Z	1200	666
2021-12-09T08:25:58.870Z	1200	671
2021-12-09T08:26:18.874Z	1200	676
2021-12-09T08:26:38.876Z	1200	681
2021-12-09T08:26:58.876Z	1200	685
2021-12-09T08:27:18.889Z	1200	689
2021-12-09T08:27:38.894Z	1200	694
2021-12-09T08:27:58.901Z	1200	700
2021-12-09T08:28:18.901Z	1200	704
2021-12-09T08:28:38.901Z	1200	708
2021-12-09T08:28:58.906Z	1200	713
2021-12-09T08:29:18.921Z	1200	717
2021-12-09T08:29:38.924Z	1200	722
2021-12-09T08:29:58.939Z	1200	727
2021-12-09T08:30:18.951Z	1200	731
2021-12-09T08:30:38.953Z	1200	735
2021-12-09T08:30:58.953Z	1200	740
2021-12-09T08:31:18.955Z	1200	745
2021-12-09T08:31:38.963Z	1200	749
2021-12-09T08:31:58.976Z	1200	754
2021-12-09T08:32:18.991Z	1200	758
2021-12-09T08:32:39.000Z	1200	763
2021-12-09T08:32:59.003Z	1200	766
2021-12-09T08:33:19.019Z	1200	771
2021-12-09T08:33:39.029Z	1200	776
2021-12-09T08:33:59.037Z	1200	781
2021-12-09T08:34:19.044Z	1200	784
2021-12-09T08:34:39.049Z	1200	788
2021-12-09T08:34:59.052Z	1200	792
2021-12-09T08:35:19.065Z	1200	797
2021-12-09T08:35:39.066Z	1200	802
2021-12-09T08:35:59.081Z	1200	806
2021-12-09T08:36:19.092Z	1200	809
2021-12-09T08:36:39.097Z	1200	813
2021-12-09T08:36:59.110Z	1200	817
2021-12-09T08:37:19.111Z	1200	822
2021-12-09T08:37:39.119Z	1200	826
2021-12-09T08:37:59.124Z	1200	831
2021-12-09T08:38:19.127Z	1200	834
2021-12-09T08:38:39.140Z	1200	838
2021-12-09T08:38:59.141Z	1200	842
2021-12-09T08:39:19.144Z	1200	846
2021-12-09T08:39:39.158Z	1200	850
2021-12-09T08:39:59.172Z	1200	853
2021-12-09T08:40:19.185Z	1200	858
2021-12-09T08:40:39.191Z	1200	862
2021-12-09T08:40:59.199Z	1200	866
2021-12-09T08:41:19.206Z	1200	871
2021-12-09T08:41:39.219Z	1200	875
2021-12-09T08:41:59.226Z	1200	879
2021-12-09T08:42:19.231Z	1200	883
2021-12-09T08:42:39.238Z	1200	886
2021-12-09T08:42:59.239Z	1200	890
2021-12-09T08:43:19.250Z	1200	894
2021-12-09T08:43:39.260Z	1200	899
2021-12-09T08:43:59.266Z	1200	902
2021-12-09T08:44:19.282Z	1200	906
2021-12-09T08:44:39.292Z	1200	909
2021-12-09T08:44:59.298Z	1200	912
2021-12-09T08:45:19.306Z	1200	917
2021-12-09T08:45:39.319Z	1200	920
2021-12-09T08:45:59.326Z	1200	924
2021-12-09T08:46:42.878Z	1200	932
2021-12-09T08:47:02.879Z	1200	935
2021-12-09T08:47:22.893Z	1200	938
2021-12-09T08:47:42.896Z	1200	942
2021-12-09T08:48:02.909Z	1200	946
2021-12-09T08:48:22.917Z	1200	950
2021-12-09T08:48:42.925Z	1200	953
2021-12-09T08:49:02.933Z	1200	956
2021-12-09T08:49:22.936Z	1200	959
2021-12-09T08:49:42.939Z	1200	962
2021-12-09T08:50:02.946Z	1200	965
2021-12-09T08:50:22.952Z	1200	970
2021-12-09T08:50:42.954Z	1200	973
2021-12-09T08:51:02.956Z	1200	975
2021-12-09T08:51:22.966Z	1200	978
2021-12-09T08:51:42.976Z	1200	982
2021-12-09T08:52:02.981Z	1200	986
2021-12-09T08:52:22.990Z	1200	989
2021-12-09T08:52:42.992Z	1200	993
2021-12-09T08:53:03.002Z	1200	996
2021-12-09T08:53:23.009Z	1200	999
2021-12-09T08:53:43.020Z	1200	1002
2021-12-09T08:54:03.032Z	1200	1005
2021-12-09T08:54:23.033Z	1200	1009
2021-12-09T08:54:43.044Z	1200	1012
2021-12-09T08:55:03.058Z	1200	1014
2021-12-09T08:55:23.064Z	1200	1018
2021-12-09T08:55:43.078Z	1200	1021
2021-12-09T08:56:03.088Z	1200	1024
2021-12-09T08:56:23.104Z	1200	1028
2021-12-09T08:56:43.116Z	1200	1031
2021-12-09T08:57:03.115Z	1200	1034
2021-12-09T08:57:23.122Z	1200	1036
2021-12-09T08:57:43.127Z	1200	1040
2021-12-09T08:58:03.142Z	1200	1044
2021-12-09T08:58:23.151Z	1200	1047
2021-12-09T08:58:43.161Z	1200	1050
2021-12-09T08:59:03.165Z	1200	1052
2021-12-09T08:59:23.164Z	1200	1056
2021-12-09T08:59:43.173Z	1200	1059
2021-12-09T09:00:03.173Z	1200	1063
2021-12-09T09:00:23.188Z	1200	1066
2021-12-09T09:00:43.195Z	1200	1069
2021-12-09T09:01:03.202Z	1200	1072
2021-12-09T09:01:23.203Z	1200	1074
2021-12-09T09:01:43.204Z	1200	1077
2021-12-09T09:02:03.206Z	1200	1079
2021-12-09T09:02:23.216Z	1200	1083
2021-12-09T09:02:43.220Z	1200	1086
2021-12-09T09:03:03.224Z	1200	1089
2021-12-09T09:03:23.230Z	1200	1092
2021-12-09T09:03:43.237Z	1200	1095
2021-12-09T09:04:03.241Z	1200	1098
2021-12-09T09:04:23.246Z	1200	1100
2021-12-09T09:04:43.256Z	1200	1103
2021-12-09T09:05:03.268Z	1200	1106
2021-12-09T09:05:23.282Z	1200	1109
2021-12-09T09:05:43.283Z	1200	1111
2021-12-09T09:06:03.285Z	1200	1114
2021-12-09T09:06:23.285Z	1200	1117
2021-12-09T09:06:43.292Z	1200	1120
2021-12-09T09:07:03.305Z	1200	1123
2021-12-09T09:07:23.307Z	1200	1125
2021-12-09T09:07:43.312Z	1200	1119
2021-12-09T09:08:03.314Z	1200	1113
2021-12-09T09:08:23.330Z	1200	1119
2021-12-09T09:08:43.334Z	1200	1123
2021-12-09T09:09:03.334Z	1200	1118
2021-12-09T09:09:23.344Z	1200	1114
2021-12-09T09:09:43.360Z	1200	1118
2021-12-09T09:10:03.376Z	1200	1120
2021-12-09T09:10:23.390Z	1200	1116
2021-12-09T09:10:43.398Z	1200	1114
2021-12-09T09:11:03.403Z	1200	1117
2021-12-09T09:11:23.407Z	1200	1120
2021-12-09T09:11:43.416Z	1200	1114
2021-12-09T09:12:03.421Z	1200	1111
2021-12-09T09:12:23.433Z	1200	1117
2021-12-09T09:12:43.433Z	1200	1119
2021-12-09T09:13:03.437Z	1200	1115
2021-12-09T09:13:23.443Z	1200	1116
2021-12-09T09:13:43.452Z	1200	1124
2021-12-09T09:14:03.454Z	1200	1130
2021-12-09T09:14:23.463Z	1200	1130
2021-12-09T09:14:43.476Z	1200	1114
2021-12-09T09:23:14.139Z	1200	1108
2021-12-09T09:23:34.146Z	1200	1001
2021-12-09T09:23:54.157Z	1200	997
2021-12-09T09:24:14.163Z	1200	995
2021-12-09T09:24:34.162Z	1200	992
2021-12-09T09:24:54.175Z	1200	989
2021-12-09T09:25:14.176Z	1200	986
2021-12-09T09:25:34.176Z	1200	984
2021-12-09T09:25:54.190Z	1200	981
2021-12-09T09:26:14.201Z	1200	978
2021-12-09T09:26:34.203Z	1200	976
2021-12-09T09:26:54.205Z	1200	973
2021-12-09T09:27:14.215Z	1200	970
2021-12-09T09:27:34.218Z	1200	968
2021-12-09T09:27:54.220Z	1200	966
2021-12-09T09:28:14.219Z	1200	963
2021-12-09T09:28:34.221Z	1200	961
2021-12-09T09:28:54.232Z	1200	958
2021-12-09T09:29:14.234Z	1200	956
2021-12-09T09:29:34.236Z	1200	954
2021-12-09T09:29:54.252Z	1200	952
2021-12-09T09:30:14.263Z	1200	950
2021-12-09T09:30:34.278Z	1200	947
2021-12-09T09:30:54.285Z	1200	945
2021-12-09T09:31:14.295Z	1200	942
2021-12-09T09:31:34.300Z	1200	940
2021-12-09T09:31:54.301Z	1200	938
2021-12-09T09:32:14.303Z	1200	936
2021-12-09T09:32:34.312Z	1200	934
2021-12-09T09:32:54.314Z	1200	932
2021-12-09T09:33:54.344Z	1200	926
2021-12-09T09:34:14.351Z	1200	924
2021-12-09T09:34:34.363Z	1200	922
2021-12-09T09:34:54.375Z	1200	920
2021-12-09T09:35:14.388Z	1200	918
2021-12-09T09:35:34.403Z	1200	916
2021-12-09T09:35:54.405Z	1200	914
2021-12-09T09:36:14.418Z	1200	912
2021-12-09T09:36:34.430Z	1200	910
2021-12-09T09:36:54.436Z	1200	909
2021-12-09T09:37:14.438Z	1200	907
2021-12-09T09:37:34.445Z	1200	905
2021-12-09T09:37:54.448Z	1200	903
2021-12-09T09:38:14.457Z	1200	901
2021-12-09T09:38:34.471Z	1200	900
2021-12-09T09:38:54.473Z	1200	898
2021-12-09T09:39:14.473Z	1200	896
2021-12-09T09:39:34.476Z	1200	894
2021-12-09T09:39:54.488Z	1200	893
2021-12-09T09:40:14.495Z	1200	891
2021-12-09T09:40:34.502Z	1200	889
2021-12-09T09:40:54.517Z	1200	888
2021-12-09T09:41:14.519Z	1200	886
2021-12-09T09:41:34.524Z	1200	884
2021-12-09T09:41:54.529Z	1200	883
2021-12-09T09:42:14.542Z	1200	881
2021-12-09T09:42:34.555Z	1200	880
2021-12-09T09:42:54.570Z	1200	878
2021-12-09T09:43:14.584Z	1200	878
2021-12-09T09:43:34.590Z	1200	892
2021-12-09T09:43:54.596Z	1200	908
2021-12-09T09:44:14.600Z	1200	923
2021-12-09T09:44:34.609Z	1200	932
2021-12-09T09:44:54.613Z	1200	941
2021-12-09T09:45:14.625Z	1200	948
2021-12-09T09:45:34.631Z	1200	955
2021-12-09T09:45:54.642Z	1200	963
2021-12-09T09:46:14.658Z	1200	970
2021-12-09T09:46:34.670Z	1200	977
2021-12-09T09:46:54.679Z	1200	983
2021-12-09T09:47:14.687Z	1200	988
2021-12-09T09:47:34.698Z	1200	994
2021-12-09T09:47:54.710Z	1200	1000
2021-12-09T09:48:14.717Z	1200	1008
2021-12-09T09:48:34.732Z	1200	1014
2021-12-09T09:48:54.735Z	1200	1019
2021-12-09T09:49:14.744Z	1200	1025
2021-12-09T09:49:34.757Z	1200	1029
2021-12-09T09:49:54.757Z	1200	1035
2021-12-09T09:50:14.772Z	1200	1040
2021-12-09T09:50:34.778Z	1200	1046
2021-12-09T09:50:54.793Z	1200	1051
2021-12-09T09:51:14.800Z	1200	1055
2021-12-09T09:51:34.800Z	1200	1060
2021-12-09T09:51:54.809Z	1200	1066
2021-12-09T09:52:14.813Z	1200	1070
2021-12-09T09:52:34.819Z	1200	1076
2021-12-09T09:52:54.834Z	1200	1081
2021-12-09T09:53:14.836Z	1200	1086
2021-12-09T09:53:34.851Z	1200	1091
2021-12-09T09:53:54.863Z	1200	1095
2021-12-09T09:54:14.872Z	1200	1098
2021-12-09T09:54:34.877Z	1200	1103
2021-12-09T09:54:54.891Z	1200	1107
2021-12-09T09:55:14.895Z	1200	1111
2021-12-09T09:55:34.907Z	1200	1115
2021-12-09T09:55:54.912Z	1200	1119
2021-12-09T09:56:14.912Z	1200	1115
2021-12-09T09:56:34.915Z	1200	1117
2021-12-09T09:56:54.926Z	1200	1126
2021-12-09T09:57:14.938Z	1200	1129
2021-12-09T09:57:34.946Z	1200	1121
2021-12-09T09:57:54.947Z	1200	1110
2021-12-09T09:58:14.954Z	1200	1120
2021-12-09T09:58:34.954Z	1200	1128
2021-12-09T09:58:54.955Z	1200	1125
2021-12-09T09:59:14.955Z	1200	1111
2021-12-09T09:59:34.955Z	1200	1112
2021-12-09T09:59:54.959Z	1200	1126
2021-12-09T10:00:14.961Z	1200	1126
2021-12-09T10:00:34.962Z	1200	1114
2021-12-09T10:00:54.962Z	1200	1112
2021-12-09T10:01:14.962Z	1200	1125
2021-12-09T10:01:34.976Z	1200	1125
2021-12-09T10:01:54.982Z	1200	1114
2021-12-09T10:02:14.990Z	1200	1114
2021-12-09T10:02:35.006Z	1200	1125
2021-12-09T10:02:55.017Z	1200	1126
2021-12-09T10:03:15.033Z	1200	1112
2021-12-09T10:03:35.033Z	1200	1111
2021-12-09T10:03:55.039Z	1200	1125
2021-12-09T10:04:15.048Z	1200	1125
2021-12-09T10:04:35.049Z	1200	1113
2021-12-09T10:04:55.061Z	1200	1111
2021-12-09T10:05:15.066Z	1200	1123
2021-12-09T10:05:35.072Z	1200	1125
2021-12-09T10:05:55.087Z	1200	1114
2021-12-09T10:06:15.098Z	1200	1113
2021-12-09T10:06:35.112Z	1200	1126
2021-12-09T10:06:55.119Z	1200	1120
2021-12-09T10:07:15.134Z	1200	1110
2021-12-09T10:07:35.138Z	1200	1115
2021-12-09T10:07:55.145Z	1200	1126
2021-12-09T10:08:15.150Z	1200	1120
2021-12-09T10:08:35.160Z	1200	1110
2021-12-09T10:08:55.175Z	1200	1116
2021-12-09T10:09:15.188Z	1200	1128
2021-12-09T10:09:35.188Z	1200	1119
2021-12-09T10:09:55.195Z	1200	1110
2021-12-09T10:10:15.210Z	1200	1118
2021-12-09T10:10:35.215Z	1200	1126
2021-12-09T10:10:55.221Z	1200	1116
2021-12-09T10:11:15.227Z	1200	1109
2021-12-09T10:11:35.236Z	1200	1120
2021-12-09T10:11:55.249Z	1200	1126
2021-12-09T10:12:15.252Z	1200	1116
2021-12-09T10:12:35.259Z	1200	1107
2021-12-09T10:12:55.270Z	1200	1118
2021-12-09T10:13:15.277Z	1200	1126
2021-12-09T10:13:35.292Z	1200	1116
2021-12-09T10:13:55.296Z	1200	1108
2021-12-09T10:14:15.300Z	1200	1118
2021-12-09T10:14:35.302Z	1200	1125
2021-12-09T10:14:55.311Z	1200	1116
2021-12-09T10:15:15.312Z	1200	1108
2021-12-09T10:15:35.311Z	1200	1119
2021-12-09T10:15:55.318Z	1200	1126
2021-12-09T10:16:15.327Z	1200	1115
2021-12-09T10:16:35.339Z	1200	1108
2021-12-09T10:16:55.350Z	1200	1120
2021-12-09T10:17:15.366Z	1200	1125
2021-12-09T10:17:35.375Z	1200	1114
2021-12-09T10:17:55.376Z	1200	1108
2021-12-09T10:18:15.387Z	1200	1119
2021-12-09T10:18:35.398Z	1200	1125
2021-12-09T10:18:55.414Z	1200	1115
2021-12-09T10:19:15.420Z	1200	1108
2021-12-09T10:19:35.421Z	1200	1121
2021-12-09T10:19:55.433Z	1200	1124
2021-12-09T10:20:15.436Z	1200	1114
2021-12-09T10:20:35.438Z	1200	1108
2021-12-09T10:20:55.438Z	1200	1120
2021-12-09T10:21:15.443Z	1200	1125
2021-12-09T10:21:35.449Z	1200	1114
2021-12-09T10:21:55.452Z	1200	1108
2021-12-09T10:22:15.461Z	1200	1122
2021-12-09T10:22:35.472Z	1200	1124
2021-12-09T10:22:55.473Z	1200	1114
2021-12-09T10:23:15.489Z	1200	1109
2021-12-09T10:23:35.490Z	1200	1121
2021-12-09T10:23:55.502Z	1200	1123
2021-12-09T10:24:15.510Z	1200	1114
2021-12-09T10:24:35.513Z	1200	1110
2021-12-09T10:24:55.518Z	1200	1123
2021-12-09T10:25:15.528Z	1200	1121
2021-12-09T10:25:35.532Z	1200	1112
2021-12-09T10:25:55.535Z	1200	1110
2021-12-09T10:26:15.542Z	1200	1125
2021-12-09T10:26:35.545Z	1200	1121
2021-12-09T10:26:55.557Z	1200	1111
2021-12-09T10:27:15.566Z	1200	1113
2021-12-09T10:27:35.569Z	1200	1126
2021-12-09T10:27:55.572Z	1200	1118
2021-12-09T10:28:15.574Z	1200	1110
2021-12-09T10:28:35.576Z	1200	1116
2021-12-09T10:28:55.583Z	1200	1126
2021-12-09T10:29:15.590Z	1200	1116
2021-12-09T10:29:35.599Z	1200	1108
2021-12-09T10:29:55.599Z	1200	1118
2021-12-09T10:30:15.611Z	1200	1125
2021-12-09T10:30:35.618Z	1200	1115
2021-12-09T10:30:55.628Z	1200	1109
2021-12-09T10:31:15.633Z	1200	1122
2021-12-09T10:31:35.636Z	1200	1123
2021-12-09T10:31:55.650Z	1200	1114
2021-12-09T10:32:15.652Z	1200	1111
2021-12-09T10:32:35.656Z	1200	1123
2021-12-09T10:32:55.666Z	1200	1121
2021-12-09T10:33:15.667Z	1200	1112
2021-12-09T10:33:35.681Z	1200	1115
2021-12-09T10:33:55.683Z	1200	1125
2021-12-09T10:34:15.696Z	1200	1120
2021-12-09T10:34:35.709Z	1200	1110
2021-12-09T10:34:55.719Z	1200	1114
2021-12-09T10:35:15.730Z	1200	1126
2021-12-09T10:35:35.739Z	1200	1118
2021-12-09T10:35:55.739Z	1200	1110
2021-12-09T10:36:15.745Z	1200	1118
2021-12-09T10:36:35.746Z	1200	1124
2021-12-09T10:36:55.757Z	1200	1114
2021-12-09T10:37:15.765Z	1200	1110
2021-12-09T10:37:35.769Z	1200	1123
2021-12-09T10:37:55.785Z	1200	1122
2021-12-09T10:38:15.789Z	1200	1113
2021-12-09T10:38:35.800Z	1200	1110
2021-12-09T10:38:55.808Z	1200	1123
2021-12-09T10:39:15.815Z	1200	1119
2021-12-09T10:39:35.826Z	1200	1111
2021-12-09T10:39:55.828Z	1200	1113
2021-12-09T10:40:15.837Z	1200	1125
2021-12-09T10:40:35.843Z	1200	1117
2021-12-09T10:40:55.852Z	1200	1110
2021-12-09T10:41:15.856Z	1200	1116
2021-12-09T10:41:35.867Z	1200	1124
2021-12-09T10:41:55.874Z	1200	1115
2021-12-09T10:42:15.875Z	1200	1110
2021-12-09T10:42:35.883Z	1200	1121
2021-12-09T10:42:55.887Z	1200	1124
2021-12-09T10:43:15.888Z	1200	1114
2021-12-09T10:43:35.888Z	1200	1108
2021-12-09T10:43:55.898Z	1200	1121
2021-12-09T10:44:15.909Z	1200	1119
2021-12-09T10:44:35.915Z	1200	1110
2021-12-09T10:44:55.924Z	1200	1116
2021-12-09T10:45:15.931Z	1200	1125
2021-12-09T10:45:35.932Z	1200	1115
2021-12-09T10:45:55.947Z	1200	1109
2021-12-09T10:46:15.950Z	1200	1121
2021-12-09T10:46:35.962Z	1200	1123
2021-12-09T10:46:55.971Z	1200	1114
2021-12-09T10:47:15.985Z	1200	1110
2021-12-09T10:47:35.998Z	1200	1123
2021-12-09T10:47:56.002Z	1200	1118
2021-12-09T10:48:16.011Z	1200	1111
2021-12-09T10:48:36.020Z	1200	1114
2021-12-09T10:48:56.024Z	1200	1125
2021-12-09T10:49:16.024Z	1200	1117
2021-12-09T10:49:36.029Z	1200	1109
2021-12-09T10:49:56.034Z	1200	1119
2021-12-09T10:50:16.042Z	1200	1123
2021-12-09T10:50:36.055Z	1200	1113
2021-12-09T10:50:56.062Z	1200	1110
2021-12-09T10:51:16.067Z	1200	1124
2021-12-09T10:51:36.077Z	1200	1120
2021-12-09T10:51:56.083Z	1200	1112
2021-12-09T10:52:16.082Z	1200	1114
2021-12-09T10:52:36.082Z	1200	1125
2021-12-09T10:52:56.088Z	1200	1116
2021-12-09T10:53:16.093Z	1200	1110
2021-12-09T10:53:36.099Z	1200	1118
2021-12-09T10:53:56.101Z	1200	1123
2021-12-09T10:54:16.108Z	1200	1114
2021-12-09T10:54:36.109Z	1200	1112
2021-12-09T10:54:56.119Z	1200	1124
2021-12-09T10:55:16.132Z	1200	1119
2021-12-09T10:55:36.135Z	1200	1111
2021-12-09T10:55:56.149Z	1200	1118
2021-12-09T10:56:16.154Z	1200	1120
2021-12-09T10:56:36.157Z	1200	1113
2021-12-09T10:56:56.167Z	1200	1112
2021-12-09T10:57:16.176Z	1200	1125
2021-12-09T10:57:36.182Z	1200	1117
2021-12-09T10:57:56.186Z	1200	1111
2021-12-09T10:58:16.194Z	1200	1116
2021-12-09T10:58:36.207Z	1200	1124
2021-12-09T10:58:56.220Z	1200	1116
2021-12-09T10:59:16.228Z	1200	1109
2021-12-09T10:59:36.231Z	1200	1119
2021-12-09T10:59:56.238Z	1200	1123
2021-12-09T11:00:16.239Z	1200	1113
2021-12-09T11:00:36.253Z	1200	1110
2021-12-09T11:00:56.266Z	1200	1124
2021-12-09T11:01:16.281Z	1200	1119
2021-12-09T11:01:36.295Z	1200	1110
2021-12-09T11:01:56.299Z	1200	1117
2021-12-09T11:02:16.301Z	1200	1124
2021-12-09T11:02:36.304Z	1200	1115
2021-12-09T11:02:56.317Z	1200	1109
2021-12-09T11:03:16.317Z	1200	1123
2021-12-09T11:03:36.321Z	1200	1120
2021-12-09T11:03:56.330Z	1200	1112
2021-12-09T11:04:16.341Z	1200	1114
2021-12-09T11:04:36.354Z	1200	1124
2021-12-09T11:04:56.369Z	1200	1116
2021-12-09T11:05:16.371Z	1200	1110
2021-12-09T11:05:36.374Z	1200	1119
2021-12-09T11:05:56.374Z	1200	1123
2021-12-09T11:06:16.381Z	1200	1115
2021-12-09T11:06:36.394Z	1200	1110
2021-12-09T11:06:56.407Z	1200	1122
2021-12-09T11:07:16.410Z	1200	1117
2021-12-09T11:07:36.412Z	1200	1111
2021-12-09T11:07:56.424Z	1200	1115
2021-12-09T11:08:16.427Z	1200	1123
2021-12-09T11:08:36.432Z	1200	1115
2021-12-09T11:08:56.437Z	1200	1110
2021-12-09T11:09:16.442Z	1200	1120
2021-12-09T11:09:36.450Z	1200	703
2021-12-09T11:09:56.456Z	1200	517
2021-12-09T11:10:16.456Z	1200	406
2021-12-09T11:10:36.471Z	1200	326
2021-12-09T11:10:56.475Z	1200	274
2021-12-09T11:11:16.486Z	1200	231
2021-12-09T11:11:36.494Z	1200	200
2021-12-09T11:11:56.510Z	1200	171
2021-12-09T11:12:16.514Z	1200	150
2021-12-09T11:12:36.526Z	1200	131
2021-12-09T11:12:56.536Z	1200	116
2021-12-09T11:13:16.546Z	1200	102
2021-12-09T11:13:36.549Z	1200	91
2021-12-09T11:13:56.552Z	1200	81
2021-12-09T11:14:16.558Z	1200	73
2021-12-09T11:14:36.562Z	1200	65
2021-12-09T11:14:56.567Z	1200	59
2021-12-09T11:15:16.573Z	1200	54
2021-12-09T11:15:36.579Z	1200	49
2021-12-09T11:15:56.582Z	1200	45
2021-12-09T11:16:16.594Z	1200	40
2021-12-09T11:16:36.604Z	1200	37
2021-12-09T11:16:56.615Z	1200	34
2021-12-09T11:17:16.621Z	1200	31
2021-12-09T11:17:36.631Z	1200	29
2021-12-09T11:17:56.642Z	1200	27
2021-12-09T11:18:16.653Z	1200	25
2021-12-09T11:18:36.658Z	1200	23
2021-12-09T11:18:56.668Z	1200	22
2021-12-09T11:19:16.676Z	1200	20
2021-12-09T11:19:36.686Z	1200	19
2021-12-09T11:19:56.698Z	1200	18
2021-12-09T11:20:16.709Z	1200	17
2021-12-09T11:20:36.712Z	1200	16
2021-12-09T11:20:56.717Z	1200	15
2021-12-09T11:21:16.732Z	1200	14
2021-12-09T11:21:36.744Z	1200	14
2021-12-09T11:21:56.745Z	1200	13
2021-12-09T11:22:16.751Z	1200	13
2021-12-09T11:22:36.754Z	1200	12
2021-12-09T11:22:56.763Z	1200	12
2021-12-09T11:23:16.777Z	1200	11
2021-12-09T11:23:36.782Z	1200	11
2021-12-09T11:23:56.792Z	1200	11
2021-12-09T11:24:16.794Z	1200	10
2021-12-09T11:24:36.808Z	1200	10
2021-12-09T11:24:56.821Z	1200	10
2021-12-09T11:25:16.828Z	1200	9
2021-12-09T11:25:36.833Z	1200	9
2021-12-09T11:25:56.838Z	1200	9
2021-12-09T11:26:16.845Z	1200	9
2021-12-09T11:26:36.847Z	1200	9
2021-12-09T11:26:56.851Z	1200	9
2021-12-09T11:27:16.852Z	1200	8
2021-12-09T11:27:36.864Z	1200	8
2021-12-09T11:27:56.868Z	1200	8
2021-12-09T11:28:16.875Z	1200	8
2021-12-09T11:28:36.886Z	1200	8
2021-12-09T11:28:56.900Z	1200	8
2021-12-09T11:29:16.909Z	1200	8
2021-12-09T11:29:36.912Z	1200	8
2021-12-09T11:29:56.926Z	1200	7
2021-12-09T11:30:16.939Z	1200	8
2021-12-09T11:30:36.954Z	1200	7
2021-12-09T11:30:56.961Z	1200	7
2021-12-09T11:31:16.972Z	1200	7
2021-12-09T11:31:36.987Z	1200	7
2021-12-09T11:31:56.997Z	1200	7
2021-12-09T11:32:17.012Z	1200	7
2021-12-09T11:32:37.016Z	1200	7
2021-12-09T11:32:57.021Z	1200	7
2021-12-09T11:33:17.021Z	1200	7
2021-12-09T11:33:37.028Z	1200	7
2021-12-09T11:33:57.041Z	1200	7
2021-12-09T11:34:17.048Z	1200	7
2021-12-09T11:34:37.048Z	1200	7
2021-12-09T11:34:57.048Z	1200	7
2021-12-09T11:35:17.050Z	1200	7
2021-12-09T11:35:37.056Z	1200	7
2021-12-09T11:35:57.065Z	1200	7
2021-12-09T11:36:17.070Z	1200	7
2021-12-09T11:36:37.074Z	1200	7
2021-12-09T11:36:57.084Z	1200	7
2021-12-09T11:37:17.094Z	1200	7
2021-12-09T11:37:37.098Z	1200	7
2021-12-09T11:37:57.102Z	1200	7
2021-12-09T11:38:17.114Z	1200	7
2021-12-09T11:38:37.126Z	1200	7
2021-12-09T11:38:57.140Z	1200	6
2021-12-09T11:39:17.141Z	1200	6
2021-12-09T11:39:37.157Z	1200	7
2021-12-09T11:39:57.172Z	1200	6
2021-12-09T11:40:17.173Z	1200	6
2021-12-09T11:40:37.173Z	1200	6
2021-12-09T11:40:57.178Z	1200	6
2021-12-09T11:41:17.192Z	1200	6
2021-12-09T11:41:37.193Z	1200	6
2021-12-09T11:41:57.202Z	1200	6
2021-12-09T11:42:17.208Z	1200	6
2021-12-09T11:42:37.208Z	1200	6
2021-12-09T11:42:57.213Z	1200	6
2021-12-09T11:43:17.227Z	1200	6
2021-12-09T11:43:37.238Z	1200	6
2021-12-09T11:43:57.244Z	1200	6
2021-12-09T11:44:17.250Z	1200	6
2021-12-09T11:44:37.251Z	1200	6
2021-12-09T11:44:57.259Z	1200	6
2021-12-09T11:45:17.271Z	1200	6
2021-12-09T11:45:37.281Z	1200	6
2021-12-09T11:45:57.292Z	1200	6
2021-12-09T11:46:17.300Z	1200	6
2021-12-09T11:46:37.310Z	1200	6
2021-12-09T11:46:57.314Z	1200	6
2021-12-09T11:47:17.317Z	1200	6
2021-12-09T11:47:37.321Z	1200	6
2021-12-09T11:47:57.332Z	1200	6
2021-12-09T11:48:17.344Z	1200	6
2021-12-09T11:48:37.344Z	1200	6
2021-12-09T11:48:57.356Z	1200	6
2021-12-09T11:49:17.361Z	1200	6
2021-12-09T11:49:37.376Z	1200	6
2021-12-09T11:49:57.378Z	1200	6
2021-12-09T11:50:17.381Z	1200	6
2021-12-09T11:50:37.395Z	1200	6
2021-12-09T11:50:57.406Z	1200	6
2021-12-09T11:51:17.411Z	1200	6
2021-12-09T11:51:37.419Z	1200	6
2021-12-09T11:51:57.434Z	1200	6
2021-12-09T11:52:17.447Z	1200	6
2021-12-09T11:52:37.454Z	1200	6
2021-12-09T11:52:57.462Z	1200	6
2021-12-09T11:53:17.470Z	1200	6
2021-12-09T11:53:37.479Z	1200	6
2021-12-09T11:53:57.488Z	1200	6
2021-12-09T11:54:17.495Z	1200	6
2021-12-09T11:54:37.497Z	1200	6
2021-12-09T11:54:57.500Z	1200	6
2021-12-09T11:55:17.515Z	1200	6
2021-12-09T11:55:37.520Z	1200	6
2021-12-09T11:55:57.534Z	1200	6
2021-12-09T11:56:17.536Z	1200	6
2021-12-09T11:56:37.536Z	1200	6
2021-12-09T11:56:57.539Z	1200	6
2021-12-09T11:57:17.541Z	1200	6
2021-12-09T11:57:37.554Z	1200	6
2021-12-09T11:57:57.568Z	1200	6
2021-12-09T11:58:17.575Z	1200	6
2021-12-09T11:58:37.580Z	1200	6
2021-12-09T11:58:57.594Z	1200	6
2021-12-09T11:59:17.598Z	1200	6
2021-12-09T11:59:37.610Z	1200	6
2021-12-09T11:59:57.610Z	1200	6
2021-12-09T12:00:17.618Z	1200	6
2021-12-09T12:00:37.620Z	1200	6
2021-12-09T12:00:57.626Z	1200	6
2021-12-09T12:01:17.629Z	1200	6
2021-12-09T12:01:37.633Z	1200	6
2021-12-09T12:01:57.649Z	1200	6
2021-12-09T12:02:17.658Z	1200	6
2021-12-09T12:02:37.663Z	1200	6
2021-12-09T12:02:57.673Z	1200	6
2021-12-09T12:03:17.677Z	1200	6
2021-12-09T12:03:37.688Z	1200	6
2021-12-09T12:03:57.703Z	1200	6
2021-12-09T12:04:17.704Z	1200	6
2021-12-09T12:04:37.718Z	1200	6
2021-12-09T12:04:57.718Z	1200	6
2021-12-09T12:05:17.734Z	1200	6
2021-12-09T12:05:37.737Z	1200	6
2021-12-09T12:05:57.751Z	1200	6
2021-12-09T12:06:17.757Z	1200	6
2021-12-09T12:06:37.759Z	1200	6
2021-12-09T12:06:57.761Z	1200	6
2021-12-09T12:07:17.775Z	1200	6
2021-12-09T12:07:37.782Z	1200	6
2021-12-09T12:07:57.793Z	1200	6
2021-12-09T12:08:17.800Z	1200	6
2021-12-09T12:08:37.805Z	1200	6
2021-12-09T12:08:57.812Z	1200	6
2021-12-09T12:09:17.814Z	1200	6
2021-12-09T12:09:37.816Z	1200	6
2021-12-09T12:09:57.818Z	1200	6
2021-12-09T12:10:17.825Z	1200	6
2021-12-09T12:10:37.832Z	1200	6
2021-12-09T12:10:57.848Z	1200	6
2021-12-09T12:11:17.853Z	1200	6
2021-12-09T12:11:37.864Z	1200	6
2021-12-09T12:11:57.873Z	1200	6
2021-12-09T12:12:17.876Z	1200	6
2021-12-09T12:12:37.889Z	1200	6
2021-12-09T12:12:57.889Z	1200	6
2021-12-09T12:13:17.888Z	1200	6
2021-12-09T12:13:37.894Z	1200	6
2021-12-09T12:13:57.907Z	1200	6
2021-12-09T12:14:17.909Z	1200	6
2021-12-09T12:14:37.916Z	1200	6
2021-12-09T12:14:57.928Z	1200	6
2021-12-09T12:15:17.943Z	1200	6
2021-12-09T12:15:37.948Z	1200	6
2021-12-09T12:15:57.962Z	1200	6
2021-12-09T12:16:17.967Z	1200	6
2021-12-09T12:16:37.977Z	1200	6
2021-12-09T12:16:57.980Z	1200	6
2021-12-09T12:17:17.981Z	1200	6
2021-12-09T12:17:37.991Z	1200	6
2021-12-09T12:17:58.004Z	1200	6
2021-12-09T12:18:18.017Z	1200	6
2021-12-09T12:18:38.021Z	1200	6
2021-12-09T12:18:58.034Z	1200	6
2021-12-09T12:19:18.043Z	1200	6
2021-12-09T12:19:38.056Z	1200	6
2021-12-09T12:19:58.067Z	1200	6
2021-12-09T12:20:18.070Z	1200	6
2021-12-09T12:20:38.082Z	1200	6
2021-12-09T12:20:58.090Z	1200	7
2021-12-09T12:21:18.093Z	1200	7
2021-12-09T12:21:38.094Z	1200	7
2021-12-09T12:21:58.099Z	1200	7
2021-12-09T12:22:18.106Z	1200	7
2021-12-09T12:22:38.117Z	1200	7
2021-12-09T12:22:58.128Z	1200	7
2021-12-09T12:23:18.130Z	1200	7
2021-12-09T12:23:38.134Z	1200	6
2021-12-09T12:23:58.133Z	1200	6
2021-12-09T12:24:18.144Z	1200	6
2021-12-09T12:24:38.159Z	1200	6
2021-12-09T12:24:58.159Z	1200	6
2021-12-09T12:25:18.173Z	1200	6
2021-12-09T12:25:38.182Z	1200	6
2021-12-09T12:25:58.185Z	1200	6
2021-12-09T12:26:18.194Z	1200	6
2021-12-09T12:26:38.198Z	1200	6
2021-12-09T12:26:58.206Z	1200	6
2021-12-09T12:27:18.209Z	1200	6
2021-12-09T12:27:38.211Z	1200	6
2021-12-09T12:27:58.219Z	1200	6
2021-12-09T12:28:18.224Z	1200	6
2021-12-09T12:28:38.238Z	1200	6
2021-12-09T12:28:58.240Z	1200	6
2021-12-09T12:29:18.244Z	1200	6
2021-12-09T12:29:38.250Z	1200	6
2021-12-09T12:29:58.259Z	1200	6
2021-12-09T12:30:18.265Z	1200	6
2021-12-09T12:30:38.270Z	1200	6
2021-12-09T12:30:58.278Z	1200	6
2021-12-09T12:31:18.292Z	1200	6
2021-12-09T12:31:38.301Z	1200	6
2021-12-09T12:31:58.313Z	1200	6
2021-12-09T12:32:18.315Z	1200	6
2021-12-09T12:32:38.317Z	1200	6
2021-12-09T12:32:58.326Z	1200	6
2021-12-09T12:33:18.328Z	1200	7
2021-12-09T12:33:38.328Z	1200	6
2021-12-09T12:33:58.340Z	1200	7
2021-12-09T12:34:18.343Z	1200	7
2021-12-09T12:34:38.347Z	1200	7
2021-12-09T12:34:58.357Z	1200	7
2021-12-09T12:35:18.372Z	1200	7
2021-12-09T12:35:38.376Z	1200	7
2021-12-09T12:35:58.391Z	1200	7
2021-12-09T12:36:18.399Z	1200	7
2021-12-09T12:36:38.407Z	1200	7
2021-12-09T12:36:58.410Z	1200	7
2021-12-09T12:37:18.414Z	1200	7
2021-12-09T12:37:38.419Z	1200	7
2021-12-09T12:37:58.430Z	1200	7
2021-12-09T12:38:18.444Z	1200	7
2021-12-09T12:38:38.446Z	1200	7
2021-12-09T12:38:58.446Z	1200	7
2021-12-09T12:39:18.447Z	1200	7
2021-12-09T12:39:38.456Z	1200	7
2021-12-09T12:39:58.471Z	1200	7
2021-12-09T12:40:18.487Z	1200	7
2021-12-09T12:40:38.502Z	1200	7
2021-12-09T12:40:58.504Z	1200	7
2021-12-09T12:41:18.517Z	1200	7
2021-12-09T12:41:38.525Z	1200	7
2021-12-09T12:41:58.528Z	1200	7
2021-12-09T12:42:18.541Z	1200	7
2021-12-09T12:42:38.556Z	1200	7
2021-12-09T12:42:58.561Z	1200	7
2021-12-09T12:43:18.569Z	1200	7
2021-12-09T12:43:38.578Z	1200	7
2021-12-09T12:43:58.588Z	1200	7
2021-12-09T12:44:18.594Z	1200	7
2021-12-09T12:44:38.598Z	1200	6
2021-12-09T12:44:58.599Z	1200	6
2021-12-09T12:45:18.606Z	1200	6
2021-12-09T12:45:38.618Z	1200	6
2021-12-09T12:45:58.621Z	1200	6
2021-12-09T12:46:18.628Z	1200	6
2021-12-09T12:46:38.641Z	1200	6
2021-12-09T12:46:58.651Z	1200	6
2021-12-09T12:47:18.653Z	1200	6
2021-12-09T12:47:38.656Z	1200	6
2021-12-09T12:47:58.669Z	1200	6
2021-12-09T12:48:18.679Z	1200	6
2021-12-09T12:48:38.684Z	1200	6
2021-12-09T12:48:58.689Z	1200	6
2021-12-09T12:49:18.695Z	1200	6
2021-12-09T12:49:38.707Z	1200	6
2021-12-09T12:49:58.716Z	1200	6
2021-12-09T12:50:18.719Z	1200	6
2021-12-09T12:50:38.723Z	1200	6
2021-12-09T12:50:58.738Z	1200	7
2021-12-09T12:51:18.748Z	1200	7
2021-12-09T12:51:38.762Z	1200	7
2021-12-09T12:51:58.776Z	1200	7
2021-12-09T12:52:18.781Z	1200	7
2021-12-09T12:52:38.795Z	1200	7
2021-12-09T12:52:58.808Z	1200	7
2021-12-09T12:53:18.813Z	1200	7
2021-12-09T12:53:38.825Z	1200	7
2021-12-09T12:53:58.840Z	1200	7
2021-12-09T12:54:18.852Z	1200	7
2021-12-09T12:54:38.851Z	1200	7
2021-12-09T12:54:58.867Z	1200	7
2021-12-09T12:55:18.876Z	1200	7
2021-12-09T12:55:38.881Z	1200	7
2021-12-09T12:55:58.882Z	1200	7
2021-12-09T12:56:18.896Z	1200	7
2021-12-09T12:56:38.899Z	1200	7
2021-12-09T12:56:58.907Z	1200	7
2021-12-09T12:57:18.920Z	1200	7
2021-12-09T12:57:38.935Z	1200	7
2021-12-09T12:57:58.939Z	1200	7
2021-12-09T12:58:18.942Z	1200	7
2021-12-09T12:58:38.949Z	1200	7
2021-12-09T12:58:58.964Z	1200	7
2021-12-09T12:59:18.971Z	1200	7
2021-12-09T12:59:38.985Z	1200	7
2021-12-09T12:59:58.988Z	1200	7
2021-12-09T13:00:19.003Z	1200	7
2021-12-09T13:00:39.019Z	1200	7
2021-12-09T13:00:59.025Z	-5	-5
2021-12-09T13:01:19.032Z	-5	-5
2021-12-09T13:01:39.046Z	-5	-5
2021-12-09T13:01:59.047Z	-5	-5
2021-12-09T13:02:19.062Z	-5	-5
2021-12-09T13:02:39.063Z	-5	-5
2021-12-09T13:02:59.065Z	-5	-5
2021-12-09T13:03:19.071Z	-5	-5
2021-12-09T13:03:39.079Z	-5	-5
2021-12-09T13:03:59.081Z	-5	-5
2021-12-09T13:04:19.090Z	-5	-5
2021-12-09T13:04:39.094Z	-5	-5
2021-12-09T13:04:59.107Z	-5	-5
2021-12-09T13:05:19.118Z	-5	-5
2021-12-09T13:05:39.127Z	-5	-5
2021-12-09T13:05:59.131Z	-5	-5
2021-12-09T13:06:19.144Z	-5	-5
2021-12-09T13:06:39.155Z	-5	-5
2021-12-09T13:06:59.164Z	-5	-5
2021-12-09T13:07:19.173Z	-5	-5
2021-12-09T13:07:39.184Z	-5	-5
2021-12-09T13:07:59.187Z	-5	-5
2021-12-09T13:08:19.196Z	-5	-5
2021-12-09T13:08:39.207Z	-5	-5
2021-12-09T13:08:59.215Z	-5	-5
2021-12-09T13:09:19.224Z	-5	-5
2021-12-09T13:09:39.229Z	-5	-5
2021-12-09T13:09:59.234Z	-5	-5
2021-12-09T13:10:19.246Z	-5	-5
2021-12-09T13:10:39.257Z	-5	-5
2021-12-09T13:10:59.266Z	-5	-5
2021-12-09T13:11:19.279Z	-5	-5
2021-12-09T13:11:39.292Z	-5	-5
2021-12-09T13:11:59.305Z	-5	-5
2021-12-09T13:12:19.318Z	-5	-5
2021-12-09T13:12:39.323Z	-5	-5
2021-12-09T13:12:59.339Z	-5	-5
2021-12-09T13:13:19.348Z	-5	-5
2021-12-09T13:13:39.355Z	-5	-5
2021-12-09T13:13:59.363Z	-5	-5
2021-12-09T13:14:19.375Z	-5	-5
2021-12-09T13:14:39.375Z	-5	-5
2021-12-09T13:14:59.375Z	-5	-5
2021-12-09T13:15:19.385Z	-5	-5
2021-12-09T13:15:39.391Z	-5	-5
2021-12-09T13:15:59.397Z	-5	-5
2021-12-09T13:16:19.407Z	-5	-5
2021-12-09T13:16:39.409Z	-5	-5
2021-12-09T13:16:59.412Z	-5	-5
2021-12-09T13:17:19.413Z	-5	-5
2021-12-09T13:17:39.422Z	-5	-5
2021-12-09T13:17:59.428Z	-5	-5
2021-12-09T13:18:19.439Z	-5	-5
2021-12-09T13:18:39.445Z	-5	-5
2021-12-09T13:18:59.454Z	-5	-5
2021-12-09T13:19:19.455Z	-5	-5
2021-12-09T13:19:39.456Z	-5	-5
2021-12-09T13:19:59.462Z	-5	-5
2021-12-09T13:20:19.471Z	-5	-5
2021-12-09T13:20:39.479Z	-5	-5
2021-12-09T13:20:59.490Z	-5	-5
2021-12-09T13:21:19.496Z	-5	-5
2021-12-09T13:21:39.510Z	-5	-5
2021-12-09T13:21:59.525Z	-5	-5
2021-12-09T13:22:19.532Z	-5	-5
2021-12-09T13:22:39.538Z	-5	-5
2021-12-09T13:22:59.550Z	-5	-5
2021-12-09T13:23:19.562Z	-5	-5
2021-12-09T13:23:39.565Z	-5	-5
2021-12-09T13:23:59.578Z	-5	-5
2021-12-09T13:24:19.587Z	-5	-5
2021-12-09T13:24:39.592Z	-5	-5
2021-12-09T13:24:59.596Z	-5	-5
2021-12-09T13:25:19.609Z	-5	-5
2021-12-09T13:25:39.618Z	-5	-5
2021-12-09T13:38:44.766Z	-5	-5
2021-12-09T13:39:04.781Z	-5	-5
2021-12-09T13:39:24.782Z	-5	-5
2021-12-09T13:39:44.797Z	-5	-5
2021-12-09T13:40:04.811Z	-5	-5
2021-12-09T13:40:24.824Z	-5	-5
2021-12-09T13:40:44.833Z	-5	-5
2021-12-09T13:41:04.849Z	-5	-5
2021-12-09T13:41:24.861Z	-5	-5
2021-12-09T13:41:44.875Z	-5	-5
2021-12-09T13:42:04.881Z	-5	-5
2021-12-09T13:42:24.891Z	-5	-5
2021-12-09T13:42:44.898Z	-5	-5
2021-12-09T13:43:04.900Z	-5	-5
2021-12-09T13:43:24.912Z	-5	-5
2021-12-09T13:43:44.920Z	-5	-5
2021-12-09T13:44:04.931Z	-5	-5
2021-12-09T13:44:24.939Z	-5	-5
2021-12-09T13:44:44.956Z	-5	-5
2021-12-09T13:45:04.960Z	-5	-5
