time	1-SP	1-T	2-SP	2-T
2021-04-29T08:46:23.970Z	607	610	554	556
2021-04-29T08:46:43.970Z	662	660	583	581
2021-04-29T08:47:03.973Z	715	713	608	609
2021-04-29T08:48:48.211Z	607	610	554	553
2021-04-29T08:49:08.220Z	662	660	583	581
2021-04-29T08:49:28.224Z	715	713	608	609
2021-04-29T08:49:48.225Z	761	763	636	637
2021-04-29T08:50:08.241Z	808	806	663	662
2021-04-29T08:50:28.241Z	851	849	690	689
2021-04-29T08:50:48.245Z	886	887	713	715
2021-04-29T08:51:08.255Z	919	921	739	738
2021-04-29T08:51:28.264Z	948	947	764	763
2021-04-29T08:51:48.278Z	968	969	785	786
2021-04-29T08:52:08.283Z	985	986	808	809
2021-04-29T08:52:28.293Z	996	996	830	829
2021-04-29T08:52:48.298Z	1000	1000	849	850
2021-04-29T08:53:08.308Z	998	998	869	870
2021-04-29T08:53:28.311Z	990	989	888	887
2021-04-29T08:53:48.319Z	975	976	905	904
2021-04-29T08:54:08.332Z	956	955	920	921
2021-04-29T08:54:28.337Z	930	929	935	934
2021-04-29T08:54:48.340Z	898	900	948	947
2021-04-29T08:55:08.355Z	861	863	959	959
2021-04-29T08:55:28.368Z	823	821	970	969
2021-04-29T08:55:48.374Z	777	780	979	978
2021-04-29T08:56:08.386Z	728	730	986	986
2021-04-29T08:56:28.400Z	681	678	992	992
2021-04-29T08:56:48.407Z	626	629	996	996
2021-04-29T08:57:08.409Z	571	573	999	999
2021-04-29T08:57:28.419Z	519	516	1000	1000
2021-04-29T08:57:48.426Z	462	459	1000	1000
2021-04-29T08:58:08.434Z	405	408	998	998
2021-04-29T08:58:28.448Z	350	352	995	994
2021-04-29T08:58:48.460Z	301	299	990	989
2021-04-29T08:59:08.476Z	250	253	983	983
2021-04-29T08:59:28.477Z	202	204	975	975
2021-04-29T08:59:48.484Z	162	160	966	965
2021-04-29T09:00:08.495Z	122	124	955	955
2021-04-29T09:00:28.499Z	87	89	942	943
2021-04-29T09:00:48.511Z	60	59	929	929
2021-04-29T09:01:08.522Z	36	35	914	915
2021-04-29T09:01:28.528Z	18	18	897	898
2021-04-29T09:01:48.540Z	7	6	881	880
2021-04-29T09:02:08.542Z	1	0	862	863
2021-04-29T09:02:28.553Z	1	1	842	843
2021-04-29T09:02:48.556Z	8	8	822	821
2021-04-29T09:03:08.571Z	20	21	800	799
2021-04-29T09:03:28.580Z	39	38	776	778
2021-04-29T09:03:48.588Z	64	63	754	753
2021-04-29T09:04:08.600Z	92	93	729	728
2021-04-29T09:04:28.601Z	127	126	704	705
2021-04-29T09:04:48.605Z	168	166	677	679
2021-04-29T09:05:08.611Z	208	210	653	652
2021-04-29T09:05:28.625Z	256	259	625	627
2021-04-29T09:05:48.628Z	308	305	598	599
2021-04-29T09:06:08.638Z	361	358	570	571
2021-04-29T09:06:28.640Z	411	414	544	543
2021-04-29T09:06:48.650Z	468	471	516	517
2021-04-29T09:07:08.655Z	525	523	487	488
2021-04-29T09:07:28.660Z	582	579	461	460
2021-04-29T09:07:48.674Z	632	635	433	431
2021-04-29T09:08:08.685Z	687	684	404	406
2021-04-29T09:08:28.700Z	738	736	379	378
2021-04-29T09:08:48.705Z	783	785	352	350
2021-04-29T09:09:08.713Z	828	830	325	326
2021-04-29T09:09:28.715Z	869	867	298	299
2021-04-29T09:09:48.719Z	902	903	275	274
2021-04-29T09:10:08.728Z	933	934	250	251
2021-04-29T09:10:28.735Z	959	958	225	226
2021-04-29T09:10:48.740Z	978	978	204	203
2021-04-29T09:11:08.745Z	991	991	182	180
2021-04-29T09:11:28.758Z	999	998	160	161
2021-04-29T09:11:48.763Z	1000	1000	140	141
2021-04-29T09:12:08.778Z	995	995	122	121
2021-04-29T09:12:28.777Z	984	983	104	105
2021-04-29T09:12:48.787Z	966	967	87	88
2021-04-29T09:13:08.795Z	945	944	73	73
2021-04-29T09:13:28.807Z	916	915	59	58
2021-04-29T09:13:48.821Z	882	884	46	47
2021-04-29T09:14:08.824Z	843	845	36	36
2021-04-29T09:14:28.826Z	803	801	26	26
2021-04-29T09:14:48.831Z	756	754	18	18
2021-04-29T09:15:08.842Z	705	708	11	11
2021-04-29T09:15:28.848Z	657	654	6	6
2021-04-29T09:15:48.857Z	602	599	3	3
2021-04-29T09:16:08.859Z	545	548	0	1
2021-04-29T09:16:28.872Z	488	491	0	0
2021-04-29T09:16:48.884Z	437	434	1	1
2021-04-29T09:17:08.897Z	381	378	4	4
2021-04-29T09:17:28.897Z	326	328	8	8
2021-04-29T09:17:48.902Z	278	276	13	14
2021-04-29T09:18:08.902Z	229	227	21	20
2021-04-29T09:18:28.907Z	183	185	29	29
2021-04-29T09:18:48.913Z	141	143	39	39
2021-04-29T09:19:08.919Z	107	105	51	51
2021-04-29T09:19:28.934Z	74	75	64	63
2021-04-29T09:19:48.950Z	47	48	77	78
2021-04-29T09:20:08.963Z	27	27	93	94
2021-04-29T09:20:28.978Z	12	11	110	109
2021-04-29T09:20:48.982Z	3	3	129	128
2021-04-29T09:21:08.993Z	0	0	147	148
2021-04-29T09:21:29.004Z	3	4	167	168
2021-04-29T09:21:49.007Z	13	12	189	188
2021-04-29T09:22:09.014Z	29	28	210	211
2021-04-29T09:22:29.016Z	49	50	234	235
2021-04-29T09:22:49.025Z	76	78	258	257
2021-04-29T09:23:09.037Z	109	108	284	282
2021-04-29T09:23:29.051Z	144	146	307	309
2021-04-29T09:23:49.066Z	186	188	334	333
2021-04-29T09:24:09.079Z	233	230	361	360
2021-04-29T09:24:29.091Z	282	280	386	388
2021-04-29T09:24:49.106Z	330	333	414	416
2021-04-29T09:25:09.107Z	385	383	443	441
2021-04-29T09:25:29.108Z	441	439	468	470
2021-04-29T09:25:49.119Z	493	496	497	498
2021-04-29T09:26:09.126Z	550	553	525	524
2021-04-29T09:26:29.132Z	606	604	554	553
2021-04-29T09:26:49.138Z	656	659	580	581
2021-04-29T09:27:09.138Z	710	712	608	609
2021-04-29T09:27:29.151Z	760	758	635	634
2021-04-29T09:27:49.153Z	807	805	660	662
2021-04-29T09:28:09.161Z	846	848	687	688
2021-04-29T09:28:29.166Z	885	884	713	712
2021-04-29T09:28:49.168Z	919	918	736	738
2021-04-29T09:29:09.179Z	945	946	761	762
2021-04-29T09:29:29.188Z	968	969	785	784
2021-04-29T09:29:49.190Z	985	985	808	807
2021-04-29T09:30:09.192Z	995	995	828	829
2021-04-29T09:30:29.194Z	1000	1000	849	850
2021-04-29T09:30:49.203Z	998	998	869	868
2021-04-29T09:31:09.214Z	990	990	886	887
2021-04-29T09:31:29.225Z	977	976	903	904
2021-04-29T09:31:49.239Z	957	956	920	919
2021-04-29T09:32:09.245Z	931	932	934	934
2021-04-29T09:32:29.246Z	902	900	947	947
2021-04-29T09:32:49.261Z	865	864	959	959
2021-04-29T09:33:09.264Z	824	826	969	969
2021-04-29T09:33:29.276Z	779	781	978	978
2021-04-29T09:33:49.279Z	734	732	985	986
2021-04-29T09:34:09.294Z	682	680	991	991
2021-04-29T09:34:29.302Z	628	631	996	996
2021-04-29T09:34:49.309Z	577	575	999	999
2021-04-29T09:35:09.312Z	521	518	1000	1000
2021-04-29T09:35:29.319Z	464	466	1000	1000
2021-04-29T09:35:49.324Z	407	409	998	998
2021-04-29T09:36:09.335Z	357	354	995	994
2021-04-29T09:36:29.338Z	303	301	990	990
2021-04-29T09:36:49.351Z	252	254	983	983
2021-04-29T09:37:09.357Z	208	206	976	975
2021-04-29T09:37:29.370Z	164	162	966	967
2021-04-29T09:37:49.377Z	124	126	955	956
2021-04-29T09:38:09.388Z	89	90	944	943
2021-04-29T09:38:29.402Z	62	60	930	929
2021-04-29T10:00:24.642Z	48	69	922	923
2021-04-29T10:00:44.654Z	98	97	276	274
2021-04-29T10:01:04.666Z	132	134	299	301
2021-04-29T10:01:24.668Z	173	175	326	325
2021-04-29T10:01:44.682Z	218	216	353	352
2021-04-29T10:02:04.692Z	262	265	378	379
2021-04-29T10:02:24.702Z	314	317	406	407
2021-04-29T10:02:44.703Z	368	366	434	433
2021-04-29T10:03:04.713Z	424	422	460	461
2021-04-29T10:03:24.715Z	476	478	488	490
2021-04-29T10:03:44.718Z	533	530	517	516
2021-04-29T10:04:04.733Z	590	587	545	544
2021-04-29T10:04:24.741Z	640	643	571	572
2021-04-29T10:04:44.747Z	694	697	600	598
2021-04-29T10:05:04.752Z	746	743	627	626
2021-04-29T10:05:24.765Z	790	792	652	654
2021-04-29T10:05:44.768Z	834	836	679	678
2021-04-29T10:06:04.778Z	874	873	706	704
2021-04-29T10:06:24.790Z	910	908	729	730
2021-04-29T10:06:44.790Z	937	938	754	755
2021-04-29T10:07:04.793Z	962	961	778	777
2021-04-29T10:07:24.796Z	981	980	801	800
2021-04-29T10:07:44.802Z	992	993	822	823
2021-04-29T10:08:04.806Z	999	999	843	842
2021-04-29T10:08:24.813Z	999	999	863	862
2021-04-29T10:08:44.822Z	994	993	881	881
2021-04-29T10:09:04.823Z	982	981	899	898
2021-04-29T10:09:24.835Z	963	964	915	914
2021-04-29T10:09:44.849Z	939	940	929	930
2021-04-29T10:10:04.857Z	911	910	943	944
2021-04-29T10:10:24.864Z	877	875	955	955
2021-04-29T10:10:44.868Z	837	839	966	966
2021-04-29T10:11:04.870Z	797	795	975	976
2021-04-29T10:11:24.877Z	749	747	983	984
2021-04-29T10:11:44.885Z	698	701	990	989
2021-04-29T10:12:04.900Z	645	647	994	995
2021-04-29T10:12:24.910Z	594	592	998	998
2021-04-29T10:12:44.922Z	538	535	1000	1000
2021-04-29T10:13:04.925Z	481	484	1000	1000
2021-04-29T10:13:24.940Z	425	427	999	999
2021-04-29T10:13:44.944Z	374	372	996	996
2021-04-29T10:14:04.947Z	320	318	991	991
2021-04-29T10:14:24.961Z	268	270	985	986
2021-04-29T10:14:44.967Z	219	221	979	978
2021-04-29T10:15:04.980Z	178	176	969	969
2021-04-29T10:15:24.986Z	136	138	959	959
2021-04-29T10:15:44.999Z	99	101	948	947
2021-04-29T10:16:05.007Z	71	69	935	934
2021-04-29T10:16:25.015Z	44	43	920	920
2021-04-29T10:16:45.027Z	24	24	904	904
2021-04-29T10:17:05.042Z	11	10	888	887
2021-04-29T10:17:25.049Z	2	2	869	868
2021-04-29T10:17:45.063Z	0	0	849	850
2021-04-29T10:18:05.067Z	5	4	830	829
2021-04-29T10:18:25.068Z	14	15	808	807
2021-04-29T10:18:45.084Z	31	32	785	786
2021-04-29T10:19:05.085Z	54	53	761	762
2021-04-29T10:19:25.099Z	80	81	739	738
2021-04-29T10:19:45.102Z	113	115	713	712
2021-04-29T10:20:05.106Z	152	150	687	689
2021-04-29T10:20:25.107Z	195	193	663	662
2021-04-29T10:20:45.112Z	238	240	636	635
2021-04-29T10:21:05.116Z	288	290	608	609
2021-04-29T10:21:25.129Z	341	339	580	581
2021-04-29T10:21:45.137Z	391	394	554	553
2021-04-29T10:22:05.143Z	447	450	526	525
2021-04-29T10:22:25.152Z	504	502	497	499
2021-04-29T10:22:45.152Z	561	558	472	470
2021-04-29T10:23:05.166Z	612	615	443	442
2021-04-29T10:23:25.180Z	667	669	415	416
2021-04-29T10:23:45.183Z	719	717	387	388
2021-04-29T10:24:05.191Z	765	767	362	361
2021-04-29T10:24:25.206Z	812	814	335	336
2021-04-29T10:24:45.221Z	854	852	308	309
2021-04-29T10:25:05.222Z	892	890	284	283
2021-04-29T10:25:25.230Z	922	923	259	258
2021-04-29T10:25:45.236Z	950	949	234	235
2021-04-29T10:26:05.251Z	972	971	211	212
2021-04-29T10:26:25.257Z	986	987	190	189
2021-04-29T10:26:45.257Z	996	997	168	169
2021-04-29T10:27:05.259Z	1000	1000	147	148
2021-04-29T10:27:25.273Z	998	997	129	128
2021-04-29T10:27:45.284Z	989	988	111	110
2021-04-29T10:28:05.287Z	974	974	93	94
2021-04-29T10:28:25.294Z	952	953	79	78
2021-04-29T10:28:45.296Z	928	926	64	63
2021-04-29T10:29:05.305Z	895	894	51	51
2021-04-29T10:29:25.319Z	858	860	39	40
2021-04-29T10:29:45.330Z	820	818	30	29
2021-04-29T10:30:05.334Z	774	772	21	21
2021-04-29T10:30:25.340Z	724	727	13	14
2021-04-29T10:30:45.351Z	672	674	8	8
2021-04-29T10:31:05.360Z	622	620	4	4
2021-04-29T10:31:25.366Z	566	569	1	1
2021-04-29T10:31:45.368Z	509	512	0	0
2021-04-29T10:32:05.375Z	457	455	0	1
2021-04-29T10:32:25.386Z	401	398	3	2
2021-04-29T10:32:45.390Z	346	348	6	6
2021-04-29T10:33:05.405Z	297	295	11	11
2021-04-29T10:33:25.421Z	246	244	18	18
2021-04-29T10:33:45.428Z	199	201	26	26
2021-04-29T10:34:05.433Z	156	157	35	35
2021-04-29T10:34:25.445Z	120	118	46	47
2021-04-29T10:34:45.456Z	85	84	59	58
2021-04-29T10:35:05.461Z	56	57	73	72
2021-04-29T10:35:25.475Z	35	34	87	88
2021-04-29T10:35:45.488Z	17	16	104	103
2021-04-29T10:36:05.495Z	5	6	122	121
2021-04-29T10:36:25.506Z	0	0	139	140
2021-04-29T10:36:45.507Z	1	1	160	161
2021-04-29T10:37:05.512Z	9	9	181	180
2021-04-29T10:37:25.527Z	22	21	203	202
2021-04-29T10:37:45.542Z	40	41	225	226
2021-04-29T10:38:05.553Z	65	67	249	250
2021-04-29T10:38:25.553Z	96	95	274	273
2021-04-29T10:38:45.563Z	133	131	298	299
2021-04-29T10:39:05.576Z	170	172	324	325
2021-04-29T10:39:25.591Z	215	217	351	350
2021-04-29T10:39:45.598Z	263	261	378	377
2021-04-29T10:40:05.605Z	310	313	404	405
2021-04-29T10:40:25.605Z	364	367	432	431
2021-04-29T10:40:45.618Z	420	417	460	459
2021-04-29T10:41:05.630Z	477	474	486	487
2021-04-29T10:41:25.631Z	528	531	515	516
2021-04-29T10:41:45.643Z	585	588	543	542
2021-04-29T10:42:05.653Z	641	638	571	570
2021-04-29T10:42:25.654Z	689	692	597	598
2021-04-29T10:42:45.667Z	741	743	625	626
2021-04-29T10:43:05.681Z	789	787	652	651
2021-04-29T10:43:25.691Z	834	832	679	678
2021-04-29T10:43:45.702Z	870	872	703	704
2021-04-29T10:44:05.702Z	906	908	729	727
2021-04-29T10:44:25.705Z	937	935	754	753
2021-04-29T10:44:45.716Z	962	961	776	777
2021-04-29T10:45:05.717Z	979	980	799	800
2021-04-29T10:45:25.718Z	992	992	821	820
2021-04-29T10:45:45.732Z	999	999	843	842
2021-04-29T10:46:05.745Z	1000	999	861	862
2021-04-29T10:46:25.760Z	994	994	880	879
2021-04-29T10:46:45.762Z	982	983	898	897
2021-04-29T10:47:05.769Z	964	965	913	914
2021-04-29T10:47:25.779Z	942	941	929	929
2021-04-29T10:47:45.791Z	912	914	943	942
2021-04-29T10:48:05.804Z	877	879	955	955
2021-04-29T10:48:25.809Z	841	839	965	966
2021-04-29T10:48:45.810Z	798	795	975	975
2021-04-29T10:49:05.820Z	750	752	983	983
2021-04-29T10:49:25.829Z	699	702	989	989
2021-04-29T10:49:45.842Z	651	649	994	994
2021-04-29T10:50:05.847Z	596	593	998	998
2021-04-29T10:50:25.851Z	540	542	1000	1000
2021-04-29T10:50:45.854Z	484	486	1000	1000
2021-04-29T10:51:05.855Z	427	429	999	999
2021-04-29T10:51:25.866Z	377	374	996	996
2021-04-29T10:51:45.868Z	322	320	992	992
2021-04-29T10:52:05.880Z	270	272	986	986
2021-04-29T10:52:25.885Z	225	223	979	979
2021-04-29T10:52:45.892Z	180	178	970	969
2021-04-29T10:53:05.902Z	138	140	959	960
2021-04-29T10:53:25.902Z	101	103	949	948
2021-04-29T10:53:45.913Z	72	71	935	935
2021-04-29T10:54:05.921Z	45	44	921	921
2021-04-29T10:54:25.926Z	25	26	905	905
2021-04-29T10:54:45.929Z	10	11	887	888
2021-04-29T10:55:05.933Z	2	2	870	870
2021-04-29T10:55:25.934Z	0	0	851	852
2021-04-29T10:55:45.942Z	4	4	830	831
2021-04-29T10:56:05.947Z	14	14	808	809
2021-04-29T10:56:25.954Z	31	30	786	787
2021-04-29T10:56:45.957Z	53	52	764	763
2021-04-29T10:57:05.963Z	79	80	740	739
2021-04-29T10:57:25.967Z	112	113	715	714
2021-04-29T10:57:45.978Z	150	148	689	690
2021-04-29T10:58:05.985Z	192	190	662	663
2021-04-29T10:58:25.996Z	235	237	638	636
2021-04-29T10:58:45.998Z	284	287	610	609
2021-04-29T10:59:06.006Z	337	339	582	584
2021-04-29T10:59:26.007Z	391	388	554	556
2021-04-29T10:59:46.016Z	447	444	526	527
2021-04-29T11:00:06.018Z	499	501	500	499
2021-04-29T11:00:26.025Z	555	558	472	473
2021-04-29T11:00:46.030Z	612	609	443	445
2021-04-29T11:01:06.037Z	666	664	418	417
2021-04-29T11:01:26.049Z	714	716	390	389
2021-04-29T11:01:46.051Z	763	765	363	362
2021-04-29T11:02:06.055Z	809	811	336	337
2021-04-29T11:02:26.059Z	852	850	309	311
2021-04-29T11:02:46.070Z	890	888	284	285
2021-04-29T11:03:06.071Z	922	921	261	260
2021-04-29T11:03:26.073Z	948	949	236	235
2021-04-29T11:03:46.088Z	970	971	213	212
2021-04-29T11:04:06.094Z	986	987	190	191
2021-04-29T11:04:26.103Z	996	996	169	170
2021-04-29T11:04:46.109Z	1000	1000	148	149
2021-04-29T11:05:06.116Z	997	998	130	129
2021-04-29T11:05:26.122Z	990	989	112	111
2021-04-29T11:05:46.128Z	975	974	95	94
2021-04-29T11:06:06.139Z	954	953	79	79
2021-04-29T11:06:26.144Z	928	929	64	65
2021-04-29T11:06:46.158Z	896	898	52	52
2021-04-29T11:07:06.171Z	862	861	40	40
2021-04-29T11:07:26.171Z	821	820	30	30
2021-04-29T11:07:46.180Z	776	774	21	21
2021-04-29T11:08:06.186Z	727	730	14	14
2021-04-29T11:08:26.195Z	676	679	8	8
2021-04-29T11:08:46.205Z	622	625	4	4
2021-04-29T11:09:06.210Z	572	569	1	1
2021-04-29T11:09:26.210Z	516	513	0	0
2021-04-29T11:09:46.224Z	459	456	0	0
2021-04-29T11:10:06.235Z	403	405	2	2
2021-04-29T11:10:26.249Z	348	351	6	6
2021-04-29T11:10:46.257Z	296	298	11	11
2021-04-29T11:11:06.258Z	250	248	17	17
2021-04-29T11:11:26.258Z	203	201	25	26
2021-04-29T11:11:46.265Z	160	158	35	34
2021-04-29T11:12:06.266Z	120	122	46	45
2021-04-29T11:12:26.279Z	86	88	58	58
2021-04-29T11:12:46.293Z	58	59	72	71
2021-04-29T11:13:06.299Z	34	35	86	87
2021-04-29T11:13:26.302Z	17	18	102	103
2021-04-29T11:13:46.302Z	6	6	120	121
2021-04-29T11:14:06.308Z	1	0	139	140
2021-04-29T11:14:26.319Z	1	1	159	159
2021-04-29T11:14:46.329Z	8	8	180	180
2021-04-29T11:15:06.331Z	21	22	202	201
2021-04-29T11:15:26.345Z	40	39	225	223
2021-04-29T11:15:46.351Z	65	64	249	247
2021-04-29T11:16:06.364Z	95	94	271	272
2021-04-29T11:16:26.380Z	131	129	296	297
2021-04-29T11:16:46.386Z	171	169	322	323
2021-04-29T11:17:06.398Z	210	213	348	350
2021-04-29T11:17:26.408Z	258	260	375	377
2021-04-29T11:17:46.419Z	308	311	403	404
2021-04-29T11:18:06.425Z	361	364	430	429
2021-04-29T11:18:26.436Z	416	414	458	457
2021-04-29T11:18:46.446Z	472	469	486	485
2021-04-29T11:19:06.459Z	528	526	514	513
2021-04-29T11:19:26.466Z	584	581	542	541
2021-04-29T11:19:46.467Z	638	636	568	569
2021-04-29T11:20:06.468Z	687	689	595	597
2021-04-29T11:20:26.477Z	737	740	623	624
2021-04-29T11:20:46.492Z	785	787	650	651
2021-04-29T11:21:06.503Z	829	831	676	677
2021-04-29T11:21:26.505Z	869	871	702	701
2021-04-29T11:21:46.506Z	905	903	728	726
2021-04-29T11:22:06.514Z	935	934	752	751
2021-04-29T11:22:26.518Z	960	959	776	775
2021-04-29T11:22:46.524Z	979	978	797	798
2021-04-29T11:23:06.531Z	991	992	820	821
2021-04-29T11:23:26.537Z	999	999	841	840
2021-04-29T11:23:46.545Z	1000	1000	861	860
2021-04-29T11:24:06.554Z	994	994	878	879
2021-04-29T11:24:26.568Z	984	983	896	897
2021-04-29T11:24:46.581Z	966	965	913	914
2021-04-29T11:25:06.582Z	943	944	928	928
2021-04-29T11:25:26.596Z	914	915	942	941
2021-04-29T11:25:46.600Z	879	881	954	954
2021-04-29T11:26:06.614Z	840	842	965	965
2021-04-29T11:26:26.615Z	801	799	974	975
2021-04-29T11:26:46.619Z	753	755	983	982
2021-04-29T11:27:06.619Z	702	705	989	989
2021-04-29T11:27:26.630Z	654	651	994	994
2021-04-29T11:27:46.638Z	599	596	998	997
2021-04-29T11:28:06.639Z	542	545	1000	1000
2021-04-29T11:28:26.646Z	490	488	1000	1000
2021-04-29T11:28:46.653Z	433	431	999	999
2021-04-29T11:29:06.661Z	377	380	996	996
2021-04-29T11:29:26.669Z	323	325	992	992
2021-04-29T11:29:46.672Z	276	273	986	986
2021-04-29T11:30:06.673Z	226	224	979	979
2021-04-29T11:30:26.675Z	180	182	970	971
2021-04-29T11:30:46.682Z	139	141	961	960
2021-04-29T11:31:06.688Z	105	103	949	948
2021-04-29T11:31:26.702Z	73	74	936	936
2021-04-29T11:31:46.705Z	46	47	922	921
2021-04-29T11:32:06.719Z	27	26	906	906
2021-04-29T11:32:26.735Z	11	11	889	890
2021-04-29T11:32:46.748Z	3	3	871	871
2021-04-29T11:33:06.755Z	0	0	853	852
2021-04-29T11:33:26.762Z	3	4	832	831
2021-04-29T11:33:46.774Z	13	14	810	811
2021-04-29T11:34:06.779Z	29	28	787	789
2021-04-29T11:34:26.783Z	51	50	764	765
2021-04-29T11:34:46.798Z	79	78	742	741
2021-04-29T11:35:06.812Z	109	111	717	715
2021-04-29T11:35:26.826Z	147	149	691	690
2021-04-29T11:35:46.828Z	189	187	664	666
2021-04-29T11:36:06.839Z	235	233	637	639
2021-04-29T11:36:26.840Z	284	282	613	611
2021-04-29T11:36:46.840Z	332	335	585	584
2021-04-29T11:37:06.856Z	386	389	557	556
2021-04-29T11:37:26.870Z	441	444	529	530
2021-04-29T11:37:46.871Z	498	495	501	502
2021-04-29T11:38:06.873Z	554	551	473	474
2021-04-29T11:38:26.877Z	610	607	447	446
2021-04-29T11:38:46.891Z	660	662	419	417
2021-04-29T11:39:06.895Z	713	715	391	392
2021-04-29T11:39:26.910Z	763	761	363	364
2021-04-29T11:39:46.920Z	805	807	338	337
2021-04-29T11:40:06.933Z	849	850	312	310
2021-04-29T11:40:26.945Z	887	885	285	287
2021-04-29T11:40:46.950Z	921	919	262	261
2021-04-29T11:41:06.961Z	946	948	238	236
2021-04-29T11:41:26.975Z	969	970	214	215
2021-04-29T11:41:46.980Z	986	985	191	192
2021-04-29T11:42:06.981Z	995	996	171	170
2021-04-29T11:42:26.988Z	1000	1000	150	149
2021-04-29T11:42:46.996Z	998	998	130	131
2021-04-29T11:43:06.998Z	989	990	113	112
2021-04-29T11:43:27.009Z	976	975	96	95
2021-04-29T11:43:47.015Z	956	954	80	80
2021-04-29T11:44:07.015Z	929	930	65	65
2021-04-29T11:44:27.028Z	900	899	53	52
2021-04-29T11:44:47.030Z	863	862	41	41
2021-04-29T11:45:07.033Z	822	824	30	31
2021-04-29T11:45:27.049Z	780	778	22	21
2021-04-29T11:45:47.058Z	731	729	14	14
2021-04-29T11:46:07.064Z	679	682	8	9
2021-04-29T11:46:27.075Z	625	627	4	4
2021-04-29T11:46:47.077Z	574	572	1	1
2021-04-29T11:47:07.086Z	517	515	0	0
2021-04-29T11:47:27.087Z	460	463	0	0
2021-04-29T11:47:47.096Z	409	406	2	2
2021-04-29T11:48:07.109Z	353	351	6	6
2021-04-29T11:48:27.123Z	300	302	11	10
2021-04-29T11:48:47.131Z	249	251	17	17
2021-04-29T11:49:07.146Z	206	203	25	25
2021-04-29T11:49:27.153Z	161	163	34	34
2021-04-29T11:49:47.162Z	122	123	46	45
2021-04-29T11:50:07.170Z	90	88	57	58
2021-04-29T11:50:27.179Z	60	59	71	70
2021-04-29T11:50:47.191Z	36	37	86	86
2021-04-29T11:51:07.200Z	19	18	101	102
2021-04-29T11:51:27.200Z	7	6	119	119
2021-04-29T11:51:47.208Z	1	1	139	138
2021-04-29T11:52:07.211Z	1	1	157	158
2021-04-29T11:52:27.219Z	7	8	178	179
2021-04-29T11:52:47.219Z	20	19	201	200
2021-04-29T11:53:07.233Z	39	38	222	223
2021-04-29T11:53:27.243Z	62	63	246	247
2021-04-29T11:53:47.247Z	92	94	271	270
2021-04-29T11:54:07.255Z	128	126	297	296
2021-04-29T11:54:27.259Z	165	167	321	322
2021-04-29T11:54:47.261Z	209	211	348	346
2021-04-29T11:55:07.276Z	257	255	375	374
2021-04-29T11:55:27.278Z	309	306	400	402
2021-04-29T11:55:47.281Z	358	360	429	430
2021-04-29T11:56:07.285Z	413	411	457	456
2021-04-29T11:56:27.292Z	470	467	485	484
2021-04-29T11:56:47.308Z	522	524	511	513
2021-04-29T11:57:07.315Z	579	581	540	539
2021-04-29T11:57:27.324Z	634	632	568	567
2021-04-29T11:57:47.334Z	688	686	594	595
2021-04-29T11:58:07.339Z	735	737	622	623
2021-04-29T11:58:27.350Z	784	786	649	648
2021-04-29T11:58:47.360Z	829	827	676	675
2021-04-29T11:59:07.371Z	866	868	700	701
2021-04-29T11:59:27.373Z	902	904	726	727
2021-04-29T11:59:47.380Z	934	932	751	750
2021-04-29T12:00:07.385Z	959	958	773	774
2021-04-29T12:00:27.387Z	977	978	796	798
2021-04-29T12:00:47.396Z	991	991	819	818
2021-04-29T12:01:07.399Z	999	998	840	839
2021-04-29T12:01:27.399Z	1000	1000	859	860
2021-04-29T12:01:47.415Z	995	995	878	877
2021-04-29T12:02:07.417Z	984	984	896	895
2021-04-29T12:02:27.420Z	968	967	912	912
2021-04-29T12:02:47.428Z	945	943	927	928
2021-04-29T12:03:07.437Z	916	917	941	941
2021-04-29T12:03:27.451Z	881	883	953	953
2021-04-29T12:03:47.466Z	845	844	964	965
2021-04-29T12:04:07.480Z	802	800	974	974
2021-04-29T12:04:27.490Z	755	757	982	982
2021-04-29T12:04:47.495Z	709	706	989	989
2021-04-29T12:05:07.497Z	655	653	994	994
2021-04-29T12:05:27.500Z	600	603	998	997
2021-04-29T12:05:47.512Z	549	546	999	999
2021-04-29T12:06:07.526Z	492	489	1000	1000
2021-04-29T12:06:27.542Z	435	437	999	999
2021-04-29T12:06:47.549Z	379	381	997	996
2021-04-29T12:07:07.559Z	329	327	992	992
2021-04-29T12:07:27.572Z	277	274	987	987
2021-04-29T12:07:47.576Z	227	229	979	980
2021-04-29T12:08:07.588Z	185	183	971	971
2021-04-29T12:08:27.588Z	143	141	961	961
2021-04-29T12:08:47.603Z	105	107	949	950
2021-04-29T12:09:07.613Z	76	74	937	936
2021-04-29T12:09:27.627Z	48	47	922	922
2021-04-29T12:09:47.628Z	27	28	906	907
2021-04-29T12:10:07.637Z	11	12	891	890
2021-04-29T12:10:27.645Z	3	3	872	871
2021-04-29T12:10:47.646Z	0	0	853	853
2021-04-29T12:11:07.651Z	3	3	832	833
2021-04-29T12:11:27.664Z	12	13	812	811
2021-04-29T12:11:47.666Z	28	29	789	790
2021-04-29T12:12:07.668Z	50	49	765	766
2021-04-29T12:12:27.670Z	77	76	743	742
2021-04-29T12:12:47.684Z	107	109	718	717
2021-04-29T12:13:07.684Z	145	144	692	693
2021-04-29T12:13:27.693Z	188	186	667	666
2021-04-29T12:13:47.699Z	230	232	640	639
2021-04-29T12:14:07.709Z	280	282	613	614
2021-04-29T12:14:27.710Z	332	330	585	586
2021-04-29T12:14:47.712Z	382	385	559	558
2021-04-29T12:15:07.717Z	438	441	530	532
2021-04-29T12:15:27.723Z	495	493	502	503
2021-04-29T12:15:47.732Z	552	550	476	475
2021-04-29T12:16:07.748Z	604	606	448	446
2021-04-29T12:16:27.762Z	659	656	419	421
2021-04-29T12:16:47.765Z	711	709	391	393
2021-04-29T12:17:07.775Z	757	759	366	365
2021-04-29T12:17:27.783Z	804	806	339	340
2021-04-29T12:17:47.795Z	848	846	312	313
2021-04-29T12:18:07.801Z	886	885	288	287
2021-04-29T12:18:27.815Z	917	919	263	262
2021-04-29T12:18:47.828Z	946	945	238	239
2021-04-29T12:19:07.835Z	969	968	216	215
2021-04-29T12:19:27.843Z	984	985	193	192
2021-04-29T12:19:47.855Z	995	995	171	172
2021-04-29T12:20:07.855Z	1000	1000	150	151
2021-04-29T12:20:27.860Z	998	998	132	131
2021-04-29T12:20:47.868Z	990	990	113	114
2021-04-29T12:21:07.880Z	976	977	96	97
2021-04-29T12:21:27.891Z	958	957	81	80
2021-04-29T12:21:47.896Z	932	931	66	66
2021-04-29T12:22:07.903Z	900	902	53	53
2021-04-29T12:22:27.913Z	864	865	42	41
2021-04-29T12:22:47.928Z	826	824	31	31
2021-04-29T12:23:07.936Z	781	779	22	22
2021-04-29T12:23:27.942Z	732	734	14	15
2021-04-29T12:23:47.954Z	685	682	9	9
2021-04-29T12:24:07.960Z	630	628	4	4
2021-04-29T12:24:27.970Z	574	577	1	1
2021-04-29T12:24:47.971Z	518	520	0	0
2021-04-29T12:25:07.977Z	466	463	0	0
2021-04-29T12:25:27.980Z	409	412	2	2
2021-04-29T12:25:47.993Z	354	356	5	5
2021-04-29T12:26:08.005Z	305	302	10	10
2021-04-29T12:26:28.007Z	254	251	17	16
2021-04-29T12:26:48.017Z	206	208	25	24
2021-04-29T12:27:08.019Z	165	163	33	34
2021-04-29T12:27:28.025Z	125	124	44	45
2021-04-29T12:27:48.031Z	90	92	57	56
2021-04-29T12:28:08.040Z	60	62	71	70
2021-04-29T12:28:28.050Z	38	37	84	85
2021-04-29T12:28:48.057Z	19	19	101	100
2021-04-29T12:29:08.073Z	7	7	119	118
2021-04-29T12:29:28.083Z	1	1	136	137
2021-04-29T12:29:48.095Z	1	1	156	157
2021-04-29T12:30:08.096Z	7	7	178	177
2021-04-29T12:30:28.098Z	20	19	198	199
2021-04-29T12:30:48.113Z	37	38	221	222
2021-04-29T12:31:08.121Z	61	63	245	244
2021-04-29T12:31:28.123Z	91	90	270	269
2021-04-29T12:31:48.128Z	127	125	293	295
2021-04-29T12:32:08.135Z	163	165	320	321
2021-04-29T12:32:28.141Z	207	209	346	347
2021-04-29T12:32:48.156Z	254	256	373	372
2021-04-29T12:33:08.166Z	305	303	401	400
2021-04-29T12:33:28.166Z	358	356	426	428
2021-04-29T12:33:48.175Z	409	411	455	456
2021-04-29T12:34:08.187Z	465	467	483	481
2021-04-29T12:34:28.201Z	521	519	511	510
2021-04-29T12:34:48.209Z	578	575	539	538
2021-04-29T12:35:08.213Z	633	631	565	566
2021-04-29T12:35:28.218Z	682	684	593	594
2021-04-29T12:35:48.221Z	733	736	621	619
2021-04-29T12:36:08.223Z	782	780	648	647
2021-04-29T12:36:28.235Z	826	824	674	673
2021-04-29T12:36:48.251Z	867	865	700	699
2021-04-29T12:37:08.265Z	902	901	724	725
2021-04-29T12:37:28.280Z	931	932	748	749
2021-04-29T12:37:48.285Z	956	958	772	773
2021-04-29T12:38:08.299Z	976	977	795	797
2021-04-29T12:38:28.314Z	990	991	818	817
2021-04-29T12:38:48.327Z	998	998	839	838
2021-04-29T12:39:08.340Z	1000	1000	859	858
2021-04-29T12:39:28.346Z	995	995	878	877
2021-04-29T12:39:48.353Z	984	985	894	895
2021-04-29T12:40:08.363Z	967	968	911	911
2021-04-29T12:40:28.367Z	946	945	926	927
2021-04-29T12:40:48.378Z	918	917	940	941
2021-04-29T12:41:08.383Z	885	883	953	952
2021-04-29T12:41:28.385Z	846	848	964	964
2021-04-29T12:41:48.392Z	804	806	974	973
2021-04-29T12:42:08.396Z	757	759	982	982
2021-04-29T12:42:28.411Z	708	710	988	988
2021-04-29T12:42:48.417Z	655	658	993	994
2021-04-29T12:43:08.432Z	606	604	997	997
2021-04-29T12:43:28.434Z	551	548	999	999
2021-04-29T12:43:48.440Z	495	492	1000	1000
2021-04-29T12:44:08.448Z	439	436	999	999
2021-04-29T12:44:28.452Z	384	386	996	997
2021-04-29T12:44:48.460Z	330	332	992	993
2021-04-29T12:45:08.471Z	278	280	987	987
2021-04-29T12:45:28.480Z	229	231	980	980
2021-04-29T12:45:48.495Z	184	186	972	971
2021-04-29T12:46:08.502Z	146	144	962	961
2021-04-29T12:46:28.516Z	109	107	950	950
2021-04-29T12:46:48.528Z	77	75	937	937
2021-04-29T12:47:08.539Z	50	49	923	923
2021-04-29T12:47:28.547Z	28	27	908	907
2021-04-29T12:47:48.556Z	13	12	891	892
2021-04-29T12:48:08.561Z	3	3	873	873
2021-04-29T12:48:28.576Z	0	0	853	854
2021-04-29T12:48:48.578Z	3	3	834	833
2021-04-29T12:49:08.583Z	12	12	813	812
2021-04-29T12:49:28.596Z	27	28	790	791
2021-04-29T12:49:48.606Z	48	47	767	768
2021-04-29T12:50:08.617Z	75	74	743	744
2021-04-29T12:50:28.625Z	108	106	720	719
2021-04-29T12:50:48.633Z	142	144	694	693
2021-04-29T12:51:08.647Z	183	185	668	667
2021-04-29T12:51:28.657Z	229	227	641	642
2021-04-29T12:51:48.659Z	279	276	613	615
2021-04-29T12:52:08.668Z	331	328	588	587
2021-04-29T12:52:28.673Z	381	383	560	558
2021-04-29T12:52:48.685Z	436	439	531	533
2021-04-29T12:53:08.689Z	493	491	503	504
2021-04-29T12:53:28.703Z	549	547	477	476
2021-04-29T12:53:48.706Z	600	603	449	448
2021-04-29T12:54:08.708Z	655	657	421	420
2021-04-29T12:54:28.721Z	707	710	394	395
2021-04-29T12:54:48.736Z	758	756	366	367
2021-04-29T12:55:08.738Z	805	803	341	340
2021-04-29T12:55:28.745Z	844	846	315	313
2021-04-29T12:55:48.745Z	882	884	289	288
2021-04-29T12:56:08.746Z	917	915	263	264
2021-04-29T12:56:28.749Z	945	944	241	239
2021-04-29T12:56:48.755Z	967	968	217	216
2021-04-29T12:57:08.767Z	984	983	194	195
2021-04-29T12:57:28.769Z	995	995	172	173
2021-04-29T12:57:48.784Z	1000	1000	152	151
2021-04-29T12:58:08.786Z	998	998	132	133
2021-04-29T12:58:28.790Z	991	991	114	115
2021-04-29T12:58:48.795Z	977	978	98	97
2021-04-29T12:59:08.802Z	957	958	82	81
2021-04-29T12:59:28.810Z	934	932	67	66
2021-04-29T12:59:48.824Z	903	901	54	53
2021-04-29T13:00:08.831Z	867	869	42	42
2021-04-29T13:02:42.374Z	607	610	554	556
2021-04-29T13:03:31.780Z	607	609	554	555
2021-04-29T13:03:51.792Z	661	663	582	581
2021-04-29T13:04:11.807Z	713	711	610	609
2021-04-29T13:04:31.821Z	763	761	637	636
2021-04-29T13:04:51.835Z	806	808	662	663
2021-04-29T13:05:11.843Z	849	851	689	690
2021-04-29T13:05:31.844Z	887	888	714	713
2021-04-29T13:05:51.845Z	920	919	740	738
2021-04-29T13:06:11.860Z	948	947	762	763
2021-04-29T13:06:31.868Z	969	969	786	787
2021-04-29T13:06:51.872Z	985	986	808	807
2021-04-29T13:07:11.872Z	996	996	830	829
2021-04-29T13:07:31.874Z	1000	1000	849	850
2021-04-29T13:07:51.878Z	998	998	869	870
2021-04-29T13:08:11.892Z	990	990	888	887
2021-04-29T13:08:31.895Z	975	976	905	904
2021-04-29T13:08:51.909Z	956	955	920	921
2021-04-29T13:09:11.918Z	930	929	935	934
2021-04-29T13:09:31.928Z	898	900	948	947
2021-04-29T13:09:51.934Z	861	863	959	959
2021-04-29T13:10:11.942Z	824	822	969	970
2021-04-29T13:10:31.949Z	778	776	979	978
2021-04-29T13:10:51.951Z	729	731	986	986
2021-04-29T13:11:11.964Z	682	679	991	992
2021-04-29T13:11:31.968Z	628	625	996	996
2021-04-29T13:11:51.968Z	572	574	999	999
2021-04-29T13:12:41.220Z	607	610	554	553
2021-04-29T13:13:01.234Z	662	660	583	581
2021-04-29T13:13:21.248Z	715	713	608	609
2021-04-29T13:13:41.248Z	760	763	636	637
2021-04-29T13:15:04.010Z	607	609	554	555
2021-04-29T13:15:24.011Z	662	659	582	581
2021-04-29T13:15:44.016Z	715	712	608	609
2021-04-29T13:16:04.027Z	761	763	636	637
2021-04-29T13:16:24.031Z	808	806	663	662
2021-04-29T13:16:44.046Z	851	849	687	689
2021-04-29T13:17:04.048Z	886	887	714	715
2021-04-29T13:17:24.057Z	920	921	739	738
2021-04-29T13:17:44.070Z	948	947	764	763
2021-04-29T13:18:04.076Z	969	969	786	787
2021-04-29T13:18:24.086Z	985	986	809	808
2021-04-29T13:18:44.095Z	996	996	831	830
2021-04-29T13:19:04.103Z	1000	1000	850	850
2021-04-29T13:19:24.116Z	998	998	869	869
2021-04-29T13:19:44.124Z	990	990	888	887
2021-04-29T13:20:04.133Z	975	976	904	905
2021-04-29T13:21:24.230Z	606	608	554	555
2021-04-29T13:22:22.690Z	607	609	554	556
2021-04-29T13:22:42.699Z	662	659	583	581
2021-04-29T13:23:02.703Z	715	713	608	609
2021-04-29T13:23:22.716Z	761	763	636	637
2021-04-29T13:23:42.724Z	808	810	663	662
2021-04-29T13:24:02.733Z	850	849	690	689
2021-04-29T13:24:22.739Z	886	887	713	715
2021-04-29T13:24:42.745Z	919	921	739	738
2021-04-29T13:25:02.759Z	948	947	764	763
2021-04-29T13:25:22.773Z	968	969	785	786
2021-04-29T13:25:42.779Z	985	986	808	807
2021-04-29T13:26:02.791Z	996	996	830	829
2021-04-29T13:26:22.795Z	1000	1000	850	850
2021-04-29T13:26:42.802Z	998	998	869	870
2021-04-29T13:27:02.812Z	990	990	888	887
2021-04-29T13:27:22.824Z	975	976	904	905
2021-04-29T13:27:42.839Z	956	955	920	921
2021-04-29T13:28:02.853Z	930	931	935	934
2021-04-29T13:28:22.858Z	898	899	947	948
2021-04-29T13:28:42.872Z	864	862	959	960
2021-04-29T13:29:02.886Z	822	820	970	969
2021-04-29T13:29:22.891Z	777	779	979	978
2021-04-29T13:29:42.891Z	732	730	986	986
2021-04-29T13:30:02.902Z	680	678	992	991
2021-04-29T13:30:52.641Z	606	609	554	555
2021-04-29T13:31:12.649Z	661	664	582	581
2021-04-29T13:31:32.662Z	714	712	610	609
2021-04-29T13:31:52.664Z	760	762	635	637
2021-04-29T13:32:12.669Z	807	809	663	661
2021-04-29T13:32:32.679Z	850	848	689	688
2021-04-29T13:32:52.685Z	889	887	713	714
2021-04-29T13:33:12.687Z	919	921	739	740
2021-04-29T13:33:32.700Z	947	946	763	762
2021-04-29T13:33:52.715Z	970	969	785	786
2021-04-29T13:34:12.728Z	985	986	808	809
2021-04-29T13:34:32.737Z	996	996	830	831
2021-04-29T13:34:52.743Z	1000	1000	850	850
2021-04-29T13:35:12.756Z	998	998	870	869
2021-04-29T13:35:32.758Z	989	990	887	888
2021-04-29T13:35:52.769Z	976	975	904	905
2021-04-29T13:36:12.784Z	955	956	921	920
2021-04-29T13:36:32.792Z	929	930	934	935
2021-04-29T13:36:52.804Z	900	898	948	948
2021-04-29T13:37:12.812Z	863	861	960	959
2021-04-29T13:37:32.827Z	821	823	970	970
2021-04-29T13:37:52.837Z	780	777	978	979
2021-04-29T13:38:12.842Z	731	728	986	986
2021-04-29T13:38:32.843Z	678	681	992	992
2021-04-29T13:38:52.850Z	629	626	996	996
2021-04-29T13:39:12.855Z	573	570	999	999
2021-04-29T13:39:32.866Z	516	519	1000	1000
2021-04-29T13:39:52.873Z	459	462	1000	1000
2021-04-29T13:40:12.880Z	407	405	998	998
2021-04-29T13:41:08.781Z	606	609	554	555
2021-04-29T13:41:28.788Z	661	663	582	583
2021-04-29T13:41:48.791Z	713	715	610	608
2021-04-29T13:42:08.795Z	762	760	637	635
2021-04-29T13:42:28.796Z	808	806	663	662
2021-04-29T13:42:48.810Z	850	849	690	689
2021-04-29T13:43:08.818Z	888	887	713	714
2021-04-29T13:43:28.833Z	918	920	738	739
2021-04-29T13:43:48.847Z	947	948	763	764
2021-04-29T13:44:08.858Z	969	970	786	785
2021-04-29T13:44:28.865Z	986	985	809	808
2021-04-29T13:44:48.875Z	996	996	831	830
2021-04-29T13:45:08.881Z	1000	1000	849	850
2021-04-29T13:45:28.895Z	998	998	869	870
2021-04-29T13:45:48.904Z	990	990	887	888
2021-04-29T13:46:08.904Z	976	975	905	905
2021-04-29T13:46:28.908Z	955	954	920	920
2021-04-29T13:46:48.921Z	929	931	935	934
2021-04-29T13:47:08.927Z	898	899	948	948
2021-04-29T13:47:28.932Z	861	863	959	959
2021-04-29T13:47:48.944Z	824	822	969	970
2021-04-29T13:48:08.951Z	779	777	978	979
2021-04-29T13:48:28.952Z	731	729	986	986
2021-04-29T13:48:48.962Z	679	677	992	991
2021-04-29T13:49:08.978Z	626	628	996	996
2021-04-29T13:49:28.978Z	571	573	999	999
2021-04-29T13:49:48.986Z	515	517	1000	1000
2021-04-29T13:50:08.998Z	464	461	1000	1000
2021-04-29T13:50:29.011Z	408	405	998	998
2021-04-29T13:50:49.026Z	353	351	994	994
2021-04-29T13:51:40.927Z	606	608	554	555
2021-04-29T13:52:28.258Z	606	609	554	555
2021-04-29T13:52:48.268Z	661	664	582	581
2021-04-29T13:53:08.282Z	714	712	610	609
2021-04-29T13:53:28.290Z	764	762	635	636
2021-04-29T13:53:48.290Z	807	809	662	664
2021-04-29T13:54:54.298Z	606	609	554	555
2021-04-29T13:55:48.724Z	606	609	554	555
2021-04-29T13:56:08.737Z	661	663	582	581
2021-04-29T13:56:28.737Z	713	711	610	609
2021-04-29T13:56:48.746Z	763	761	637	636
2021-04-29T13:57:08.752Z	806	808	662	663
2021-04-29T13:57:28.762Z	849	850	688	690
2021-04-29T13:57:48.776Z	887	888	714	713
2021-04-29T13:58:08.784Z	920	919	740	738
2021-04-29T13:58:28.791Z	948	947	762	763
2021-04-29T13:58:48.794Z	969	970	786	787
2021-04-29T13:59:08.804Z	985	986	808	807
2021-04-29T13:59:28.817Z	996	995	830	829
2021-04-29T13:59:48.826Z	1000	1000	851	850
2021-04-29T14:00:08.833Z	998	998	869	870
2021-04-29T14:00:28.847Z	990	989	888	888
2021-04-29T14:00:48.863Z	975	976	905	904
2021-04-29T14:01:08.863Z	955	956	921	920
2021-04-29T14:01:28.866Z	928	930	934	935
2021-04-29T14:01:48.873Z	900	898	948	948
2021-04-29T14:02:08.880Z	863	861	960	959
2021-04-29T14:02:28.882Z	821	823	970	970
2021-04-29T14:02:48.889Z	776	778	978	979
2021-04-29T14:03:08.903Z	731	729	986	986
2021-04-29T14:03:28.908Z	680	678	992	991
2021-04-29T14:03:48.915Z	626	628	996	996
2021-04-29T14:04:08.927Z	570	573	999	999
2021-04-29T14:04:28.930Z	519	516	1000	1000
2021-04-29T14:04:48.935Z	462	460	1000	1000
2021-04-29T14:05:08.935Z	406	409	998	998
2021-04-29T14:05:28.939Z	351	354	994	994
2021-04-29T14:05:48.953Z	299	301	990	989
2021-04-29T14:06:08.961Z	253	250	983	983
2021-04-29T14:06:28.965Z	205	203	975	975
2021-04-29T14:06:48.971Z	161	159	966	966
2021-04-29T14:07:08.979Z	122	124	955	955
2021-04-29T14:07:28.992Z	88	89	942	943
2021-04-29T14:07:48.994Z	58	60	930	929
2021-04-29T14:08:09.002Z	37	36	914	914
2021-04-29T14:08:29.015Z	18	18	898	899
2021-04-29T14:08:49.024Z	6	6	880	881
2021-04-29T14:09:09.025Z	1	1	861	862
2021-04-29T14:09:29.038Z	1	1	843	842
2021-04-29T14:09:49.048Z	7	8	822	821
2021-04-29T14:10:09.048Z	20	21	800	799
2021-04-29T14:10:29.057Z	39	38	777	778
2021-04-29T14:10:49.070Z	64	62	753	754
2021-04-29T14:11:09.078Z	94	93	730	729
2021-04-29T14:11:29.080Z	126	128	705	703
2021-04-29T14:11:49.086Z	166	168	678	680
2021-04-29T14:12:09.090Z	210	208	652	653
2021-04-29T14:12:29.106Z	258	256	624	626
2021-04-29T14:12:49.117Z	305	307	599	598
2021-04-29T14:13:09.123Z	358	360	572	570
2021-04-29T14:13:29.136Z	413	415	543	545
2021-04-29T14:13:49.150Z	469	466	515	516
2021-04-29T14:14:09.155Z	525	523	487	488
2021-04-29T14:14:29.172Z	581	579	461	460
2021-04-29T14:14:49.177Z	632	634	433	432
2021-04-29T14:15:09.184Z	685	688	405	404
2021-04-29T14:15:29.187Z	737	735	378	379
2021-04-29T14:15:49.194Z	785	783	350	351
2021-04-29T14:16:09.194Z	830	828	326	325
2021-04-29T14:16:29.204Z	867	869	299	298
2021-04-29T14:16:49.204Z	903	904	274	275
2021-04-29T14:17:09.209Z	934	932	249	250
2021-04-29T14:17:29.223Z	959	958	227	226
2021-04-29T14:17:49.228Z	977	978	204	203
2021-04-29T14:18:09.237Z	991	991	181	180
2021-04-29T14:18:29.243Z	999	998	160	161
2021-04-29T14:18:49.255Z	1000	1000	140	141
2021-04-29T14:19:09.267Z	994	995	122	122
2021-04-29T14:19:29.269Z	984	983	104	104
2021-04-29T14:19:49.271Z	967	966	88	89
2021-04-29T14:20:09.282Z	944	945	72	73
2021-04-29T14:20:29.289Z	915	916	58	59
2021-04-29T14:20:49.291Z	884	882	47	46
2021-04-29T14:21:09.305Z	845	843	36	35
2021-04-29T14:21:29.309Z	802	800	26	26
2021-04-29T14:21:49.314Z	755	757	18	18
2021-04-29T14:22:09.323Z	704	707	11	11
2021-04-29T14:22:29.328Z	656	654	6	6
2021-04-29T14:22:49.336Z	602	599	3	3
2021-04-29T14:23:09.350Z	546	548	1	1
2021-04-29T14:23:29.363Z	489	492	0	0
2021-04-29T14:23:49.373Z	438	435	1	1
2021-04-29T14:24:09.373Z	382	379	4	4
2021-04-29T14:24:29.374Z	328	325	8	8
2021-04-29T14:24:49.375Z	276	278	14	13
2021-04-29T14:25:09.381Z	227	229	20	21
2021-04-29T14:25:29.394Z	185	183	29	29
2021-04-29T14:25:49.408Z	143	141	39	40
2021-04-29T14:26:09.409Z	106	104	51	50
2021-04-29T14:26:29.411Z	74	75	64	63
2021-04-29T14:26:49.417Z	47	48	78	78
2021-04-29T14:27:09.422Z	26	27	93	93
2021-04-29T14:27:29.425Z	12	12	110	111
2021-04-29T14:27:49.433Z	3	3	128	127
2021-04-29T14:28:09.442Z	0	0	148	147
2021-04-29T14:28:29.452Z	3	3	168	167
2021-04-29T14:28:49.457Z	13	13	188	189
2021-04-29T14:29:09.470Z	28	28	210	211
2021-04-29T14:29:29.476Z	49	50	234	235
2021-04-29T14:29:49.480Z	76	78	258	257
2021-04-29T14:30:09.484Z	109	107	283	282
2021-04-29T14:30:29.500Z	147	145	307	308
2021-04-29T14:30:49.509Z	185	187	333	335
2021-04-29T14:31:09.513Z	231	233	360	359
2021-04-29T14:31:29.520Z	281	278	388	387
2021-04-29T14:31:49.523Z	333	330	415	414
2021-04-29T14:32:09.525Z	387	384	441	442
2021-04-29T14:32:29.529Z	437	440	469	470
2021-04-29T14:32:49.545Z	494	496	497	499
2021-04-29T14:33:09.547Z	550	548	526	524
2021-04-29T14:33:49.699Z	571	573	536	582
2021-04-29T14:34:09.694Z	711	708	608	607
2021-04-29T14:34:29.698Z	760	758	635	634
2021-04-29T14:34:49.700Z	806	804	662	661
2021-04-29T14:35:09.700Z	848	846	688	687
2021-04-29T14:35:29.703Z	886	884	714	713
2021-04-29T14:35:49.710Z	919	918	737	738
2021-04-29T14:36:09.712Z	945	946	761	762
2021-04-29T14:36:29.728Z	968	969	785	786
2021-04-29T14:36:49.740Z	985	985	807	806
2021-04-29T14:37:09.751Z	995	995	829	828
2021-04-29T14:37:29.766Z	1000	1000	850	849
2021-04-29T14:37:49.779Z	998	998	868	869
2021-04-29T14:38:09.789Z	990	990	886	887
2021-04-29T14:38:29.805Z	977	976	904	904
