time	1-tT	1-T
2021-11-26T12:22:59.232Z	610	609
2021-11-26T12:23:19.246Z	663	662
2021-11-26T12:23:39.250Z	714	715
2021-11-26T12:23:59.253Z	763	764
2021-11-26T12:24:19.259Z	809	809
2021-11-26T12:24:39.261Z	850	851
2021-11-26T12:24:59.265Z	888	888
2021-11-26T12:25:19.276Z	920	921
2021-11-26T12:25:39.291Z	948	948
2021-11-26T12:27:00.735Z	1000	34
2021-11-26T12:27:20.749Z	1000	36
2021-11-26T12:27:40.752Z	1000	39
2021-11-26T12:28:00.764Z	1000	42
2021-11-26T12:28:20.773Z	1000	46
2021-11-26T12:28:40.773Z	1000	52
2021-11-26T12:29:00.776Z	1000	57
2021-11-26T12:29:20.781Z	1000	64
2021-11-26T12:29:40.793Z	1000	71
2021-11-26T12:30:00.804Z	1000	81
2021-11-26T12:30:20.809Z	1000	90
2021-11-26T12:30:40.821Z	1000	99
2021-11-26T12:31:00.834Z	1000	110
2021-11-26T12:31:20.843Z	1000	121
2021-11-26T12:31:40.849Z	1000	133
2021-11-26T12:32:00.862Z	1000	144
2021-11-26T12:32:20.873Z	1000	156
2021-11-26T12:32:40.873Z	1000	166
2021-11-26T12:33:00.886Z	1000	177
2021-11-26T12:33:20.901Z	1000	186
2021-11-26T12:33:40.911Z	1000	195
2021-11-26T12:34:00.917Z	1000	201
2021-11-26T12:34:20.918Z	1000	208
2021-11-26T12:34:40.933Z	1000	214
2021-11-26T12:35:00.934Z	1000	218
2021-11-26T12:35:20.946Z	1000	222
2021-11-26T12:35:40.947Z	1000	226
2021-11-26T12:36:00.956Z	1000	228
2021-11-26T12:36:20.965Z	1000	231
2021-11-26T12:36:40.973Z	1000	233
2021-11-26T12:37:00.978Z	1000	235
2021-11-26T12:37:20.981Z	1000	236
2021-11-26T12:37:40.988Z	1000	237
2021-11-26T12:38:00.989Z	1000	238
2021-11-26T12:38:20.994Z	1000	239
2021-11-26T12:38:40.995Z	1000	239
2021-11-26T12:39:01.009Z	1000	240
2021-11-26T12:39:21.022Z	1000	240
2021-11-26T12:39:41.024Z	1000	241
2021-11-26T12:40:01.027Z	1000	242
2021-11-26T12:40:21.038Z	1000	240
2021-11-26T12:40:41.048Z	1000	240
2021-11-26T12:41:01.059Z	1000	240
2021-11-26T12:41:21.075Z	1000	240
2021-11-26T12:41:41.088Z	1000	240
2021-11-26T12:42:01.090Z	1000	239
2021-11-26T12:42:21.096Z	1000	240
2021-11-26T12:42:41.096Z	1000	239
2021-11-26T12:43:01.102Z	1000	239
2021-11-26T12:43:21.111Z	1000	238
2021-11-26T12:43:41.114Z	1000	238
2021-11-26T12:44:01.116Z	1000	236
2021-11-26T12:44:21.126Z	1000	237
2021-11-26T12:44:41.131Z	1000	236
2021-11-26T12:45:01.146Z	1000	236
2021-11-26T12:45:21.153Z	1000	235
2021-11-26T12:45:41.163Z	1000	235
2021-11-26T12:46:01.177Z	1000	234
2021-11-26T12:46:21.189Z	1000	233
2021-11-26T12:46:41.201Z	1000	233
2021-11-26T12:47:01.213Z	1000	232
2021-11-26T12:47:21.226Z	1000	232
2021-11-26T12:47:41.241Z	1000	231
2021-11-26T12:48:01.246Z	1000	228
2021-11-26T12:48:21.246Z	1000	214
2021-11-26T12:48:41.255Z	1000	216
2021-11-26T12:49:01.262Z	1000	218
2021-11-26T12:49:21.276Z	1000	219
2021-11-26T12:49:41.279Z	1000	221
2021-11-26T12:50:01.286Z	1000	222
2021-11-26T12:50:21.295Z	1000	223
2021-11-26T12:50:41.307Z	1000	226
2021-11-26T12:51:01.308Z	1000	228
2021-11-26T12:51:21.323Z	1000	232
2021-11-26T12:51:41.332Z	1000	237
2021-11-26T12:52:01.347Z	1000	243
2021-11-26T12:52:21.353Z	1000	249
2021-11-26T12:52:41.355Z	1000	257
2021-11-26T12:53:01.365Z	1000	267
2021-11-26T12:53:21.374Z	1000	278
2021-11-26T12:53:41.374Z	1000	289
2021-11-26T12:54:01.387Z	1000	299
2021-11-26T12:54:21.392Z	1000	312
2021-11-26T12:54:41.398Z	1000	324
2021-11-26T12:55:01.400Z	1000	339
2021-11-26T12:55:21.403Z	1000	352
2021-11-26T12:55:41.417Z	1000	367
2021-11-26T12:56:01.425Z	1000	380
2021-11-26T12:56:21.439Z	1000	393
2021-11-26T12:56:41.453Z	1000	408
2021-11-26T12:57:01.467Z	1000	421
2021-11-26T12:57:21.472Z	1000	435
2021-11-26T12:57:41.479Z	1000	448
2021-11-26T12:58:01.489Z	1000	461
2021-11-26T12:58:21.491Z	1000	475
2021-11-26T12:58:41.502Z	1000	487
2021-11-26T12:59:01.516Z	1000	500
2021-11-26T12:59:21.518Z	1000	512
2021-11-26T12:59:41.522Z	1000	525
2021-11-26T13:00:01.525Z	1000	537
2021-11-26T13:00:21.531Z	1000	548
2021-11-26T13:00:41.532Z	1000	560
2021-11-26T13:01:01.536Z	1000	571
2021-11-26T13:01:21.538Z	1000	582
2021-11-26T13:01:41.539Z	1000	592
2021-11-26T13:02:01.545Z	1000	603
2021-11-26T13:02:21.555Z	1000	612
2021-11-26T13:02:41.569Z	1000	623
2021-11-26T13:03:01.569Z	1000	632
2021-11-26T13:03:21.572Z	1000	641
2021-11-26T13:03:41.575Z	1000	651
2021-11-26T13:04:01.587Z	1000	659
2021-11-26T13:04:21.599Z	1000	669
2021-11-26T13:04:41.614Z	1000	677
2021-11-26T13:05:01.622Z	1000	686
2021-11-26T13:05:21.632Z	1000	693
2021-11-26T13:05:41.642Z	1000	702
2021-11-26T13:06:01.649Z	1000	710
2021-11-26T13:06:21.659Z	1000	717
2021-11-26T13:06:41.663Z	1000	725
2021-11-26T13:07:01.678Z	1000	732
2021-11-26T13:07:21.689Z	1000	740
2021-11-26T13:07:41.694Z	1000	747
2021-11-26T13:08:01.697Z	1000	753
2021-11-26T13:08:21.707Z	1000	761
2021-11-26T13:08:41.709Z	1000	767
2021-11-26T13:09:01.723Z	1000	775
2021-11-26T13:09:21.724Z	1000	780
2021-11-26T13:09:41.725Z	1000	788
2021-11-26T13:10:01.726Z	1000	793
2021-11-26T13:10:21.740Z	1000	800
2021-11-26T13:10:41.740Z	1000	805
2021-11-26T13:11:01.740Z	1000	810
2021-11-26T13:11:21.741Z	1000	815
2021-11-26T13:11:41.757Z	1000	819
2021-11-26T13:12:01.764Z	1000	823
2021-11-26T13:12:21.771Z	1000	827
2021-11-26T13:12:41.772Z	1000	831
2021-11-26T13:13:01.785Z	1000	834
2021-11-26T13:13:21.801Z	1000	838
2021-11-26T13:13:41.803Z	1000	841
2021-11-26T13:14:01.818Z	1000	843
2021-11-26T13:14:21.820Z	1000	846
2021-11-26T13:14:41.836Z	1000	849
2021-11-26T13:15:01.846Z	1000	852
2021-11-26T13:15:21.851Z	1000	855
2021-11-26T13:15:41.855Z	1000	857
2021-11-26T13:16:01.865Z	1000	859
2021-11-26T13:16:21.866Z	1000	861
2021-11-26T13:16:41.866Z	1000	863
2021-11-26T13:17:01.872Z	1000	865
2021-11-26T13:17:21.882Z	1000	867
2021-11-26T13:17:41.895Z	1000	868
2021-11-26T13:18:01.904Z	1000	870
2021-11-26T13:18:21.915Z	1000	871
2021-11-26T13:18:41.929Z	1000	872
2021-11-26T13:19:01.944Z	1000	873
2021-11-26T13:19:21.952Z	1000	874
2021-11-26T13:19:41.965Z	1000	875
2021-11-26T13:20:01.975Z	1000	875
2021-11-26T13:20:21.974Z	1000	876
2021-11-26T13:20:41.988Z	1000	877
2021-11-26T13:21:01.989Z	1000	878
2021-11-26T13:21:21.999Z	1000	879
2021-11-26T13:21:42.001Z	1000	880
2021-11-26T13:22:02.009Z	1000	881
2021-11-26T13:22:22.019Z	1000	881
2021-11-26T13:22:42.023Z	1000	882
2021-11-26T13:23:02.024Z	1000	883
2021-11-26T13:23:22.038Z	1000	884
2021-11-26T13:23:42.038Z	1000	885
2021-11-26T13:24:02.039Z	1000	885
2021-11-26T13:24:22.038Z	1000	885
2021-11-26T13:24:42.054Z	1000	886
2021-11-26T13:25:02.054Z	1000	886
2021-11-26T13:25:22.064Z	1000	886
2021-11-26T13:25:42.076Z	1000	886
2021-11-26T13:26:02.084Z	1000	886
2021-11-26T13:26:22.084Z	1000	886
2021-11-26T13:26:42.096Z	1000	886
2021-11-26T13:27:02.096Z	1000	887
2021-11-26T13:27:22.106Z	1000	887
2021-11-26T13:27:42.114Z	1000	887
2021-11-26T13:28:02.120Z	1000	887
2021-11-26T13:28:22.121Z	1000	887
2021-11-26T13:28:42.132Z	1000	888
2021-11-26T13:29:02.145Z	1000	888
2021-11-26T13:29:22.153Z	1000	888
2021-11-26T13:29:42.162Z	1000	888
2021-11-26T13:30:02.167Z	1000	888
2021-11-26T13:30:22.182Z	1000	889
2021-11-26T13:30:42.191Z	1000	889
2021-11-26T13:31:02.193Z	1000	889
2021-11-26T13:31:22.208Z	1000	889
2021-11-26T13:31:42.213Z	1000	889
2021-11-26T13:32:02.226Z	1000	889
2021-11-26T13:32:22.228Z	1000	890
2021-11-26T13:32:42.242Z	1000	890
2021-11-26T13:33:02.256Z	1000	890
2021-11-26T13:33:22.259Z	1000	890
2021-11-26T13:33:42.269Z	1000	890
2021-11-26T13:34:02.270Z	1000	891
2021-11-26T13:34:22.285Z	1000	891
2021-11-26T13:34:42.286Z	1000	892
2021-11-26T13:35:02.287Z	1000	892
2021-11-26T13:35:22.294Z	1000	893
2021-11-26T13:35:42.299Z	1000	893
2021-11-26T13:36:02.299Z	1000	894
2021-11-26T13:36:22.315Z	1000	894
2021-11-26T13:36:42.319Z	1000	895
2021-11-26T13:37:02.322Z	1000	895
2021-11-26T13:37:22.325Z	1000	896
2021-11-26T13:37:42.333Z	1000	896
2021-11-26T13:38:02.334Z	1000	896
2021-11-26T13:38:22.344Z	1000	896
2021-11-26T13:38:42.357Z	1000	897
2021-11-26T13:39:02.370Z	1000	897
2021-11-26T13:39:22.377Z	1000	897
2021-11-26T13:39:42.389Z	1000	897
2021-11-26T13:40:02.390Z	1000	897
2021-11-26T13:40:22.401Z	1000	897
2021-11-26T13:40:42.413Z	1000	897
2021-11-26T13:41:02.415Z	1000	898
2021-11-26T13:41:22.425Z	1000	898
2021-11-26T13:41:42.437Z	1000	898
2021-11-26T13:42:02.452Z	1000	898
2021-11-26T13:42:22.456Z	1000	898
2021-11-26T13:42:42.456Z	1000	899
2021-11-26T13:43:02.459Z	1000	899
2021-11-26T13:43:22.466Z	1000	839
2021-11-26T13:43:42.473Z	1000	842
2021-11-26T13:44:02.476Z	1000	842
2021-11-26T13:44:22.477Z	1000	843
2021-11-26T13:44:42.492Z	1000	847
2021-11-26T13:45:02.504Z	1000	853
2021-11-26T13:45:22.508Z	1000	860
2021-11-26T13:45:42.521Z	1000	870
2021-11-26T13:46:02.523Z	1000	879
2021-11-26T13:46:22.530Z	1000	888
2021-11-26T13:46:42.539Z	1000	895
2021-11-26T13:47:02.554Z	1000	900
2021-11-26T13:47:22.558Z	1000	904
2021-11-26T13:47:42.566Z	1000	906
2021-11-26T13:48:02.580Z	1000	906
2021-11-26T13:48:22.593Z	1000	905
2021-11-26T13:48:42.602Z	1000	903
2021-11-26T13:49:02.605Z	1000	901
2021-11-26T13:49:22.617Z	1000	899
2021-11-26T13:49:42.622Z	1000	897
2021-11-26T13:50:02.634Z	1000	896
2021-11-26T13:50:22.644Z	1000	894
2021-11-26T13:50:42.649Z	1000	894
2021-11-26T13:51:02.658Z	1000	894
2021-11-26T13:51:22.659Z	1000	895
2021-11-26T13:51:44.031Z	1000	895
2021-11-26T13:52:04.030Z	1000	897
2021-11-26T13:52:24.031Z	1000	898
2021-11-26T13:52:44.031Z	1000	899
2021-11-26T13:53:04.031Z	1000	901
2021-11-26T13:53:24.032Z	1000	901
2021-11-26T13:53:44.036Z	1000	902
2021-11-26T13:54:04.044Z	1000	902
2021-11-26T13:54:24.058Z	1000	902
2021-11-26T13:54:44.073Z	1000	902
2021-11-26T13:55:04.087Z	1000	901
2021-11-26T13:55:24.096Z	1000	901
2021-11-26T13:55:44.098Z	1000	900
2021-11-26T13:56:04.101Z	1000	900
2021-11-26T13:56:24.112Z	1000	899
2021-11-26T13:56:44.127Z	1000	899
2021-11-26T13:57:04.130Z	1000	898
2021-11-26T13:57:24.136Z	1000	898
2021-11-26T13:57:44.137Z	1000	898
2021-11-26T13:58:04.139Z	1000	898
2021-11-26T13:58:24.141Z	1000	898
2021-11-26T13:58:44.153Z	1000	898
2021-11-26T13:59:04.157Z	1000	898
2021-11-26T13:59:24.170Z	1000	898
2021-11-26T13:59:44.176Z	1000	899
2021-11-26T14:00:04.189Z	1000	899
2021-11-26T14:00:24.193Z	1000	899
2021-11-26T14:00:44.205Z	1000	899
2021-11-26T14:01:04.213Z	1000	899
2021-11-26T14:01:24.218Z	1000	899
2021-11-26T14:01:44.224Z	1000	899
2021-11-26T14:02:04.228Z	1000	899
2021-11-26T14:02:24.237Z	1000	899
2021-11-26T14:02:44.252Z	1000	899
2021-11-26T14:03:04.265Z	-5	-5
2021-11-26T14:03:24.269Z	-5	-5
2021-11-26T14:03:44.273Z	-5	-5
2021-11-26T14:04:04.285Z	-5	-5
2021-11-26T14:04:24.300Z	-5	-5
2021-11-26T14:04:44.307Z	-5	-5
2021-11-26T14:05:04.318Z	-5	-5
2021-11-26T14:05:24.333Z	-5	-5
2021-11-26T14:05:44.346Z	-5	-5
2021-11-26T14:06:04.358Z	-5	-5
2021-11-26T14:06:24.359Z	-5	-5
2021-11-26T14:06:44.370Z	-5	-5
2021-11-26T14:07:04.373Z	-5	-5
2021-11-26T14:07:24.375Z	-5	-5
2021-11-26T14:07:44.387Z	-5	-5
2021-11-26T14:08:04.400Z	-5	-5
2021-11-26T14:08:24.406Z	-5	-5
2021-11-26T14:08:44.408Z	-5	-5
2021-11-26T14:09:04.411Z	-5	-5
2021-11-26T14:09:24.420Z	-5	-5
2021-11-26T14:09:44.423Z	-5	-5
2021-11-26T14:10:04.425Z	-5	-5
2021-11-26T14:10:24.428Z	-5	-5
2021-11-26T14:10:44.429Z	-5	-5
2021-11-26T14:11:04.431Z	-5	-5
2021-11-26T14:11:24.440Z	-5	-5
2021-11-26T14:11:44.451Z	-5	-5
2021-11-26T14:12:04.457Z	-5	-5
2021-11-26T14:12:24.472Z	-5	-5
2021-11-26T14:12:44.482Z	-5	-5
2021-11-26T14:13:04.485Z	-5	-5
2021-11-26T14:13:24.498Z	-5	-5
2021-11-26T14:13:44.502Z	-5	-5
2021-11-26T14:14:04.517Z	-5	-5
2021-11-26T14:14:24.519Z	-5	-5
2021-11-26T14:14:44.520Z	-5	-5
2021-11-26T14:15:04.524Z	-5	-5
2021-11-26T14:15:24.528Z	-5	-5
2021-11-26T14:15:44.542Z	-5	-5
2021-11-26T14:16:04.545Z	-5	-5
2021-11-26T14:16:24.549Z	-5	-5
2021-11-26T14:16:44.564Z	-5	-5
2021-11-26T14:17:04.565Z	-5	-5
2021-11-26T14:17:24.565Z	-5	-5
2021-11-26T14:17:44.578Z	-5	-5
2021-11-26T14:18:04.586Z	-5	-5
2021-11-26T14:18:24.602Z	-5	-5
2021-11-26T14:18:44.612Z	-5	-5
2021-11-26T14:19:04.624Z	-5	-5
2021-11-26T14:19:24.629Z	-5	-5
2021-11-26T14:19:44.634Z	-5	-5
2021-11-26T14:20:04.635Z	-5	-5
2021-11-26T14:20:24.644Z	-5	-5
2021-11-26T14:20:44.659Z	-5	-5
2021-11-26T14:21:04.658Z	-5	-5
2021-11-26T14:21:24.659Z	-5	-5
2021-11-26T14:21:44.671Z	-5	-5
2021-11-26T14:22:04.679Z	-5	-5
2021-11-26T14:22:24.691Z	-5	-5
2021-11-26T14:22:44.702Z	-5	-5
2021-11-26T14:23:04.707Z	-5	-5
2021-11-26T14:23:24.709Z	-5	-5
2021-11-26T14:23:44.722Z	-5	-5
2021-11-26T14:24:04.723Z	-5	-5
2021-11-26T14:24:24.738Z	-5	-5
2021-11-26T14:24:44.749Z	-5	-5
2021-11-26T14:25:04.754Z	-5	-5
2021-11-26T14:25:24.765Z	-5	-5
2021-11-26T14:25:44.769Z	-5	-5
2021-11-26T14:26:04.779Z	-5	-5
2021-11-26T14:26:24.792Z	-5	-5
2021-11-26T14:26:44.803Z	-5	-5
2021-11-26T14:27:04.804Z	-5	-5
2021-11-26T14:27:24.819Z	-5	-5
2021-11-26T14:27:44.822Z	-5	-5
2021-11-26T14:28:04.834Z	-5	-5
2021-11-26T14:28:24.849Z	-5	-5
2021-11-26T14:28:44.850Z	-5	-5
2021-11-26T14:29:04.859Z	-5	-5
2021-11-26T14:29:24.874Z	-5	-5
2021-11-26T14:29:44.876Z	-5	-5
2021-11-26T14:30:04.885Z	-5	-5
2021-11-26T14:30:24.885Z	-5	-5
2021-11-26T14:30:44.893Z	-5	-5
2021-11-26T14:31:04.894Z	-5	-5
2021-11-26T14:31:24.894Z	-5	-5
2021-11-26T14:31:44.897Z	-5	-5
2021-11-26T14:32:04.906Z	-5	-5
2021-11-26T14:32:24.908Z	-5	-5
2021-11-26T14:32:44.908Z	-5	-5
2021-11-26T14:33:04.915Z	-5	-5
2021-11-26T14:33:24.918Z	-5	-5
2021-11-26T14:33:44.927Z	-5	-5
2021-11-26T14:34:04.940Z	-5	-5
2021-11-26T14:34:24.941Z	-5	-5
2021-11-26T14:34:44.951Z	-5	-5
2021-11-26T14:35:04.956Z	-5	-5
2021-11-26T14:35:24.972Z	-5	-5
2021-11-26T14:35:44.974Z	-5	-5
2021-11-26T14:36:04.987Z	-5	-5
2021-11-26T14:36:25.002Z	-5	-5
2021-11-26T14:36:45.005Z	-5	-5
2021-11-26T14:37:05.006Z	-5	-5
2021-11-26T14:37:25.017Z	-5	-5
2021-11-26T14:37:45.020Z	-5	-5
2021-11-26T14:38:05.033Z	-5	-5
2021-11-26T14:38:25.034Z	-5	-5
2021-11-26T14:38:45.034Z	-5	-5
2021-11-26T14:39:05.043Z	-5	-5
2021-11-26T14:39:25.050Z	-5	-5
2021-11-26T14:39:45.059Z	-5	-5
2021-11-26T14:40:05.069Z	-5	-5
2021-11-26T14:40:25.082Z	-5	-5
2021-11-26T14:40:45.092Z	-5	-5
2021-11-26T14:41:05.096Z	-5	-5
2021-11-26T14:41:25.100Z	-5	-5
2021-11-26T14:41:45.111Z	-5	-5
2021-11-26T14:42:05.119Z	-5	-5
2021-11-26T14:42:25.130Z	-5	-5
2021-11-26T14:42:45.140Z	-5	-5
2021-11-26T14:43:05.150Z	-5	-5
2021-11-26T14:43:25.156Z	-5	-5
2021-11-26T14:43:45.159Z	-5	-5
2021-11-26T14:44:05.160Z	-5	-5
2021-11-26T14:44:25.172Z	-5	-5
2021-11-26T14:44:45.175Z	-5	-5
2021-11-26T14:45:05.175Z	-5	-5
2021-11-26T14:45:25.175Z	-5	-5
2021-11-26T14:45:45.189Z	-5	-5
2021-11-26T14:46:05.191Z	-5	-5
2021-11-26T14:46:25.205Z	-5	-5
2021-11-26T14:46:45.208Z	-5	-5
2021-11-26T14:47:05.215Z	-5	-5
2021-11-26T14:47:25.220Z	-5	-5
2021-11-26T14:47:45.221Z	-5	-5
2021-11-26T14:48:05.223Z	-5	-5
2021-11-26T14:48:25.233Z	-5	-5
2021-11-26T14:48:45.239Z	-5	-5
2021-11-26T14:49:05.240Z	-5	-5
2021-11-26T14:49:25.248Z	-5	-5
2021-11-26T14:49:45.255Z	-5	-5
2021-11-26T14:50:05.263Z	-5	-5
2021-11-26T14:50:25.267Z	-5	-5
2021-11-26T14:50:45.282Z	-5	-5
2021-11-26T14:51:05.288Z	-5	-5
2021-11-26T14:51:25.298Z	-5	-5
2021-11-26T14:51:45.301Z	-5	-5
2021-11-26T14:52:05.318Z	-5	-5
2021-11-26T14:52:25.333Z	-5	-5
2021-11-26T14:52:45.348Z	-5	-5
2021-11-26T14:53:05.355Z	-5	-5
2021-11-26T14:53:25.360Z	-5	-5
2021-11-26T14:53:45.372Z	-5	-5
2021-11-26T14:54:05.384Z	-5	-5
2021-11-26T14:54:25.394Z	-5	-5
2021-11-26T14:54:45.409Z	-5	-5
2021-11-26T14:55:05.416Z	-5	-5
2021-11-26T14:55:25.430Z	-5	-5
2021-11-26T14:55:45.439Z	-5	-5
2021-11-26T14:56:05.445Z	-5	-5
2021-11-26T14:56:25.460Z	-5	-5
2021-11-26T14:56:45.470Z	-5	-5
2021-11-26T14:57:05.472Z	-5	-5
2021-11-26T14:57:25.473Z	-5	-5
2021-11-26T14:57:45.478Z	-5	-5
2021-11-26T14:58:05.490Z	-5	-5
2021-11-26T14:58:25.504Z	-5	-5
2021-11-26T14:58:45.519Z	-5	-5
2021-11-26T14:59:05.521Z	-5	-5
2021-11-26T14:59:25.533Z	-5	-5
2021-11-26T14:59:45.534Z	-5	-5
2021-11-26T15:00:05.535Z	-5	-5
2021-11-26T15:00:25.536Z	-5	-5
2021-11-26T15:00:45.535Z	-5	-5
2021-11-26T15:01:05.550Z	-5	-5
2021-11-26T15:01:25.562Z	-5	-5
2021-11-26T15:01:45.563Z	-5	-5
2021-11-26T15:02:05.577Z	-5	-5
2021-11-26T15:02:25.580Z	-5	-5
2021-11-26T15:02:45.583Z	-5	-5
2021-11-26T15:03:05.595Z	-5	-5
2021-11-26T15:03:25.597Z	-5	-5
2021-11-26T15:03:45.604Z	-5	-5
2021-11-26T15:04:05.618Z	-5	-5
2021-11-26T15:04:25.619Z	-5	-5
2021-11-26T15:04:45.632Z	-5	-5
2021-11-26T15:05:05.641Z	-5	-5
2021-11-26T15:05:25.645Z	-5	-5
2021-11-26T15:05:45.645Z	-5	-5
2021-11-26T15:06:05.651Z	-5	-5
2021-11-26T15:06:25.658Z	-5	-5
2021-11-26T15:06:45.659Z	-5	-5
2021-11-26T15:07:05.662Z	-5	-5
2021-11-26T15:07:25.674Z	-5	-5
2021-11-26T15:07:45.676Z	-5	-5
2021-11-26T15:08:05.691Z	-5	-5
2021-11-26T15:08:25.692Z	-5	-5
2021-11-26T15:08:45.693Z	-5	-5
2021-11-26T15:09:05.707Z	-5	-5
2021-11-26T15:09:25.708Z	-5	-5
2021-11-26T15:09:45.723Z	-5	-5
2021-11-26T15:10:05.726Z	-5	-5
2021-11-26T15:10:25.732Z	-5	-5
2021-11-26T15:10:45.737Z	-5	-5
2021-11-26T15:11:05.739Z	-5	-5
2021-11-26T15:11:25.749Z	-5	-5
2021-11-26T15:11:45.762Z	-5	-5
2021-11-26T15:12:05.768Z	-5	-5
2021-11-26T15:12:25.770Z	-5	-5
2021-11-26T15:12:45.779Z	-5	-5
2021-11-26T15:13:05.791Z	-5	-5
2021-11-26T15:13:25.804Z	-5	-5
2021-11-26T15:13:45.815Z	-5	-5
2021-11-26T15:14:05.816Z	-5	-5
2021-11-26T15:14:25.830Z	-5	-5
2021-11-26T15:14:45.832Z	-5	-5
2021-11-26T15:15:05.833Z	-5	-5
2021-11-26T15:15:25.833Z	-5	-5
2021-11-26T15:15:45.846Z	-5	-5
2021-11-26T15:16:05.852Z	-5	-5
2021-11-26T15:16:25.862Z	-5	-5
2021-11-26T15:16:45.878Z	-5	-5
2021-11-26T15:17:05.879Z	-5	-5
2021-11-26T15:17:25.892Z	-5	-5
2021-11-26T15:17:45.900Z	-5	-5
2021-11-26T15:18:05.908Z	-5	-5
2021-11-26T15:18:25.923Z	-5	-5
2021-11-26T15:18:45.936Z	-5	-5
2021-11-26T15:19:05.944Z	-5	-5
2021-11-26T15:19:25.948Z	-5	-5
2021-11-26T15:19:45.961Z	-5	-5
2021-11-26T15:20:05.975Z	-5	-5
2021-11-26T15:20:25.990Z	-5	-5
2021-11-26T15:20:46.005Z	-5	-5
2021-11-26T15:21:06.006Z	-5	-5
2021-11-26T15:21:26.007Z	-5	-5
2021-11-26T15:21:46.006Z	-5	-5
2021-11-26T15:22:06.007Z	-5	-5
2021-11-26T15:22:26.018Z	-5	-5
2021-11-26T15:22:46.024Z	-5	-5
2021-11-26T15:23:06.033Z	-5	-5
2021-11-26T15:23:26.033Z	-5	-5
2021-11-26T15:23:46.033Z	-5	-5
2021-11-26T15:24:06.033Z	-5	-5
2021-11-26T15:24:26.036Z	-5	-5
2021-11-26T15:24:46.039Z	-5	-5
2021-11-26T15:25:06.046Z	-5	-5
2021-11-26T15:25:26.048Z	-5	-5
2021-11-26T15:25:46.064Z	-5	-5
2021-11-26T15:26:06.066Z	-5	-5
2021-11-26T15:26:26.068Z	-5	-5
2021-11-26T15:26:46.068Z	-5	-5
2021-11-26T15:27:06.071Z	-5	-5
2021-11-26T15:27:26.086Z	-5	-5
2021-11-26T15:27:46.087Z	-5	-5
2021-11-26T15:28:06.101Z	-5	-5
2021-11-26T15:28:26.110Z	-5	-5
2021-11-26T15:28:46.121Z	-5	-5
2021-11-26T15:29:06.120Z	-5	-5
2021-11-26T15:29:26.125Z	-5	-5
2021-11-26T15:29:46.135Z	-5	-5
2021-11-26T15:30:06.141Z	-5	-5
2021-11-26T15:30:26.141Z	-5	-5
2021-11-26T15:30:46.150Z	-5	-5
2021-11-26T15:31:06.154Z	-5	-5
