time	1-tT	1-T
2021-12-08T07:44:36.373Z	1200	439
2021-12-08T07:44:56.380Z	1200	443
2021-12-08T07:45:16.381Z	1200	448
2021-12-08T07:45:36.404Z	1200	452
2021-12-08T07:45:56.405Z	1200	456
2021-12-08T07:46:16.416Z	1200	460
2021-12-08T07:46:36.420Z	1200	464
2021-12-08T07:46:56.421Z	1200	469
2021-12-08T07:47:16.425Z	1200	473
2021-12-08T07:47:36.434Z	1200	477
2021-12-08T07:47:56.437Z	1200	480
2021-12-08T07:48:16.442Z	1200	484
2021-12-08T07:48:36.454Z	1200	488
2021-12-08T07:48:56.460Z	1200	492
2021-12-08T07:49:16.476Z	1200	496
2021-12-08T07:49:36.476Z	1200	500
2021-12-08T07:49:56.484Z	1200	504
2021-12-08T07:50:16.493Z	1200	507
2021-12-08T07:50:36.495Z	1200	510
2021-12-08T07:50:56.504Z	1200	514
2021-12-08T07:51:16.512Z	1200	518
2021-12-08T07:51:36.514Z	1200	522
2021-12-08T07:51:56.525Z	1200	525
2021-12-08T07:52:16.526Z	1200	529
2021-12-08T07:52:36.535Z	1200	532
2021-12-08T07:52:56.538Z	1200	535
2021-12-08T07:53:16.550Z	1200	539
2021-12-08T07:53:36.557Z	1200	542
2021-12-08T07:53:56.569Z	1200	545
2021-12-08T07:54:16.582Z	1200	548
2021-12-08T07:54:36.594Z	1200	552
2021-12-08T07:54:56.608Z	1200	556
2021-12-08T07:55:16.617Z	1200	559
2021-12-08T07:55:36.628Z	1200	562
2021-12-08T07:55:56.643Z	1200	565
2021-12-08T07:56:16.651Z	1200	568
2021-12-08T07:56:36.659Z	1200	571
2021-12-08T07:56:56.670Z	1200	574
2021-12-08T07:57:16.678Z	1200	578
2021-12-08T07:57:36.690Z	1200	581
2021-12-08T07:57:56.692Z	1200	585
2021-12-08T07:58:16.707Z	1200	587
2021-12-08T07:58:36.711Z	1200	590
2021-12-08T07:58:56.713Z	1200	593
2021-12-08T07:59:16.715Z	1200	595
2021-12-08T07:59:36.724Z	1200	599
2021-12-08T07:59:56.738Z	1200	602
2021-12-08T08:00:16.753Z	1200	605
2021-12-08T08:00:36.759Z	1200	608
2021-12-08T08:00:56.773Z	1200	610
2021-12-08T08:01:16.782Z	1200	613
2021-12-08T08:01:36.795Z	1200	616
2021-12-08T08:01:56.797Z	1200	618
2021-12-08T08:02:16.808Z	1200	621
2021-12-08T08:02:36.818Z	1200	625
2021-12-08T08:02:56.822Z	1200	628
2021-12-08T08:03:16.829Z	1200	631
2021-12-08T08:03:36.833Z	1200	634
2021-12-08T08:03:56.839Z	1200	638
2021-12-08T08:04:16.851Z	1200	641
2021-12-08T08:04:36.859Z	1200	643
2021-12-08T08:04:56.870Z	1200	646
2021-12-08T08:05:16.874Z	1200	649
2021-12-08T08:05:36.874Z	1200	652
2021-12-08T08:05:56.889Z	1200	655
2021-12-08T08:06:16.900Z	1200	658
2021-12-08T08:06:36.903Z	1200	661
2021-12-08T08:06:56.918Z	1200	663
2021-12-08T08:07:16.924Z	1200	666
2021-12-08T08:07:36.925Z	1200	668
2021-12-08T08:07:56.940Z	1200	672
2021-12-08T08:08:16.943Z	1200	675
2021-12-08T08:08:36.944Z	1200	678
2021-12-08T08:08:56.958Z	1200	681
2021-12-08T08:09:16.969Z	1200	683
2021-12-08T08:09:36.980Z	1200	686
2021-12-08T08:09:56.992Z	1200	688
2021-12-08T08:10:17.003Z	1200	691
2021-12-08T08:10:37.011Z	1200	693
2021-12-08T08:10:57.019Z	1200	696
2021-12-08T08:11:17.030Z	1200	699
2021-12-08T08:11:37.036Z	1200	701
2021-12-08T08:11:57.049Z	1200	704
2021-12-08T08:12:17.058Z	1200	706
2021-12-08T08:12:37.062Z	1200	708
2021-12-08T08:12:57.074Z	1200	710
2021-12-08T08:13:17.087Z	1200	713
2021-12-08T08:13:37.091Z	1200	716
2021-12-08T08:13:57.095Z	1200	719
2021-12-08T08:14:17.100Z	1200	721
2021-12-08T08:14:37.104Z	1200	723
2021-12-08T08:14:57.111Z	1200	725
2021-12-08T08:15:17.116Z	1200	728
2021-12-08T08:15:37.129Z	1200	731
2021-12-08T08:15:57.139Z	1200	733
2021-12-08T08:16:17.145Z	1200	736
2021-12-08T08:16:37.152Z	1200	738
2021-12-08T08:16:57.162Z	1200	740
2021-12-08T08:17:17.173Z	1200	742
2021-12-08T08:17:37.173Z	1200	744
2021-12-08T08:17:57.183Z	1200	746
2021-12-08T08:18:17.193Z	1200	749
2021-12-08T08:18:37.197Z	1200	751
2021-12-08T08:18:57.206Z	1200	753
2021-12-08T08:19:17.218Z	1200	755
2021-12-08T08:19:37.225Z	1200	757
2021-12-08T08:19:57.230Z	1200	759
2021-12-08T08:20:17.242Z	1200	761
2021-12-08T08:20:37.246Z	1200	764
2021-12-08T08:20:57.250Z	1200	766
2021-12-08T08:21:17.258Z	1200	768
2021-12-08T08:21:37.261Z	1200	770
2021-12-08T08:21:57.266Z	1200	772
2021-12-08T08:22:17.270Z	1200	775
2021-12-08T08:22:37.272Z	1200	777
2021-12-08T08:22:57.273Z	1200	779
2021-12-08T08:23:17.286Z	1200	781
2021-12-08T08:23:37.292Z	1200	783
2021-12-08T08:23:57.293Z	1200	786
2021-12-08T08:24:17.294Z	1200	788
2021-12-08T08:24:37.302Z	1200	790
2021-12-08T08:24:57.310Z	1200	792
2021-12-08T08:25:17.320Z	1200	794
2021-12-08T08:25:37.334Z	1200	796
2021-12-08T08:25:57.347Z	1200	798
2021-12-08T08:26:17.358Z	1200	801
2021-12-08T08:26:37.364Z	1200	802
2021-12-08T08:26:57.367Z	1200	804
2021-12-08T08:27:17.368Z	1200	807
2021-12-08T08:27:37.369Z	1200	809
2021-12-08T08:27:57.375Z	1200	811
2021-12-08T08:28:17.380Z	1200	812
2021-12-08T08:28:37.390Z	1200	815
2021-12-08T08:28:57.398Z	1200	816
2021-12-08T08:29:17.402Z	1200	818
2021-12-08T08:29:37.403Z	1200	820
2021-12-08T08:29:57.410Z	1200	822
2021-12-08T08:30:17.425Z	1200	824
2021-12-08T08:30:37.425Z	1200	826
2021-12-08T08:30:57.425Z	1200	828
2021-12-08T08:31:17.431Z	1200	830
2021-12-08T08:31:37.439Z	1200	831
2021-12-08T08:31:57.440Z	1200	833
2021-12-08T08:32:17.443Z	1200	835
2021-12-08T08:32:37.456Z	1200	837
2021-12-08T08:32:57.462Z	1200	839
2021-12-08T08:33:17.476Z	1200	840
2021-12-08T08:33:37.483Z	1200	842
2021-12-08T08:33:57.489Z	1200	844
2021-12-08T08:34:17.499Z	1200	845
2021-12-08T08:34:37.511Z	1200	847
2021-12-08T08:34:57.523Z	1200	849
2021-12-08T08:35:17.534Z	1200	851
2021-12-08T08:35:37.545Z	1200	853
2021-12-08T08:35:57.547Z	1200	854
2021-12-08T08:36:17.552Z	1200	856
2021-12-08T08:36:37.552Z	1200	858
2021-12-08T08:36:57.560Z	1200	860
2021-12-08T08:37:17.571Z	1200	862
2021-12-08T08:37:37.578Z	1200	864
2021-12-08T08:37:57.583Z	1200	865
2021-12-08T08:38:17.583Z	1200	867
2021-12-08T08:38:37.597Z	1200	869
2021-12-08T08:38:57.601Z	1200	870
2021-12-08T08:39:17.603Z	1200	872
2021-12-08T08:39:37.615Z	1200	873
2021-12-08T08:39:57.625Z	1200	875
2021-12-08T08:40:17.631Z	1200	877
2021-12-08T08:40:37.646Z	1200	878
2021-12-08T08:40:57.659Z	1200	880
2021-12-08T08:41:17.672Z	1200	881
2021-12-08T08:41:37.672Z	1200	883
2021-12-08T08:41:57.672Z	1200	885
2021-12-08T08:42:17.681Z	1200	887
2021-12-08T08:42:37.693Z	1200	888
2021-12-08T08:42:57.702Z	1200	890
2021-12-08T08:43:17.708Z	1200	892
2021-12-08T08:43:37.717Z	1200	893
2021-12-08T08:43:57.719Z	1200	894
2021-12-08T08:44:17.729Z	1200	896
2021-12-08T08:44:37.738Z	1200	898
2021-12-08T08:44:57.751Z	1200	899
2021-12-08T08:45:17.758Z	1200	900
2021-12-08T08:45:37.764Z	1200	902
2021-12-08T08:45:57.772Z	1200	904
2021-12-08T08:46:17.779Z	1200	906
2021-12-08T08:46:37.790Z	1200	907
2021-12-08T08:46:57.805Z	1200	908
2021-12-08T08:47:17.820Z	1200	910
2021-12-08T08:47:37.835Z	1200	912
2021-12-08T08:47:57.835Z	1200	913
2021-12-08T08:48:17.847Z	1200	914
2021-12-08T08:48:37.861Z	1200	915
2021-12-08T08:48:57.875Z	1200	917
2021-12-08T08:49:17.875Z	1200	919
2021-12-08T08:49:37.881Z	1200	920
2021-12-08T08:49:57.892Z	1200	922
2021-12-08T08:50:17.896Z	1200	923
2021-12-08T08:50:37.907Z	1200	925
2021-12-08T08:50:57.911Z	1200	926
2021-12-08T08:51:17.917Z	1200	928
2021-12-08T08:51:37.919Z	1200	929
2021-12-08T08:51:57.926Z	1200	931
2021-12-08T08:52:17.931Z	1200	933
2021-12-08T08:52:37.936Z	1200	934
2021-12-08T08:52:57.951Z	1200	935
2021-12-08T08:53:17.960Z	1200	937
2021-12-08T08:53:37.976Z	1200	938
2021-12-08T08:53:57.985Z	1200	940
2021-12-08T08:54:17.995Z	1200	941
2021-12-08T08:54:37.996Z	1200	942
2021-12-08T08:54:57.998Z	1200	943
2021-12-08T08:55:18.008Z	1200	945
2021-12-08T08:55:38.010Z	1200	947
2021-12-08T08:55:58.025Z	1200	949
2021-12-08T08:56:18.032Z	1200	950
2021-12-08T08:56:38.032Z	1200	952
2021-12-08T08:56:58.040Z	1200	953
2021-12-08T08:57:18.040Z	1200	954
2021-12-08T08:57:38.053Z	1200	956
2021-12-08T08:57:58.065Z	1200	957
2021-12-08T08:58:18.071Z	1200	959
2021-12-08T08:58:38.077Z	1200	960
2021-12-08T08:58:58.093Z	1200	962
2021-12-08T08:59:18.104Z	1200	963
2021-12-08T08:59:38.113Z	1200	965
2021-12-08T08:59:58.115Z	1200	966
2021-12-08T09:00:18.122Z	1200	967
2021-12-08T09:00:38.132Z	1200	969
2021-12-08T09:00:58.147Z	1200	970
2021-12-08T09:01:18.160Z	1200	972
2021-12-08T09:01:38.168Z	1200	974
2021-12-08T09:01:58.172Z	1200	975
2021-12-08T09:02:18.174Z	1200	977
2021-12-08T09:02:38.180Z	1200	978
2021-12-08T09:02:58.185Z	1200	979
2021-12-08T09:03:18.187Z	1200	980
2021-12-08T09:03:38.189Z	1200	982
2021-12-08T09:03:58.197Z	1200	984
2021-12-08T09:04:18.199Z	1200	984
2021-12-08T09:04:38.206Z	1200	986
2021-12-08T09:04:58.221Z	1200	988
2021-12-08T09:05:18.229Z	1200	989
2021-12-08T09:05:38.243Z	1200	989
2021-12-08T09:05:58.252Z	1200	991
2021-12-08T09:06:18.267Z	1200	992
2021-12-08T09:06:38.272Z	1200	994
2021-12-08T09:06:58.283Z	1200	995
2021-12-08T09:07:18.285Z	1200	996
2021-12-08T09:07:38.297Z	1200	997
2021-12-08T09:07:58.305Z	1200	999
2021-12-08T09:08:18.305Z	1200	1000
2021-12-08T09:08:38.305Z	1200	1001
2021-12-08T09:08:58.308Z	1200	1002
2021-12-08T09:09:18.315Z	1200	1003
2021-12-08T09:09:38.331Z	1200	1004
2021-12-08T09:09:58.337Z	1200	1006
2021-12-08T09:10:18.349Z	1200	1007
2021-12-08T09:10:38.352Z	1200	1008
2021-12-08T09:10:58.351Z	1200	1009
2021-12-08T09:11:18.356Z	1200	1009
2021-12-08T09:11:38.358Z	1200	1010
2021-12-08T09:11:58.361Z	1200	1011
2021-12-08T09:12:18.367Z	1200	1012
2021-12-08T09:12:38.374Z	1200	1014
2021-12-08T09:12:58.378Z	1200	1015
2021-12-08T09:13:18.383Z	1200	1016
2021-12-08T09:13:38.396Z	1200	1017
2021-12-08T09:13:58.410Z	1200	1018
2021-12-08T09:14:18.422Z	1200	1018
2021-12-08T09:14:38.431Z	1200	1019
2021-12-08T09:14:58.437Z	1200	1021
2021-12-08T09:15:18.452Z	1200	1022
2021-12-08T09:15:38.462Z	1200	1023
2021-12-08T09:15:58.470Z	1200	1024
2021-12-08T09:16:18.475Z	1200	1025
2021-12-08T09:16:38.482Z	1200	1026
2021-12-08T09:16:58.489Z	1200	1026
2021-12-08T09:17:18.495Z	1200	1027
2021-12-08T09:17:38.496Z	1200	1028
2021-12-08T09:17:58.500Z	1200	1030
2021-12-08T09:18:18.508Z	1200	1031
2021-12-08T09:18:38.517Z	1200	1032
2021-12-08T09:18:58.518Z	1200	1033
2021-12-08T09:19:18.519Z	1200	1034
2021-12-08T09:19:38.522Z	1200	1035
2021-12-08T09:19:58.522Z	1200	1036
2021-12-08T09:20:18.527Z	1200	1037
2021-12-08T09:20:38.537Z	1200	1037
2021-12-08T09:20:58.547Z	1200	1039
2021-12-08T09:21:18.547Z	1200	1040
2021-12-08T09:21:38.554Z	1200	1041
2021-12-08T09:21:58.559Z	1200	1042
2021-12-08T09:22:18.574Z	1200	1043
2021-12-08T09:22:38.578Z	1200	1044
2021-12-08T09:22:58.581Z	1200	1045
2021-12-08T09:23:18.588Z	1200	1045
2021-12-08T09:23:38.599Z	1200	1047
2021-12-08T09:23:58.599Z	1200	1048
2021-12-08T09:24:18.614Z	1200	1049
2021-12-08T09:24:38.627Z	1200	1050
2021-12-08T09:24:58.629Z	1200	1051
2021-12-08T09:25:18.645Z	1200	1052
2021-12-08T09:25:38.659Z	1200	1052
2021-12-08T09:25:58.673Z	1200	1053
2021-12-08T09:26:18.674Z	1200	1054
2021-12-08T09:26:38.688Z	1200	1055
2021-12-08T09:26:58.692Z	1200	1056
2021-12-08T09:27:18.703Z	1200	1057
2021-12-08T09:27:38.710Z	1200	1058
2021-12-08T09:27:58.722Z	1200	1059
2021-12-08T09:28:18.725Z	1200	1060
2021-12-08T09:28:38.727Z	1200	1061
2021-12-08T09:28:58.733Z	1200	1062
2021-12-08T09:29:18.747Z	1200	1062
2021-12-08T09:29:38.762Z	1200	1063
2021-12-08T09:29:58.776Z	1200	1064
2021-12-08T09:30:18.783Z	1200	1066
2021-12-08T09:30:38.794Z	1200	1067
2021-12-08T09:30:58.799Z	1200	1068
2021-12-08T09:31:18.806Z	1200	1068
2021-12-08T09:31:38.822Z	1200	1069
2021-12-08T09:31:58.835Z	1200	1070
2021-12-08T09:32:18.844Z	1200	1071
2021-12-08T09:32:38.848Z	1200	1072
2021-12-08T09:32:58.852Z	1200	1072
2021-12-08T09:33:18.855Z	1200	1074
2021-12-08T09:33:38.870Z	1200	1075
2021-12-08T09:33:58.873Z	1200	1076
2021-12-08T09:34:18.874Z	1200	1077
2021-12-08T09:34:38.878Z	1200	1077
2021-12-08T09:34:58.880Z	1200	1078
2021-12-08T09:35:18.888Z	1200	1079
2021-12-08T09:35:38.893Z	1200	1080
2021-12-08T09:35:58.899Z	1200	1081
2021-12-08T09:36:18.910Z	1200	1083
2021-12-08T09:36:38.916Z	1200	1084
2021-12-08T09:36:58.922Z	1200	1084
2021-12-08T09:37:18.932Z	1200	1085
2021-12-08T09:37:38.946Z	1200	1086
2021-12-08T09:37:58.959Z	1200	1086
2021-12-08T09:38:18.972Z	1200	1087
2021-12-08T09:38:38.981Z	1200	1088
2021-12-08T09:38:58.991Z	1200	1090
2021-12-08T09:39:18.996Z	1200	1090
2021-12-08T09:39:39.011Z	1200	1092
2021-12-08T09:39:59.021Z	1200	1093
2021-12-08T09:40:19.025Z	1200	1093
2021-12-08T09:40:39.040Z	1200	1094
2021-12-08T09:40:59.048Z	1200	1094
2021-12-08T09:41:19.060Z	1200	1095
2021-12-08T09:41:39.063Z	1200	1096
2021-12-08T09:41:59.063Z	1200	1097
2021-12-08T09:42:19.072Z	1200	1098
2021-12-08T09:42:39.088Z	1200	1099
2021-12-08T09:42:59.103Z	1200	1100
2021-12-08T09:43:19.113Z	1200	1100
2021-12-08T09:43:39.120Z	1200	1101
2021-12-08T09:43:59.128Z	1200	1102
2021-12-08T09:44:19.133Z	1200	1102
2021-12-08T09:44:39.146Z	1200	1103
2021-12-08T09:44:59.150Z	1200	1103
2021-12-08T09:45:19.159Z	1200	1104
2021-12-08T09:45:39.168Z	1200	1105
2021-12-08T09:45:59.168Z	1200	1106
2021-12-08T09:46:19.168Z	1200	1107
2021-12-08T09:46:39.169Z	1200	1108
2021-12-08T09:46:59.179Z	1200	1109
2021-12-08T09:47:19.192Z	1200	1110
2021-12-08T09:47:39.193Z	1200	1111
2021-12-08T09:47:59.201Z	1200	1111
2021-12-08T09:48:19.206Z	1200	1112
2021-12-08T09:48:39.212Z	1200	1113
2021-12-08T09:48:59.221Z	1200	1114
2021-12-08T09:49:19.230Z	1200	1115
2021-12-08T09:49:39.238Z	1200	1116
2021-12-08T09:49:59.244Z	1200	1117
2021-12-08T09:50:19.250Z	1200	1117
2021-12-08T09:50:39.251Z	1200	1118
2021-12-08T09:50:59.266Z	1200	1119
2021-12-08T09:51:19.278Z	1200	1120
2021-12-08T09:51:39.294Z	1200	1120
2021-12-08T09:51:59.293Z	1200	1121
2021-12-08T09:52:19.303Z	1200	1121
2021-12-08T09:52:39.314Z	1200	1122
2021-12-08T09:52:59.330Z	1200	1123
2021-12-08T09:53:19.341Z	1200	1124
2021-12-08T09:53:39.351Z	1200	1125
2021-12-08T09:53:59.356Z	1200	1126
2021-12-08T09:54:19.367Z	1200	1127
2021-12-08T09:54:39.371Z	1200	1128
2021-12-08T09:54:59.372Z	1200	1128
2021-12-08T09:55:19.376Z	1200	1129
2021-12-08T09:55:39.385Z	1200	1130
2021-12-08T09:55:59.386Z	1200	1131
2021-12-08T09:56:19.391Z	1200	1133
2021-12-08T09:56:39.405Z	1200	1134
2021-12-08T09:56:59.415Z	1200	1134
2021-12-08T09:57:19.430Z	1200	1134
2021-12-08T09:57:39.440Z	1200	1135
2021-12-08T09:57:59.444Z	1200	1136
2021-12-08T09:58:19.455Z	1200	1137
2021-12-08T09:58:39.466Z	1200	1137
2021-12-08T09:58:59.466Z	1200	1138
2021-12-08T09:59:19.477Z	1200	1138
2021-12-08T09:59:39.486Z	1200	1139
2021-12-08T09:59:59.501Z	1200	1140
2021-12-08T10:00:19.504Z	1200	1141
2021-12-08T10:00:39.516Z	1200	1142
2021-12-08T10:00:59.521Z	1200	1142
2021-12-08T10:01:19.523Z	1200	1143
2021-12-08T10:01:39.535Z	1200	1144
2021-12-08T10:01:59.542Z	1200	1144
2021-12-08T10:02:19.548Z	1200	1145
2021-12-08T10:02:39.555Z	1200	1145
2021-12-08T10:02:59.564Z	1200	1145
2021-12-08T10:03:19.570Z	1200	1146
2021-12-08T10:03:39.583Z	1200	1147
2021-12-08T10:03:59.587Z	1200	1148
2021-12-08T10:04:19.591Z	1200	1149
2021-12-08T10:04:39.598Z	1200	1150
2021-12-08T10:04:59.602Z	1200	1150
2021-12-08T10:05:19.608Z	1200	1151
2021-12-08T10:05:39.609Z	1200	1151
2021-12-08T10:05:59.609Z	1200	1151
2021-12-08T10:06:19.611Z	1200	1152
2021-12-08T10:06:39.620Z	1200	1152
2021-12-08T10:06:59.635Z	1200	1153
2021-12-08T10:07:19.646Z	1200	1153
2021-12-08T10:07:39.656Z	1200	1154
2021-12-08T10:07:59.661Z	1200	1154
2021-12-08T10:08:19.670Z	1200	1155
2021-12-08T10:08:39.671Z	1200	1156
2021-12-08T10:08:59.675Z	1200	1157
2021-12-08T10:09:19.686Z	1200	1158
2021-12-08T10:09:39.688Z	1200	1159
2021-12-08T10:09:59.696Z	1200	1160
2021-12-08T10:10:19.707Z	1200	1160
2021-12-08T10:10:39.722Z	1200	1161
2021-12-08T10:10:59.725Z	1200	1161
2021-12-08T10:11:19.738Z	1200	1161
2021-12-08T10:11:39.753Z	1200	1162
2021-12-08T10:11:59.763Z	1200	1163
2021-12-08T10:12:19.766Z	1200	1163
2021-12-08T10:12:39.781Z	1200	1163
2021-12-08T10:12:59.785Z	1200	1164
2021-12-08T10:13:19.797Z	1200	1164
2021-12-08T10:13:39.797Z	1200	1165
2021-12-08T10:13:59.810Z	1200	1166
2021-12-08T10:14:19.818Z	1200	1167
2021-12-08T10:14:39.818Z	1200	1168
2021-12-08T10:14:59.832Z	1200	1168
2021-12-08T10:15:19.841Z	1200	1169
2021-12-08T10:15:39.849Z	1200	1169
2021-12-08T10:15:59.853Z	1200	1170
2021-12-08T10:16:19.862Z	1200	1170
2021-12-08T10:16:39.869Z	1200	1170
2021-12-08T10:16:59.882Z	1200	1170
2021-12-08T10:17:19.896Z	1200	1171
2021-12-08T10:17:39.902Z	1200	1171
2021-12-08T10:17:59.902Z	1200	1171
2021-12-08T10:18:19.910Z	1200	1171
2021-12-08T10:18:39.911Z	1200	1172
2021-12-08T10:18:59.919Z	1200	1173
2021-12-08T10:19:19.923Z	1200	1173
2021-12-08T10:19:39.935Z	1200	1174
2021-12-08T10:19:59.936Z	1200	1175
2021-12-08T10:20:19.937Z	1200	1175
2021-12-08T10:20:39.938Z	1200	1176
2021-12-08T10:20:59.949Z	1200	1176
2021-12-08T10:21:19.952Z	1200	1177
2021-12-08T10:21:39.955Z	1200	1177
2021-12-08T10:21:59.968Z	1200	1177
2021-12-08T10:22:19.982Z	1200	1177
2021-12-08T10:22:39.987Z	1200	1178
2021-12-08T10:22:59.997Z	1200	1178
2021-12-08T10:23:20.004Z	1200	1179
2021-12-08T10:23:40.011Z	1200	1179
2021-12-08T10:24:00.015Z	1200	1180
2021-12-08T10:24:20.018Z	1200	1181
2021-12-08T10:24:40.020Z	1200	1182
2021-12-08T10:25:00.028Z	1200	1182
2021-12-08T10:25:20.034Z	1200	1183
2021-12-08T10:25:40.044Z	1200	1183
2021-12-08T10:26:00.056Z	1200	1183
2021-12-08T10:26:20.066Z	1200	1183
2021-12-08T10:26:40.080Z	1200	1184
2021-12-08T10:27:00.089Z	1200	1184
2021-12-08T10:27:20.097Z	1200	1184
2021-12-08T10:27:40.102Z	1200	1185
2021-12-08T10:28:00.114Z	1200	1185
2021-12-08T10:28:20.122Z	1200	1186
2021-12-08T10:28:40.135Z	1200	1186
2021-12-08T10:29:00.149Z	1200	1187
2021-12-08T10:29:20.151Z	1200	1188
2021-12-08T10:29:40.153Z	1200	1188
2021-12-08T10:30:00.154Z	1200	1189
2021-12-08T10:30:20.169Z	1200	1190
2021-12-08T10:30:40.173Z	1200	1190
2021-12-08T10:31:00.179Z	1200	1191
2021-12-08T10:31:20.183Z	1200	1192
2021-12-08T10:31:40.186Z	1200	1192
2021-12-08T10:32:00.191Z	1200	1193
2021-12-08T10:32:20.205Z	1200	1193
2021-12-08T10:32:40.208Z	1200	1187
2021-12-08T10:33:00.223Z	1200	1190
2021-12-08T10:33:20.234Z	1200	1191
2021-12-08T10:34:11.890Z	1200	1189
2021-12-08T10:34:31.894Z	1200	1190
2021-12-08T10:35:31.916Z	1200	1190
2021-12-08T10:36:11.929Z	1200	1191
2021-12-08T10:37:51.956Z	1200	1195
2021-12-08T10:38:11.972Z	1200	1196
2021-12-08T10:38:31.977Z	1200	1196
2021-12-08T10:38:51.976Z	1200	1189
2021-12-08T10:40:11.995Z	1200	1189
2021-12-08T10:40:31.995Z	1200	1191
2021-12-08T10:41:31.998Z	1200	1190
2021-12-08T10:42:31.998Z	1200	1195
2021-12-08T10:42:52.009Z	1200	1191
2021-12-08T10:43:32.030Z	1200	1195
2021-12-08T10:43:52.038Z	1200	1190
2021-12-08T10:45:12.072Z	1200	1190
2021-12-08T10:46:12.095Z	1200	1190
2021-12-08T10:46:32.100Z	1200	1191
2021-12-08T10:47:32.120Z	1200	1191
2021-12-08T10:48:12.126Z	1200	1189
2021-12-08T10:49:32.147Z	1200	1189
2021-12-08T10:49:52.153Z	1200	1191
2021-12-08T10:50:52.169Z	1200	1190
2021-12-08T10:51:52.189Z	1200	1195
2021-12-08T10:52:12.196Z	1200	1196
2021-12-08T10:52:32.211Z	1200	1190
2021-12-08T10:53:32.232Z	1200	1191
2021-12-08T10:53:52.238Z	1200	1190
2021-12-08T10:55:12.262Z	1200	1191
2021-12-08T10:56:12.297Z	1200	1190
2021-12-08T10:57:12.333Z	1200	1189
2021-12-08T10:58:12.342Z	1200	1196
2021-12-08T10:58:32.350Z	1200	1195
2021-12-08T10:59:12.361Z	1200	1195
2021-12-08T10:59:52.383Z	1200	1190
2021-12-08T11:01:32.420Z	1200	1196
2021-12-08T11:02:52.456Z	1200	1184
2021-12-08T11:03:12.457Z	1200	1176
2021-12-08T11:03:32.457Z	1200	1169
2021-12-08T11:03:52.470Z	1200	1162
2021-12-08T11:04:12.481Z	1200	1156
2021-12-08T11:04:32.493Z	1200	1151
2021-12-08T11:04:52.498Z	1200	1144
2021-12-08T11:05:12.501Z	1200	1140
2021-12-08T11:05:32.506Z	1200	1134
2021-12-08T11:05:52.511Z	1200	1129
2021-12-08T11:06:12.518Z	1200	1124
2021-12-08T11:06:32.526Z	1200	1120
2021-12-08T11:06:52.540Z	1200	1116
2021-12-08T11:07:12.541Z	1200	1111
2021-12-08T11:07:32.554Z	1200	1107
2021-12-08T11:07:52.565Z	1200	1102
2021-12-08T11:08:12.577Z	1200	1098
2021-12-08T11:08:32.589Z	1200	1095
2021-12-08T11:08:52.601Z	1200	1090
2021-12-08T11:09:12.614Z	1200	1087
2021-12-08T11:09:32.620Z	1200	1083
2021-12-08T11:09:52.634Z	1200	1079
2021-12-08T11:10:12.639Z	1200	1075
2021-12-08T11:10:32.647Z	1200	1072
2021-12-08T11:10:52.650Z	1200	1068
2021-12-08T11:11:12.657Z	1200	1065
2021-12-08T11:11:32.659Z	1200	1061
2021-12-08T11:11:52.667Z	1200	1058
2021-12-08T11:12:12.669Z	1200	1055
2021-12-08T11:12:32.669Z	1200	1052
2021-12-08T11:12:52.675Z	1200	1048
2021-12-08T11:13:12.679Z	1200	1045
2021-12-08T11:13:32.694Z	1200	1042
2021-12-08T11:13:52.695Z	1200	1039
2021-12-08T11:14:12.701Z	1200	1036
2021-12-08T11:14:32.710Z	1200	1033
2021-12-08T11:14:52.718Z	1200	1030
2021-12-08T11:15:12.731Z	1200	1027
2021-12-08T11:15:32.738Z	1200	1024
2021-12-08T11:15:52.753Z	1200	1021
2021-12-08T11:16:12.761Z	1200	1018
2021-12-08T11:16:32.768Z	1200	1016
2021-12-08T11:16:52.776Z	1200	1013
2021-12-08T11:17:12.781Z	1200	1010
2021-12-08T11:17:32.785Z	1200	1007
2021-12-08T11:17:52.786Z	1200	1004
2021-12-08T11:18:12.790Z	1200	1002
2021-12-08T11:18:32.791Z	1200	1000
2021-12-08T11:18:52.793Z	1200	996
2021-12-08T11:19:12.800Z	1200	994
2021-12-08T11:19:32.808Z	1200	991
2021-12-08T11:19:52.811Z	1200	989
2021-12-08T11:20:12.815Z	1200	986
2021-12-08T11:20:32.814Z	1200	984
2021-12-08T11:20:52.819Z	1200	981
2021-12-08T11:21:12.829Z	1200	978
2021-12-08T11:21:32.833Z	1200	976
2021-12-08T11:21:52.843Z	1200	975
2021-12-08T11:22:12.845Z	1200	971
2021-12-08T11:22:32.858Z	1200	969
2021-12-08T11:22:52.868Z	1200	967
2021-12-08T11:23:12.873Z	1200	965
2021-12-08T11:23:32.883Z	1200	962
2021-12-08T11:23:52.896Z	1200	960
2021-12-08T11:24:12.904Z	1200	958
2021-12-08T11:24:32.913Z	1200	955
2021-12-08T11:24:52.915Z	1200	953
2021-12-08T11:25:12.923Z	1200	950
2021-12-08T11:25:32.930Z	1200	948
2021-12-08T11:25:52.935Z	1200	946
2021-12-08T11:26:12.937Z	1200	944
2021-12-08T11:26:32.947Z	1200	942
2021-12-08T11:26:52.958Z	1200	940
2021-12-08T11:27:12.969Z	1200	937
2021-12-08T11:27:32.984Z	1200	935
2021-12-08T11:27:52.986Z	1200	933
2021-12-08T11:28:13.000Z	1200	931
2021-12-08T11:28:33.003Z	1200	929
2021-12-08T11:28:53.014Z	1200	927
2021-12-08T11:29:13.019Z	1200	925
2021-12-08T11:29:33.028Z	1200	922
2021-12-08T11:29:53.035Z	1200	921
2021-12-08T11:30:13.039Z	1200	918
2021-12-08T11:30:33.048Z	1200	916
2021-12-08T11:30:53.051Z	1200	914
2021-12-08T11:31:13.065Z	1200	912
2021-12-08T11:31:33.067Z	1200	910
2021-12-08T11:31:53.079Z	1200	908
2021-12-08T11:32:13.085Z	1200	906
2021-12-08T11:32:33.087Z	1200	904
2021-12-08T11:32:53.097Z	1200	903
2021-12-08T11:33:13.099Z	1200	901
2021-12-08T11:33:33.112Z	1200	899
2021-12-08T11:33:53.117Z	1200	897
2021-12-08T11:34:13.121Z	1200	895
2021-12-08T11:34:33.128Z	1200	893
2021-12-08T11:34:53.140Z	1200	891
2021-12-08T11:35:13.142Z	1200	889
2021-12-08T11:35:33.147Z	1200	887
2021-12-08T11:35:53.155Z	1200	885
2021-12-08T11:36:13.166Z	1200	885
2021-12-08T11:36:33.172Z	1200	882
2021-12-08T11:36:53.186Z	1200	881
2021-12-08T11:37:13.189Z	1200	879
2021-12-08T11:37:33.193Z	1200	877
2021-12-08T11:37:53.197Z	1200	875
2021-12-08T11:38:13.209Z	1200	873
2021-12-08T11:38:33.224Z	1200	871
2021-12-08T11:38:53.236Z	1200	871
2021-12-08T11:39:13.251Z	1200	869
2021-12-08T11:39:33.253Z	1200	866
2021-12-08T11:39:53.257Z	1200	864
2021-12-08T11:40:13.260Z	1200	863
2021-12-08T11:40:33.266Z	1200	861
2021-12-08T11:40:53.270Z	1200	860
2021-12-08T11:41:13.282Z	1200	858
2021-12-08T11:41:33.286Z	1200	856
2021-12-08T11:41:53.299Z	1200	854
2021-12-08T11:42:13.311Z	1200	853
2021-12-08T11:42:33.318Z	1200	851
2021-12-08T11:42:53.324Z	1200	849
2021-12-08T11:43:13.325Z	1200	848
2021-12-08T11:43:33.327Z	1200	847
2021-12-08T11:43:53.340Z	1200	844
2021-12-08T11:44:13.343Z	1200	842
2021-12-08T11:44:33.349Z	1200	842
2021-12-08T11:44:53.357Z	1200	839
2021-12-08T11:45:13.361Z	1200	839
2021-12-08T11:45:33.364Z	1200	836
2021-12-08T11:45:53.369Z	1200	835
2021-12-08T11:46:13.373Z	1200	834
2021-12-08T11:46:33.388Z	1200	831
2021-12-08T11:46:53.389Z	1200	830
2021-12-08T11:47:13.399Z	1200	828
2021-12-08T11:47:33.401Z	1200	828
2021-12-08T11:47:53.415Z	1200	826
2021-12-08T11:48:13.428Z	1200	824
2021-12-08T11:48:33.437Z	1200	823
2021-12-08T11:48:53.440Z	1200	821
2021-12-08T11:49:13.441Z	1200	820
2021-12-08T11:49:33.446Z	1200	819
2021-12-08T11:49:53.447Z	1200	817
2021-12-08T11:50:13.450Z	1200	815
2021-12-08T11:50:33.454Z	1200	814
2021-12-08T11:50:53.464Z	1200	812
2021-12-08T11:51:13.465Z	1200	811
2021-12-08T11:51:33.470Z	1200	810
2021-12-08T11:51:53.481Z	1200	808
2021-12-08T11:52:13.484Z	1200	807
2021-12-08T11:52:33.492Z	1200	805
2021-12-08T11:52:53.493Z	1200	804
2021-12-08T11:53:13.502Z	1200	802
2021-12-08T11:53:33.515Z	1200	800
2021-12-08T11:53:53.519Z	1200	799
2021-12-08T11:54:13.531Z	1200	798
2021-12-08T11:54:33.536Z	1200	796
2021-12-08T11:54:53.543Z	1200	795
2021-12-08T11:55:13.548Z	1200	793
2021-12-08T11:55:33.561Z	1200	792
2021-12-08T11:55:53.563Z	1200	791
2021-12-08T11:56:13.574Z	1200	790
2021-12-08T11:56:33.584Z	1200	788
2021-12-08T11:56:53.587Z	1200	787
2021-12-08T11:57:13.587Z	1200	785
2021-12-08T11:57:33.595Z	1200	784
2021-12-08T11:57:53.610Z	1200	782
2021-12-08T11:58:13.611Z	1200	781
2021-12-08T11:58:33.625Z	1200	780
2021-12-08T11:58:53.639Z	1200	778
2021-12-08T11:59:13.645Z	1200	777
2021-12-08T11:59:33.644Z	1200	776
2021-12-08T11:59:53.648Z	1200	774
2021-12-08T12:00:13.656Z	1200	773
2021-12-08T12:00:33.670Z	1200	771
2021-12-08T12:00:53.677Z	1200	770
2021-12-08T12:01:13.692Z	1200	769
2021-12-08T12:01:33.703Z	1200	768
2021-12-08T12:01:53.711Z	1200	766
2021-12-08T12:02:13.718Z	1200	765
2021-12-08T12:02:33.730Z	1200	764
2021-12-08T12:02:53.733Z	1200	762
2021-12-08T12:03:13.735Z	1200	761
2021-12-08T12:03:33.747Z	1200	760
2021-12-08T12:03:53.754Z	1200	759
2021-12-08T12:04:13.753Z	1200	757
2021-12-08T12:04:33.761Z	1200	756
2021-12-08T12:04:53.770Z	1200	755
2021-12-08T12:05:13.774Z	1200	754
2021-12-08T12:05:33.786Z	1200	752
