time	1-SP	1-T	2-T	2-SP
2022-01-26T06:50:32.897Z	609	606	554	555
2022-01-26T06:50:52.897Z	662	664	581	582
2022-01-26T06:51:12.898Z	713	715	608	609
2022-01-26T06:51:32.899Z	761	763	637	636
2022-01-26T06:51:52.899Z	807	809	664	662
2022-01-26T06:52:12.900Z	848	850	689	688
2022-01-26T06:52:32.900Z	886	887	715	713
2022-01-26T06:52:52.900Z	921	920	739	738
2022-01-26T06:53:12.902Z	948	947	763	762
2022-01-26T06:53:32.903Z	970	969	786	787
2022-01-26T06:53:52.903Z	986	985	808	809
2022-01-26T06:54:12.905Z	996	996	829	830
2022-01-26T06:54:32.906Z	1000	1000	850	850
2022-01-26T06:54:52.907Z	998	998	869	870
2022-01-26T06:55:12.908Z	990	989	888	888
2022-01-26T06:55:32.909Z	976	975	905	904
2022-01-26T06:55:52.911Z	956	955	921	920
2022-01-26T06:56:12.911Z	931	930	935	934
2022-01-26T06:56:32.912Z	900	898	948	947
2022-01-26T06:56:52.913Z	861	863	960	959
2022-01-26T06:57:12.914Z	821	823	970	969
2022-01-26T06:57:32.915Z	777	779	978	979
2022-01-26T06:57:52.916Z	729	731	986	986
2022-01-26T06:58:12.916Z	679	681	991	992
2022-01-26T06:58:32.917Z	627	629	996	996
2022-01-26T06:58:52.917Z	573	570	999	999
2022-01-26T06:59:12.918Z	518	515	1000	1000
2022-01-26T06:59:32.919Z	463	460	1000	1000
2022-01-26T06:59:52.919Z	408	406	998	998
2022-01-26T07:00:12.919Z	355	352	994	995
2022-01-26T07:00:32.919Z	303	301	989	990
2022-01-26T07:00:52.919Z	249	251	983	983
2022-01-26T07:01:12.920Z	203	205	975	975
2022-01-26T07:01:32.919Z	161	163	966	965
2022-01-26T07:01:52.922Z	122	124	955	955
2022-01-26T07:02:12.922Z	89	90	943	943
2022-01-26T07:02:32.922Z	60	61	930	929
2022-01-26T07:02:52.927Z	35	36	914	915
2022-01-26T07:03:12.933Z	19	18	898	898
2022-01-26T07:03:32.936Z	6	6	881	881
2022-01-26T07:03:52.939Z	1	1	862	861
2022-01-26T07:04:12.950Z	1	1	842	843
2022-01-26T07:04:32.958Z	7	8	823	822
2022-01-26T07:04:52.961Z	20	20	800	799
2022-01-26T07:05:12.962Z	39	38	777	778
2022-01-26T07:05:32.966Z	62	63	753	754
2022-01-26T07:05:52.972Z	92	91	730	729
2022-01-26T07:06:12.984Z	128	126	704	706
2022-01-26T07:06:32.993Z	168	166	678	680
2022-01-26T07:06:53.001Z	208	210	652	653
2022-01-26T07:07:13.008Z	256	258	627	626
2022-01-26T07:07:33.021Z	307	305	599	598
2022-01-26T07:07:53.021Z	361	358	571	572
2022-01-26T07:08:13.021Z	414	412	544	543
2022-01-26T07:08:33.022Z	469	467	516	515
2022-01-26T07:08:53.022Z	524	522	489	487
2022-01-26T07:09:13.023Z	579	576	461	460
2022-01-26T07:09:33.023Z	633	635	434	433
2022-01-26T07:09:53.024Z	685	687	407	405
2022-01-26T07:10:13.025Z	735	737	377	379
2022-01-26T07:10:33.026Z	782	784	351	352
2022-01-26T07:10:53.027Z	826	828	325	326
2022-01-26T07:11:13.028Z	869	867	299	300
2022-01-26T07:11:33.028Z	904	902	274	275
2022-01-26T07:11:53.031Z	934	932	250	249
2022-01-26T07:12:13.032Z	958	957	227	226
2022-01-26T07:12:33.032Z	978	977	204	203
2022-01-26T07:12:53.034Z	991	991	182	181
2022-01-26T07:13:13.035Z	998	999	161	161
2022-01-26T07:13:33.035Z	1000	1000	140	141
2022-01-26T07:13:53.035Z	995	995	121	122
2022-01-26T07:14:13.036Z	984	984	104	105
2022-01-26T07:14:33.037Z	968	967	88	89
2022-01-26T07:14:53.038Z	943	944	73	74
2022-01-26T07:15:13.039Z	915	917	59	60
2022-01-26T07:15:33.040Z	882	884	47	46
2022-01-26T07:15:53.040Z	844	846	36	35
2022-01-26T07:16:13.040Z	802	804	26	26
2022-01-26T07:16:33.041Z	757	759	18	18
2022-01-26T07:16:53.042Z	708	706	12	11
2022-01-26T07:17:13.042Z	657	654	6	6
2022-01-26T07:17:33.042Z	603	601	3	3
2022-01-26T07:17:53.042Z	549	546	1	1
2022-01-26T07:18:13.043Z	494	491	0	0
2022-01-26T07:18:33.044Z	434	436	1	1
2022-01-26T07:18:53.044Z	380	382	4	3
2022-01-26T07:19:13.044Z	327	330	8	8
2022-01-26T07:19:33.044Z	277	279	13	13
2022-01-26T07:19:53.045Z	229	231	20	21
2022-01-26T07:20:13.047Z	184	182	29	29
2022-01-26T07:20:33.047Z	144	142	39	39
2022-01-26T07:20:53.047Z	107	106	51	50
2022-01-26T07:21:13.048Z	76	74	64	63
2022-01-26T07:21:33.049Z	49	48	78	77
2022-01-26T07:21:53.049Z	28	27	93	92
2022-01-26T07:22:13.049Z	12	12	110	109
2022-01-26T07:22:33.049Z	3	3	128	127
2022-01-26T07:22:53.049Z	0	0	147	147
2022-01-26T07:23:13.058Z	3	3	167	166
2022-01-26T07:23:33.062Z	12	13	189	188
2022-01-26T07:23:53.069Z	28	27	210	211
2022-01-26T07:24:13.071Z	50	49	234	233
2022-01-26T07:24:33.079Z	75	76	258	257
2022-01-26T07:24:53.080Z	108	106	281	282
2022-01-26T07:25:13.087Z	146	144	307	306
2022-01-26T07:25:33.093Z	184	186	334	333
2022-01-26T07:25:53.105Z	230	233	359	360
2022-01-26T07:26:13.115Z	280	278	386	388
2022-01-26T07:26:33.117Z	328	330	414	413
2022-01-26T07:26:53.121Z	382	385	440	441
2022-01-26T07:27:13.125Z	439	436	468	470
2022-01-26T07:27:33.130Z	496	493	497	496
2022-01-26T07:27:53.131Z	547	550	526	524
2022-01-26T07:28:13.139Z	604	601	551	553
2022-01-26T07:28:33.146Z	659	657	580	578
2022-01-26T07:28:53.155Z	708	710	608	607
2022-01-26T07:29:13.163Z	758	760	633	634
2022-01-26T07:29:33.165Z	805	803	660	662
2022-01-26T07:29:53.176Z	845	846	687	686
2022-01-26T07:30:13.184Z	884	885	711	712
2022-01-26T07:30:33.195Z	918	916	737	738
2022-01-26T07:30:53.199Z	944	945	761	760
2022-01-26T07:31:13.202Z	967	968	783	784
2022-01-26T07:31:33.213Z	985	984	806	807
2022-01-26T07:31:53.217Z	995	995	828	827
2022-01-26T07:32:13.228Z	1000	1000	849	848
2022-01-26T07:32:33.231Z	998	998	867	868
2022-01-26T07:32:53.233Z	990	991	886	885
2022-01-26T07:33:13.240Z	977	977	904	903
2022-01-26T07:33:33.243Z	957	956	918	919
2022-01-26T07:33:53.251Z	931	933	933	934
2022-01-26T07:34:13.266Z	903	901	947	946
2022-01-26T07:34:33.270Z	866	865	958	958
2022-01-26T07:34:53.277Z	825	827	969	969
2022-01-26T07:35:13.280Z	780	782	978	977
2022-01-26T07:35:33.293Z	735	733	985	985
2022-01-26T07:35:53.302Z	684	681	991	991
2022-01-26T07:36:13.312Z	630	632	996	996
2022-01-26T07:36:33.326Z	579	576	999	998
2022-01-26T07:36:53.326Z	522	519	1000	1000
2022-01-26T07:37:13.329Z	465	468	1000	1000
2022-01-26T07:37:33.330Z	408	411	998	998
2022-01-26T07:37:53.330Z	358	355	995	995
2022-01-26T07:38:13.338Z	304	306	990	990
2022-01-26T07:38:33.354Z	253	255	984	984
2022-01-26T07:38:53.357Z	209	207	976	976
2022-01-26T07:39:13.366Z	165	163	967	966
2022-01-26T07:39:33.376Z	125	126	956	955
2022-01-26T07:39:53.383Z	92	91	943	944
2022-01-26T07:40:13.391Z	62	61	931	930
2022-01-26T07:40:33.392Z	37	38	916	915
2022-01-26T07:40:53.394Z	20	19	899	900
2022-01-26T07:41:13.397Z	7	7	881	882
2022-01-26T07:41:33.411Z	1	1	864	863
2022-01-26T07:41:53.421Z	1	1	844	845
2022-01-26T07:42:13.428Z	7	7	823	824
2022-01-26T07:42:33.438Z	19	20	802	801
2022-01-26T07:42:53.443Z	38	37	779	778
2022-01-26T07:43:13.449Z	60	61	755	756
2022-01-26T07:43:33.449Z	90	91	732	731
2022-01-26T07:43:53.449Z	124	123	707	706
2022-01-26T07:44:13.449Z	163	165	682	680
2022-01-26T07:44:33.450Z	206	208	656	654
2022-01-26T07:44:53.450Z	252	254	627	628
2022-01-26T07:45:13.450Z	301	303	600	601
2022-01-26T07:45:33.450Z	353	355	573	574
2022-01-26T07:45:53.451Z	411	409	545	547
2022-01-26T07:46:13.451Z	466	463	518	519
2022-01-26T07:46:33.452Z	521	518	490	489
2022-01-26T07:46:53.454Z	576	573	463	462
2022-01-26T07:47:13.454Z	630	627	435	434
2022-01-26T07:47:33.454Z	682	680	408	407
2022-01-26T07:47:53.454Z	732	734	381	380
2022-01-26T07:48:13.455Z	779	781	355	354
2022-01-26T07:48:33.455Z	823	825	326	327
2022-01-26T07:48:53.455Z	863	865	301	302
2022-01-26T07:49:13.455Z	899	900	276	277
2022-01-26T07:49:33.455Z	932	931	252	253
2022-01-26T07:49:53.455Z	957	956	228	229
2022-01-26T07:50:13.456Z	977	976	205	204
2022-01-26T07:50:33.456Z	990	990	184	183
2022-01-26T07:50:53.456Z	998	998	163	162
2022-01-26T07:51:13.456Z	1000	1000	143	142
2022-01-26T07:51:33.457Z	996	995	124	123
2022-01-26T07:51:53.457Z	985	985	107	106
2022-01-26T07:52:13.457Z	969	968	89	89
2022-01-26T07:52:33.458Z	947	946	74	74
2022-01-26T07:52:53.458Z	920	918	60	61
2022-01-26T07:53:13.458Z	884	886	48	48
2022-01-26T07:53:33.458Z	847	848	37	37
2022-01-26T07:53:53.460Z	805	807	27	26
2022-01-26T07:54:13.461Z	759	761	19	18
2022-01-26T07:54:33.461Z	711	713	12	12
2022-01-26T07:54:53.463Z	660	662	7	7
2022-01-26T07:55:13.464Z	607	604	3	3
2022-01-26T07:55:33.464Z	552	550	1	1
2022-01-26T07:55:53.465Z	497	495	0	0
2022-01-26T07:56:13.465Z	442	440	1	1
2022-01-26T07:56:33.465Z	388	385	3	3
2022-01-26T07:56:53.465Z	330	333	7	7
2022-01-26T07:57:13.465Z	280	282	13	13
2022-01-26T07:57:33.466Z	232	234	20	20
2022-01-26T07:57:53.467Z	187	189	28	29
2022-01-26T07:58:13.467Z	146	148	38	38
2022-01-26T07:58:33.467Z	109	111	49	50
2022-01-26T07:58:53.467Z	77	76	62	62
2022-01-26T07:59:13.468Z	50	49	76	76
2022-01-26T07:59:33.468Z	29	28	92	92
2022-01-26T07:59:53.470Z	13	13	109	108
2022-01-26T08:00:13.471Z	4	3	127	126
2022-01-26T08:00:33.471Z	0	0	145	145
2022-01-26T08:00:53.472Z	3	3	165	164
2022-01-26T08:01:13.473Z	12	11	186	187
2022-01-26T08:01:33.475Z	27	26	208	209
2022-01-26T08:01:53.476Z	47	46	231	232
2022-01-26T08:02:13.476Z	73	72	255	256
2022-01-26T08:02:33.477Z	105	106	279	280
2022-01-26T08:02:53.478Z	141	142	306	305
2022-01-26T08:03:13.479Z	181	183	332	331
2022-01-26T08:03:33.480Z	225	228	358	357
2022-01-26T08:03:53.480Z	273	275	385	384
2022-01-26T08:04:13.481Z	328	326	412	411
2022-01-26T08:04:33.481Z	381	378	439	438
2022-01-26T08:04:53.481Z	435	432	467	468
2022-01-26T08:05:13.481Z	490	487	494	495
2022-01-26T08:05:33.482Z	545	542	522	523
2022-01-26T08:05:53.482Z	599	597	549	550
2022-01-26T08:06:13.481Z	653	655	577	578
2022-01-26T08:06:33.483Z	705	707	604	605
2022-01-26T08:06:53.484Z	753	756	633	632
2022-01-26T08:07:13.485Z	799	801	659	658
2022-01-26T08:07:33.486Z	842	843	685	684
2022-01-26T08:07:53.486Z	880	881	710	709
2022-01-26T08:08:13.487Z	916	915	735	734
2022-01-26T08:08:33.487Z	944	943	759	758
2022-01-26T08:08:53.487Z	967	966	782	783
2022-01-26T08:09:13.487Z	983	983	805	806
2022-01-26T08:09:33.488Z	995	994	826	827
2022-01-26T08:09:53.489Z	1000	1000	846	847
2022-01-26T08:10:13.489Z	999	998	866	866
2022-01-26T08:10:33.489Z	992	991	885	885
2022-01-26T08:10:53.489Z	979	978	902	902
2022-01-26T08:11:13.489Z	960	959	918	917
2022-01-26T08:11:33.490Z	935	934	933	932
2022-01-26T08:11:53.491Z	903	904	946	945
2022-01-26T08:12:13.493Z	868	870	958	957
2022-01-26T08:12:33.494Z	828	830	968	968
2022-01-26T08:12:53.494Z	785	787	977	977
2022-01-26T08:13:13.495Z	738	740	984	985
2022-01-26T08:13:33.496Z	688	690	991	991
2022-01-26T08:13:53.496Z	636	634	995	995
2022-01-26T08:14:13.496Z	582	580	998	998
2022-01-26T08:14:33.497Z	528	525	1000	1000
2022-01-26T08:14:53.497Z	473	470	1000	1000
2022-01-26T08:15:13.497Z	418	415	998	998
2022-01-26T08:15:33.498Z	359	362	995	995
2022-01-26T08:15:53.511Z	307	309	990	991
2022-01-26T08:16:13.526Z	257	259	984	985
2022-01-26T08:16:33.531Z	213	211	976	977
2022-01-26T08:16:53.541Z	168	170	968	967
2022-01-26T08:17:13.550Z	128	129	957	957
2022-01-26T08:17:33.561Z	95	93	945	945
2022-01-26T08:17:53.569Z	64	63	932	931
2022-01-26T08:18:13.582Z	39	40	917	916
2022-01-26T08:18:33.596Z	21	21	900	901
2022-01-26T08:18:53.604Z	8	8	884	884
2022-01-26T08:19:13.618Z	1	1	866	865
2022-01-26T08:19:33.619Z	1	0	845	846
2022-01-26T08:19:53.634Z	6	6	824	825
2022-01-26T08:20:13.641Z	18	17	804	803
2022-01-26T08:20:33.647Z	36	35	781	782
2022-01-26T08:20:53.660Z	58	59	757	758
2022-01-26T08:21:13.670Z	87	89	734	733
2022-01-26T08:21:33.677Z	122	120	709	707
2022-01-26T08:21:53.685Z	158	160	682	684
2022-01-26T08:22:13.688Z	202	204	658	657
2022-01-26T08:22:33.694Z	250	247	630	629
2022-01-26T08:22:53.704Z	296	298	603	604
2022-01-26T08:23:13.710Z	349	352	575	576
2022-01-26T08:23:33.714Z	405	402	549	547
2022-01-26T08:23:53.722Z	461	459	520	521
2022-01-26T08:24:13.725Z	513	516	492	493
2022-01-26T08:24:33.726Z	570	568	466	464
2022-01-26T08:24:53.739Z	626	624	437	438
2022-01-26T08:25:13.742Z	676	678	409	410
2022-01-26T08:25:33.757Z	728	730	384	382
2022-01-26T08:25:53.766Z	777	775	356	355
2022-01-26T08:26:13.774Z	819	821	329	330
2022-01-26T08:26:33.788Z	861	863	305	303
2022-01-26T08:26:53.794Z	898	896	279	278
2022-01-26T08:27:13.800Z	930	928	254	255
2022-01-26T08:27:33.815Z	954	955	229	230
2022-01-26T08:27:53.825Z	975	974	208	207
2022-01-26T08:28:13.831Z	990	989	185	184
2022-01-26T08:28:33.841Z	997	998	163	164
2022-01-26T08:28:53.841Z	1000	1000	145	144
2022-01-26T08:29:13.848Z	996	996	125	124
2022-01-26T08:29:33.848Z	987	986	107	108
2022-01-26T08:29:53.848Z	970	969	90	91
2022-01-26T08:30:13.862Z	948	949	76	75
2022-01-26T08:30:33.876Z	920	921	61	62
2022-01-26T08:30:53.879Z	890	888	48	49
2022-01-26T08:31:13.893Z	851	850	38	37
2022-01-26T08:31:33.895Z	809	811	28	27
2022-01-26T08:31:53.903Z	762	764	19	19
2022-01-26T08:32:13.912Z	716	714	12	12
2022-01-26T08:32:33.916Z	663	666	7	7
2022-01-26T08:32:53.919Z	609	611	3	3
2022-01-26T08:33:13.929Z	558	555	1	1
2022-01-26T08:33:33.932Z	500	498	0	0
2022-01-26T08:33:53.937Z	443	446	1	1
2022-01-26T08:34:13.950Z	392	390	3	3
2022-01-26T08:34:33.950Z	338	335	7	7
2022-01-26T08:34:53.954Z	285	287	12	12
2022-01-26T08:35:13.962Z	235	237	19	20
2022-01-26T08:35:33.968Z	192	190	28	27
2022-01-26T08:35:53.974Z	150	148	37	37
2022-01-26T08:36:13.979Z	111	113	48	49
2022-01-26T08:36:33.982Z	78	79	61	61
2022-01-26T08:36:53.995Z	52	51	76	75
2022-01-26T08:37:14.007Z	30	31	90	91
2022-01-26T08:37:34.013Z	14	14	107	106
2022-01-26T08:37:54.026Z	4	4	125	125
2022-01-26T08:38:14.041Z	0	0	143	144
2022-01-26T08:38:34.055Z	2	2	164	165
2022-01-26T08:38:54.066Z	10	11	185	184
2022-01-26T08:39:14.067Z	25	26	208	207
2022-01-26T08:39:34.076Z	46	45	229	231
2022-01-26T08:39:54.085Z	73	71	254	253
2022-01-26T08:40:14.088Z	102	103	279	278
2022-01-26T08:40:34.103Z	139	140	303	304
2022-01-26T08:40:54.112Z	180	178	329	331
2022-01-26T08:41:14.124Z	222	224	356	355
2022-01-26T08:41:34.131Z	271	274	382	383
2022-01-26T08:41:54.138Z	324	321	409	411
2022-01-26T08:42:14.146Z	373	376	438	437
2022-01-26T08:42:34.148Z	429	432	466	465
2022-01-26T08:42:54.151Z	486	483	492	493
2022-01-26T08:43:14.159Z	543	540	521	519
2022-01-26T08:43:34.170Z	595	597	549	548
2022-01-26T08:43:54.176Z	650	648	575	576
2022-01-26T08:44:14.187Z	703	701	603	602
2022-01-26T08:44:34.201Z	750	752	631	630
2022-01-26T08:44:54.212Z	797	800	656	657
2022-01-26T08:45:14.214Z	841	839	683	684
2022-01-26T08:45:34.223Z	877	879	709	708
2022-01-26T08:45:54.237Z	912	914	732	733
2022-01-26T08:46:14.238Z	942	941	757	758
2022-01-26T08:46:34.238Z	965	964	780	781
2022-01-26T08:46:54.244Z	982	983	803	804
2022-01-26T08:47:14.240Z	994	994	826	825
2022-01-26T08:47:34.240Z	999	1000	846	846
2022-01-26T08:47:54.241Z	999	999	866	865
2022-01-26T08:48:14.242Z	992	992	884	883
2022-01-26T08:48:34.242Z	979	979	901	900
2022-01-26T08:48:54.244Z	960	961	917	916
2022-01-26T08:49:14.244Z	935	937	931	932
2022-01-26T08:49:34.244Z	906	907	945	945
2022-01-26T08:49:54.244Z	871	873	957	957
2022-01-26T08:50:14.246Z	832	834	967	968
2022-01-26T08:50:34.246Z	789	787	976	977
2022-01-26T08:50:54.247Z	742	740	984	984
2022-01-26T08:51:14.248Z	692	690	991	990
2022-01-26T08:51:34.249Z	640	638	995	995
2022-01-26T08:51:54.250Z	587	584	998	998
2022-01-26T08:52:14.250Z	527	530	1000	1000
2022-01-26T08:52:34.250Z	472	475	1000	1000
2022-01-26T08:52:54.252Z	417	420	998	998
2022-01-26T08:53:14.252Z	363	366	995	995
2022-01-26T08:53:34.253Z	311	314	991	991
2022-01-26T08:53:54.254Z	262	264	985	985
2022-01-26T08:54:14.255Z	215	213	977	977
2022-01-26T08:54:34.255Z	171	169	968	968
2022-01-26T08:54:54.256Z	132	130	957	958
2022-01-26T08:55:14.256Z	97	95	945	946
2022-01-26T08:55:34.256Z	67	66	932	933
2022-01-26T08:55:54.256Z	42	41	918	918
2022-01-26T08:56:14.257Z	21	22	902	903
2022-01-26T08:56:34.256Z	8	9	885	886
2022-01-26T08:56:54.257Z	1	1	867	866
2022-01-26T08:57:14.258Z	0	0	847	846
2022-01-26T08:57:34.259Z	6	5	827	826
2022-01-26T08:57:54.260Z	17	17	806	805
2022-01-26T08:58:14.260Z	34	35	783	782
2022-01-26T08:58:34.261Z	56	57	758	759
2022-01-26T08:58:54.262Z	84	86	734	735
2022-01-26T08:59:14.262Z	117	119	709	711
2022-01-26T08:59:34.264Z	155	157	684	685
2022-01-26T08:59:54.264Z	201	199	658	659
2022-01-26T09:00:14.265Z	247	245	632	633
2022-01-26T09:00:34.265Z	296	294	605	604
2022-01-26T09:00:54.265Z	347	345	578	577
2022-01-26T09:01:14.266Z	401	398	551	549
2022-01-26T09:01:34.266Z	455	458	523	522
2022-01-26T09:01:54.266Z	510	513	496	494
2022-01-26T09:02:14.266Z	565	568	466	467
2022-01-26T09:02:34.267Z	619	622	438	440
2022-01-26T09:02:54.268Z	672	674	411	412
2022-01-26T09:03:14.268Z	723	725	384	385
2022-01-26T09:03:34.269Z	775	773	357	359
2022-01-26T09:03:54.269Z	819	817	331	332
2022-01-26T09:04:14.269Z	859	858	306	304
2022-01-26T09:04:34.270Z	895	894	281	279
2022-01-26T09:04:54.271Z	927	925	256	255
2022-01-26T09:05:14.272Z	953	954	232	231
2022-01-26T09:05:34.273Z	973	974	210	209
2022-01-26T09:05:54.273Z	988	989	186	187
2022-01-26T09:06:14.273Z	997	997	165	166
2022-01-26T09:06:34.273Z	1000	1000	145	146
2022-01-26T09:06:54.273Z	997	997	126	127
2022-01-26T09:07:14.273Z	987	987	108	109
2022-01-26T09:07:34.274Z	971	972	92	91
2022-01-26T09:07:54.274Z	950	951	77	76
2022-01-26T09:08:14.274Z	923	924	63	62
2022-01-26T09:08:34.274Z	891	892	50	49
2022-01-26T09:08:54.274Z	854	852	39	38
2022-01-26T09:09:14.274Z	813	811	29	28
2022-01-26T09:09:34.275Z	768	766	19	20
2022-01-26T09:09:54.276Z	720	718	13	13
2022-01-26T09:10:14.276Z	670	667	7	7
2022-01-26T09:10:34.278Z	612	615	3	3
2022-01-26T09:10:54.278Z	558	560	1	1
2022-01-26T09:11:14.278Z	503	505	0	0
2022-01-26T09:11:34.278Z	448	450	1	1
2022-01-26T09:11:54.278Z	393	396	3	3
2022-01-26T09:12:14.278Z	340	343	6	7
2022-01-26T09:12:34.278Z	289	287	12	12
2022-01-26T09:12:54.278Z	241	239	18	19
2022-01-26T09:13:14.277Z	195	193	27	27
2022-01-26T09:13:34.278Z	153	152	37	36
2022-01-26T09:13:54.279Z	116	114	48	47
2022-01-26T09:14:14.279Z	80	82	60	60
2022-01-26T09:14:34.279Z	53	54	74	73
2022-01-26T09:14:54.279Z	31	32	89	90
2022-01-26T09:15:14.279Z	15	15	106	106
2022-01-26T09:15:34.279Z	4	5	123	124
2022-01-26T09:15:54.280Z	0	0	142	143
2022-01-26T09:16:14.280Z	2	2	161	162
2022-01-26T09:16:34.280Z	10	10	182	183
2022-01-26T09:16:54.281Z	23	24	206	205
2022-01-26T09:17:14.281Z	43	44	229	228
2022-01-26T09:17:34.281Z	68	69	252	251
2022-01-26T09:17:54.282Z	101	100	277	275
2022-01-26T09:18:14.283Z	137	135	302	300
2022-01-26T09:18:34.284Z	177	175	327	328
2022-01-26T09:18:54.284Z	221	219	353	354
2022-01-26T09:19:14.284Z	268	266	380	381
2022-01-26T09:19:34.284Z	318	316	407	408
2022-01-26T09:19:54.284Z	370	373	434	435
2022-01-26T09:20:14.285Z	424	427	461	462
2022-01-26T09:20:34.286Z	479	482	491	490
2022-01-26T09:20:54.286Z	534	537	519	518
2022-01-26T09:21:14.287Z	589	591	546	545
2022-01-26T09:21:34.287Z	647	645	574	572
2022-01-26T09:21:54.288Z	699	697	601	600
2022-01-26T09:22:14.288Z	748	746	628	629
2022-01-26T09:22:34.290Z	794	792	654	655
2022-01-26T09:22:54.290Z	837	835	680	681
2022-01-26T09:23:14.291Z	876	874	705	706
2022-01-26T09:23:34.292Z	910	911	730	731
2022-01-26T09:23:54.293Z	939	940	754	755
2022-01-26T09:24:14.293Z	962	963	780	779
2022-01-26T09:24:34.293Z	980	981	802	801
2022-01-26T09:24:54.293Z	993	993	824	823
2022-01-26T09:25:14.294Z	999	999	844	843
2022-01-26T09:25:34.294Z	999	999	863	863
2022-01-26T09:25:54.295Z	993	993	882	883
2022-01-26T09:26:14.295Z	980	981	899	900
2022-01-26T09:26:34.295Z	962	963	915	916
2022-01-26T09:26:54.297Z	939	940	930	930
2022-01-26T09:27:14.297Z	909	908	943	944
2022-01-26T09:27:34.298Z	875	874	956	956
2022-01-26T09:27:54.298Z	837	835	967	966
2022-01-26T09:28:14.298Z	794	792	976	976
2022-01-26T09:28:34.298Z	748	746	984	983
2022-01-26T09:28:54.298Z	694	696	990	990
2022-01-26T09:29:14.298Z	642	645	995	995
2022-01-26T09:29:34.298Z	589	591	998	998
2022-01-26T09:29:54.298Z	534	536	1000	1000
2022-01-26T09:30:14.298Z	479	481	1000	1000
2022-01-26T09:30:34.298Z	424	422	999	999
2022-01-26T09:30:54.298Z	370	368	996	996
2022-01-26T09:31:14.298Z	318	316	991	991
2022-01-26T09:31:34.299Z	268	266	985	985
2022-01-26T09:31:54.299Z	220	218	978	978
2022-01-26T09:32:14.300Z	177	175	969	969
2022-01-26T09:32:34.300Z	133	135	959	959
2022-01-26T09:32:54.302Z	98	100	947	947
2022-01-26T09:33:14.303Z	68	69	934	933
2022-01-26T09:33:34.303Z	43	44	919	919
2022-01-26T09:33:54.303Z	23	24	904	903
2022-01-26T09:34:14.303Z	10	9	887	886
2022-01-26T09:34:34.304Z	2	2	869	868
2022-01-26T09:34:54.304Z	0	0	848	849
2022-01-26T09:35:14.304Z	5	5	828	829
2022-01-26T09:35:34.305Z	15	16	806	807
2022-01-26T09:35:54.306Z	31	32	784	785
2022-01-26T09:36:14.307Z	55	54	761	762
2022-01-26T09:36:34.308Z	84	82	737	738
2022-01-26T09:36:54.308Z	116	115	712	714
2022-01-26T09:37:14.308Z	154	152	687	686
2022-01-26T09:37:34.308Z	196	194	661	660
2022-01-26T09:37:54.309Z	241	239	635	634
2022-01-26T09:38:14.311Z	290	288	608	607
2022-01-26T09:38:34.311Z	341	344	581	580
2022-01-26T09:38:54.312Z	394	397	551	553
2022-01-26T09:39:14.312Z	449	451	524	525
2022-01-26T09:39:34.313Z	504	506	496	498
2022-01-26T09:39:54.313Z	559	561	469	470
2022-01-26T09:40:14.314Z	618	615	441	443
2022-01-26T09:40:34.315Z	671	668	414	415
2022-01-26T09:40:54.315Z	721	719	387	386
2022-01-26T09:41:14.317Z	769	767	361	359
2022-01-26T09:41:34.318Z	814	812	334	333
2022-01-26T09:41:54.319Z	855	853	309	307
2022-01-26T09:42:14.320Z	891	893	283	282
2022-01-26T09:42:34.320Z	923	925	257	258
2022-01-26T09:42:54.320Z	950	951	233	234
2022-01-26T09:43:14.320Z	971	972	210	211
2022-01-26T09:43:34.321Z	987	987	188	189
2022-01-26T09:43:54.322Z	997	997	167	168
2022-01-26T09:44:14.324Z	1000	1000	147	148
2022-01-26T09:44:34.325Z	997	997	128	127
2022-01-26T09:44:54.325Z	988	989	110	110
2022-01-26T09:45:14.325Z	973	974	94	93
2022-01-26T09:45:34.325Z	952	953	78	78
2022-01-26T09:45:54.325Z	926	925	64	63
2022-01-26T09:46:14.326Z	895	893	50	51
2022-01-26T09:46:34.326Z	859	857	39	39
2022-01-26T09:46:54.326Z	818	816	29	29
2022-01-26T09:47:14.326Z	774	772	20	21
2022-01-26T09:47:34.326Z	722	724	13	14
2022-01-26T09:47:54.327Z	671	673	8	8
2022-01-26T09:48:14.327Z	618	621	4	4
2022-01-26T09:48:34.327Z	564	567	1	1
2022-01-26T09:48:54.329Z	509	512	0	0
2022-01-26T09:49:14.331Z	454	452	0	1
2022-01-26T09:49:34.331Z	400	397	2	3
2022-01-26T09:49:54.331Z	347	344	6	6
2022-01-26T09:50:14.331Z	295	293	11	11
2022-01-26T09:50:34.331Z	246	244	18	18
2022-01-26T09:50:54.332Z	200	198	26	26
2022-01-26T09:51:14.331Z	155	156	36	35
2022-01-26T09:51:34.332Z	117	118	47	46
2022-01-26T09:51:54.332Z	84	85	59	59
2022-01-26T09:52:14.333Z	56	57	72	73
2022-01-26T09:52:34.333Z	33	34	87	88
2022-01-26T09:52:54.333Z	16	16	104	104
2022-01-26T09:53:14.336Z	5	5	121	122
2022-01-26T09:53:34.337Z	0	0	141	140
2022-01-26T09:53:54.336Z	1	2	161	160
2022-01-26T09:54:14.337Z	8	9	182	181
2022-01-26T09:54:34.337Z	21	22	203	202
2022-01-26T09:54:54.338Z	42	41	226	225
2022-01-26T09:55:14.338Z	67	66	249	248
2022-01-26T09:55:34.339Z	97	96	274	275
2022-01-26T09:55:54.339Z	132	131	299	300
2022-01-26T09:56:14.340Z	172	170	324	325
2022-01-26T09:56:34.340Z	215	217	350	351
2022-01-26T09:56:54.340Z	262	265	377	378
2022-01-26T09:57:14.341Z	312	314	406	405
2022-01-26T09:57:34.342Z	364	367	433	432
2022-01-26T09:57:54.343Z	418	420	461	459
2022-01-26T09:58:14.344Z	473	475	488	487
2022-01-26T09:58:34.345Z	533	530	516	514
2022-01-26T09:58:54.345Z	587	585	543	542
2022-01-26T09:59:14.345Z	641	639	570	572
2022-01-26T09:59:34.345Z	693	691	598	599
2022-01-26T09:59:54.346Z	743	740	624	626
2022-01-26T10:00:14.346Z	789	791	651	652
2022-01-26T10:00:34.346Z	832	834	677	678
2022-01-26T10:00:54.347Z	871	873	705	704
2022-01-26T10:01:14.348Z	906	907	730	728
2022-01-26T10:01:34.348Z	936	937	754	753
2022-01-26T10:01:54.348Z	960	961	777	776
2022-01-26T10:02:14.350Z	980	979	800	799
2022-01-26T10:02:34.350Z	993	992	821	820
2022-01-26T10:02:54.350Z	999	999	842	843
2022-01-26T10:03:14.350Z	999	1000	861	862
2022-01-26T10:03:34.350Z	994	994	880	881
2022-01-26T10:03:54.350Z	982	981	897	898
2022-01-26T10:04:14.360Z	964	964	913	914
2022-01-26T10:04:34.366Z	940	942	929	929
2022-01-26T10:04:54.375Z	913	912	943	942
2022-01-26T10:05:14.377Z	880	878	955	954
2022-01-26T10:05:34.378Z	838	840	966	965
2022-01-26T10:05:54.378Z	795	797	975	975
2022-01-26T10:06:14.378Z	749	751	983	983
2022-01-26T10:06:34.378Z	700	702	989	990
2022-01-26T10:06:54.378Z	648	651	994	994
2022-01-26T10:07:14.380Z	595	593	998	998
2022-01-26T10:07:34.381Z	541	538	1000	1000
2022-01-26T10:07:54.381Z	485	483	1000	1000
2022-01-26T10:08:14.381Z	431	428	999	999
2022-01-26T10:08:34.381Z	375	373	996	996
2022-01-26T10:08:54.382Z	322	320	992	992
2022-01-26T10:09:14.383Z	272	270	986	986
2022-01-26T10:09:34.384Z	225	222	978	979
2022-01-26T10:09:54.385Z	180	178	970	970
2022-01-26T10:10:14.385Z	140	138	959	960
2022-01-26T10:10:34.385Z	101	102	948	948
2022-01-26T10:10:54.386Z	70	72	935	934
2022-01-26T10:11:14.387Z	45	46	921	920
2022-01-26T10:11:34.387Z	25	26	905	905
2022-01-26T10:11:54.388Z	11	11	889	888
2022-01-26T10:12:14.389Z	2	2	871	870
2022-01-26T10:12:34.390Z	0	0	852	851
2022-01-26T10:12:54.391Z	4	4	830	831
2022-01-26T10:13:14.391Z	14	14	808	809
2022-01-26T10:13:34.392Z	29	30	786	787
2022-01-26T10:13:54.393Z	51	52	763	764
2022-01-26T10:14:14.394Z	81	79	739	740
2022-01-26T10:14:34.393Z	113	111	715	714
2022-01-26T10:14:54.394Z	150	148	690	689
2022-01-26T10:15:14.395Z	192	190	664	663
2022-01-26T10:15:34.396Z	237	235	638	636
2022-01-26T10:15:54.396Z	285	287	611	610
2022-01-26T10:16:14.396Z	336	338	584	583
2022-01-26T10:16:34.397Z	389	392	554	555
2022-01-26T10:16:54.397Z	443	446	527	528
2022-01-26T10:17:14.397Z	498	501	499	500
2022-01-26T10:17:34.397Z	553	556	472	473
2022-01-26T10:17:54.397Z	613	610	444	445
2022-01-26T10:18:14.398Z	666	663	417	418
2022-01-26T10:18:34.398Z	716	714	390	389
2022-01-26T10:18:54.399Z	765	763	363	362
2022-01-26T10:19:14.399Z	810	808	337	336
2022-01-26T10:19:34.401Z	851	853	311	310
2022-01-26T10:19:54.402Z	888	890	286	285
2022-01-26T10:20:14.403Z	920	922	259	260
2022-01-26T10:20:34.404Z	948	949	235	236
2022-01-26T10:20:54.404Z	969	970	212	213
2022-01-26T10:21:14.405Z	986	986	190	191
2022-01-26T10:21:34.406Z	996	996	169	170
2022-01-26T10:21:54.406Z	1000	1000	149	150
2022-01-26T10:22:14.406Z	998	998	130	129
2022-01-26T10:22:34.406Z	989	990	112	111
2022-01-26T10:22:54.406Z	975	975	95	94
2022-01-26T10:23:14.407Z	954	955	80	79
2022-01-26T10:23:34.407Z	929	927	65	65
2022-01-26T10:23:54.408Z	898	896	52	52
2022-01-26T10:24:14.408Z	862	860	40	40
2022-01-26T10:24:34.410Z	822	820	30	30
2022-01-26T10:24:54.411Z	778	776	21	21
2022-01-26T10:25:14.411Z	726	728	14	14
2022-01-26T10:25:34.412Z	676	678	8	8
2022-01-26T10:25:54.413Z	623	626	4	4
2022-01-26T10:26:14.414Z	569	572	1	1
2022-01-26T10:26:34.415Z	514	517	0	0
2022-01-26T10:26:54.416Z	459	462	0	0
2022-01-26T10:27:14.415Z	405	402	2	2
2022-01-26T10:27:34.416Z	351	349	6	6
2022-01-26T10:27:54.431Z	299	297	11	11
2022-01-26T10:28:14.447Z	249	251	17	17
2022-01-26T10:28:34.449Z	201	203	25	25
2022-01-26T10:28:54.459Z	161	159	35	34
2022-01-26T10:29:14.463Z	121	120	45	46
2022-01-26T10:29:34.478Z	87	88	58	58
2022-01-26T10:29:54.482Z	60	58	72	71
2022-01-26T10:30:14.485Z	35	34	86	86
2022-01-26T10:30:34.492Z	17	18	102	103
2022-01-26T10:30:54.496Z	6	6	120	120
2022-01-26T10:31:14.500Z	1	0	138	139
2022-01-26T10:31:34.508Z	1	1	158	159
2022-01-26T10:31:54.517Z	7	8	180	179
2022-01-26T10:32:14.522Z	20	21	200	201
2022-01-26T10:32:34.524Z	40	39	223	224
2022-01-26T10:32:54.529Z	65	64	248	247
2022-01-26T10:33:14.529Z	93	95	273	272
2022-01-26T10:33:34.536Z	129	127	296	297
2022-01-26T10:33:54.542Z	170	168	323	321
2022-01-26T10:34:14.547Z	210	213	350	348
2022-01-26T10:34:34.558Z	259	257	375	376
2022-01-26T10:34:54.568Z	310	308	403	401
2022-01-26T10:35:14.582Z	360	362	431	430
2022-01-26T10:35:34.587Z	415	418	457	458
2022-01-26T10:35:54.591Z	472	469	485	486
2022-01-26T10:36:14.598Z	524	526	514	512
2022-01-26T10:36:34.609Z	581	583	540	541
2022-01-26T10:36:54.624Z	637	634	568	569
2022-01-26T10:37:14.636Z	686	688	596	595
2022-01-26T10:37:34.646Z	737	739	624	623
2022-01-26T10:37:54.649Z	786	784	649	650
2022-01-26T10:38:14.653Z	831	829	676	675
2022-01-26T10:38:34.656Z	868	870	702	701
2022-01-26T10:38:54.657Z	904	906	726	727
2022-01-26T10:39:14.671Z	935	934	751	752
2022-01-26T10:39:34.676Z	958	959	775	774
2022-01-26T10:39:54.687Z	978	979	797	798
2022-01-26T10:40:14.688Z	992	991	819	820
2022-01-26T10:40:34.695Z	998	999	841	840
2022-01-26T10:40:54.708Z	1000	1000	859	860
2022-01-26T10:41:14.714Z	994	995	878	879
2022-01-26T10:41:34.723Z	983	983	897	896
2022-01-26T10:41:54.736Z	966	965	913	913
2022-01-26T10:42:14.749Z	943	944	927	928
2022-01-26T10:42:34.761Z	913	915	942	941
2022-01-26T10:42:54.764Z	882	880	954	954
2022-01-26T10:43:14.773Z	843	845	964	965
2022-01-26T10:43:34.782Z	799	801	974	975
2022-01-26T10:43:54.790Z	756	754	983	982
2022-01-26T10:44:14.802Z	705	703	989	989
2022-01-26T10:44:34.804Z	652	654	994	994
2022-01-26T10:44:54.818Z	602	599	998	997
2022-01-26T10:45:14.822Z	546	543	1000	999
2022-01-26T10:45:34.826Z	489	486	1000	1000
2022-01-26T10:45:54.828Z	432	434	999	999
2022-01-26T10:46:14.843Z	381	378	996	996
2022-01-26T10:46:34.844Z	326	324	992	992
2022-01-26T10:46:54.844Z	274	276	987	986
2022-01-26T10:47:14.847Z	225	227	979	980
2022-01-26T10:47:34.852Z	183	181	970	971
2022-01-26T10:47:54.867Z	141	143	961	960
2022-01-26T10:48:14.875Z	104	105	949	948
2022-01-26T10:48:34.888Z	74	73	936	936
2022-01-26T10:48:54.897Z	47	46	922	922
2022-01-26T10:49:14.912Z	26	27	906	906
2022-01-26T10:49:34.920Z	11	11	889	890
2022-01-26T10:49:54.923Z	3	3	871	871
2022-01-26T10:50:14.925Z	0	0	853	852
2022-01-26T10:50:34.927Z	4	3	832	833
2022-01-26T10:50:54.930Z	13	13	810	811
2022-01-26T10:51:14.931Z	29	30	789	788
2022-01-26T10:51:34.941Z	51	50	765	764
2022-01-26T10:51:54.955Z	76	78	741	742
2022-01-26T10:52:14.964Z	109	111	718	716
2022-01-26T10:52:34.965Z	147	145	692	690
2022-01-26T10:52:54.966Z	186	188	665	666
2022-01-26T10:53:14.972Z	233	235	638	639
2022-01-26T10:53:34.979Z	282	280	612	611
2022-01-26T10:53:54.993Z	335	333	584	586
2022-01-26T10:54:14.998Z	385	388	556	557
2022-01-26T10:54:34.999Z	441	439	530	529
2022-01-26T10:54:55.002Z	498	496	502	501
2022-01-26T10:55:15.003Z	550	552	473	475
2022-01-26T10:55:35.014Z	606	609	447	446
2022-01-26T10:55:55.021Z	661	659	419	418
2022-01-26T10:56:15.031Z	710	712	391	392
2022-01-26T10:56:35.046Z	760	762	363	365
2022-01-26T10:56:55.050Z	807	805	339	337
2022-01-26T10:57:15.060Z	850	848	312	313
2022-01-26T10:57:35.061Z	885	886	286	287
2022-01-26T10:57:55.061Z	920	919	261	263
2022-01-26T10:58:15.062Z	947	946	238	239
2022-01-26T10:58:35.062Z	969	968	215	214
2022-01-26T10:58:55.062Z	985	985	192	191
2022-01-26T10:59:15.062Z	996	995	171	170
2022-01-26T10:59:35.062Z	1000	1000	151	150
2022-01-26T10:59:55.062Z	998	998	132	131
2022-01-26T11:00:15.063Z	990	990	112	113
2022-01-26T11:00:35.063Z	976	976	95	96
2022-01-26T11:00:55.063Z	957	956	80	80
2022-01-26T11:01:15.062Z	932	930	65	66
2022-01-26T11:01:35.064Z	898	900	53	53
2022-01-26T11:01:55.065Z	863	864	41	41
2022-01-26T11:02:15.065Z	822	824	31	30
2022-01-26T11:02:35.064Z	779	781	22	22
2022-01-26T11:02:55.065Z	731	733	15	14
2022-01-26T11:03:15.066Z	681	679	9	8
2022-01-26T11:03:35.067Z	629	626	4	4
2022-01-26T11:03:55.067Z	575	572	1	1
2022-01-26T11:04:15.067Z	520	517	0	0
2022-01-26T11:04:35.067Z	465	462	0	0
2022-01-26T11:04:55.067Z	410	408	2	2
2022-01-26T11:05:15.068Z	352	354	6	5
2022-01-26T11:05:35.069Z	300	303	10	10
2022-01-26T11:05:55.070Z	251	253	17	17
2022-01-26T11:06:15.070Z	205	207	24	25
2022-01-26T11:06:35.070Z	162	164	34	34
2022-01-26T11:06:55.070Z	124	122	44	45
2022-01-26T11:07:15.070Z	90	88	56	57
2022-01-26T11:07:35.071Z	61	60	71	70
2022-01-26T11:07:55.071Z	37	36	86	85
2022-01-26T11:08:15.071Z	19	19	102	101
2022-01-26T11:08:35.071Z	7	7	119	118
2022-01-26T11:08:55.071Z	1	1	137	137
2022-01-26T11:09:15.072Z	1	1	157	158
2022-01-26T11:09:35.072Z	7	7	178	179
2022-01-26T11:09:55.073Z	20	19	199	200
2022-01-26T11:10:15.074Z	38	37	222	223
2022-01-26T11:10:35.074Z	62	63	245	246
2022-01-26T11:10:55.074Z	91	93	269	270
2022-01-26T11:11:15.074Z	125	127	296	295
2022-01-26T11:11:35.075Z	164	166	321	320
2022-01-26T11:11:55.076Z	207	209	347	346
2022-01-26T11:12:15.077Z	257	255	374	373
2022-01-26T11:12:35.077Z	307	305	401	399
2022-01-26T11:12:55.077Z	359	356	428	429
2022-01-26T11:13:15.078Z	412	410	455	456
2022-01-26T11:13:35.079Z	467	464	483	484
2022-01-26T11:13:55.079Z	522	520	510	511
2022-01-26T11:14:15.080Z	577	579	538	539
2022-01-26T11:14:35.080Z	631	633	565	566
2022-01-26T11:14:55.081Z	683	685	595	594
2022-01-26T11:15:15.082Z	733	735	622	620
2022-01-26T11:15:35.082Z	780	782	648	647
2022-01-26T11:15:55.083Z	828	826	674	673
2022-01-26T11:16:15.084Z	867	866	700	699
2022-01-26T11:16:35.085Z	902	901	725	726
2022-01-26T11:16:55.086Z	933	931	749	750
2022-01-26T11:17:15.087Z	958	957	772	774
2022-01-26T11:17:35.087Z	977	976	795	796
2022-01-26T11:17:55.089Z	991	991	817	818
2022-01-26T11:18:15.090Z	998	998	838	839
2022-01-26T11:18:35.091Z	1000	1000	859	858
2022-01-26T11:18:55.092Z	995	995	878	877
2022-01-26T11:19:15.093Z	985	984	895	895
2022-01-26T11:19:35.093Z	967	968	912	911
2022-01-26T11:19:55.094Z	944	945	927	926
2022-01-26T11:20:15.094Z	916	918	940	941
2022-01-26T11:20:35.094Z	883	885	953	953
2022-01-26T11:20:55.095Z	846	848	964	964
2022-01-26T11:21:15.096Z	804	806	973	974
2022-01-26T11:21:35.097Z	758	756	981	982
2022-01-26T11:21:55.098Z	710	707	989	988
2022-01-26T11:22:15.098Z	659	656	994	994
2022-01-26T11:22:35.098Z	605	603	997	997
2022-01-26T11:22:55.099Z	551	549	999	999
2022-01-26T11:23:15.100Z	491	494	1000	1000
2022-01-26T11:23:35.101Z	436	439	999	999
2022-01-26T11:23:55.102Z	382	384	997	996
2022-01-26T11:24:15.102Z	329	332	993	992
2022-01-26T11:24:35.102Z	279	281	987	987
2022-01-26T11:24:55.104Z	231	229	980	980
2022-01-26T11:25:15.105Z	186	184	972	971
2022-01-26T11:25:35.106Z	145	143	961	961
2022-01-26T11:25:55.106Z	108	107	950	950
2022-01-26T11:26:15.108Z	77	75	937	937
2022-01-26T11:26:35.109Z	50	49	923	923
2022-01-26T11:26:55.110Z	27	28	907	908
2022-01-26T11:27:15.111Z	12	13	891	892
2022-01-26T11:27:35.112Z	3	3	873	872
2022-01-26T11:27:55.113Z	0	0	854	853
2022-01-26T11:28:15.113Z	3	3	834	833
2022-01-26T11:28:35.114Z	12	13	813	812
2022-01-26T11:28:55.115Z	27	28	791	790
2022-01-26T11:29:15.116Z	48	49	766	767
2022-01-26T11:29:35.116Z	74	75	743	744
2022-01-26T11:29:55.117Z	105	107	718	719
2022-01-26T11:30:15.117Z	142	143	693	694
2022-01-26T11:30:35.118Z	186	184	667	669
2022-01-26T11:30:55.126Z	231	229	641	642
2022-01-26T11:31:15.141Z	276	278	613	615
2022-01-26T11:31:35.148Z	328	331	588	587
2022-01-26T11:31:55.156Z	383	380	560	559
2022-01-26T11:32:15.158Z	434	436	531	533
2022-01-26T11:32:35.162Z	491	493	505	504
2022-01-26T11:32:55.174Z	548	545	477	476
2022-01-26T11:33:15.176Z	604	602	448	450
2022-01-26T11:33:35.183Z	654	657	420	421
2022-01-26T11:33:55.197Z	708	705	395	393
2022-01-26T11:34:15.203Z	758	756	367	368
2022-01-26T11:34:35.209Z	801	803	339	341
2022-01-26T11:34:55.217Z	845	843	315	314
2022-01-26T11:35:15.220Z	884	882	289	288
2022-01-26T11:35:35.228Z	915	916	263	264
2022-01-26T11:35:55.230Z	944	945	241	240
2022-01-26T11:36:15.233Z	967	967	217	216
2022-01-26T11:36:35.238Z	983	984	194	195
2022-01-26T11:36:55.243Z	995	995	172	173
2022-01-26T11:37:15.251Z	1000	1000	152	152
2022-01-26T11:37:35.252Z	998	998	132	133
2022-01-26T11:37:55.252Z	991	991	114	114
2022-01-26T11:38:15.256Z	977	978	98	97
2022-01-26T11:38:35.270Z	957	958	81	82
2022-01-26T11:38:55.283Z	934	932	66	67
2022-01-26T11:39:15.297Z	903	901	54	54
2022-01-26T11:39:35.312Z	866	868	42	41
2022-01-26T11:39:55.324Z	829	827	31	32
2022-01-26T11:40:15.329Z	784	782	23	22
2022-01-26T11:40:35.333Z	735	737	15	15
2022-01-26T11:40:55.347Z	688	685	9	9
2022-01-26T11:41:15.356Z	634	631	4	5
2022-01-26T11:41:35.360Z	578	580	2	1
2022-01-26T11:41:55.366Z	521	523	0	0
2022-01-26T11:42:15.370Z	469	466	0	0
2022-01-26T11:42:35.385Z	412	415	2	2
2022-01-26T11:42:55.387Z	356	359	5	5
2022-01-26T11:43:15.400Z	307	305	10	10
2022-01-26T11:43:35.404Z	256	258	16	16
2022-01-26T11:43:55.418Z	208	210	24	24
2022-01-26T11:44:15.430Z	167	165	33	33
2022-01-26T11:44:35.439Z	127	125	43	44
2022-01-26T11:44:55.452Z	91	93	56	56
2022-01-26T11:45:15.463Z	64	62	70	69
2022-01-26T11:45:35.474Z	39	38	85	84
2022-01-26T11:45:55.486Z	20	20	100	101
2022-01-26T11:46:15.492Z	7	7	117	117
2022-01-26T11:46:35.502Z	1	1	137	136
2022-01-26T11:46:55.508Z	1	1	155	156
2022-01-26T11:47:15.514Z	7	6	176	177
2022-01-26T11:47:35.515Z	18	19	198	197
2022-01-26T11:47:55.527Z	36	37	220	221
2022-01-26T11:48:15.535Z	61	59	244	245
2022-01-26T11:48:35.538Z	88	89	268	267
2022-01-26T11:48:55.551Z	123	124	294	293
2022-01-26T11:49:15.565Z	162	160	318	319
2022-01-26T11:49:35.569Z	207	204	345	344
2022-01-26T11:49:55.582Z	250	252	372	371
2022-01-26T11:50:15.587Z	301	303	397	399
2022-01-26T11:50:35.593Z	354	352	426	427
2022-01-26T11:50:55.599Z	405	407	454	453
2022-01-26T11:51:15.609Z	461	464	482	481
2022-01-26T11:51:35.618Z	519	516	508	510
2022-01-26T11:51:55.619Z	576	573	537	536
2022-01-26T11:52:15.622Z	626	629	565	564
2022-01-26T11:52:35.628Z	681	678	591	592
2022-01-26T11:52:55.629Z	733	731	619	618
2022-01-26T11:53:15.634Z	778	780	647	645
2022-01-26T11:53:35.640Z	823	821	671	673
2022-01-26T11:53:55.649Z	865	863	698	697
2022-01-26T11:54:15.651Z	898	900	724	723
2022-01-26T11:54:35.660Z	930	931	747	748
2022-01-26T11:54:55.669Z	956	955	771	772
2022-01-26T11:55:15.685Z	975	976	795	794
2022-01-26T11:55:35.693Z	990	990	815	816
2022-01-26T11:55:55.695Z	998	998	837	838
2022-01-26T11:56:15.695Z	1000	1000	857	858
2022-01-26T11:56:35.696Z	995	996	876	877
2022-01-26T11:56:55.696Z	985	986	894	894
2022-01-26T11:57:15.697Z	969	970	910	911
2022-01-26T11:57:35.697Z	947	946	925	926
2022-01-26T11:57:55.699Z	919	918	939	940
2022-01-26T11:58:15.699Z	887	885	953	952
2022-01-26T11:58:35.699Z	850	848	964	963
2022-01-26T11:58:55.700Z	808	806	973	973
2022-01-26T11:59:15.700Z	763	761	981	981
2022-01-26T11:59:35.700Z	710	713	988	988
2022-01-26T11:59:55.700Z	659	662	993	994
2022-01-26T12:00:15.700Z	606	609	997	997
2022-01-26T12:00:35.700Z	552	554	999	999
2022-01-26T12:00:55.701Z	497	499	1000	1000
2022-01-26T12:01:15.702Z	442	439	999	999
2022-01-26T12:01:35.702Z	388	385	997	997
2022-01-26T12:01:55.703Z	335	332	993	993
2022-01-26T12:02:15.703Z	284	282	987	987
2022-01-26T12:02:35.705Z	236	233	980	981
2022-01-26T12:02:55.705Z	187	188	972	972
2022-01-26T12:03:15.706Z	146	147	962	963
2022-01-26T12:03:35.706Z	109	110	951	950
2022-01-26T12:03:55.706Z	77	78	938	938
2022-01-26T12:04:15.706Z	50	51	924	924
2022-01-26T12:04:35.706Z	29	30	909	908
2022-01-26T12:04:55.706Z	13	13	893	892
2022-01-26T12:05:15.706Z	4	3	875	874
2022-01-26T12:05:35.706Z	0	0	854	855
2022-01-26T12:05:55.707Z	2	3	834	835
2022-01-26T12:06:15.709Z	11	11	813	814
2022-01-26T12:06:35.709Z	25	26	792	793
2022-01-26T12:06:55.709Z	47	46	769	770
2022-01-26T12:07:15.710Z	74	72	745	744
2022-01-26T12:07:35.710Z	105	103	721	720
2022-01-26T12:07:55.710Z	141	139	696	695
2022-01-26T12:08:15.710Z	181	180	670	669
2022-01-26T12:08:35.710Z	226	228	644	643
2022-01-26T12:08:55.710Z	273	276	617	616
2022-01-26T12:09:15.711Z	324	326	588	589
2022-01-26T12:09:35.711Z	376	379	561	562
2022-01-26T12:09:55.712Z	430	433	533	534
2022-01-26T12:10:15.713Z	485	488	506	507
2022-01-26T12:10:35.713Z	545	543	478	479
2022-01-26T12:10:55.714Z	600	597	451	452
2022-01-26T12:11:15.713Z	653	651	423	422
2022-01-26T12:11:35.714Z	705	702	396	395
2022-01-26T12:11:55.715Z	754	751	369	368
2022-01-26T12:12:15.715Z	799	801	343	342
2022-01-26T12:12:35.716Z	842	843	317	316
2022-01-26T12:12:55.716Z	880	881	290	291
2022-01-26T13:19:56.320Z	608	610	553	555
2022-01-26T13:20:16.319Z	661	664	581	582
2022-01-26T13:20:36.319Z	712	715	610	609
2022-01-26T13:20:56.319Z	761	763	637	636
2022-01-26T13:21:16.320Z	806	808	663	662
2022-01-26T13:21:36.321Z	848	849	689	688
2022-01-26T13:21:56.321Z	888	887	714	713
2022-01-26T13:22:16.321Z	921	919	739	738
2022-01-26T13:22:36.321Z	948	947	763	764
2022-01-26T13:22:56.322Z	970	969	786	787
2022-01-26T13:23:16.322Z	986	985	808	809
2022-01-26T13:24:15.411Z	609	606	554	555
2022-01-26T13:24:35.411Z	662	659	581	582
2022-01-26T13:24:55.412Z	713	715	608	609
2022-01-26T13:25:15.411Z	762	764	635	636
2022-01-26T13:25:35.413Z	807	809	661	663
2022-01-26T13:25:55.412Z	848	850	690	688
2022-01-26T13:26:15.414Z	886	887	715	714
2022-01-26T13:26:35.413Z	919	920	739	738
2022-01-26T13:26:55.413Z	946	947	763	762
2022-01-26T13:27:15.413Z	968	969	786	785
2022-01-26T13:27:35.414Z	986	985	809	808
2022-01-26T13:27:55.415Z	996	996	830	829
2022-01-26T13:28:15.416Z	1000	1000	850	849
2022-01-26T13:28:35.417Z	998	998	869	870
2022-01-26T13:28:55.417Z	990	990	887	888
2022-01-26T13:29:15.418Z	975	976	904	905
2022-01-26T13:29:35.418Z	955	956	920	920
2022-01-26T13:29:55.418Z	930	929	934	935
2022-01-26T13:30:15.417Z	899	898	947	948
2022-01-26T13:30:35.418Z	862	864	959	960
2022-01-26T13:30:55.427Z	824	822	970	969
2022-01-26T13:31:15.429Z	779	777	978	978
2022-01-26T13:31:35.430Z	730	732	986	986
2022-01-26T13:31:55.440Z	678	680	992	991
2022-01-26T13:32:15.453Z	628	626	996	996
2022-01-26T13:32:35.460Z	573	575	999	999
2022-01-26T13:32:55.469Z	516	518	1000	1000
2022-01-26T13:33:15.479Z	464	461	1000	1000
2022-01-26T13:33:35.493Z	407	405	998	998
2022-01-26T13:33:55.502Z	352	354	994	994
2022-01-26T13:34:15.504Z	303	301	989	990
2022-01-26T13:34:35.507Z	252	250	983	983
2022-01-26T13:34:55.518Z	204	206	975	975
2022-01-26T13:35:15.532Z	160	162	966	966
2022-01-26T13:35:35.533Z	124	122	955	955
2022-01-26T13:35:55.546Z	89	90	943	943
2022-01-26T13:36:15.546Z	59	61	930	929
2022-01-26T13:36:35.548Z	36	37	915	914
2022-01-26T13:36:55.549Z	18	18	899	898
2022-01-26T13:37:15.549Z	7	6	880	881
2022-01-26T13:37:35.550Z	1	1	861	862
2022-01-26T13:37:55.551Z	1	1	842	843
2022-01-26T13:38:15.552Z	7	8	821	822
2022-01-26T13:38:35.552Z	21	20	800	801
2022-01-26T13:38:55.553Z	39	38	777	778
2022-01-26T14:41:18.736Z	608	606	554	555
2022-01-26T14:41:38.736Z	661	664	581	582
2022-01-26T14:41:58.735Z	712	715	608	609
2022-01-26T14:42:18.737Z	761	763	637	636
2022-01-26T14:42:38.737Z	806	808	664	662
2022-01-26T14:42:58.736Z	848	850	689	688
2022-01-26T14:43:18.736Z	886	887	715	713
2022-01-26T14:43:38.737Z	921	920	739	738
2022-01-26T14:43:58.737Z	948	947	763	762
2022-01-26T14:44:18.738Z	970	969	786	787
2022-01-26T14:44:38.738Z	986	985	808	809
2022-01-26T14:44:58.739Z	996	996	829	830
2022-01-26T14:45:18.740Z	1000	1000	850	850
2022-01-26T14:45:38.740Z	998	998	869	870
2022-01-26T14:45:58.741Z	990	989	887	888
2022-01-26T14:46:18.741Z	976	975	905	904
2022-01-26T14:46:38.742Z	956	955	921	920
2022-01-26T14:46:58.743Z	931	930	935	934
2022-01-26T14:47:18.744Z	897	899	948	947
2022-01-26T14:47:38.745Z	861	863	959	959
2022-01-26T14:47:58.745Z	821	823	970	969
2022-01-26T14:48:18.746Z	777	779	978	979
2022-01-26T14:48:38.746Z	730	732	986	986
2022-01-26T14:48:58.746Z	679	682	991	992
2022-01-26T14:49:18.746Z	627	629	996	996
2022-01-26T14:49:38.747Z	573	571	999	999
2022-01-26T14:49:58.747Z	518	516	1000	1000
2022-01-26T14:50:18.748Z	463	461	1000	1000
2022-01-26T14:50:38.749Z	408	406	998	998
2022-01-26T14:50:58.750Z	355	353	994	995
2022-01-26T14:51:18.750Z	299	301	989	990
2022-01-26T14:51:38.750Z	250	252	983	983
2022-01-26T14:51:58.751Z	203	205	975	975
2022-01-26T14:52:18.751Z	161	163	966	966
2022-01-26T14:52:38.752Z	123	124	955	955
2022-01-26T14:52:58.754Z	89	90	943	943
2022-01-26T14:53:18.755Z	60	59	930	929
2022-01-26T14:53:38.755Z	37	36	914	914
2022-01-26T14:53:58.755Z	19	18	898	898
2022-01-26T14:54:18.756Z	7	6	880	881
2022-01-26T14:54:38.757Z	1	1	862	863
2022-01-26T14:54:58.758Z	1	1	842	843
2022-01-26T14:55:18.759Z	8	7	822	823
2022-01-26T14:55:38.759Z	20	20	800	799
2022-01-26T14:55:58.759Z	39	38	778	777
2022-01-26T14:56:18.760Z	63	62	754	753
2022-01-26T14:56:38.759Z	92	91	730	729
2022-01-26T14:56:58.761Z	126	128	705	704
2022-01-26T14:57:18.762Z	165	167	678	679
2022-01-26T14:57:38.762Z	208	210	652	653
2022-01-26T14:57:58.763Z	255	257	625	626
2022-01-26T14:58:18.763Z	304	306	598	600
2022-01-26T14:58:38.763Z	361	358	571	572
2022-01-26T14:58:58.763Z	414	412	544	545
2022-01-26T14:59:18.763Z	469	466	516	515
2022-01-26T14:59:38.763Z	524	521	489	488
2022-01-26T14:59:58.764Z	579	576	461	460
2022-01-26T15:00:18.765Z	633	630	434	433
2022-01-26T15:00:38.766Z	685	687	407	406
2022-01-26T15:00:58.766Z	735	737	377	379
2022-01-26T15:01:18.766Z	782	784	351	352
2022-01-26T15:01:38.767Z	826	828	325	326
2022-01-26T15:01:58.766Z	865	867	299	300
2022-01-26T15:02:18.767Z	904	902	274	276
2022-01-26T15:02:38.768Z	934	932	250	251
2022-01-26T15:02:58.769Z	958	957	227	226
2022-01-26T15:09:46.018Z	609	606	554	555
2022-01-26T15:10:06.019Z	662	664	581	582
2022-01-26T15:10:26.019Z	713	715	608	609
2022-01-26T15:10:46.019Z	761	763	637	636
2022-01-26T15:11:06.020Z	807	808	664	662
2022-01-26T15:11:26.021Z	848	850	689	688
2022-01-26T15:11:46.021Z	885	887	715	713
2022-01-26T15:12:06.022Z	921	920	739	738
2022-01-26T15:12:26.023Z	948	947	763	762
2022-01-26T15:12:46.024Z	970	969	786	787
2022-01-26T15:13:06.025Z	986	985	808	809
2022-01-26T15:13:26.026Z	996	995	829	830
2022-01-26T15:13:46.026Z	1000	1000	850	850
2022-01-26T15:22:16.332Z	608	606	554	555
2022-01-26T15:22:36.332Z	661	664	581	582
2022-01-26T15:22:56.331Z	712	715	608	609
2022-01-26T15:23:16.332Z	761	763	637	636
2022-01-26T15:23:36.333Z	806	808	663	662
2022-01-26T15:23:56.334Z	848	850	689	688
2022-01-26T15:24:16.334Z	885	887	714	713
2022-01-26T15:24:36.334Z	921	919	739	738
2022-01-26T15:24:56.335Z	948	947	763	764
2022-01-26T15:25:16.335Z	970	969	786	787
2022-01-26T15:25:36.335Z	986	985	808	809
2022-01-26T15:25:56.336Z	996	995	829	830
2022-01-26T15:26:16.336Z	1000	1000	849	850
2022-01-26T15:26:36.338Z	998	998	869	869
2022-01-26T15:26:56.338Z	990	989	888	887
2022-01-26T15:27:16.338Z	976	975	905	904
2022-01-26T15:27:36.338Z	956	955	921	920
2022-01-26T15:27:56.338Z	931	930	935	934
2022-01-26T15:28:16.339Z	898	899	948	947
2022-01-26T15:28:36.339Z	862	864	959	959
2022-01-26T15:28:56.339Z	822	824	969	970
2022-01-26T15:29:16.339Z	778	780	978	979
2022-01-26T15:29:36.339Z	730	732	986	986
2022-01-26T15:29:56.339Z	680	678	991	992
2022-01-26T15:30:16.339Z	628	625	996	996
2022-01-26T15:30:36.340Z	574	571	999	999
2022-01-26T15:30:56.340Z	519	516	1000	1000
2022-01-26T15:31:16.340Z	464	461	1000	1000
2022-01-26T15:31:36.340Z	409	407	998	998
2022-01-26T15:31:56.341Z	351	353	994	995
2022-01-26T15:32:16.341Z	299	302	990	990
2022-01-26T15:32:36.341Z	250	252	983	983
2022-01-26T16:40:07.620Z	229	231	980	979
2022-01-26T16:40:27.630Z	957	955	771	772
2022-01-26T16:40:47.640Z	975	976	795	794
2022-01-26T16:41:07.651Z	990	990	817	816
2022-01-26T16:41:27.654Z	998	998	837	838
2022-01-26T16:41:47.656Z	1000	1000	858	857
2022-01-26T16:42:07.662Z	996	995	877	876
2022-01-26T16:42:27.669Z	985	986	893	894
2022-01-26T16:42:47.679Z	968	969	910	911
2022-01-26T16:43:07.681Z	948	946	926	925
2022-01-26T16:43:27.694Z	919	918	939	940
2022-01-26T16:43:47.694Z	886	887	952	953
2022-01-26T16:44:07.695Z	847	849	963	963
2022-01-26T16:44:27.706Z	807	805	973	973
2022-01-26T16:44:47.708Z	761	763	981	981
2022-01-26T16:45:07.716Z	711	713	988	988
2022-01-26T16:45:27.730Z	659	661	993	993
2022-01-26T16:45:47.740Z	609	607	997	997
2022-01-26T16:46:07.743Z	553	550	999	999
2022-01-26T16:46:27.747Z	496	499	1000	1000
2022-01-26T16:46:47.761Z	439	442	999	999
2022-01-26T16:47:07.769Z	388	386	997	997
2022-01-26T16:47:27.782Z	333	331	993	993
2022-01-26T16:47:47.795Z	281	283	987	987
2022-01-26T16:48:07.804Z	235	233	980	981
2022-01-26T16:48:27.816Z	189	187	972	972
2022-01-26T16:48:47.818Z	147	145	962	962
2022-01-26T16:49:07.825Z	109	111	951	950
2022-01-26T16:49:27.836Z	76	78	938	938
2022-01-26T16:49:47.836Z	51	50	923	924
2022-01-26T16:50:07.849Z	29	30	909	908
2022-01-26T16:50:27.850Z	13	13	892	891
2022-01-26T16:50:47.858Z	4	3	874	874
2022-01-26T16:51:07.866Z	0	0	856	855
2022-01-26T16:51:27.874Z	3	2	835	834
2022-01-26T16:51:47.875Z	12	11	814	815
2022-01-26T16:52:07.886Z	26	27	791	792
2022-01-26T16:52:27.887Z	47	46	769	768
2022-01-26T16:52:47.892Z	74	73	745	746
2022-01-26T16:53:07.895Z	104	105	719	721
2022-01-26T16:53:27.907Z	141	142	696	695
2022-01-26T16:53:47.917Z	183	181	669	668
2022-01-26T16:54:07.928Z	229	226	642	644
2022-01-26T16:54:27.942Z	274	276	615	616
2022-01-26T16:54:47.951Z	326	328	589	588
2022-01-26T16:55:07.962Z	380	378	561	560
2022-01-26T16:55:27.974Z	431	434	533	534
2022-01-26T16:55:47.982Z	488	490	504	506
2022-01-26T16:56:07.997Z	545	542	479	477
2022-01-26T16:56:28.005Z	601	599	450	451
2022-01-26T16:56:48.011Z	651	654	422	423
2022-01-26T16:57:08.016Z	705	707	396	395
2022-01-26T16:57:28.030Z	755	753	369	367
2022-01-26T16:57:48.039Z	798	801	341	342
2022-01-26T16:58:08.043Z	842	844	314	316
2022-01-26T16:58:28.058Z	881	880	291	289
2022-01-26T16:58:48.066Z	916	914	265	266
2022-01-26T16:59:08.074Z	942	943	240	241
2022-01-26T16:59:28.079Z	966	967	219	217
2022-01-26T16:59:48.095Z	984	983	195	194
2022-01-26T17:00:08.105Z	995	994	173	174
2022-01-26T17:00:28.110Z	1000	1000	152	153
2022-01-26T17:00:48.125Z	999	999	134	133
2022-01-26T17:01:08.140Z	991	992	115	114
2022-01-26T17:01:28.154Z	979	978	98	98
2022-01-26T17:01:48.166Z	959	958	81	82
2022-01-26T17:02:08.177Z	934	935	68	67
2022-01-26T17:02:28.191Z	903	904	54	54
2022-01-26T17:02:48.196Z	870	868	42	43
2022-01-26T17:03:08.199Z	830	828	32	32
2022-01-26T17:03:28.201Z	785	787	23	23
2022-01-26T17:03:48.210Z	736	738	15	16
2022-01-26T17:04:08.221Z	689	687	9	9
2022-01-26T17:04:28.231Z	635	633	5	5
2022-01-26T17:04:48.242Z	580	582	2	2
2022-01-26T17:05:08.243Z	523	526	0	0
2022-01-26T17:05:28.250Z	471	469	0	0
