time	1-tT	1-T
2023-05-18T17:25:39.463Z	0	0
2023-05-18T17:25:44.463Z	0	0
2023-05-18T17:26:52.605Z	366	365
2023-05-18T17:27:12.607Z	398	398
2023-05-18T17:27:32.618Z	429	429
2023-05-18T17:27:52.630Z	458	458
2023-05-18T17:28:12.632Z	485	485
2023-05-18T17:28:32.636Z	511	510
2023-05-18T17:28:52.651Z	533	533
2023-05-18T17:29:54.822Z	366	366
2023-05-18T17:30:14.823Z	398	398
2023-05-18T17:30:34.822Z	429	429
2023-05-18T17:30:54.827Z	458	458
2023-05-18T17:31:14.833Z	486	485
2023-05-18T17:31:34.863Z	510	511
2023-05-18T17:31:54.864Z	533	533
2023-05-18T17:32:14.876Z	552	553
2023-05-18T17:32:34.882Z	569	569
2023-05-18T17:32:54.885Z	582	582
2023-05-18T17:33:14.888Z	591	592
2023-05-18T17:33:34.891Z	598	598
2023-05-18T17:33:54.898Z	600	600
2023-05-18T17:34:14.911Z	599	599
2023-05-18T17:34:34.921Z	594	594
2023-05-18T17:34:54.925Z	585	585
2023-05-18T17:35:14.931Z	573	573
2023-05-18T17:35:34.936Z	557	557
2023-05-18T17:35:54.950Z	538	539
2023-05-18T17:36:14.950Z	517	517
2023-05-18T17:36:34.965Z	493	492
2023-05-18T17:36:54.970Z	466	466
2023-05-18T17:37:14.977Z	437	437
2023-05-18T17:37:34.985Z	407	407
2023-05-18T17:37:55.000Z	375	375
2023-05-18T17:38:15.010Z	342	342
2023-05-18T17:38:35.017Z	310	309
2023-05-18T17:38:55.031Z	276	276
2023-05-18T17:39:15.046Z	243	243
2023-05-18T17:39:35.058Z	210	211
2023-05-18T17:39:55.064Z	179	179
2023-05-18T17:40:15.073Z	150	149
2023-05-18T17:40:35.087Z	121	122
2023-05-18T17:40:55.100Z	96	96
2023-05-18T17:41:15.104Z	73	73
2023-05-18T17:41:35.105Z	52	53
2023-05-18T17:41:55.110Z	35	35
2023-05-18T17:42:15.121Z	21	21
2023-05-18T17:42:35.130Z	11	11
2023-05-18T17:42:55.142Z	4	4
2023-05-18T17:43:15.157Z	0	0
2023-05-18T17:43:35.160Z	1	1
2023-05-18T17:43:55.162Z	5	5
2023-05-18T17:44:15.176Z	12	12
2023-05-18T17:44:35.179Z	24	24
2023-05-18T17:44:55.192Z	38	39
2023-05-18T17:45:15.201Z	56	56
2023-05-18T17:45:35.206Z	77	77
2023-05-18T17:45:55.212Z	101	101
2023-05-18T17:46:15.225Z	127	127
2023-05-18T17:46:35.234Z	155	155
2023-05-18T17:47:18.602Z	366	366
2023-05-18T17:47:38.605Z	397	398
2023-05-18T17:47:58.609Z	429	429
2023-05-18T17:48:18.621Z	458	458
2023-05-18T17:48:38.622Z	485	486
2023-05-18T17:48:58.627Z	510	511
2023-05-18T17:49:18.637Z	533	533
2023-05-18T17:49:38.644Z	553	552
2023-05-18T17:49:58.655Z	569	569
2023-05-18T17:50:18.662Z	582	582
2023-05-18T17:50:38.667Z	592	592
2023-05-18T17:50:58.669Z	598	598
2023-05-18T17:51:18.677Z	600	600
2023-05-18T17:51:38.688Z	599	599
2023-05-18T17:51:58.693Z	594	594
2023-05-18T17:52:18.701Z	585	585
2023-05-18T17:52:38.705Z	573	573
2023-05-18T17:52:58.710Z	557	557
2023-05-18T17:53:18.716Z	539	539
2023-05-18T17:53:38.729Z	517	517
2023-05-18T17:53:58.730Z	492	493
2023-05-18T17:54:18.735Z	466	466
2023-05-18T17:54:38.744Z	437	437
2023-05-18T17:54:58.753Z	407	406
2023-05-18T17:55:18.756Z	375	375
2023-05-18T17:55:38.759Z	342	342
2023-05-18T17:55:58.770Z	309	309
2023-05-18T17:56:18.781Z	276	275
2023-05-18T17:56:38.782Z	243	243
2023-05-18T17:56:58.794Z	211	210
2023-05-18T17:57:18.801Z	179	180
2023-05-18T17:57:38.806Z	150	149
2023-05-18T17:57:58.817Z	122	122
2023-05-18T17:58:18.831Z	96	96
2023-05-18T17:58:38.835Z	73	73
2023-05-18T17:58:58.847Z	52	53
2023-05-18T17:59:18.854Z	35	35
2023-05-18T17:59:38.854Z	21	21
2023-05-18T17:59:58.857Z	11	11
2023-05-18T18:00:18.862Z	4	4
2023-05-18T18:00:38.867Z	0	0
2023-05-18T18:00:58.870Z	1	1
2023-05-18T18:01:18.881Z	5	5
2023-05-18T18:01:38.883Z	12	12
2023-05-18T18:01:58.893Z	23	24
2023-05-18T18:02:18.905Z	38	38
2023-05-18T18:02:38.906Z	56	56
2023-05-18T18:02:58.917Z	77	77
2023-05-18T18:03:18.932Z	101	101
2023-05-18T18:03:38.933Z	126	127
2023-05-18T18:03:58.944Z	155	155
2023-05-18T18:04:18.945Z	185	185
2023-05-18T18:04:38.947Z	217	216
2023-05-18T18:04:58.960Z	249	249
2023-05-18T18:05:18.968Z	282	282
2023-05-18T18:05:38.979Z	315	315
2023-05-18T18:05:58.986Z	349	348
2023-05-18T18:06:18.999Z	381	381
2023-05-18T18:06:39.010Z	413	413
2023-05-18T18:06:59.017Z	443	443
2023-05-18T18:07:19.020Z	472	471
2023-05-18T18:07:39.029Z	498	497
2023-05-18T18:07:59.041Z	521	521
2023-05-18T18:08:19.044Z	542	543
2023-05-18T18:08:39.059Z	560	561
2023-05-18T18:08:59.066Z	575	575
2023-05-18T18:09:19.069Z	587	587
2023-05-18T18:09:39.077Z	595	595
2023-05-18T18:09:59.091Z	599	599
2023-05-18T18:10:19.100Z	600	600
2023-05-18T18:10:39.106Z	597	597
2023-05-18T18:10:59.111Z	590	590
2023-05-18T18:11:19.125Z	580	580
2023-05-18T18:11:39.127Z	566	566
2023-05-18T18:11:59.139Z	549	549
2023-05-18T18:12:19.144Z	529	529
2023-05-18T18:12:39.156Z	506	506
2023-05-18T18:12:59.157Z	480	481
2023-05-18T18:13:19.163Z	453	452
2023-05-18T18:13:39.176Z	423	423
2023-05-18T18:13:59.179Z	392	392
2023-05-18T18:14:19.186Z	359	360
2023-05-18T18:14:39.198Z	326	327
2023-05-18T18:14:59.205Z	293	294
2023-05-18T18:15:19.210Z	260	260
2023-05-18T18:15:39.222Z	228	227
2023-05-18T18:15:59.221Z	195	196
2023-05-18T18:16:19.235Z	165	165
2023-05-18T18:16:39.248Z	136	136
2023-05-18T18:16:59.249Z	109	109
2023-05-18T18:17:19.260Z	84	85
2023-05-18T18:17:39.262Z	63	63
2023-05-18T18:17:59.265Z	44	44
2023-05-18T18:18:19.272Z	28	28
2023-05-18T18:18:39.280Z	16	16
2023-05-18T18:18:59.294Z	7	7
2023-05-18T18:19:19.296Z	2	2
2023-05-18T18:19:39.299Z	0	0
2023-05-18T18:19:59.314Z	2	2
2023-05-18T18:20:19.323Z	8	8
2023-05-18T18:20:39.323Z	17	17
2023-05-18T18:20:59.331Z	30	30
2023-05-18T18:21:19.335Z	46	46
2023-05-18T18:21:39.346Z	65	66
2023-05-18T18:21:59.347Z	88	88
2023-05-18T18:22:19.361Z	112	113
2023-05-18T18:22:39.372Z	140	139
2023-05-18T18:22:59.383Z	169	169
2023-05-18T18:23:19.384Z	200	200
2023-05-18T18:23:39.387Z	232	232
2023-05-18T18:23:59.400Z	264	265
2023-05-18T18:24:19.406Z	298	298
2023-05-18T18:24:39.408Z	331	332
2023-05-18T18:24:59.421Z	364	364
2023-05-18T18:25:19.423Z	396	396
2023-05-18T18:25:39.426Z	427	427
2023-05-18T18:25:59.436Z	457	456
2023-05-18T18:26:19.442Z	484	484
2023-05-18T18:26:39.449Z	509	509
2023-05-18T18:26:59.462Z	531	532
2023-05-18T18:27:19.478Z	551	552
2023-05-18T18:27:39.481Z	568	568
2023-05-18T18:27:59.487Z	581	581
2023-05-18T18:28:19.491Z	591	591
2023-05-18T18:28:39.501Z	597	597
2023-05-18T18:28:59.504Z	600	600
2023-05-18T18:29:19.519Z	599	599
2023-05-18T18:29:39.527Z	594	594
2023-05-18T18:29:59.531Z	586	585
2023-05-18T18:30:19.534Z	573	574
2023-05-18T18:30:39.545Z	558	558
2023-05-18T18:30:59.555Z	540	540
2023-05-18T18:31:19.567Z	518	518
2023-05-18T18:31:39.569Z	494	494
2023-05-18T18:31:59.583Z	467	468
2023-05-18T18:32:19.593Z	439	439
2023-05-18T18:32:39.607Z	409	408
2023-05-18T18:32:59.607Z	377	377
2023-05-18T18:33:19.612Z	344	344
2023-05-18T18:33:39.616Z	311	311
2023-05-18T18:33:59.629Z	278	278
2023-05-18T18:34:19.640Z	244	245
2023-05-18T18:34:39.651Z	213	212
2023-05-18T18:34:59.665Z	181	181
2023-05-18T18:35:19.669Z	151	151
2023-05-18T18:35:39.681Z	123	123
2023-05-18T18:35:59.688Z	98	97
2023-05-18T18:36:19.691Z	74	74
2023-05-18T18:36:39.702Z	54	53
2023-05-18T18:36:59.704Z	36	36
2023-05-18T18:37:19.716Z	22	22
2023-05-18T18:37:39.729Z	11	11
2023-05-18T18:37:59.736Z	4	4
2023-05-18T18:38:19.737Z	0	0
2023-05-18T18:38:39.742Z	1	1
2023-05-18T18:38:59.744Z	4	4
2023-05-18T18:39:19.754Z	12	12
2023-05-18T18:39:39.766Z	23	23
2023-05-18T18:39:59.782Z	37	37
2023-05-18T18:40:19.784Z	55	55
2023-05-18T18:40:39.798Z	76	76
2023-05-18T18:40:59.813Z	100	99
2023-05-18T18:41:19.826Z	125	125
2023-05-18T18:41:39.838Z	154	153
2023-05-18T18:41:59.848Z	183	184
2023-05-18T18:42:19.854Z	215	215
2023-05-18T18:42:39.863Z	247	248
2023-05-18T18:42:59.876Z	281	280
2023-05-18T18:43:19.884Z	314	314
2023-05-18T18:43:39.895Z	347	347
2023-05-18T18:43:59.908Z	379	380
2023-05-18T18:44:19.923Z	411	411
2023-05-18T18:44:39.933Z	441	442
2023-05-18T18:44:59.937Z	470	470
2023-05-18T18:45:19.937Z	496	496
2023-05-18T18:45:39.947Z	520	520
2023-05-18T18:45:59.957Z	541	542
2023-05-18T18:46:19.959Z	560	560
2023-05-18T18:46:39.965Z	575	575
2023-05-18T18:46:59.966Z	586	586
2023-05-18T18:47:19.975Z	595	595
2023-05-18T18:47:39.989Z	599	599
2023-05-18T18:47:59.992Z	600	600
2023-05-18T18:48:20.006Z	597	597
2023-05-18T18:48:40.009Z	590	591
2023-05-18T18:49:00.017Z	580	580
2023-05-18T18:49:20.022Z	567	567
2023-05-18T18:49:40.032Z	550	550
2023-05-18T18:50:00.045Z	530	530
2023-05-18T18:50:20.059Z	507	507
2023-05-18T18:50:40.059Z	482	481
2023-05-18T18:51:00.060Z	455	454
2023-05-18T18:51:20.074Z	425	425
2023-05-18T18:51:40.076Z	394	393
2023-05-18T18:52:00.077Z	361	362
2023-05-18T18:52:20.090Z	329	328
2023-05-18T18:52:40.093Z	295	295
2023-05-18T18:53:00.098Z	262	262
2023-05-18T18:53:20.110Z	229	230
2023-05-18T18:53:40.121Z	197	197
2023-05-18T18:54:00.122Z	167	166
2023-05-18T18:54:20.132Z	138	138
2023-05-18T18:54:40.144Z	111	111
2023-05-18T18:55:00.152Z	86	86
2023-05-18T18:55:20.155Z	64	64
2023-05-18T18:55:40.169Z	45	45
2023-05-18T18:56:00.182Z	29	29
2023-05-18T18:56:20.185Z	17	16
2023-05-18T18:56:40.193Z	7	7
2023-05-18T18:57:00.201Z	2	2
2023-05-18T18:57:20.213Z	0	0
2023-05-18T18:57:40.225Z	2	2
2023-05-18T18:58:00.239Z	8	7
2023-05-18T18:58:20.239Z	17	17
2023-05-18T18:58:40.244Z	29	29
2023-05-18T18:59:00.254Z	45	46
2023-05-18T18:59:20.268Z	65	65
2023-05-18T18:59:40.272Z	87	87
2023-05-18T19:00:00.283Z	112	111
2023-05-18T19:00:20.287Z	138	138
2023-05-18T19:00:40.287Z	168	167
2023-05-18T19:01:00.293Z	198	198
2023-05-18T19:01:20.296Z	230	230
2023-05-18T19:01:40.310Z	263	262
2023-05-18T19:02:00.316Z	296	296
2023-05-18T19:02:20.326Z	329	330
2023-05-18T19:02:40.338Z	362	362
2023-05-18T19:03:00.345Z	395	394
2023-05-18T19:03:20.349Z	425	426
2023-05-18T19:03:40.359Z	455	455
2023-05-18T19:04:00.369Z	482	483
2023-05-18T19:04:20.378Z	508	507
2023-05-18T19:04:40.393Z	530	531
2023-05-18T19:05:00.400Z	550	551
2023-05-18T19:05:20.413Z	567	567
2023-05-18T19:05:40.428Z	581	581
2023-05-18T19:06:00.432Z	591	591
2023-05-18T19:06:20.444Z	597	597
2023-05-18T19:06:40.446Z	600	600
2023-05-18T19:07:00.447Z	599	599
2023-05-18T19:07:20.455Z	594	594
2023-05-18T19:07:40.464Z	586	586
2023-05-18T19:08:00.466Z	574	574
2023-05-18T19:08:20.466Z	559	559
2023-05-18T19:08:40.467Z	541	541
2023-05-18T19:09:00.468Z	520	519
2023-05-18T19:09:20.480Z	495	495
2023-05-18T19:09:40.491Z	469	469
2023-05-18T19:10:00.494Z	440	441
2023-05-18T19:10:20.504Z	410	410
2023-05-18T19:10:40.518Z	379	378
2023-05-18T19:11:00.518Z	346	346
2023-05-18T19:11:20.523Z	312	313
2023-05-18T19:11:40.531Z	280	279
2023-05-18T19:12:00.539Z	246	247
2023-05-18T19:12:20.543Z	214	214
2023-05-18T19:12:40.545Z	183	183
2023-05-18T19:13:00.545Z	153	153
2023-05-18T19:13:20.549Z	125	125
2023-05-18T19:13:40.557Z	98	99
2023-05-18T19:14:00.560Z	75	75
2023-05-18T19:14:20.570Z	55	55
2023-05-18T19:14:40.575Z	37	37
2023-05-18T19:15:00.578Z	23	23
2023-05-18T19:15:20.593Z	12	12
2023-05-18T19:15:40.595Z	4	4
2023-05-18T19:16:00.609Z	1	0
2023-05-18T19:16:20.622Z	0	0
2023-05-18T19:16:40.622Z	4	4
2023-05-18T19:17:00.626Z	11	12
2023-05-18T19:17:20.636Z	22	22
2023-05-18T19:17:40.642Z	37	36
2023-05-18T19:18:00.642Z	54	54
2023-05-18T19:18:20.657Z	75	75
2023-05-18T19:18:40.663Z	98	98
2023-05-18T19:19:00.674Z	124	123
2023-05-18T19:19:20.678Z	151	152
2023-05-18T19:19:40.686Z	182	182
2023-05-18T19:20:00.696Z	213	213
2023-05-18T19:20:20.707Z	245	246
2023-05-18T19:20:40.717Z	278	279
2023-05-18T19:21:00.720Z	312	311
2023-05-18T19:21:20.731Z	345	345
2023-05-18T19:21:40.734Z	378	377
2023-05-18T19:22:00.740Z	409	410
2023-05-18T19:22:20.751Z	440	439
2023-05-18T19:22:40.753Z	468	468
2023-05-18T19:23:00.755Z	495	494
2023-05-18T19:23:20.761Z	518	519
2023-05-18T19:23:40.765Z	540	540
2023-05-18T19:24:00.772Z	558	559
2023-05-18T19:24:20.785Z	574	574
2023-05-18T19:24:40.794Z	586	586
2023-05-18T19:25:00.801Z	594	594
2023-05-18T19:25:20.804Z	599	599
2023-05-18T19:25:40.815Z	600	600
2023-05-18T19:26:00.825Z	597	597
2023-05-18T19:26:20.836Z	591	591
2023-05-18T19:26:40.844Z	581	581
2023-05-18T19:27:00.850Z	567	568
2023-05-18T19:27:20.857Z	551	551
2023-05-18T19:27:40.862Z	531	531
2023-05-18T19:28:00.867Z	508	509
2023-05-18T19:28:20.870Z	483	483
2023-05-18T19:28:40.876Z	456	455
2023-05-18T19:29:00.880Z	426	427
2023-05-18T19:29:20.894Z	396	395
2023-05-18T19:29:40.902Z	363	363
2023-05-18T19:30:00.902Z	330	330
2023-05-18T19:30:20.904Z	297	297
2023-05-18T19:30:40.919Z	264	263
2023-05-18T19:31:00.921Z	231	231
2023-05-18T19:31:20.936Z	199	199
2023-05-18T19:31:40.937Z	168	169
2023-05-18T19:32:00.950Z	139	139
2023-05-18T19:32:20.965Z	112	112
2023-05-18T19:32:40.966Z	88	87
2023-05-18T19:33:00.977Z	65	65
2023-05-18T19:33:20.988Z	46	46
2023-05-18T19:33:41.001Z	30	30
2023-05-18T19:34:01.006Z	17	17
2023-05-18T19:34:21.013Z	8	8
2023-05-18T19:34:41.013Z	2	2
2023-05-18T19:35:01.018Z	0	0
2023-05-18T19:35:21.020Z	2	2
2023-05-18T19:35:41.033Z	7	7
2023-05-18T19:36:01.040Z	16	16
2023-05-18T19:36:21.043Z	28	29
2023-05-18T19:36:41.043Z	44	44
2023-05-18T19:37:01.055Z	63	63
2023-05-18T19:37:21.065Z	85	85
2023-05-18T19:37:41.075Z	110	110
2023-05-18T19:38:01.082Z	137	137
2023-05-18T19:38:21.084Z	166	166
2023-05-18T19:38:41.090Z	196	197
2023-05-18T19:39:01.102Z	228	228
2023-05-18T19:39:21.103Z	261	261
2023-05-18T19:39:41.107Z	294	295
2023-05-18T19:40:01.120Z	328	327
2023-05-18T19:40:21.124Z	360	361
2023-05-18T19:40:41.129Z	393	392
2023-05-18T19:41:01.129Z	423	424
2023-05-18T19:41:21.133Z	454	453
2023-05-18T19:41:41.140Z	481	481
2023-05-18T19:42:01.155Z	507	506
2023-05-18T19:42:21.156Z	529	529
2023-05-18T19:42:41.165Z	549	549
2023-05-18T19:43:01.179Z	566	566
2023-05-18T19:43:21.189Z	580	580
2023-05-18T19:43:41.192Z	590	590
2023-05-18T19:44:01.193Z	597	597
2023-05-18T19:44:21.208Z	600	600
2023-05-18T19:44:41.219Z	599	599
2023-05-18T19:45:01.225Z	595	595
2023-05-18T19:45:21.239Z	587	587
2023-05-18T19:45:41.252Z	575	575
2023-05-18T19:46:01.262Z	560	560
2023-05-18T19:46:21.276Z	542	542
2023-05-18T19:46:41.280Z	521	521
2023-05-18T19:47:01.287Z	497	497
2023-05-18T19:47:21.296Z	470	471
2023-05-18T19:47:41.298Z	442	442
2023-05-18T19:48:01.305Z	412	412
2023-05-18T19:48:21.305Z	381	380
2023-05-18T19:48:41.309Z	348	347
2023-05-18T19:49:01.310Z	314	315
2023-05-18T19:49:21.323Z	281	281
2023-05-18T19:49:41.325Z	248	249
2023-05-18T19:50:01.338Z	216	215
2023-05-18T19:50:21.344Z	184	184
2023-05-18T19:50:41.351Z	155	154
2023-05-18T19:51:01.360Z	126	126
2023-05-18T19:51:21.370Z	100	100
2023-05-18T19:51:41.375Z	76	77
2023-05-18T19:52:01.384Z	56	56
2023-05-18T19:52:21.397Z	38	38
2023-05-18T19:52:41.408Z	23	23
2023-05-18T19:53:01.423Z	12	12
2023-05-18T19:53:21.436Z	5	5
2023-05-18T19:53:41.448Z	1	1
2023-05-18T19:54:01.463Z	0	0
2023-05-18T19:54:21.466Z	4	4
2023-05-18T19:54:41.474Z	11	11
2023-05-18T19:55:01.475Z	22	21
2023-05-18T19:55:21.486Z	36	36
2023-05-18T19:55:41.497Z	53	53
2023-05-18T19:56:01.513Z	74	73
2023-05-18T19:56:21.512Z	97	97
2023-05-18T19:56:41.521Z	123	122
2023-05-18T19:57:01.529Z	150	151
2023-05-18T19:57:21.538Z	180	180
2023-05-18T19:57:41.544Z	211	212
2023-05-18T19:58:01.547Z	243	244
2023-05-18T19:58:21.554Z	277	277
2023-05-18T19:58:41.557Z	310	310
2023-05-18T19:59:01.570Z	343	344
2023-05-18T19:59:21.578Z	376	376
2023-05-18T19:59:41.585Z	407	408
2023-05-18T20:00:01.596Z	438	438
2023-05-18T20:00:21.602Z	467	467
2023-05-18T20:00:41.615Z	493	494
2023-05-18T20:01:01.628Z	518	517
2023-05-18T20:01:21.643Z	539	539
2023-05-18T20:01:41.654Z	558	558
2023-05-18T20:02:01.668Z	573	573
2023-05-18T20:02:21.672Z	585	585
2023-05-18T20:02:41.687Z	594	594
2023-05-18T20:03:01.686Z	599	599
2023-05-18T20:03:21.689Z	600	600
2023-05-18T20:03:41.690Z	597	597
2023-05-18T20:04:01.692Z	591	591
2023-05-18T20:04:21.702Z	582	582
2023-05-18T20:04:41.712Z	568	569
2023-05-18T20:05:01.725Z	552	552
2023-05-18T20:05:21.733Z	532	532
2023-05-18T20:05:41.736Z	510	510
2023-05-18T20:06:01.747Z	485	485
2023-05-18T20:06:21.756Z	458	457
2023-05-18T20:06:41.761Z	428	428
2023-05-18T20:07:01.772Z	397	397
2023-05-18T20:07:21.778Z	365	365
2023-05-18T20:07:41.781Z	332	332
2023-05-18T20:08:01.783Z	299	299
2023-05-18T20:08:21.790Z	265	266
2023-05-18T20:08:41.793Z	232	233
2023-05-18T20:09:01.805Z	201	200
2023-05-18T20:09:21.805Z	170	170
2023-05-18T20:09:41.808Z	141	141
2023-05-18T20:10:01.808Z	114	113
2023-05-18T20:10:21.821Z	89	88
2023-05-18T20:10:41.823Z	67	66
2023-05-18T20:11:01.826Z	47	47
2023-05-18T20:11:21.834Z	30	31
2023-05-18T20:11:41.847Z	18	17
2023-05-18T20:12:01.855Z	8	8
2023-05-18T20:12:21.868Z	2	2
2023-05-18T20:12:41.869Z	0	0
2023-05-18T20:13:01.873Z	1	2
2023-05-18T20:13:21.884Z	7	7
2023-05-18T20:13:41.894Z	15	16
2023-05-18T20:14:01.902Z	28	28
2023-05-18T20:14:21.911Z	44	43
2023-05-18T20:14:41.915Z	62	63
2023-05-18T20:15:01.924Z	84	84
2023-05-18T20:15:21.938Z	109	108
2023-05-18T20:15:41.939Z	135	136
2023-05-18T20:16:01.946Z	164	164
2023-05-18T20:16:21.947Z	194	195
2023-05-18T20:16:41.953Z	226	226
2023-05-18T20:17:01.967Z	260	259
2023-05-18T20:17:21.971Z	292	293
2023-05-18T20:17:41.983Z	326	325
2023-05-18T20:18:01.984Z	358	359
2023-05-18T20:18:21.990Z	391	391
2023-05-18T20:18:42.005Z	422	422
2023-05-18T20:19:02.015Z	452	452
2023-05-18T20:19:22.030Z	479	480
2023-05-18T20:19:42.035Z	505	505
2023-05-18T20:20:02.042Z	528	528
2023-05-18T20:20:22.056Z	548	548
2023-05-18T20:20:42.060Z	565	565
2023-05-18T20:21:02.070Z	579	579
2023-05-18T20:21:22.086Z	590	590
2023-05-18T20:21:42.095Z	597	597
2023-05-18T20:22:02.096Z	600	600
2023-05-18T20:22:22.104Z	599	599
2023-05-18T20:22:42.105Z	595	595
2023-05-18T20:23:02.109Z	587	587
2023-05-18T20:23:22.113Z	576	576
2023-05-18T20:23:42.117Z	561	561
2023-05-18T20:24:02.118Z	543	543
2023-05-18T20:24:22.127Z	522	522
2023-05-18T20:24:42.128Z	498	499
2023-05-18T20:25:02.138Z	472	472
2023-05-18T20:25:22.141Z	444	443
2023-05-18T20:25:42.155Z	413	414
2023-05-18T20:26:02.168Z	382	382
2023-05-18T20:26:22.175Z	350	349
2023-05-18T20:26:42.188Z	316	316
2023-05-18T20:27:02.188Z	283	283
2023-05-18T20:27:22.196Z	250	250
2023-05-18T20:27:42.211Z	218	217
2023-05-18T20:28:02.216Z	186	186
2023-05-18T20:28:22.222Z	156	156
2023-05-18T20:28:42.237Z	127	128
2023-05-18T20:29:02.246Z	102	101
2023-05-18T20:29:22.249Z	78	78
2023-05-18T20:29:42.255Z	56	57
2023-05-18T20:30:02.261Z	39	39
2023-05-18T20:30:22.268Z	24	24
2023-05-18T20:30:42.282Z	13	13
2023-05-18T20:31:02.298Z	5	5
2023-05-18T20:31:22.300Z	1	1
2023-05-18T20:31:42.309Z	0	0
2023-05-18T20:32:02.319Z	3	4
2023-05-18T20:32:22.321Z	10	10
2023-05-18T20:32:42.331Z	21	21
2023-05-18T20:33:02.331Z	35	35
2023-05-18T20:33:22.341Z	52	52
2023-05-18T20:33:42.354Z	72	72
2023-05-18T20:34:02.366Z	96	95
2023-05-18T20:34:22.381Z	121	121
2023-05-18T20:34:42.391Z	149	149
2023-05-18T20:35:02.401Z	179	178
2023-05-18T20:35:22.402Z	209	210
2023-05-18T20:35:42.413Z	242	241
2023-05-18T20:36:02.420Z	274	275
2023-05-18T20:36:22.430Z	308	309
2023-05-18T20:36:42.436Z	341	341
2023-05-18T20:37:02.438Z	374	374
2023-05-18T20:37:22.453Z	406	406
2023-05-18T20:37:42.466Z	437	436
2023-05-18T20:38:02.471Z	465	465
2023-05-18T20:38:22.483Z	492	492
2023-05-18T20:38:42.486Z	516	516
2023-05-18T20:39:02.487Z	538	538
2023-05-18T20:39:22.490Z	557	557
2023-05-18T20:39:42.493Z	572	573
2023-05-18T20:40:02.508Z	585	585
2023-05-18T20:40:22.512Z	593	593
2023-05-18T20:40:42.526Z	599	599
2023-05-18T20:41:02.529Z	600	600
2023-05-18T20:41:22.544Z	598	598
2023-05-18T20:41:42.549Z	592	592
2023-05-18T20:42:02.558Z	582	582
2023-05-18T20:42:22.561Z	569	569
2023-05-18T20:42:42.562Z	553	553
2023-05-18T20:43:02.570Z	533	533
2023-05-18T20:43:22.582Z	511	511
2023-05-18T20:43:42.591Z	486	486
2023-05-18T20:44:02.604Z	459	459
2023-05-18T20:44:22.614Z	429	430
2023-05-18T20:44:42.620Z	399	398
2023-05-18T20:45:02.622Z	367	367
2023-05-18T20:45:22.638Z	334	334
2023-05-18T20:45:42.652Z	301	301
2023-05-18T20:46:02.663Z	268	267
2023-05-18T20:46:22.671Z	234	235
2023-05-18T20:46:42.671Z	202	203
2023-05-18T20:47:02.682Z	172	171
2023-05-18T20:47:22.684Z	142	142
2023-05-18T20:47:42.695Z	115	115
2023-05-18T20:48:02.702Z	90	90
2023-05-18T20:48:22.712Z	67	68
2023-05-18T20:48:42.725Z	48	48
2023-05-18T20:49:02.729Z	31	31
2023-05-18T20:49:22.742Z	18	18
2023-05-18T20:49:42.757Z	9	8
2023-05-18T20:50:02.763Z	2	3
2023-05-18T20:50:22.772Z	0	0
2023-05-18T20:50:42.780Z	1	1
2023-05-18T20:51:02.783Z	6	6
2023-05-18T20:51:22.796Z	15	15
2023-05-18T20:51:42.802Z	27	27
2023-05-18T20:52:02.809Z	43	43
2023-05-18T20:52:22.821Z	61	61
2023-05-18T20:52:42.826Z	83	83
2023-05-18T20:53:02.840Z	107	107
2023-05-18T20:53:22.842Z	134	133
2023-05-18T20:53:42.856Z	163	163
2023-05-18T20:54:02.868Z	193	193
2023-05-18T20:54:22.873Z	225	224
2023-05-18T20:54:42.874Z	257	258
2023-05-18T20:55:02.890Z	291	291
2023-05-18T20:55:22.894Z	324	324
2023-05-18T20:55:42.905Z	357	357
2023-05-18T20:56:02.911Z	389	389
2023-05-18T20:56:22.917Z	421	420
2023-05-18T20:56:42.922Z	450	450
2023-05-18T20:57:02.929Z	478	479
2023-05-18T20:57:22.934Z	504	504
2023-05-18T20:57:42.934Z	527	527
2023-05-18T20:58:02.947Z	547	548
2023-05-18T20:58:22.948Z	565	565
2023-05-18T20:58:42.954Z	579	579
2023-05-18T20:59:02.964Z	589	589
2023-05-18T20:59:22.976Z	596	596
2023-05-18T20:59:42.980Z	600	600
2023-05-18T21:00:02.995Z	599	599
2023-05-18T21:00:23.009Z	595	595
2023-05-18T21:00:43.024Z	588	588
2023-05-18T21:01:03.036Z	576	577
2023-05-18T21:01:23.045Z	562	562
2023-05-18T21:01:43.050Z	544	544
2023-05-18T21:02:03.057Z	523	523
2023-05-18T21:02:23.068Z	500	499
2023-05-18T21:02:43.078Z	473	474
2023-05-18T21:03:03.084Z	446	445
2023-05-18T21:03:23.097Z	415	415
2023-05-18T21:03:43.109Z	383	384
2023-05-18T21:04:03.109Z	352	351
2023-05-18T21:04:23.123Z	318	318
2023-05-18T21:04:43.125Z	284	285
2023-05-18T21:05:03.134Z	252	251
2023-05-18T21:05:23.144Z	219	219
2023-05-18T21:05:43.149Z	188	187
2023-05-18T21:06:03.160Z	157	157
2023-05-18T21:06:23.165Z	129	129
2023-05-18T21:06:43.180Z	102	103
2023-05-18T21:07:03.193Z	79	79
2023-05-18T21:07:23.208Z	58	58
2023-05-18T21:07:43.215Z	40	39
2023-05-18T21:08:03.226Z	25	24
2023-05-18T21:08:23.232Z	13	13
2023-05-18T21:08:43.243Z	5	5
2023-05-18T21:09:03.244Z	1	1
2023-05-18T21:09:23.253Z	0	0
2023-05-18T21:09:43.259Z	3	3
2023-05-18T21:10:03.262Z	10	10
2023-05-18T21:10:23.272Z	20	20
2023-05-18T21:10:43.282Z	34	34
2023-05-18T21:11:03.287Z	51	51
2023-05-18T21:11:23.292Z	71	71
2023-05-18T21:11:43.307Z	94	94
2023-05-18T21:12:03.318Z	120	119
2023-05-18T21:12:23.320Z	147	147
2023-05-18T21:12:43.326Z	177	176
2023-05-18T21:13:03.330Z	208	208
2023-05-18T21:13:23.335Z	240	241
2023-05-18T21:13:43.344Z	273	273
2023-05-18T21:14:03.347Z	306	307
2023-05-18T21:14:23.361Z	340	340
2023-05-18T21:14:43.366Z	373	372
2023-05-18T21:15:03.370Z	404	404
2023-05-18T21:15:23.372Z	435	435
2023-05-18T21:15:43.380Z	463	464
2023-05-18T21:16:03.386Z	491	490
2023-05-18T21:16:23.393Z	515	515
2023-05-18T21:16:43.406Z	537	537
2023-05-18T21:17:03.421Z	556	556
2023-05-18T21:17:23.435Z	572	572
2023-05-18T21:17:43.445Z	584	584
2023-05-18T21:18:03.460Z	593	593
2023-05-18T21:18:23.471Z	598	598
2023-05-18T21:18:43.474Z	600	600
2023-05-18T21:19:03.482Z	598	598
2023-05-18T21:19:23.490Z	592	592
2023-05-18T21:19:43.491Z	583	583
2023-05-18T21:20:03.503Z	570	570
2023-05-18T21:20:23.505Z	554	554
2023-05-18T21:20:43.506Z	534	535
2023-05-18T21:21:03.515Z	512	512
2023-05-18T21:21:23.523Z	487	488
2023-05-18T21:21:43.522Z	460	460
2023-05-18T21:22:03.526Z	431	431
2023-05-18T21:22:23.532Z	400	401
2023-05-18T21:22:43.537Z	369	368
2023-05-18T21:23:03.545Z	336	336
2023-05-18T21:23:23.546Z	302	302
2023-05-18T21:23:43.561Z	269	269
2023-05-18T21:24:03.575Z	236	236
2023-05-18T21:24:23.577Z	204	204
2023-05-18T21:24:43.590Z	173	173
2023-05-18T21:25:03.604Z	143	144
2023-05-18T21:25:23.611Z	117	116
2023-05-18T21:25:43.625Z	91	91
2023-05-18T21:26:03.640Z	68	69
2023-05-18T21:26:23.655Z	49	49
2023-05-18T21:26:43.657Z	32	32
2023-05-18T21:27:03.661Z	19	19
2023-05-18T21:27:23.669Z	9	9
2023-05-18T21:27:43.681Z	3	3
2023-05-18T21:28:03.685Z	0	0
2023-05-18T21:28:23.686Z	1	1
2023-05-18T21:28:43.688Z	6	6
2023-05-18T21:29:03.698Z	14	15
2023-05-18T21:29:23.710Z	26	26
2023-05-18T21:29:43.712Z	41	42
2023-05-18T21:30:03.712Z	60	60
2023-05-18T21:30:23.722Z	82	82
2023-05-18T21:30:43.733Z	106	106
2023-05-18T21:31:03.744Z	132	132
2023-05-18T21:31:23.754Z	161	161
2023-05-18T21:31:43.761Z	191	192
2023-05-18T21:32:03.761Z	224	223
2023-05-18T21:32:23.762Z	256	256
2023-05-18T21:32:43.770Z	289	289
2023-05-18T21:33:03.773Z	322	323
2023-05-18T21:33:23.781Z	356	355
2023-05-18T21:33:43.782Z	387	388
2023-05-18T21:34:03.795Z	419	419
2023-05-18T21:34:23.802Z	449	449
2023-05-18T21:34:43.807Z	477	477
2023-05-18T21:35:03.817Z	503	502
2023-05-18T21:35:23.826Z	526	526
2023-05-18T21:35:43.829Z	547	546
2023-05-18T21:36:03.842Z	564	564
2023-05-18T21:36:23.853Z	578	578
2023-05-18T21:36:43.865Z	589	589
2023-05-18T21:37:03.880Z	596	596
2023-05-18T21:37:23.892Z	600	600
2023-05-18T21:37:43.896Z	599	599
2023-05-18T21:38:03.909Z	596	596
2023-05-18T21:38:23.917Z	588	588
2023-05-18T21:38:43.917Z	577	577
2023-05-18T21:39:03.920Z	563	563
2023-05-18T21:39:23.926Z	545	545
2023-05-18T21:39:43.938Z	524	524
2023-05-18T21:40:03.952Z	500	501
2023-05-18T21:40:23.959Z	475	475
2023-05-18T21:40:43.963Z	447	447
2023-05-18T21:41:03.965Z	417	417
2023-05-18T21:41:23.969Z	385	385
2023-05-18T21:41:43.985Z	353	353
2023-05-18T21:42:03.992Z	320	320
2023-05-18T21:42:24.000Z	286	287
2023-05-18T21:42:44.014Z	254	253
2023-05-18T21:43:04.025Z	221	220
2023-05-18T21:43:24.029Z	189	189
2023-05-18T21:43:44.028Z	159	159
2023-05-18T21:44:04.043Z	131	130
2023-05-18T21:44:24.052Z	104	104
2023-05-18T21:44:44.065Z	80	80
2023-05-18T21:45:04.065Z	59	59
2023-05-18T21:45:24.072Z	40	41
2023-05-18T21:45:44.083Z	26	25
2023-05-18T21:46:04.090Z	14	14
2023-05-18T21:46:24.093Z	6	6
2023-05-18T21:46:44.106Z	1	1
2023-05-18T21:47:04.108Z	0	0
2023-05-18T21:47:24.122Z	3	3
2023-05-18T21:47:44.136Z	10	9
2023-05-18T21:48:04.146Z	19	20
2023-05-18T21:48:24.147Z	33	33
2023-05-18T21:48:44.156Z	50	50
2023-05-18T21:49:04.172Z	70	70
2023-05-18T21:49:24.174Z	93	93
2023-05-18T21:49:44.187Z	118	118
2023-05-18T21:50:04.201Z	145	146
2023-05-18T21:50:24.209Z	175	175
2023-05-18T21:50:44.209Z	207	206
2023-05-18T21:51:04.209Z	238	239
2023-05-18T21:51:24.221Z	271	271
2023-05-18T21:51:44.230Z	304	305
2023-05-18T21:52:04.232Z	338	338
2023-05-18T21:52:24.247Z	371	370
2023-05-18T21:52:44.247Z	403	403
2023-05-18T21:53:04.262Z	433	433
2023-05-18T21:53:24.272Z	462	463
2023-05-18T21:53:44.282Z	490	489
2023-05-18T21:54:04.285Z	514	514
2023-05-18T21:54:24.298Z	536	536
2023-05-18T21:54:44.310Z	555	555
2023-05-18T21:55:04.315Z	571	571
2023-05-18T21:55:24.320Z	584	583
2023-05-18T21:55:44.330Z	593	593
2023-05-18T21:56:04.341Z	598	598
2023-05-18T21:56:24.351Z	600	600
2023-05-18T21:56:44.364Z	598	598
2023-05-18T21:57:04.367Z	593	593
2023-05-18T21:57:24.381Z	583	583
2023-05-18T21:57:44.386Z	571	571
2023-05-18T21:58:04.398Z	555	555
2023-05-18T21:58:24.410Z	536	535
2023-05-18T21:58:44.412Z	513	514
2023-05-18T21:59:04.422Z	489	489
2023-05-18T21:59:24.430Z	462	461
2023-05-18T21:59:44.442Z	432	433
2023-05-18T22:00:04.452Z	402	402
2023-05-18T22:00:24.456Z	370	370
2023-05-18T22:00:44.468Z	338	337
2023-05-18T22:01:04.479Z	304	305
2023-05-18T22:01:24.480Z	271	271
2023-05-18T22:01:44.495Z	238	237
2023-05-18T22:02:04.509Z	205	206
2023-05-18T22:02:24.519Z	175	174
2023-05-18T22:02:44.528Z	145	145
2023-05-18T22:03:04.532Z	118	118
2023-05-18T22:03:24.538Z	92	93
2023-05-18T22:03:44.539Z	70	69
2023-05-18T22:04:04.549Z	50	50
2023-05-18T22:04:24.550Z	33	33
2023-05-18T22:04:44.550Z	20	19
2023-05-18T22:05:04.553Z	9	9
2023-05-18T22:05:24.555Z	3	3
2023-05-18T22:05:44.565Z	0	0
2023-05-18T22:06:04.571Z	1	1
2023-05-18T22:06:24.574Z	6	6
2023-05-18T22:06:44.581Z	14	14
2023-05-18T22:07:04.595Z	26	25
2023-05-18T22:07:24.599Z	41	41
2023-05-18T22:07:44.602Z	59	59
2023-05-18T22:08:04.609Z	81	80
2023-05-18T22:08:24.623Z	105	104
2023-05-18T22:08:44.634Z	131	131
2023-05-18T22:09:04.639Z	159	160
2023-05-18T22:09:24.651Z	190	190
2023-05-18T22:09:44.654Z	221	222
2023-05-18T22:10:04.661Z	254	254
2023-05-18T22:10:24.663Z	287	287
2023-05-18T22:10:44.670Z	320	321
2023-05-18T22:11:04.677Z	354	353
2023-05-18T22:11:24.687Z	386	386
2023-05-18T22:11:44.692Z	417	417
2023-05-18T22:12:04.705Z	447	448
2023-05-18T22:12:24.715Z	475	475
2023-05-18T22:12:44.721Z	501	501
2023-05-18T22:13:04.731Z	525	525
2023-05-18T22:13:24.737Z	546	545
2023-05-18T22:13:44.749Z	563	563
2023-05-18T22:14:04.762Z	577	578
2023-05-18T22:14:24.767Z	588	588
2023-05-18T22:14:44.776Z	596	596
2023-05-18T22:15:04.783Z	600	599
2023-05-18T22:15:24.790Z	600	600
2023-05-18T22:15:44.797Z	596	596
2023-05-18T22:16:04.803Z	589	589
2023-05-18T22:16:24.818Z	578	578
2023-05-18T22:16:44.826Z	564	564
2023-05-18T22:17:04.831Z	546	546
2023-05-18T22:17:24.840Z	526	525
2023-05-18T22:17:44.852Z	502	502
2023-05-18T22:18:04.864Z	477	476
2023-05-18T22:18:24.873Z	448	449
2023-05-18T22:18:44.876Z	418	418
2023-05-18T22:19:04.877Z	387	387
2023-05-18T22:19:24.888Z	354	355
2023-05-18T22:19:44.897Z	322	321
2023-05-18T22:20:04.900Z	288	289
2023-05-18T22:20:24.899Z	255	255
2023-05-18T22:20:44.910Z	223	222
2023-05-18T22:21:04.922Z	191	191
2023-05-18T22:21:24.930Z	161	160
2023-05-18T22:21:44.934Z	132	132
2023-05-18T22:22:04.944Z	105	105
2023-05-18T22:22:24.947Z	82	81
2023-05-18T22:22:44.959Z	60	60
2023-05-18T22:23:04.972Z	41	41
2023-05-18T22:23:24.986Z	26	26
2023-05-18T22:23:44.994Z	14	14
2023-05-18T22:24:04.998Z	6	6
2023-05-18T22:24:25.002Z	1	1
2023-05-18T22:24:45.009Z	0	0
2023-05-18T22:25:05.008Z	3	3
2023-05-18T22:25:25.014Z	9	9
2023-05-18T22:25:45.014Z	19	19
2023-05-18T22:26:05.025Z	32	32
2023-05-18T22:26:25.036Z	49	49
2023-05-18T22:26:45.049Z	69	69
2023-05-18T22:27:05.049Z	92	91
2023-05-18T22:27:25.059Z	117	117
2023-05-18T22:27:45.064Z	144	144
2023-05-18T22:28:05.067Z	174	173
2023-05-18T22:28:25.080Z	205	204
2023-05-18T22:28:45.082Z	236	237
2023-05-18T22:29:05.097Z	270	269
2023-05-18T22:29:25.107Z	303	303
2023-05-18T22:29:45.109Z	336	337
2023-05-18T22:30:05.115Z	369	369
2023-05-18T22:30:25.121Z	401	401
2023-05-18T22:30:45.122Z	432	432
2023-05-18T22:31:05.134Z	461	461
2023-05-18T22:31:25.135Z	488	488
2023-05-18T22:31:45.138Z	513	512
2023-05-18T22:32:05.146Z	534	535
2023-05-18T22:32:25.160Z	554	554
2023-05-18T22:32:45.172Z	570	570
2023-05-18T22:33:05.173Z	583	583
2023-05-18T22:33:25.177Z	592	592
2023-05-18T22:33:45.188Z	598	598
2023-05-18T22:34:05.195Z	600	600
2023-05-18T22:34:25.209Z	598	598
2023-05-18T22:34:45.220Z	593	593
2023-05-18T22:35:05.228Z	584	584
2023-05-18T22:35:25.235Z	571	572
2023-05-18T22:35:45.244Z	556	555
2023-05-18T22:36:05.252Z	537	537
2023-05-18T22:36:25.261Z	514	515
2023-05-18T22:36:45.273Z	490	490
2023-05-18T22:37:05.285Z	463	463
2023-05-18T22:37:25.293Z	435	434
2023-05-18T22:37:45.306Z	404	404
2023-05-18T22:38:05.309Z	371	372
2023-05-18T22:38:25.320Z	339	339
2023-05-18T22:38:45.320Z	306	305
2023-05-18T22:39:05.333Z	272	273
2023-05-18T22:39:25.345Z	240	239
2023-05-18T22:39:45.350Z	207	208
2023-05-18T22:40:05.352Z	176	176
2023-05-18T22:40:25.362Z	147	146
2023-05-18T22:40:45.364Z	119	119
2023-05-18T22:41:05.377Z	94	94
2023-05-18T22:41:25.385Z	71	71
2023-05-18T22:41:45.392Z	50	51
2023-05-18T22:42:05.392Z	34	34
2023-05-18T22:42:25.394Z	20	20
2023-05-18T22:42:45.403Z	10	10
2023-05-18T22:43:05.406Z	3	3
2023-05-18T22:43:25.405Z	0	0
2023-05-18T22:43:45.414Z	1	1
2023-05-18T22:44:05.426Z	5	5
2023-05-18T22:44:25.436Z	13	13
2023-05-18T22:44:45.450Z	25	25
2023-05-18T22:45:05.451Z	40	40
2023-05-18T22:45:25.460Z	58	58
2023-05-18T22:45:45.465Z	79	79
2023-05-18T22:46:05.476Z	103	103
2023-05-18T22:46:25.484Z	130	129
2023-05-18T22:46:45.491Z	158	158
2023-05-18T22:47:05.495Z	188	188
2023-05-18T22:47:25.501Z	220	220
2023-05-18T22:47:45.509Z	252	253
2023-05-18T22:48:05.516Z	285	285
2023-05-18T22:48:25.523Z	319	319
2023-05-18T22:48:45.527Z	352	351
2023-05-18T22:49:05.542Z	385	384
2023-05-18T22:49:25.547Z	415	416
2023-05-18T22:49:45.549Z	446	445
2023-05-18T22:50:05.552Z	473	474
2023-05-18T22:50:25.555Z	500	500
2023-05-18T22:50:45.568Z	524	523
2023-05-18T22:51:05.575Z	544	544
2023-05-18T22:51:25.587Z	562	562
2023-05-18T22:51:45.588Z	577	577
2023-05-18T22:52:05.598Z	588	588
2023-05-18T22:52:25.612Z	595	595
2023-05-18T22:52:45.622Z	599	599
2023-05-18T22:53:05.634Z	600	600
2023-05-18T22:53:25.634Z	596	596
2023-05-18T22:53:45.649Z	589	589
2023-05-18T22:54:05.663Z	578	579
2023-05-18T22:54:25.674Z	565	564
2023-05-18T22:54:45.685Z	547	547
2023-05-18T22:55:05.698Z	526	527
2023-05-18T22:55:25.703Z	504	503
2023-05-18T22:55:45.707Z	478	478
2023-05-18T22:56:05.718Z	450	450
2023-05-18T22:56:25.727Z	420	420
2023-05-18T22:56:45.738Z	389	388
2023-05-18T22:57:05.750Z	356	357
2023-05-18T22:57:25.762Z	324	323
2023-05-18T22:57:45.766Z	290	290
2023-05-18T22:58:05.767Z	257	257
2023-05-18T22:58:25.781Z	225	224
2023-05-18T22:58:45.789Z	193	192
2023-05-18T22:59:05.804Z	162	162
2023-05-18T22:59:25.805Z	134	133
2023-05-18T22:59:45.813Z	107	107
2023-05-18T23:00:05.818Z	83	82
2023-05-18T23:00:25.832Z	61	61
2023-05-18T23:00:45.846Z	42	42
2023-05-18T23:01:05.847Z	27	27
2023-05-18T23:01:25.855Z	15	15
2023-05-18T23:01:45.867Z	6	6
2023-05-18T23:02:05.868Z	1	1
2023-05-18T23:02:25.877Z	0	0
2023-05-18T23:02:45.888Z	3	2
2023-05-18T23:03:05.898Z	9	9
2023-05-18T23:03:25.911Z	18	18
2023-05-18T23:03:45.915Z	32	32
2023-05-18T23:04:05.925Z	48	48
2023-05-18T23:04:25.927Z	68	67
2023-05-18T23:04:45.941Z	90	90
2023-05-18T23:05:05.941Z	115	116
2023-05-18T23:05:25.948Z	143	143
2023-05-18T23:05:45.955Z	172	172
2023-05-18T23:06:05.971Z	203	203
2023-05-18T23:06:25.983Z	235	235
2023-05-18T23:06:45.993Z	268	268
2023-05-18T23:07:06.002Z	302	301
2023-05-18T23:07:26.014Z	334	335
2023-05-18T23:07:46.030Z	367	367
2023-05-18T23:08:06.044Z	399	399
2023-05-18T23:08:26.059Z	430	430
2023-05-18T23:08:46.060Z	459	459
2023-05-18T23:09:06.066Z	486	487
2023-05-18T23:09:26.080Z	511	512
2023-05-18T23:09:46.095Z	534	534
2023-05-18T23:10:06.104Z	553	553
2023-05-18T23:10:26.104Z	569	570
2023-05-18T23:10:46.114Z	583	582
2023-05-18T23:11:06.124Z	592	592
2023-05-18T23:11:26.127Z	598	598
2023-05-18T23:11:46.132Z	600	600
2023-05-18T23:12:06.141Z	599	598
2023-05-18T23:12:26.157Z	593	593
2023-05-18T23:12:46.172Z	585	584
2023-05-18T23:13:06.172Z	572	572
2023-05-18T23:13:26.175Z	556	557
2023-05-18T23:13:46.177Z	538	538
2023-05-18T23:14:06.191Z	516	516
2023-05-18T23:14:26.198Z	491	492
2023-05-18T23:14:46.209Z	464	465
2023-05-18T23:15:06.223Z	436	436
2023-05-18T23:15:26.233Z	405	406
2023-05-18T23:15:46.236Z	373	374
2023-05-18T23:16:06.252Z	341	341
2023-05-18T23:16:26.253Z	307	308
2023-05-18T23:16:46.255Z	274	274
2023-05-18T23:17:06.256Z	242	241
2023-05-18T23:17:26.259Z	209	209
2023-05-18T23:17:46.264Z	178	178
2023-05-18T23:18:06.269Z	148	148
2023-05-18T23:18:26.271Z	121	120
2023-05-18T23:18:46.282Z	95	95
2023-05-18T23:19:06.289Z	72	72
2023-05-18T23:19:26.294Z	52	52
2023-05-18T23:19:46.297Z	35	35
2023-05-18T23:20:06.308Z	21	21
2023-05-18T23:20:26.321Z	10	10
2023-05-18T23:20:46.335Z	3	3
2023-05-18T23:21:06.345Z	0	0
2023-05-18T23:21:26.356Z	1	1
2023-05-18T23:21:46.368Z	5	5
2023-05-18T23:22:06.379Z	13	13
2023-05-18T23:22:26.380Z	24	24
2023-05-18T23:22:46.390Z	39	39
2023-05-18T23:23:06.398Z	57	57
2023-05-18T23:23:26.401Z	78	78
2023-05-18T23:23:46.405Z	102	102
2023-05-18T23:24:06.418Z	128	128
2023-05-18T23:24:26.419Z	156	157
2023-05-18T23:24:46.422Z	187	186
2023-05-18T23:25:06.424Z	218	218
2023-05-18T23:25:26.436Z	250	251
2023-05-18T23:25:46.439Z	284	283
2023-05-18T23:26:06.444Z	317	317
2023-05-18T23:26:26.450Z	350	350
2023-05-18T23:26:46.460Z	383	382
2023-05-18T23:27:06.466Z	414	414
2023-05-18T23:27:26.477Z	444	444
2023-05-18T23:27:46.484Z	473	472
2023-05-18T23:28:06.485Z	498	499
2023-05-18T23:28:26.500Z	522	522
2023-05-18T23:28:46.507Z	543	543
2023-05-18T23:29:06.518Z	561	561
2023-05-18T23:29:26.519Z	576	576
2023-05-18T23:29:46.527Z	587	587
2023-05-18T23:30:06.532Z	595	595
2023-05-18T23:30:26.534Z	599	599
2023-05-18T23:30:46.535Z	600	600
2023-05-18T23:31:06.550Z	597	596
2023-05-18T23:31:26.560Z	590	590
2023-05-18T23:31:46.563Z	579	579
2023-05-18T23:32:06.573Z	565	565
2023-05-18T23:32:26.580Z	548	548
2023-05-18T23:32:46.592Z	528	528
2023-05-18T23:33:06.597Z	505	504
2023-05-18T23:33:26.611Z	479	479
2023-05-18T23:33:46.615Z	452	451
2023-05-18T23:34:06.629Z	422	421
2023-05-18T23:34:26.640Z	390	391
2023-05-18T23:34:46.650Z	358	358
2023-05-18T23:35:06.652Z	325	325
2023-05-18T23:35:26.654Z	292	292
2023-05-18T23:35:46.656Z	259	259
2023-05-18T23:36:06.667Z	226	226
2023-05-18T23:36:26.672Z	194	194
2023-05-18T23:36:46.682Z	164	164
2023-05-18T23:37:06.688Z	135	135
2023-05-18T23:37:26.701Z	108	108
2023-05-18T23:37:46.710Z	84	84
2023-05-18T23:38:06.714Z	62	62
2023-05-18T23:38:26.715Z	43	43
2023-05-18T23:38:46.725Z	28	27
2023-05-18T23:39:06.739Z	15	15
2023-05-18T23:39:26.742Z	7	7
2023-05-18T23:39:46.745Z	1	1
2023-05-18T23:40:06.752Z	0	0
2023-05-18T23:40:26.763Z	2	2
2023-05-18T23:40:46.763Z	8	8
2023-05-18T23:41:06.766Z	18	18
2023-05-18T23:41:26.776Z	31	31
2023-05-18T23:41:46.781Z	47	47
2023-05-18T23:42:06.789Z	66	67
2023-05-18T23:42:26.791Z	89	89
2023-05-18T23:42:46.804Z	114	114
2023-05-18T23:43:06.816Z	141	141
2023-05-18T23:43:26.823Z	170	171
2023-05-18T23:43:46.824Z	202	201
2023-05-18T23:44:06.829Z	233	233
2023-05-18T23:44:26.832Z	266	266
2023-05-18T23:44:46.842Z	300	299
2023-05-18T23:45:06.856Z	332	333
2023-05-18T23:45:26.868Z	366	365
2023-05-18T23:45:46.871Z	397	398
2023-05-18T23:46:06.885Z	428	429
2023-05-18T23:46:26.892Z	458	457
2023-05-18T23:46:46.898Z	485	485
2023-05-18T23:47:06.905Z	510	510
2023-05-18T23:47:26.907Z	533	532
2023-05-18T23:47:46.913Z	552	552
2023-05-18T23:48:06.922Z	568	569
2023-05-18T23:48:26.927Z	582	582
2023-05-18T23:48:46.930Z	592	591
2023-05-18T23:49:06.938Z	597	598
2023-05-18T23:49:26.938Z	600	600
2023-05-18T23:49:46.942Z	599	599
2023-05-18T23:50:06.947Z	594	594
2023-05-18T23:50:26.960Z	585	585
2023-05-18T23:50:46.975Z	573	573
2023-05-18T23:51:06.981Z	557	558
2023-05-18T23:51:26.994Z	539	539
2023-05-18T23:51:46.994Z	517	517
2023-05-18T23:52:07.003Z	493	493
2023-05-18T23:52:27.012Z	467	466
2023-05-18T23:52:47.018Z	438	437
2023-05-18T23:53:07.032Z	407	407
2023-05-18T23:53:27.044Z	376	375
2023-05-18T23:53:47.056Z	343	342
2023-05-18T23:54:07.061Z	309	310
2023-05-18T23:54:27.075Z	277	276
2023-05-18T23:54:47.085Z	243	243
2023-05-18T23:55:07.093Z	211	211
2023-05-18T23:55:27.101Z	180	179
2023-05-18T23:55:47.112Z	150	149
2023-05-18T23:56:07.127Z	122	122
2023-05-18T23:56:27.130Z	97	96
2023-05-18T23:56:47.132Z	73	73
2023-05-18T23:57:07.139Z	53	53
2023-05-18T23:57:27.150Z	36	35
2023-05-18T23:57:47.157Z	21	21
2023-05-18T23:58:07.165Z	11	11
2023-05-18T23:58:27.170Z	4	4
2023-05-18T23:58:47.178Z	0	0
2023-05-18T23:59:07.189Z	1	1
2023-05-18T23:59:27.189Z	5	5
2023-05-18T23:59:47.199Z	12	12
2023-05-19T00:00:07.199Z	23	24
2023-05-19T00:00:27.210Z	38	38
2023-05-19T00:00:47.218Z	56	56
2023-05-19T00:01:07.223Z	77	77
2023-05-19T00:01:27.226Z	101	100
2023-05-19T00:01:47.228Z	126	127
2023-05-19T00:02:07.231Z	155	155
2023-05-19T00:02:27.244Z	185	185
2023-05-19T00:02:47.251Z	216	216
2023-05-19T00:03:07.260Z	249	248
2023-05-19T00:03:27.266Z	282	282
2023-05-19T00:03:47.269Z	315	315
2023-05-19T00:04:07.285Z	349	348
2023-05-19T00:04:27.292Z	380	381
2023-05-19T00:04:47.297Z	412	412
2023-05-19T00:05:07.309Z	443	442
2023-05-19T00:05:27.312Z	471	471
2023-05-19T00:05:47.318Z	497	497
2023-05-19T00:06:07.331Z	521	521
2023-05-19T00:06:27.341Z	542	542
2023-05-19T00:06:47.351Z	560	560
2023-05-19T00:07:07.366Z	575	575
2023-05-19T00:07:27.367Z	587	587
2023-05-19T00:07:47.377Z	595	595
2023-05-19T00:08:07.377Z	599	599
2023-05-19T00:08:27.391Z	600	600
2023-05-19T00:08:47.405Z	597	597
2023-05-19T00:09:07.407Z	590	590
2023-05-19T00:09:27.409Z	580	580
2023-05-19T00:09:47.417Z	566	566
2023-05-19T00:10:07.430Z	549	549
2023-05-19T00:10:27.437Z	529	529
2023-05-19T00:10:47.446Z	506	506
2023-05-19T00:11:07.459Z	481	481
2023-05-19T00:11:27.462Z	452	453
2023-05-19T00:11:47.478Z	424	423
2023-05-19T00:12:07.478Z	392	393
2023-05-19T00:12:27.485Z	360	360
2023-05-19T00:12:47.499Z	327	327
2023-05-19T00:13:07.506Z	293	294
2023-05-19T00:13:27.520Z	261	260
2023-05-19T00:13:47.523Z	228	228
2023-05-19T00:14:07.532Z	196	196
2023-05-19T00:14:27.541Z	165	165
2023-05-19T00:14:47.555Z	136	137
2023-05-19T00:15:07.557Z	110	109
2023-05-19T00:15:27.565Z	85	85
2023-05-19T00:15:47.568Z	63	63
2023-05-19T00:16:07.567Z	44	44
2023-05-19T00:16:27.571Z	28	28
2023-05-19T00:16:47.578Z	16	16
2023-05-19T00:17:07.580Z	7	7
2023-05-19T00:17:27.594Z	2	2
2023-05-19T00:17:47.602Z	0	0
2023-05-19T00:18:07.608Z	2	2
2023-05-19T00:18:27.622Z	8	8
2023-05-19T00:18:47.627Z	17	17
2023-05-19T00:19:07.641Z	30	30
2023-05-19T00:19:27.653Z	46	46
2023-05-19T00:19:47.654Z	66	65
2023-05-19T00:20:07.661Z	87	88
2023-05-19T00:20:27.676Z	113	112
2023-05-19T00:20:47.685Z	139	140
2023-05-19T00:21:07.692Z	169	168
2023-05-19T00:21:27.705Z	200	199
2023-05-19T00:21:47.706Z	231	232
2023-05-19T00:22:07.713Z	264	264
2023-05-19T00:22:27.716Z	297	298
2023-05-19T00:22:47.716Z	331	330
2023-05-19T00:23:07.717Z	364	364
2023-05-19T00:23:27.725Z	396	396
2023-05-19T00:23:47.731Z	427	427
2023-05-19T00:24:07.738Z	456	456
2023-05-19T00:24:27.739Z	484	483
2023-05-19T00:24:47.752Z	509	509
2023-05-19T00:25:07.759Z	531	532
2023-05-19T00:25:27.768Z	551	551
2023-05-19T00:25:47.772Z	568	568
2023-05-19T00:26:07.772Z	581	581
2023-05-19T00:26:27.784Z	591	591
2023-05-19T00:26:47.791Z	597	597
2023-05-19T00:27:07.803Z	600	600
2023-05-19T00:27:27.804Z	599	599
2023-05-19T00:27:47.809Z	594	594
2023-05-19T00:28:07.821Z	586	586
2023-05-19T00:28:27.825Z	574	574
2023-05-19T00:28:47.825Z	559	558
2023-05-19T00:29:07.833Z	540	540
2023-05-19T00:29:27.843Z	519	518
2023-05-19T00:29:47.858Z	495	494
2023-05-19T00:30:07.873Z	468	468
2023-05-19T00:30:27.888Z	439	439
2023-05-19T00:30:47.903Z	409	409
2023-05-19T00:31:07.911Z	377	377
2023-05-19T00:31:27.911Z	345	344
2023-05-19T00:31:47.922Z	311	312
2023-05-19T00:32:07.932Z	278	278
2023-05-19T00:32:27.940Z	245	244
2023-05-19T00:32:47.942Z	212	213
2023-05-19T00:33:07.953Z	182	181
2023-05-19T00:33:27.966Z	151	152
2023-05-19T00:33:47.975Z	123	124
2023-05-19T00:34:07.986Z	98	97
2023-05-19T00:34:27.988Z	74	74
2023-05-19T00:34:47.991Z	54	54
2023-05-19T00:35:07.994Z	36	36
2023-05-19T00:35:27.999Z	22	22
2023-05-19T00:35:48.013Z	11	11
2023-05-19T00:36:08.020Z	4	4
2023-05-19T00:36:28.033Z	0	0
2023-05-19T00:36:48.042Z	0	1
2023-05-19T00:37:08.055Z	4	4
2023-05-19T00:37:28.061Z	12	12
2023-05-19T00:37:48.072Z	23	23
2023-05-19T00:38:08.076Z	37	37
2023-05-19T00:38:28.090Z	55	55
2023-05-19T00:38:48.096Z	76	75
2023-05-19T00:39:08.097Z	99	99
2023-05-19T00:39:28.104Z	125	125
2023-05-19T00:39:48.107Z	153	153
2023-05-19T00:40:08.110Z	183	183
2023-05-19T00:40:28.117Z	214	214
2023-05-19T00:40:48.122Z	247	247
2023-05-19T00:41:08.127Z	280	280
2023-05-19T00:41:28.128Z	313	313
2023-05-19T00:41:48.129Z	347	346
2023-05-19T00:42:08.136Z	379	379
2023-05-19T00:42:28.137Z	411	411
2023-05-19T00:42:48.143Z	441	441
2023-05-19T00:43:08.146Z	469	469
2023-05-19T00:43:28.149Z	496	496
2023-05-19T00:43:48.161Z	520	520
2023-05-19T00:44:08.165Z	541	541
2023-05-19T00:44:28.171Z	559	559
2023-05-19T00:44:48.181Z	575	574
2023-05-19T00:45:08.191Z	586	586
2023-05-19T00:45:28.204Z	594	595
2023-05-19T00:45:48.207Z	599	599
2023-05-19T00:46:08.209Z	600	600
2023-05-19T00:46:28.221Z	597	597
2023-05-19T00:46:48.234Z	590	591
2023-05-19T00:47:08.245Z	581	580
2023-05-19T00:47:28.254Z	567	567
2023-05-19T00:47:48.255Z	550	550
2023-05-19T00:48:08.258Z	530	530
2023-05-19T00:48:28.274Z	507	507
2023-05-19T00:48:48.287Z	482	482
2023-05-19T00:49:08.290Z	454	455
2023-05-19T00:49:28.302Z	425	425
2023-05-19T00:49:48.305Z	394	394
2023-05-19T00:50:08.309Z	361	362
2023-05-19T00:50:28.321Z	329	329
2023-05-19T00:50:48.326Z	295	296
2023-05-19T00:51:08.329Z	262	262
2023-05-19T00:51:28.340Z	230	229
2023-05-19T00:51:48.340Z	197	198
2023-05-19T00:52:08.341Z	167	167
2023-05-19T00:52:28.344Z	138	138
2023-05-19T00:52:48.355Z	111	111
2023-05-19T00:53:08.356Z	87	86
2023-05-19T00:53:28.358Z	64	64
2023-05-19T00:53:48.371Z	45	45
2023-05-19T00:54:08.386Z	29	29
2023-05-19T00:54:28.396Z	17	16
2023-05-19T00:54:48.411Z	7	7
2023-05-19T00:55:08.421Z	2	2
2023-05-19T00:55:28.434Z	0	0
2023-05-19T00:55:48.446Z	2	2
2023-05-19T00:56:08.454Z	7	7
2023-05-19T00:56:28.470Z	17	16
2023-05-19T00:56:48.476Z	29	29
2023-05-19T00:57:08.488Z	45	45
2023-05-19T00:57:28.492Z	64	64
2023-05-19T00:57:48.495Z	86	86
2023-05-19T00:58:08.499Z	111	111
2023-05-19T00:58:28.503Z	138	138
2023-05-19T00:58:48.514Z	167	167
2023-05-19T00:59:08.519Z	198	197
2023-05-19T00:59:28.523Z	230	230
2023-05-19T00:59:48.535Z	262	263
2023-05-19T01:00:08.537Z	296	296
2023-05-19T01:00:28.545Z	329	329
2023-05-19T01:00:48.557Z	362	362
2023-05-19T01:01:08.562Z	394	394
2023-05-19T01:01:28.563Z	425	425
2023-05-19T01:01:48.576Z	455	454
2023-05-19T01:02:08.576Z	483	482
2023-05-19T01:02:28.586Z	507	508
2023-05-19T01:02:48.602Z	530	530
2023-05-19T01:03:08.613Z	550	550
2023-05-19T01:03:28.627Z	567	567
2023-05-19T01:03:48.627Z	581	580
2023-05-19T01:04:08.630Z	590	591
2023-05-19T01:04:28.638Z	597	597
2023-05-19T01:04:48.640Z	600	600
2023-05-19T01:05:08.644Z	599	599
2023-05-19T01:05:28.654Z	594	594
2023-05-19T01:05:48.662Z	586	586
2023-05-19T01:06:08.667Z	575	574
2023-05-19T01:06:28.671Z	559	559
2023-05-19T01:06:48.680Z	541	541
2023-05-19T01:07:08.681Z	520	520
2023-05-19T01:07:28.695Z	496	496
2023-05-19T01:07:48.695Z	469	469
2023-05-19T01:08:08.703Z	441	440
2023-05-19T01:08:28.715Z	410	411
2023-05-19T01:08:48.726Z	379	379
2023-05-19T01:09:08.733Z	346	346
2023-05-19T01:09:28.747Z	313	313
2023-05-19T01:09:48.752Z	280	279
2023-05-19T01:10:08.752Z	246	247
2023-05-19T01:10:28.763Z	215	214
2023-05-19T01:10:48.771Z	183	183
2023-05-19T01:11:08.776Z	153	153
2023-05-19T01:11:28.791Z	125	125
2023-05-19T01:11:48.793Z	99	99
2023-05-19T01:12:08.807Z	76	75
2023-05-19T01:12:28.814Z	55	55
2023-05-19T01:12:48.822Z	37	37
2023-05-19T01:13:08.832Z	23	23
2023-05-19T01:13:28.847Z	12	12
2023-05-19T01:13:48.853Z	4	4
2023-05-19T01:14:08.862Z	1	1
2023-05-19T01:14:28.873Z	0	0
2023-05-19T01:14:48.873Z	4	4
2023-05-19T01:15:08.883Z	11	11
2023-05-19T01:15:28.890Z	22	22
2023-05-19T01:15:48.893Z	36	37
2023-05-19T01:16:08.893Z	54	54
2023-05-19T01:16:28.904Z	74	74
2023-05-19T01:16:48.920Z	98	97
2023-05-19T01:17:08.921Z	124	123
2023-05-19T01:17:28.923Z	151	152
2023-05-19T01:17:48.936Z	182	181
2023-05-19T01:18:08.937Z	212	213
2023-05-19T01:18:28.947Z	245	245
2023-05-19T01:18:48.954Z	279	278
2023-05-19T01:19:08.963Z	311	312
2023-05-19T01:19:28.977Z	345	344
2023-05-19T01:19:48.984Z	377	378
2023-05-19T01:20:08.997Z	409	409
2023-05-19T01:20:29.003Z	439	439
2023-05-19T01:20:49.012Z	468	467
2023-05-19T01:21:09.023Z	495	494
2023-05-19T01:21:29.031Z	519	519
2023-05-19T01:21:49.033Z	540	540
2023-05-19T01:22:09.036Z	558	559
2023-05-19T01:22:29.044Z	574	574
2023-05-19T01:22:49.055Z	586	586
2023-05-19T01:23:09.061Z	594	594
2023-05-19T01:23:29.068Z	599	599
2023-05-19T01:23:49.083Z	600	600
2023-05-19T01:24:09.088Z	597	597
2023-05-19T01:24:29.099Z	591	591
2023-05-19T01:24:49.106Z	581	581
2023-05-19T01:25:09.115Z	568	568
2023-05-19T01:25:29.127Z	551	551
2023-05-19T01:25:49.138Z	531	531
2023-05-19T01:26:09.153Z	509	508
2023-05-19T01:26:29.167Z	483	484
2023-05-19T01:26:49.177Z	456	456
2023-05-19T01:27:09.190Z	427	427
2023-05-19T01:27:29.200Z	395	396
2023-05-19T01:27:49.215Z	364	363
2023-05-19T01:28:09.231Z	331	331
2023-05-19T01:28:29.243Z	297	297
2023-05-19T01:28:49.244Z	264	264
2023-05-19T01:29:09.254Z	231	232
2023-05-19T01:29:29.260Z	199	199
2023-05-19T01:29:49.269Z	169	168
2023-05-19T01:30:09.276Z	139	140
2023-05-19T01:30:29.286Z	112	112
2023-05-19T01:30:49.289Z	88	87
2023-05-19T01:31:09.292Z	65	65
2023-05-19T01:31:29.300Z	46	46
2023-05-19T01:31:49.314Z	30	30
2023-05-19T01:32:09.315Z	17	17
2023-05-19T01:32:29.317Z	8	8
2023-05-19T01:32:49.322Z	2	2
2023-05-19T01:33:09.331Z	0	0
2023-05-19T01:33:29.336Z	2	2
2023-05-19T01:33:50.604Z	7	7
2023-05-19T01:34:10.615Z	16	17
2023-05-19T01:34:30.629Z	29	30
2023-05-19T01:34:50.638Z	46	45
2023-05-19T01:35:10.650Z	64	65
2023-05-19T01:35:30.663Z	86	87
2023-05-19T01:35:50.663Z	112	111
2023-05-19T01:36:10.667Z	138	138
2023-05-19T01:36:30.668Z	167	167
2023-05-19T01:36:50.671Z	198	198
2023-05-19T01:37:10.687Z	230	230
2023-05-19T01:37:30.698Z	263	262
2023-05-19T01:37:50.701Z	296	296
2023-05-19T01:38:10.715Z	329	330
2023-05-19T01:38:30.729Z	362	363
2023-05-19T01:38:50.744Z	395	394
2023-05-19T01:39:10.755Z	425	426
2023-05-19T01:39:30.766Z	455	455
2023-05-19T01:39:50.773Z	483	482
2023-05-19T01:40:10.782Z	507	508
2023-05-19T01:40:30.788Z	530	530
2023-05-19T01:40:50.802Z	551	550
2023-05-19T01:41:10.805Z	567	567
2023-05-19T01:41:30.812Z	581	580
2023-05-19T01:41:50.811Z	591	591
2023-05-19T01:42:10.820Z	597	597
2023-05-19T01:42:30.820Z	600	600
2023-05-19T01:42:50.823Z	599	599
2023-05-19T01:43:10.836Z	594	594
2023-05-19T01:43:30.844Z	586	586
2023-05-19T01:43:50.847Z	574	574
2023-05-19T01:44:10.858Z	559	559
2023-05-19T01:44:30.868Z	541	541
2023-05-19T01:44:50.873Z	520	519
2023-05-19T01:45:10.889Z	495	496
2023-05-19T01:45:30.893Z	469	469
2023-05-19T01:45:50.908Z	440	441
2023-05-19T01:46:10.911Z	410	410
2023-05-19T01:46:30.913Z	379	378
2023-05-19T01:46:50.927Z	346	345
2023-05-19T01:47:10.930Z	312	313
2023-05-19T01:47:30.939Z	280	279
2023-05-19T01:47:50.944Z	247	246
2023-05-19T01:48:10.948Z	214	214
2023-05-19T01:48:30.954Z	182	183
2023-05-19T01:48:50.968Z	153	153
2023-05-19T01:49:10.982Z	125	124
2023-05-19T01:49:30.989Z	98	99
2023-05-19T01:49:50.992Z	76	75
2023-05-19T01:50:10.995Z	55	55
2023-05-19T01:50:30.997Z	37	37
2023-05-19T01:50:50.998Z	23	22
2023-05-19T01:51:11.002Z	12	12
2023-05-19T01:51:31.013Z	4	4
2023-05-19T01:51:51.023Z	0	1
2023-05-19T01:52:11.031Z	0	0
2023-05-19T01:52:31.036Z	4	4
2023-05-19T01:52:51.042Z	12	11
2023-05-19T01:53:11.054Z	22	22
2023-05-19T01:53:31.054Z	37	36
2023-05-19T01:53:51.056Z	54	54
2023-05-19T01:54:11.068Z	75	75
2023-05-19T01:54:31.075Z	98	98
2023-05-19T01:54:51.084Z	124	124
2023-05-19T01:55:11.092Z	152	152
2023-05-19T01:55:31.099Z	182	181
2023-05-19T01:55:51.111Z	213	213
2023-05-19T01:56:11.122Z	245	246
2023-05-19T01:56:31.132Z	279	278
2023-05-19T01:56:51.140Z	311	312
2023-05-19T01:57:11.145Z	345	345
2023-05-19T01:57:31.152Z	378	377
2023-05-19T01:57:51.159Z	409	410
2023-05-19T01:58:11.170Z	440	439
2023-05-19T01:58:31.173Z	468	468
2023-05-19T01:58:51.177Z	495	495
2023-05-19T01:59:11.189Z	519	519
2023-05-19T01:59:31.201Z	540	540
2023-05-19T01:59:51.208Z	559	559
2023-05-19T02:00:11.213Z	574	574
2023-05-19T02:00:31.214Z	586	586
2023-05-19T02:00:51.218Z	594	594
2023-05-19T02:01:11.234Z	599	599
2023-05-19T02:01:31.242Z	600	600
2023-05-19T02:01:51.257Z	597	597
2023-05-19T02:02:11.269Z	591	591
2023-05-19T02:02:31.272Z	581	581
2023-05-19T02:02:51.274Z	567	568
2023-05-19T02:03:11.286Z	551	551
2023-05-19T02:03:31.294Z	531	531
2023-05-19T02:03:51.305Z	508	509
2023-05-19T02:04:11.319Z	483	483
2023-05-19T02:04:31.320Z	456	456
2023-05-19T02:04:51.325Z	426	427
2023-05-19T02:05:11.334Z	396	395
2023-05-19T02:05:31.341Z	363	363
2023-05-19T02:05:51.343Z	330	330
2023-05-19T02:06:11.350Z	297	297
2023-05-19T02:06:31.350Z	264	264
2023-05-19T02:06:51.350Z	231	231
2023-05-19T02:07:11.361Z	199	199
2023-05-19T02:07:31.372Z	168	168
2023-05-19T02:07:51.374Z	139	139
2023-05-19T02:08:11.385Z	112	112
2023-05-19T02:08:31.399Z	88	87
2023-05-19T02:08:51.408Z	65	65
2023-05-19T02:09:11.414Z	46	46
2023-05-19T02:09:31.425Z	30	30
2023-05-19T02:09:51.437Z	17	17
2023-05-19T02:10:11.451Z	8	8
2023-05-19T02:10:31.454Z	2	2
2023-05-19T02:10:51.463Z	0	0
2023-05-19T02:11:11.471Z	2	2
2023-05-19T02:11:31.473Z	7	7
2023-05-19T02:11:51.480Z	16	16
2023-05-19T02:12:11.490Z	29	28
2023-05-19T02:12:31.495Z	44	44
2023-05-19T02:12:51.503Z	63	64
2023-05-19T02:13:11.502Z	86	85
2023-05-19T02:13:31.512Z	110	110
2023-05-19T02:13:51.524Z	137	136
2023-05-19T02:14:11.531Z	166	166
2023-05-19T02:14:31.533Z	196	197
2023-05-19T02:14:51.540Z	228	228
2023-05-19T02:15:11.550Z	261	261
2023-05-19T02:15:31.552Z	294	295
2023-05-19T02:15:51.556Z	328	327
2023-05-19T02:16:11.565Z	360	361
2023-05-19T02:16:31.570Z	393	392
2023-05-19T02:16:51.572Z	423	424
2023-05-19T02:17:11.579Z	453	454
2023-05-19T02:17:31.587Z	481	481
2023-05-19T02:17:51.591Z	507	506
2023-05-19T02:18:11.600Z	529	529
2023-05-19T02:18:31.610Z	549	549
2023-05-19T02:18:51.612Z	566	566
2023-05-19T02:19:11.621Z	580	580
2023-05-19T02:19:31.622Z	590	590
2023-05-19T02:19:51.626Z	597	597
2023-05-19T02:20:11.635Z	600	600
2023-05-19T02:20:31.650Z	599	599
2023-05-19T02:20:51.650Z	595	595
2023-05-19T02:21:11.660Z	587	587
2023-05-19T02:21:31.661Z	575	575
2023-05-19T02:21:51.664Z	560	560
2023-05-19T02:22:11.670Z	542	542
2023-05-19T02:22:31.670Z	521	521
2023-05-19T02:22:51.680Z	497	497
2023-05-19T02:23:11.692Z	470	471
2023-05-19T02:23:31.703Z	442	442
2023-05-19T02:23:51.703Z	412	411
2023-05-19T02:24:11.715Z	380	381
2023-05-19T02:24:31.716Z	348	347
2023-05-19T02:24:51.728Z	314	315
2023-05-19T02:25:11.728Z	282	281
2023-05-19T02:25:31.734Z	248	248
2023-05-19T02:25:51.738Z	215	216
2023-05-19T02:26:11.752Z	185	184
2023-05-19T02:26:31.762Z	155	154
2023-05-19T02:26:51.772Z	126	126
2023-05-19T02:27:11.774Z	101	100
2023-05-19T02:27:31.784Z	77	76
2023-05-19T02:27:51.797Z	55	56
2023-05-19T02:28:11.801Z	38	38
2023-05-19T02:28:31.808Z	23	24
2023-05-19T02:28:51.821Z	12	12
2023-05-19T02:29:11.829Z	5	4
2023-05-19T02:29:31.840Z	1	1
2023-05-19T02:29:51.845Z	0	0
2023-05-19T02:30:11.853Z	4	4
2023-05-19T02:30:31.857Z	11	11
2023-05-19T02:30:51.864Z	21	22
2023-05-19T02:31:11.872Z	36	36
2023-05-19T02:31:31.886Z	53	53
2023-05-19T02:31:51.889Z	74	73
2023-05-19T02:32:11.895Z	96	97
2023-05-19T02:32:31.896Z	122	122
2023-05-19T02:32:51.900Z	150	150
2023-05-19T02:33:11.906Z	180	180
2023-05-19T02:33:31.916Z	212	211
2023-05-19T02:33:51.928Z	243	244
2023-05-19T02:34:11.942Z	277	276
2023-05-19T02:34:31.941Z	310	310
2023-05-19T02:34:51.943Z	343	343
2023-05-19T02:35:11.955Z	376	375
2023-05-19T02:35:31.959Z	407	407
2023-05-19T02:35:51.959Z	438	438
2023-05-19T02:36:11.969Z	467	466
2023-05-19T02:36:31.970Z	493	493
2023-05-19T02:36:51.981Z	517	518
2023-05-19T02:37:11.981Z	539	539
2023-05-19T02:37:31.994Z	558	558
2023-05-19T02:37:52.004Z	573	573
2023-05-19T02:38:12.013Z	585	585
2023-05-19T02:38:32.027Z	594	594
2023-05-19T02:38:52.027Z	599	599
2023-05-19T02:39:12.032Z	600	600
2023-05-19T02:39:32.040Z	598	597
2023-05-19T02:39:52.042Z	591	591
2023-05-19T02:40:12.058Z	582	582
2023-05-19T02:40:32.060Z	569	568
2023-05-19T02:40:52.075Z	552	552
2023-05-19T02:41:12.087Z	532	533
2023-05-19T02:41:32.090Z	510	510
2023-05-19T02:41:52.104Z	485	485
2023-05-19T02:42:12.108Z	457	458
2023-05-19T02:42:32.112Z	428	428
2023-05-19T02:42:52.120Z	397	397
2023-05-19T02:43:12.123Z	365	365
2023-05-19T02:43:32.126Z	332	332
2023-05-19T02:43:52.128Z	299	299
2023-05-19T02:44:12.129Z	266	266
2023-05-19T02:44:32.135Z	233	232
2023-05-19T02:44:52.145Z	200	201
2023-05-19T02:45:12.159Z	170	170
2023-05-19T02:45:32.159Z	141	141
2023-05-19T02:45:52.173Z	114	113
2023-05-19T02:46:12.174Z	89	89
2023-05-19T02:46:32.174Z	66	66
2023-05-19T02:46:52.184Z	47	47
2023-05-19T02:47:12.200Z	31	31
2023-05-19T02:47:32.200Z	18	18
2023-05-19T02:47:52.213Z	8	8
2023-05-19T02:48:12.227Z	2	2
2023-05-19T02:48:32.240Z	0	0
2023-05-19T02:48:52.248Z	1	2
2023-05-19T02:49:12.251Z	7	7
2023-05-19T02:49:32.260Z	15	16
2023-05-19T02:49:52.269Z	28	28
2023-05-19T02:50:12.277Z	43	43
2023-05-19T02:50:32.281Z	62	62
2023-05-19T02:50:52.295Z	84	84
2023-05-19T02:51:12.305Z	108	109
2023-05-19T02:51:32.319Z	135	135
2023-05-19T02:51:52.334Z	164	164
2023-05-19T02:52:12.336Z	195	194
2023-05-19T02:52:32.342Z	227	226
2023-05-19T02:52:52.347Z	259	259
2023-05-19T02:53:12.353Z	293	292
2023-05-19T02:53:32.359Z	325	326
2023-05-19T02:53:52.361Z	359	358
2023-05-19T02:54:12.366Z	390	391
2023-05-19T02:54:32.380Z	422	422
2023-05-19T02:54:52.395Z	452	451
2023-05-19T02:55:12.410Z	479	480
2023-05-19T02:55:32.415Z	505	505
2023-05-19T02:55:52.427Z	528	528
2023-05-19T02:56:12.429Z	548	548
2023-05-19T02:56:32.442Z	565	566
2023-05-19T02:56:52.445Z	579	579
2023-05-19T02:57:12.449Z	590	590
2023-05-19T02:57:32.449Z	597	597
2023-05-19T02:57:52.453Z	600	600
2023-05-19T02:58:12.454Z	599	599
2023-05-19T02:58:32.461Z	595	595
2023-05-19T02:58:52.463Z	587	587
2023-05-19T02:59:12.473Z	576	576
2023-05-19T02:59:32.486Z	561	561
2023-05-19T02:59:52.489Z	543	543
2023-05-19T03:00:12.495Z	522	522
2023-05-19T03:00:32.502Z	498	498
2023-05-19T03:00:52.505Z	472	472
2023-05-19T03:01:12.518Z	444	444
2023-05-19T03:01:32.530Z	414	414
2023-05-19T03:01:52.544Z	382	382
2023-05-19T03:02:12.548Z	349	350
2023-05-19T03:02:32.555Z	317	316
2023-05-19T03:02:52.562Z	283	284
2023-05-19T03:03:12.567Z	250	250
2023-05-19T03:03:32.574Z	218	217
2023-05-19T03:03:52.586Z	186	186
2023-05-19T03:04:12.587Z	156	156
2023-05-19T03:04:32.602Z	128	128
2023-05-19T03:04:52.607Z	102	101
2023-05-19T03:05:12.622Z	78	78
2023-05-19T03:05:32.638Z	57	57
2023-05-19T03:05:52.645Z	39	39
2023-05-19T03:06:12.654Z	24	24
2023-05-19T03:06:32.660Z	13	13
2023-05-19T03:06:52.663Z	5	5
2023-05-19T03:07:12.676Z	1	1
2023-05-19T03:07:32.681Z	0	0
2023-05-19T03:07:52.687Z	4	3
2023-05-19T03:08:12.696Z	10	10
2023-05-19T03:08:32.697Z	21	21
2023-05-19T03:08:52.700Z	35	35
2023-05-19T03:09:12.708Z	52	52
2023-05-19T03:09:32.709Z	72	72
2023-05-19T03:09:52.715Z	95	95
2023-05-19T03:10:12.718Z	121	121
2023-05-19T03:10:32.730Z	148	149
2023-05-19T03:10:52.739Z	178	179
2023-05-19T03:11:12.753Z	210	209
2023-05-19T03:11:32.753Z	241	242
2023-05-19T03:11:52.763Z	274	275
2023-05-19T03:12:12.776Z	308	308
2023-05-19T03:12:32.791Z	342	341
2023-05-19T03:12:52.799Z	374	374
2023-05-19T03:13:12.806Z	406	405
2023-05-19T03:13:32.821Z	437	436
2023-05-19T03:13:52.831Z	465	465
2023-05-19T03:14:12.832Z	492	492
2023-05-19T03:14:32.844Z	516	516
2023-05-19T03:14:52.856Z	538	538
2023-05-19T03:15:12.857Z	557	557
2023-05-19T03:15:32.867Z	573	572
2023-05-19T03:15:52.879Z	585	585
2023-05-19T03:16:12.890Z	593	593
2023-05-19T03:16:32.901Z	599	599
2023-05-19T03:16:52.914Z	600	600
2023-05-19T03:17:12.928Z	598	598
2023-05-19T03:17:32.932Z	592	592
2023-05-19T03:17:52.941Z	582	582
2023-05-19T03:18:12.943Z	569	569
2023-05-19T03:18:32.947Z	553	553
2023-05-19T03:18:52.961Z	534	533
2023-05-19T03:19:12.970Z	511	511
2023-05-19T03:19:32.975Z	486	486
2023-05-19T03:19:52.975Z	458	459
2023-05-19T03:20:12.980Z	430	429
2023-05-19T03:20:32.985Z	399	399
2023-05-19T03:20:52.987Z	367	367
2023-05-19T03:21:12.993Z	334	335
2023-05-19T03:21:32.998Z	300	301
2023-05-19T03:21:53.001Z	268	267
2023-05-19T03:22:13.002Z	234	235
2023-05-19T03:22:33.011Z	203	203
2023-05-19T03:22:53.024Z	172	172
2023-05-19T03:23:13.025Z	142	142
2023-05-19T03:23:33.031Z	115	115
2023-05-19T03:23:53.043Z	90	90
2023-05-19T03:24:13.045Z	67	68
2023-05-19T03:24:33.050Z	48	48
2023-05-19T03:24:53.063Z	31	32
2023-05-19T03:25:13.068Z	18	18
2023-05-19T03:25:33.076Z	9	8
2023-05-19T03:25:53.087Z	2	2
2023-05-19T03:26:13.091Z	0	0
2023-05-19T03:26:33.095Z	1	1
2023-05-19T03:26:53.106Z	6	6
2023-05-19T03:27:13.116Z	15	15
2023-05-19T03:27:33.124Z	27	27
2023-05-19T03:27:53.136Z	43	42
2023-05-19T03:28:13.140Z	61	61
2023-05-19T03:28:33.152Z	83	83
2023-05-19T03:28:53.159Z	107	107
2023-05-19T03:29:13.159Z	134	134
2023-05-19T03:29:33.173Z	163	162
2023-05-19T03:29:53.184Z	192	193
2023-05-19T03:30:13.189Z	225	224
2023-05-19T03:30:33.201Z	258	257
2023-05-19T03:30:53.217Z	290	291
2023-05-19T03:31:13.230Z	324	323
2023-05-19T03:31:33.239Z	357	357
2023-05-19T03:31:53.239Z	389	389
2023-05-19T03:32:13.254Z	420	421
2023-05-19T03:32:33.261Z	450	451
2023-05-19T03:32:53.276Z	478	478
2023-05-19T03:33:13.280Z	504	504
2023-05-19T03:33:33.285Z	527	527
2023-05-19T03:33:53.289Z	547	547
2023-05-19T03:34:13.304Z	564	565
2023-05-19T03:34:33.311Z	579	578
2023-05-19T03:34:53.318Z	589	589
2023-05-19T03:35:13.320Z	596	596
2023-05-19T03:35:33.328Z	600	600
2023-05-19T03:35:53.333Z	599	599
2023-05-19T03:36:13.347Z	595	595
2023-05-19T03:36:33.362Z	588	588
2023-05-19T03:36:53.369Z	577	577
2023-05-19T03:37:13.371Z	562	562
2023-05-19T03:37:33.386Z	544	544
2023-05-19T03:37:53.389Z	523	523
2023-05-19T03:38:13.403Z	499	500
2023-05-19T03:38:33.415Z	474	473
2023-05-19T03:38:53.426Z	445	445
2023-05-19T03:39:13.431Z	415	416
2023-05-19T03:39:33.434Z	384	384
2023-05-19T03:39:53.449Z	351	351
2023-05-19T03:40:13.452Z	318	319
2023-05-19T03:40:33.454Z	285	285
2023-05-19T03:40:53.458Z	252	251
2023-05-19T03:41:13.470Z	219	219
2023-05-19T03:41:33.483Z	188	187
2023-05-19T03:41:53.498Z	157	158
2023-05-19T03:42:13.509Z	129	129
2023-05-19T03:42:33.522Z	103	103
2023-05-19T03:42:53.528Z	79	79
2023-05-19T03:43:13.530Z	58	58
2023-05-19T03:43:33.540Z	40	40
2023-05-19T03:43:53.549Z	25	25
2023-05-19T03:44:13.551Z	13	13
2023-05-19T03:44:33.553Z	5	5
2023-05-19T03:44:53.554Z	1	1
2023-05-19T03:45:13.555Z	0	0
2023-05-19T03:45:33.569Z	3	3
2023-05-19T03:45:53.574Z	10	10
2023-05-19T03:46:13.587Z	20	20
2023-05-19T03:46:33.601Z	34	34
2023-05-19T03:46:53.604Z	51	51
2023-05-19T03:47:13.608Z	71	71
2023-05-19T03:47:33.612Z	94	94
2023-05-19T03:47:53.614Z	120	119
2023-05-19T03:48:13.628Z	147	147
2023-05-19T03:48:33.632Z	177	177
2023-05-19T03:48:53.641Z	208	208
2023-05-19T03:49:13.648Z	240	240
2023-05-19T03:49:33.655Z	273	273
2023-05-19T03:49:53.666Z	307	306
2023-05-19T03:50:13.681Z	339	340
2023-05-19T03:50:33.696Z	372	372
2023-05-19T03:50:53.708Z	404	404
2023-05-19T03:51:13.708Z	434	435
2023-05-19T03:51:33.711Z	463	464
2023-05-19T03:51:53.711Z	491	490
2023-05-19T03:52:13.724Z	515	515
2023-05-19T03:52:33.733Z	537	537
2023-05-19T03:52:53.736Z	556	556
2023-05-19T03:53:13.751Z	572	571
2023-05-19T03:53:33.764Z	584	584
2023-05-19T03:53:53.768Z	593	593
2023-05-19T03:54:13.779Z	598	598
2023-05-19T03:54:33.791Z	600	600
2023-05-19T03:54:53.801Z	598	598
2023-05-19T03:55:13.805Z	592	592
2023-05-19T03:55:33.816Z	583	583
2023-05-19T03:55:53.824Z	570	570
2023-05-19T03:56:13.838Z	554	554
2023-05-19T03:56:33.843Z	534	535
2023-05-19T03:56:53.852Z	512	512
2023-05-19T03:57:13.852Z	488	487
2023-05-19T03:57:33.866Z	460	461
2023-05-19T03:57:53.874Z	431	431
2023-05-19T03:58:13.886Z	401	400
2023-05-19T03:58:33.892Z	368	369
2023-05-19T03:58:53.895Z	336	336
2023-05-19T03:59:13.907Z	303	302
2023-05-19T03:59:33.921Z	269	269
2023-05-19T03:59:53.930Z	237	236
2023-05-19T04:00:13.940Z	204	204
2023-05-19T04:00:33.941Z	173	174
2023-05-19T04:00:53.952Z	144	144
2023-05-19T04:01:13.957Z	116	116
2023-05-19T04:01:33.960Z	91	91
2023-05-19T04:01:53.973Z	69	69
2023-05-19T04:02:13.982Z	49	49
2023-05-19T04:02:33.996Z	32	32
2023-05-19T04:02:54.006Z	19	19
2023-05-19T04:03:14.013Z	9	9
2023-05-19T04:03:34.017Z	3	3
2023-05-19T04:03:54.031Z	0	0
2023-05-19T04:04:14.039Z	1	1
2023-05-19T04:04:34.051Z	6	6
2023-05-19T04:04:54.059Z	14	14
2023-05-19T04:05:14.067Z	26	26
2023-05-19T04:05:34.070Z	41	42
2023-05-19T04:05:54.079Z	60	60
2023-05-19T04:06:14.084Z	82	82
2023-05-19T04:06:34.084Z	106	106
2023-05-19T04:06:54.099Z	133	132
2023-05-19T04:07:14.111Z	161	161
2023-05-19T04:07:34.127Z	191	192
2023-05-19T04:07:54.127Z	223	223
2023-05-19T04:08:14.132Z	255	256
2023-05-19T04:08:34.142Z	289	289
2023-05-19T04:08:54.156Z	322	322
2023-05-19T04:09:14.156Z	355	355
2023-05-19T04:09:34.160Z	387	388
2023-05-19T04:09:54.166Z	419	418
2023-05-19T04:10:14.175Z	449	448
2023-05-19T04:10:34.178Z	476	477
2023-05-19T04:10:54.191Z	502	503
2023-05-19T04:11:14.197Z	526	526
2023-05-19T04:11:34.209Z	546	546
2023-05-19T04:11:54.224Z	564	564
2023-05-19T04:12:14.238Z	578	578
2023-05-19T04:12:34.246Z	589	589
2023-05-19T04:12:54.251Z	596	596
2023-05-19T04:13:14.261Z	600	600
2023-05-19T04:13:34.263Z	599	599
2023-05-19T04:13:54.271Z	596	596
2023-05-19T04:14:14.279Z	588	588
2023-05-19T04:14:34.291Z	577	577
2023-05-19T04:14:54.306Z	563	563
2023-05-19T04:15:14.314Z	545	545
2023-05-19T04:15:34.316Z	524	524
2023-05-19T04:15:54.317Z	501	501
2023-05-19T04:16:14.322Z	475	475
2023-05-19T04:16:34.322Z	447	447
2023-05-19T04:16:54.325Z	417	417
2023-05-19T04:17:14.332Z	385	386
2023-05-19T04:17:34.337Z	354	353
2023-05-19T04:17:54.348Z	320	320
2023-05-19T04:18:14.349Z	287	287
2023-05-19T04:18:34.360Z	254	254
2023-05-19T04:18:54.365Z	221	221
2023-05-19T04:19:14.374Z	189	190
2023-05-19T04:19:34.382Z	159	159
2023-05-19T04:19:54.384Z	130	131
2023-05-19T04:20:14.399Z	104	104
2023-05-19T04:20:34.415Z	80	80
2023-05-19T04:20:54.416Z	59	59
2023-05-19T04:21:14.431Z	41	40
2023-05-19T04:21:34.432Z	25	26
2023-05-19T04:21:54.445Z	14	14
2023-05-19T04:22:14.448Z	6	5
2023-05-19T04:22:34.459Z	1	1
2023-05-19T04:22:54.468Z	0	0
2023-05-19T04:23:14.473Z	3	3
2023-05-19T04:23:34.480Z	10	9
2023-05-19T04:23:54.488Z	19	20
2023-05-19T04:24:14.489Z	33	33
2023-05-19T04:24:34.494Z	50	50
2023-05-19T04:24:54.503Z	70	70
2023-05-19T04:25:14.504Z	93	93
2023-05-19T04:25:34.510Z	118	118
2023-05-19T04:25:54.512Z	145	146
2023-05-19T04:26:14.517Z	175	175
2023-05-19T04:26:34.524Z	206	206
2023-05-19T04:26:54.527Z	238	238
2023-05-19T04:27:14.540Z	271	272
2023-05-19T04:27:34.547Z	305	304
2023-05-19T04:27:54.556Z	337	338
2023-05-19T04:28:14.557Z	371	370
2023-05-19T04:28:34.570Z	403	402
2023-05-19T04:28:54.575Z	433	433
2023-05-19T04:29:14.584Z	462	462
2023-05-19T04:29:34.595Z	489	489
2023-05-19T04:29:54.605Z	514	514
2023-05-19T04:30:14.607Z	536	536
2023-05-19T04:30:34.617Z	555	555
2023-05-19T04:30:54.632Z	571	571
2023-05-19T04:31:14.633Z	584	583
2023-05-19T04:31:34.643Z	593	593
2023-05-19T04:31:54.645Z	598	598
2023-05-19T04:32:14.648Z	600	600
2023-05-19T04:32:34.662Z	598	598
2023-05-19T04:32:54.664Z	593	593
2023-05-19T04:33:14.671Z	583	583
2023-05-19T04:33:34.680Z	571	571
2023-05-19T04:33:54.684Z	555	555
2023-05-19T04:34:14.697Z	536	536
2023-05-19T04:34:34.710Z	514	513
2023-05-19T04:34:54.716Z	489	489
2023-05-19T04:35:14.730Z	462	462
2023-05-19T04:35:34.745Z	433	433
2023-05-19T04:35:54.751Z	402	402
2023-05-19T04:36:14.758Z	371	370
2023-05-19T04:36:34.772Z	338	338
2023-05-19T04:36:54.781Z	304	304
2023-05-19T04:37:14.786Z	271	271
2023-05-19T04:37:34.796Z	238	238
2023-05-19T04:37:54.808Z	205	206
2023-05-19T04:38:14.820Z	175	175
2023-05-19T04:38:34.834Z	145	146
2023-05-19T04:38:54.836Z	118	118
2023-05-19T04:39:14.848Z	93	92
2023-05-19T04:39:34.858Z	70	69
2023-05-19T04:39:54.866Z	50	50
2023-05-19T04:40:14.877Z	33	33
2023-05-19T04:40:34.880Z	20	19
2023-05-19T04:40:54.887Z	9	10
2023-05-19T04:41:14.900Z	3	3
2023-05-19T04:41:34.914Z	0	0
2023-05-19T04:41:54.928Z	1	1
2023-05-19T04:42:14.930Z	6	6
2023-05-19T04:42:34.932Z	14	14
2023-05-19T04:42:54.938Z	26	25
2023-05-19T04:43:14.938Z	41	41
2023-05-19T04:43:34.946Z	59	59
2023-05-19T04:43:54.951Z	80	80
2023-05-19T04:44:14.957Z	104	105
2023-05-19T04:44:34.968Z	131	131
2023-05-19T04:44:54.971Z	159	159
2023-05-19T04:45:14.973Z	190	190
2023-05-19T04:45:34.977Z	221	222
2023-05-19T04:45:54.980Z	254	253
2023-05-19T04:46:14.995Z	287	287
2023-05-19T04:46:34.996Z	320	321
2023-05-19T04:46:55.001Z	353	353
2023-05-19T04:47:15.016Z	385	386
2023-05-19T04:47:35.023Z	417	418
2023-05-19T04:47:55.023Z	447	447
2023-05-19T04:48:15.035Z	475	475
2023-05-19T04:48:35.037Z	501	501
2023-05-19T04:48:55.041Z	525	524
2023-05-19T04:49:15.045Z	545	545
2023-05-19T04:49:35.047Z	563	563
2023-05-19T04:49:55.049Z	577	577
2023-05-19T04:50:15.062Z	588	588
2023-05-19T04:50:35.071Z	596	596
2023-05-19T04:50:55.083Z	599	600
2023-05-19T04:51:15.093Z	600	600
2023-05-19T04:51:35.108Z	596	596
2023-05-19T04:51:55.110Z	589	589
2023-05-19T04:52:15.120Z	578	578
2023-05-19T04:52:35.130Z	564	564
2023-05-19T04:52:55.134Z	546	546
2023-05-19T04:53:15.138Z	526	525
2023-05-19T04:53:35.154Z	502	502
2023-05-19T04:53:55.168Z	477	476
2023-05-19T04:54:15.175Z	449	448
2023-05-19T04:54:35.179Z	418	419
2023-05-19T04:54:55.192Z	388	387
2023-05-19T04:55:15.204Z	355	354
2023-05-19T04:55:35.209Z	322	322
2023-05-19T04:55:55.209Z	289	288
2023-05-19T04:56:15.214Z	255	255
2023-05-19T04:56:35.228Z	222	223
2023-05-19T04:56:55.242Z	191	191
2023-05-19T04:57:15.250Z	161	161
2023-05-19T04:57:35.257Z	132	132
2023-05-19T04:57:55.263Z	105	106
2023-05-19T04:58:15.273Z	82	81
2023-05-19T04:58:35.288Z	60	60
2023-05-19T04:58:55.293Z	41	42
2023-05-19T04:59:15.294Z	26	26
2023-05-19T04:59:35.304Z	14	14
2023-05-19T04:59:55.306Z	6	6
2023-05-19T05:00:15.313Z	1	1
2023-05-19T05:00:35.321Z	0	0
2023-05-19T05:00:55.331Z	3	3
2023-05-19T05:01:15.341Z	9	9
2023-05-19T05:01:35.346Z	19	19
2023-05-19T05:01:55.356Z	32	32
2023-05-19T05:02:15.358Z	49	49
2023-05-19T05:02:35.363Z	69	69
2023-05-19T05:02:55.376Z	91	91
2023-05-19T05:03:15.379Z	117	116
2023-05-19T05:03:35.393Z	144	144
2023-05-19T05:03:55.399Z	173	174
2023-05-19T05:04:15.407Z	205	204
2023-05-19T05:04:35.418Z	236	237
2023-05-19T05:04:55.433Z	269	270
2023-05-19T05:05:15.435Z	303	303
2023-05-19T05:05:35.436Z	336	336
2023-05-19T05:05:55.439Z	369	369
2023-05-19T05:06:15.443Z	401	401
2023-05-19T05:06:35.455Z	431	432
2023-05-19T05:06:55.464Z	461	460
2023-05-19T05:07:15.466Z	488	488
2023-05-19T05:07:35.477Z	512	513
2023-05-19T05:07:55.486Z	535	534
2023-05-19T05:08:15.498Z	554	554
2023-05-19T05:08:35.501Z	570	570
2023-05-19T05:08:55.516Z	583	583
2023-05-19T05:09:15.530Z	592	592
2023-05-19T05:09:35.530Z	598	598
2023-05-19T05:09:55.532Z	600	600
2023-05-19T05:10:15.540Z	598	598
2023-05-19T05:10:35.554Z	593	593
2023-05-19T05:10:55.554Z	584	584
2023-05-19T05:11:15.556Z	572	571
2023-05-19T05:11:35.559Z	555	556
2023-05-19T05:11:55.561Z	537	536
2023-05-19T05:12:15.570Z	515	515
2023-05-19T05:12:35.580Z	491	490
