time	1-T	2-T
2021-02-20T21:31:52.331Z	503	502
2021-02-20T21:32:52.900Z	503	502
2021-02-20T21:36:33.363Z	503	502
2021-02-20T21:36:35.370Z	509	505
2021-02-20T21:36:37.380Z	516	507
2021-02-20T21:36:39.383Z	521	511
2021-02-20T21:36:41.385Z	527	514
2021-02-20T21:36:43.398Z	532	516
2021-02-20T21:36:45.410Z	537	519
2021-02-20T21:36:47.421Z	542	521
2021-02-20T21:36:49.430Z	550	524
2021-02-20T21:36:51.441Z	555	527
2021-02-20T21:36:53.446Z	560	530
2021-02-20T21:36:55.447Z	565	533
2021-02-20T21:36:57.454Z	570	536
2021-02-20T21:36:59.456Z	575	538
2021-02-20T21:37:01.458Z	583	541
2021-02-20T21:37:03.460Z	588	543
2021-02-20T21:37:05.462Z	593	547
2021-02-20T21:37:07.468Z	598	550
2021-02-20T21:37:09.477Z	603	552
2021-02-20T21:37:11.490Z	608	555
2021-02-20T21:37:13.499Z	616	557
2021-02-20T21:37:15.510Z	621	560
2021-02-20T21:37:17.519Z	626	564
2021-02-20T21:37:19.531Z	631	566
2021-02-20T21:37:21.534Z	636	569
2021-02-20T21:37:23.541Z	641	572
2021-02-20T21:37:25.554Z	648	574
2021-02-20T21:37:27.563Z	653	577
2021-02-20T21:37:29.571Z	658	580
2021-02-20T21:37:31.582Z	663	583
2021-02-20T21:37:33.590Z	668	586
2021-02-20T21:37:35.602Z	673	588
2021-02-20T21:37:37.607Z	680	591
2021-02-20T21:37:39.615Z	685	593
2021-02-20T21:37:41.626Z	689	597
2021-02-20T21:37:43.633Z	694	599
2021-02-20T21:37:45.643Z	699	602
2021-02-20T21:37:47.650Z	704	605
2021-02-20T21:37:49.661Z	711	607
2021-02-20T21:37:51.669Z	715	610
2021-02-20T21:37:53.680Z	720	613
2021-02-20T21:37:55.682Z	725	616
2021-02-20T21:37:57.683Z	729	618
2021-02-20T21:37:59.696Z	734	621
2021-02-20T21:38:01.701Z	738	623
2021-02-20T21:38:03.717Z	745	626
2021-02-20T21:38:05.724Z	750	628
2021-02-20T21:38:07.739Z	754	632
2021-02-20T21:38:09.748Z	759	635
2021-02-20T21:38:11.748Z	763	637
2021-02-20T21:38:13.763Z	767	640
2021-02-20T21:38:15.769Z	774	642
2021-02-20T21:38:17.780Z	778	645
2021-02-20T21:38:19.782Z	782	648
2021-02-20T21:38:21.793Z	787	651
2021-02-20T21:38:23.805Z	791	653
2021-02-20T21:38:25.819Z	795	656
2021-02-20T21:38:27.827Z	801	658
2021-02-20T21:38:29.836Z	805	660
2021-02-20T21:38:31.837Z	809	664
2021-02-20T21:38:33.846Z	813	667
2021-02-20T21:38:35.847Z	818	669
2021-02-20T21:38:37.857Z	821	671
2021-02-20T21:38:39.859Z	827	674
2021-02-20T21:38:41.871Z	831	676
2021-02-20T21:38:43.880Z	835	680
2021-02-20T21:38:45.887Z	839	682
2021-02-20T21:38:47.891Z	843	685
2021-02-20T21:38:49.906Z	846	687
2021-02-20T21:38:51.917Z	850	690
2021-02-20T21:38:53.932Z	856	692
2021-02-20T21:38:55.944Z	859	694
2021-02-20T21:38:57.953Z	863	698
2021-02-20T21:38:59.955Z	866	700
2021-02-20T21:39:01.956Z	870	703
2021-02-20T21:39:03.958Z	873	705
2021-02-20T21:39:05.971Z	878	707
2021-02-20T21:39:07.985Z	882	710
2021-02-20T21:39:09.990Z	885	713
2021-02-20T21:39:11.991Z	888	715
2021-02-20T21:39:14.004Z	892	718
2021-02-20T21:39:16.014Z	895	720
2021-02-20T21:39:18.024Z	899	722
2021-02-20T21:39:20.030Z	903	725
2021-02-20T21:39:22.031Z	906	728
2021-02-20T21:39:24.043Z	909	730
2021-02-20T21:39:26.054Z	912	733
2021-02-20T21:39:28.069Z	914	735
2021-02-20T21:39:30.080Z	919	737
2021-02-20T21:39:32.091Z	922	740
2021-02-20T21:39:34.100Z	924	743
2021-02-20T21:39:36.105Z	927	745
2021-02-20T21:39:38.115Z	930	748
2021-02-20T21:39:40.126Z	932	750
2021-02-20T21:39:42.137Z	936	752
2021-02-20T21:39:44.140Z	939	754
2021-02-20T21:39:46.142Z	941	758
2021-02-20T21:39:48.153Z	943	760
2021-02-20T21:39:50.164Z	946	762
2021-02-20T21:39:52.170Z	948	764
2021-02-20T21:39:54.172Z	952	766
2021-02-20T21:39:56.185Z	954	768
2021-02-20T21:39:58.198Z	956	771
2021-02-20T21:40:00.199Z	958	774
2021-02-20T21:40:02.202Z	960	776
2021-02-20T21:40:04.204Z	962	778
2021-02-20T21:40:06.218Z	964	780
2021-02-20T21:40:08.229Z	967	782
2021-02-20T21:40:10.232Z	969	785
2021-02-20T21:40:12.243Z	970	788
2021-02-20T21:40:14.243Z	972	790
2021-02-20T21:40:16.252Z	974	792
2021-02-20T21:40:18.265Z	975	794
2021-02-20T21:40:20.269Z	978	796
2021-02-20T21:40:22.279Z	979	798
2021-02-20T21:40:24.281Z	981	801
2021-02-20T21:40:26.291Z	982	803
2021-02-20T21:40:28.299Z	983	805
2021-02-20T21:40:30.314Z	985	807
2021-02-20T21:40:32.319Z	987	809
2021-02-20T21:40:34.333Z	988	811
2021-02-20T21:40:36.343Z	989	814
2021-02-20T21:40:38.357Z	990	817
2021-02-20T21:40:40.362Z	991	819
2021-02-20T21:40:42.373Z	992	820
2021-02-20T21:40:44.388Z	993	822
2021-02-20T21:40:46.389Z	994	824
2021-02-20T21:40:48.392Z	995	827
2021-02-20T21:40:50.406Z	995	829
2021-02-20T21:40:52.421Z	996	831
2021-02-20T21:40:54.433Z	997	833
2021-02-20T21:40:56.443Z	998	835
2021-02-20T21:40:58.456Z	998	837
2021-02-20T21:41:00.458Z	998	840
2021-02-20T21:41:02.472Z	999	842
2021-02-20T21:41:04.483Z	999	844
2021-02-20T21:41:06.490Z	999	846
2021-02-20T21:41:08.503Z	1000	847
2021-02-20T21:41:10.509Z	1000	849
2021-02-20T21:41:12.514Z	1000	851
2021-02-20T21:41:14.528Z	1000	854
2021-02-20T21:41:16.535Z	1000	856
2021-02-20T21:41:18.536Z	1000	857
2021-02-20T21:41:20.547Z	1000	859
2021-02-20T21:41:22.550Z	999	861
2021-02-20T21:41:24.553Z	999	863
2021-02-20T21:41:26.561Z	999	866
2021-02-20T21:41:28.561Z	998	867
2021-02-20T21:41:30.575Z	998	869
2021-02-20T21:41:32.591Z	998	871
2021-02-20T21:41:34.603Z	997	873
2021-02-20T21:41:36.604Z	996	874
2021-02-20T21:41:38.611Z	995	877
2021-02-20T21:41:40.611Z	995	878
2021-02-20T21:41:42.613Z	994	880
2021-02-20T21:41:44.619Z	993	882
2021-02-20T21:41:46.635Z	992	884
2021-02-20T21:41:48.644Z	991	885
2021-02-20T21:41:50.649Z	990	887
2021-02-20T21:41:52.664Z	989	889
2021-02-20T21:41:54.669Z	988	891
2021-02-20T21:41:56.672Z	987	892
2021-02-20T21:41:58.677Z	985	894
2021-02-20T21:42:00.686Z	983	896
2021-02-20T21:42:02.691Z	982	897
2021-02-20T21:42:04.704Z	981	899
2021-02-20T21:42:06.716Z	979	901
2021-02-20T21:42:08.731Z	978	903
2021-02-20T21:42:10.734Z	976	904
2021-02-20T21:42:12.748Z	974	906
2021-02-20T21:42:14.762Z	972	907
2021-02-20T21:42:16.772Z	970	909
2021-02-20T21:42:18.782Z	968	911
2021-02-20T21:42:20.787Z	967	912
2021-02-20T21:42:22.801Z	965	914
2021-02-20T21:42:24.807Z	963	915
2021-02-20T21:42:26.818Z	960	917
2021-02-20T21:42:28.832Z	958	918
2021-02-20T21:42:30.839Z	956	920
2021-02-20T21:42:32.845Z	954	922
2021-02-20T21:42:34.846Z	951	923
2021-02-20T21:42:36.859Z	949	924
2021-02-20T21:42:38.868Z	946	926
2021-02-20T21:42:40.881Z	943	927
2021-02-20T21:42:42.883Z	941	929
2021-02-20T21:42:44.887Z	938	930
2021-02-20T21:42:46.895Z	936	932
2021-02-20T21:42:48.903Z	933	933
2021-02-20T21:42:50.910Z	929	934
2021-02-20T21:42:52.912Z	927	936
2021-02-20T21:42:54.925Z	924	937
2021-02-20T21:42:56.928Z	921	939
2021-02-20T21:42:58.928Z	918	940
2021-02-20T21:43:00.937Z	916	941
2021-02-20T21:43:02.949Z	913	942
2021-02-20T21:43:04.956Z	908	944
2021-02-20T21:43:06.967Z	905	945
2021-02-20T21:43:08.979Z	902	947
2021-02-20T21:43:10.985Z	899	948
2021-02-20T21:43:12.993Z	896	949
2021-02-20T21:43:15.005Z	893	950
2021-02-20T21:43:17.007Z	888	951
2021-02-20T21:43:19.008Z	885	952
2021-02-20T21:43:21.009Z	881	954
2021-02-20T21:43:23.019Z	878	955
2021-02-20T21:43:25.033Z	875	956
2021-02-20T21:43:27.045Z	871	957
2021-02-20T21:43:29.047Z	866	958
2021-02-20T21:43:31.058Z	862	959
2021-02-20T21:43:33.070Z	859	961
2021-02-20T21:43:35.075Z	855	962
2021-02-20T21:43:37.085Z	852	963
2021-02-20T21:43:39.092Z	848	964
2021-02-20T21:43:41.105Z	844	965
2021-02-20T21:43:43.116Z	839	966
2021-02-20T21:43:45.125Z	835	966
2021-02-20T21:43:47.140Z	831	968
2021-02-20T21:43:49.154Z	827	969
2021-02-20T21:43:51.163Z	823	970
2021-02-20T21:43:53.171Z	819	971
2021-02-20T21:43:55.177Z	813	971
2021-02-20T21:43:57.179Z	809	972
2021-02-20T21:43:59.187Z	805	973
2021-02-20T21:44:01.201Z	801	974
2021-02-20T21:44:03.205Z	797	975
2021-02-20T21:44:05.217Z	793	976
2021-02-20T21:44:07.231Z	786	977
2021-02-20T21:44:09.234Z	782	977
2021-02-20T21:44:11.239Z	778	979
2021-02-20T21:44:13.247Z	773	979
2021-02-20T21:44:15.252Z	769	980
2021-02-20T21:44:17.256Z	765	981
2021-02-20T21:44:19.270Z	760	982
2021-02-20T21:44:21.272Z	753	982
2021-02-20T21:44:24.888Z	503	502
2021-02-20T21:44:26.896Z	511	505
2021-02-20T21:44:28.900Z	516	507
2021-02-20T21:44:30.914Z	521	510
2021-02-20T21:44:32.914Z	527	514
2021-02-20T21:44:34.929Z	532	516
2021-02-20T21:44:36.941Z	537	519
2021-02-20T21:44:38.945Z	542	521
2021-02-20T21:44:40.958Z	550	524
2021-02-20T21:44:42.958Z	555	527
2021-02-20T21:44:47.084Z	503	502
2021-02-20T21:44:49.094Z	509	505
2021-02-20T21:44:51.103Z	516	507
2021-02-20T21:44:53.112Z	522	510
2021-02-20T21:44:55.121Z	527	514
2021-02-20T21:44:57.124Z	532	516
2021-02-20T21:44:59.125Z	537	519
2021-02-20T21:45:01.137Z	542	521
2021-02-20T21:45:05.136Z	503	502
2021-02-20T21:45:07.136Z	511	505
2021-02-20T21:45:09.141Z	516	507
2021-02-20T21:45:11.145Z	521	511
2021-02-20T21:45:14.219Z	503	502
2021-02-20T21:45:16.219Z	509	505
2021-02-20T21:45:18.224Z	516	507
2021-02-20T21:45:20.236Z	522	510
2021-02-20T21:45:22.245Z	527	514
2021-02-20T21:45:24.259Z	532	516
2021-02-20T21:45:26.272Z	537	519
2021-02-20T21:45:28.284Z	542	522
2021-02-20T21:45:30.295Z	550	524
2021-02-20T21:45:32.299Z	555	527
2021-02-20T21:45:34.302Z	560	531
2021-02-20T21:45:38.419Z	503	502
2021-02-20T21:45:40.418Z	511	505
2021-02-20T21:45:42.430Z	516	507
2021-02-20T21:45:44.443Z	521	510
2021-02-20T21:45:46.446Z	527	514
2021-02-20T21:45:48.453Z	532	516
2021-02-20T21:45:50.466Z	537	519
2021-02-20T21:45:52.467Z	542	521
2021-02-20T21:45:54.469Z	550	524
2021-02-20T21:45:56.471Z	555	527
2021-02-20T21:45:58.476Z	560	530
2021-02-20T21:46:00.480Z	565	533
2021-02-20T21:46:02.492Z	570	536
2021-02-20T21:46:04.493Z	575	538
2021-02-20T21:46:06.504Z	583	541
2021-02-20T21:46:08.507Z	588	543
2021-02-20T21:46:10.515Z	593	547
2021-02-20T21:46:12.518Z	598	550
2021-02-20T21:46:14.531Z	603	552
2021-02-20T21:46:16.546Z	608	555
2021-02-20T21:46:18.560Z	616	557
2021-02-20T21:46:20.573Z	621	560
2021-02-20T21:46:22.588Z	626	564
2021-02-20T21:46:24.601Z	631	566
2021-02-20T21:46:26.607Z	636	569
2021-02-20T21:46:30.807Z	503	502
2021-02-20T21:46:32.813Z	509	505
2021-02-20T21:46:34.815Z	516	507
2021-02-20T21:46:36.820Z	522	510
2021-02-20T21:46:38.820Z	527	514
2021-02-20T21:46:40.826Z	532	516
2021-02-20T21:46:42.838Z	537	519
2021-02-20T21:46:44.845Z	542	522
2021-02-20T21:46:46.858Z	550	524
2021-02-20T21:46:48.870Z	555	527
2021-02-20T21:46:50.883Z	560	531
2021-02-20T21:46:52.899Z	565	533
2021-02-20T21:46:54.904Z	570	536
2021-02-20T21:46:56.908Z	575	538
2021-02-20T21:46:58.922Z	583	541
2021-02-20T21:47:00.925Z	588	543
2021-02-20T21:47:02.931Z	593	547
2021-02-20T21:47:04.946Z	598	550
2021-02-20T21:47:06.958Z	603	552
2021-02-20T21:47:08.969Z	608	555
2021-02-20T21:47:10.979Z	616	558
2021-02-20T21:47:12.993Z	621	560
2021-02-20T21:47:14.996Z	626	564
2021-02-20T21:47:17.006Z	631	566
2021-02-20T21:47:19.021Z	636	569
2021-02-20T21:47:21.032Z	641	572
2021-02-20T21:47:23.044Z	648	574
2021-02-20T21:47:25.056Z	653	577
2021-02-20T21:47:27.064Z	658	580
2021-02-20T21:47:29.080Z	663	583
2021-02-20T21:47:31.091Z	668	586
2021-02-20T21:47:33.093Z	673	588
2021-02-20T21:47:35.106Z	680	591
2021-02-20T21:47:37.117Z	685	593
2021-02-20T21:47:39.123Z	689	597
2021-02-20T21:47:41.129Z	694	599
2021-02-20T21:47:43.136Z	699	602
2021-02-20T21:47:45.147Z	704	605
2021-02-20T21:47:47.148Z	711	607
2021-02-20T21:47:49.157Z	715	610
2021-02-20T21:47:51.169Z	720	613
2021-02-20T21:47:53.172Z	725	616
2021-02-20T21:47:55.187Z	729	618
2021-02-20T21:47:59.487Z	503	502
2021-02-20T21:48:01.489Z	509	505
2021-02-20T21:48:03.496Z	516	507
2021-02-20T21:48:05.509Z	522	510
2021-02-20T21:48:07.515Z	527	514
2021-02-20T21:48:15.248Z	503	502
2021-02-20T21:48:17.254Z	511	505
2021-02-20T21:48:19.254Z	516	507
2021-02-20T21:48:21.265Z	522	510
2021-02-20T21:48:23.274Z	527	514
2021-02-20T21:48:25.278Z	532	516
2021-02-20T21:48:27.285Z	537	519
2021-02-20T21:48:29.292Z	542	522
2021-02-20T21:48:31.294Z	550	524
2021-02-20T21:48:33.302Z	555	527
2021-02-20T21:48:35.311Z	560	531
2021-02-20T21:48:37.324Z	565	533
2021-02-20T21:48:39.334Z	570	536
2021-02-20T21:48:41.337Z	576	538
2021-02-20T21:48:43.347Z	583	541
2021-02-20T21:48:45.355Z	588	543
2021-02-20T21:48:47.363Z	593	547
2021-02-20T21:48:49.363Z	598	550
2021-02-20T21:48:51.370Z	603	552
2021-02-20T21:48:53.371Z	608	555
2021-02-20T21:48:55.380Z	616	558
2021-02-20T21:48:57.381Z	621	560
2021-02-20T21:48:59.390Z	626	564
2021-02-20T21:49:01.395Z	631	567
2021-02-20T21:49:03.400Z	636	569
2021-02-20T21:49:05.401Z	641	572
2021-02-20T21:49:07.413Z	646	574
2021-02-20T21:49:09.415Z	653	577
2021-02-20T21:49:11.424Z	658	579
2021-02-20T21:49:13.427Z	663	583
2021-02-20T21:49:15.427Z	668	586
2021-02-20T21:49:17.429Z	673	588
2021-02-20T21:49:19.432Z	678	591
2021-02-20T21:49:21.440Z	685	593
2021-02-20T21:49:23.453Z	690	596
2021-02-20T21:49:25.464Z	694	600
2021-02-20T21:49:27.467Z	699	602
2021-02-20T21:49:29.473Z	704	605
2021-02-20T21:49:31.488Z	708	607
2021-02-20T21:49:33.490Z	715	610
2021-02-20T21:49:35.502Z	720	612
2021-02-20T21:49:37.516Z	725	616
2021-02-20T21:49:39.532Z	729	618
2021-02-20T21:49:41.535Z	734	621
2021-02-20T21:49:43.538Z	739	623
2021-02-20T21:49:45.550Z	745	626
2021-02-20T21:49:47.556Z	750	628
2021-02-20T21:49:49.558Z	754	632
2021-02-20T21:49:51.563Z	759	635
2021-02-20T21:49:53.575Z	763	637
2021-02-20T21:49:55.581Z	767	640
2021-02-20T21:49:57.587Z	774	642
2021-02-20T21:49:59.597Z	778	645
2021-02-20T21:50:01.609Z	782	648
2021-02-20T21:50:03.624Z	787	651
2021-02-20T21:50:05.638Z	791	653
2021-02-20T21:50:07.642Z	795	656
2021-02-20T21:50:09.648Z	801	658
2021-02-20T21:50:11.656Z	805	661
2021-02-20T21:50:13.657Z	809	663
2021-02-20T21:50:15.671Z	814	667
2021-02-20T21:50:17.686Z	818	669
2021-02-20T21:50:19.694Z	821	671
2021-02-20T21:50:21.705Z	825	674
2021-02-20T21:50:23.712Z	831	676
2021-02-20T21:50:25.722Z	835	679
2021-02-20T21:50:27.730Z	839	682
2021-02-20T21:50:29.742Z	843	685
2021-02-20T21:50:31.755Z	846	687
2021-02-20T21:50:33.765Z	850	689
2021-02-20T21:50:35.766Z	856	692
2021-02-20T21:50:37.780Z	859	694
2021-02-20T21:50:39.785Z	863	698
2021-02-20T21:50:41.791Z	866	700
2021-02-20T21:50:43.794Z	870	703
2021-02-20T21:50:45.795Z	873	705
2021-02-20T21:50:47.804Z	878	707
2021-02-20T21:50:49.812Z	882	710
2021-02-20T21:50:51.817Z	885	713
2021-02-20T21:50:53.829Z	888	715
2021-02-20T21:50:55.843Z	892	718
2021-02-20T21:50:57.844Z	895	720
2021-02-20T21:50:59.846Z	899	722
2021-02-20T21:51:01.854Z	902	725
2021-02-20T21:51:03.856Z	906	728
2021-02-20T21:51:05.867Z	908	730
2021-02-20T21:51:07.876Z	911	733
2021-02-20T21:51:09.881Z	914	735
2021-02-20T21:51:11.884Z	919	737
2021-02-20T21:51:13.893Z	921	740
2021-02-20T21:51:15.907Z	924	743
2021-02-20T21:51:17.911Z	927	745
2021-02-20T21:51:19.925Z	930	747
2021-02-20T21:51:21.940Z	932	750
2021-02-20T21:51:23.952Z	936	752
2021-02-20T21:51:25.964Z	938	754
2021-02-20T21:51:27.971Z	941	757
2021-02-20T21:51:29.978Z	943	760
2021-02-20T21:51:31.982Z	946	762
2021-02-20T21:51:33.994Z	948	764
2021-02-20T21:51:36.003Z	951	766
2021-02-20T21:51:38.014Z	954	768
2021-02-20T21:51:40.028Z	956	772
2021-02-20T21:51:42.039Z	958	774
2021-02-20T21:51:44.050Z	960	776
2021-02-20T21:51:46.062Z	962	778
2021-02-20T21:51:48.071Z	965	780
2021-02-20T21:51:50.084Z	967	782
2021-02-20T21:51:52.084Z	968	785
2021-02-20T21:51:54.093Z	970	788
2021-02-20T21:51:56.101Z	972	790
2021-02-20T21:51:58.109Z	974	792
2021-02-20T21:52:00.109Z	976	794
2021-02-20T21:52:02.121Z	978	796
2021-02-20T21:52:04.125Z	979	799
2021-02-20T21:52:06.127Z	981	801
2021-02-20T21:52:08.137Z	982	803
2021-02-20T21:52:10.150Z	983	805
2021-02-20T21:52:12.151Z	985	807
2021-02-20T21:52:14.167Z	986	809
2021-02-20T21:52:16.173Z	988	812
2021-02-20T21:52:18.186Z	989	814
2021-02-20T21:52:20.190Z	990	816
2021-02-20T21:52:22.199Z	991	818
2021-02-20T21:52:24.209Z	992	820
2021-02-20T21:52:26.216Z	993	822
2021-02-20T21:52:28.228Z	994	825
2021-02-20T21:52:30.234Z	995	827
2021-02-20T21:52:32.245Z	995	829
2021-02-20T21:52:34.260Z	996	831
2021-02-20T21:52:36.265Z	997	833
2021-02-20T21:52:38.280Z	998	835
2021-02-20T21:52:40.283Z	998	838
2021-02-20T21:52:42.287Z	998	840
2021-02-20T21:52:44.298Z	999	842
2021-02-20T21:52:46.307Z	999	843
2021-02-20T21:52:48.310Z	1000	845
2021-02-20T21:52:50.319Z	1000	847
2021-02-20T21:52:52.334Z	1000	850
2021-02-20T21:52:54.346Z	1000	852
2021-02-20T21:52:56.352Z	1000	854
2021-02-20T21:52:58.360Z	1000	855
2021-02-20T21:53:00.374Z	1000	857
2021-02-20T21:53:02.388Z	1000	859
2021-02-20T21:53:46.745Z	503	502
2021-02-20T21:53:48.746Z	511	505
2021-02-20T21:53:50.757Z	516	507
2021-02-20T21:53:52.761Z	521	511
2021-02-20T21:53:54.765Z	527	514
2021-02-20T21:53:56.768Z	532	516
2021-02-20T21:53:58.779Z	537	519
2021-02-20T21:54:00.792Z	544	521
2021-02-20T21:54:02.793Z	550	524
2021-02-20T21:54:04.801Z	555	528
2021-02-20T21:54:06.812Z	560	530
2021-02-20T21:54:08.812Z	565	533
2021-02-20T21:54:10.824Z	570	536
2021-02-20T21:54:12.837Z	578	538
2021-02-20T21:54:14.850Z	583	541
2021-02-20T21:54:16.851Z	588	545
2021-02-20T21:54:18.856Z	593	547
2021-02-20T21:54:20.860Z	598	550
2021-02-20T21:54:22.867Z	603	552
2021-02-20T21:54:24.877Z	611	555
2021-02-20T21:54:26.881Z	616	557
2021-02-20T21:54:28.881Z	621	561
2021-02-20T21:54:30.884Z	626	564
2021-02-20T21:54:32.898Z	630	566
2021-02-20T21:54:34.906Z	635	569
2021-02-20T21:54:36.911Z	643	571
2021-02-20T21:54:38.926Z	648	574
2021-02-20T21:54:40.938Z	653	578
2021-02-20T21:54:42.945Z	658	580
2021-02-20T21:54:44.952Z	662	583
2021-02-20T21:54:46.961Z	667	585
2021-02-20T21:54:48.962Z	675	588
2021-02-20T21:54:50.967Z	679	590
2021-02-20T21:54:52.971Z	684	594
2021-02-20T21:54:54.980Z	689	597
2021-02-20T21:54:56.984Z	694	599
2021-02-20T21:54:58.998Z	698	602
2021-02-20T21:55:01.006Z	706	604
2021-02-20T21:55:03.014Z	710	607
2021-02-20T21:55:05.014Z	715	611
2021-02-20T21:55:07.027Z	719	613
2021-02-20T21:55:09.034Z	724	616
2021-02-20T21:55:25.831Z	503	502
2021-02-20T21:55:27.830Z	511	505
2021-02-20T21:55:29.832Z	516	507
2021-02-20T21:55:31.835Z	521	511
2021-02-20T21:55:33.835Z	526	514
2021-02-20T21:55:35.840Z	532	516
2021-02-20T21:55:37.847Z	537	519
2021-02-20T21:55:39.848Z	544	521
2021-02-20T21:55:41.850Z	549	524
2021-02-20T21:55:43.852Z	555	528
2021-02-20T21:55:45.865Z	560	530
2021-02-20T21:55:47.874Z	565	533
2021-02-20T21:55:49.880Z	570	535
2021-02-20T21:55:51.890Z	578	538
2021-02-20T21:55:53.903Z	583	541
2021-02-20T21:55:55.907Z	588	544
2021-02-20T21:55:57.909Z	593	547
2021-02-20T21:55:59.915Z	598	550
2021-02-20T21:56:01.922Z	603	552
2021-02-20T21:56:03.922Z	610	555
2021-02-20T21:56:05.938Z	615	557
2021-02-20T21:56:07.947Z	620	561
2021-02-20T21:56:09.948Z	626	564
2021-02-20T21:56:11.959Z	631	566
2021-02-20T21:56:13.974Z	636	569
2021-02-20T21:56:15.986Z	643	571
2021-02-20T21:56:17.996Z	648	574
2021-02-20T21:56:19.999Z	653	578
2021-02-20T21:56:22.013Z	658	580
2021-02-20T21:56:24.021Z	663	583
2021-02-20T21:56:26.036Z	667	585
2021-02-20T21:56:28.045Z	675	588
2021-02-20T21:56:30.052Z	679	590
2021-02-20T21:56:32.053Z	684	594
2021-02-20T21:56:34.062Z	689	597
2021-02-20T21:56:36.069Z	694	599
2021-02-20T21:56:38.078Z	699	602
2021-02-20T21:56:40.093Z	706	604
2021-02-20T21:56:42.094Z	710	607
2021-02-20T21:56:44.104Z	715	611
2021-02-20T21:56:46.114Z	720	613
2021-02-20T21:56:48.116Z	724	616
2021-02-20T21:56:50.131Z	729	618
2021-02-20T21:56:52.139Z	736	621
2021-02-20T21:56:54.148Z	740	623
2021-02-20T21:56:56.161Z	745	627
2021-02-20T21:56:58.163Z	749	629
2021-02-20T21:57:00.178Z	754	632
2021-02-20T21:57:02.190Z	758	634
2021-02-20T21:57:04.204Z	765	637
2021-02-20T21:57:06.215Z	769	639
2021-02-20T21:57:08.228Z	773	643
2021-02-20T21:57:10.239Z	778	645
2021-02-20T21:57:13.957Z	503	502
2021-02-20T21:57:15.966Z	511	505
2021-02-20T21:57:17.969Z	516	507
2021-02-20T21:57:19.976Z	521	511
2021-02-20T21:57:21.982Z	527	514
2021-02-20T21:57:23.986Z	532	516
2021-02-20T21:57:25.988Z	537	519
2021-02-20T21:57:27.991Z	544	521
2021-02-20T21:57:30.000Z	550	524
2021-02-20T21:57:32.003Z	555	528
2021-02-20T21:57:34.018Z	560	530
2021-02-20T21:57:36.028Z	565	533
2021-02-20T21:57:38.042Z	570	536
2021-02-20T21:57:40.045Z	578	538
2021-02-20T21:57:42.044Z	583	541
2021-02-20T21:57:44.048Z	588	545
2021-02-20T21:57:46.048Z	593	547
2021-02-20T21:57:48.063Z	598	550
2021-02-20T21:57:50.071Z	603	552
2021-02-20T21:57:52.084Z	611	555
2021-02-20T21:57:54.086Z	616	557
2021-02-20T21:57:56.100Z	621	561
2021-02-20T21:57:58.106Z	626	564
2021-02-20T21:58:00.107Z	631	566
2021-02-20T21:58:02.109Z	636	569
2021-02-20T21:58:04.118Z	640	571
2021-02-20T21:58:06.122Z	648	574
2021-02-20T21:58:08.127Z	653	576
2021-02-20T21:58:10.138Z	658	580
2021-02-20T21:58:12.149Z	663	583
2021-02-20T21:58:14.162Z	667	585
2021-02-20T21:58:16.172Z	672	588
2021-02-20T21:58:18.181Z	680	590
2021-02-20T21:58:20.189Z	684	593
2021-02-20T21:58:22.199Z	689	597
2021-02-20T21:58:24.202Z	694	599
2021-02-20T21:58:26.209Z	699	602
2021-02-20T21:58:28.211Z	703	604
2021-02-20T21:58:30.215Z	710	607
2021-02-20T21:58:32.217Z	715	609
2021-02-20T21:58:34.231Z	720	613
2021-02-20T21:58:36.244Z	724	616
2021-02-20T21:58:38.254Z	729	618
2021-02-20T21:58:40.264Z	733	621
2021-02-20T21:58:42.278Z	740	623
2021-02-20T21:58:44.291Z	745	626
2021-02-20T21:58:46.305Z	749	629
2021-02-20T21:58:48.316Z	754	632
2021-02-20T21:58:50.326Z	758	634
2021-02-20T21:58:52.328Z	763	637
2021-02-20T21:58:54.339Z	769	639
2021-02-20T21:58:56.349Z	774	642
2021-02-20T21:58:58.361Z	778	646
2021-02-20T21:59:00.373Z	782	648
2021-02-20T21:59:02.384Z	786	651
2021-02-20T21:59:04.389Z	791	653
2021-02-20T21:59:06.403Z	797	655
2021-02-20T21:59:08.414Z	801	658
2021-02-20T21:59:10.427Z	805	662
2021-02-20T21:59:12.443Z	809	664
2021-02-20T21:59:14.443Z	813	666
2021-02-20T21:59:16.451Z	817	669
2021-02-20T21:59:18.462Z	823	671
2021-02-20T21:59:20.468Z	827	674
2021-02-20T21:59:22.479Z	831	677
2021-02-20T21:59:24.490Z	835	680
2021-02-20T21:59:26.497Z	838	682
2021-02-20T21:59:28.512Z	842	684
2021-02-20T21:59:30.527Z	848	687
2021-02-20T21:59:32.538Z	852	689
2021-02-20T21:59:34.551Z	855	693
2021-02-20T21:59:36.563Z	859	695
2021-02-20T21:59:38.573Z	862	698
2021-02-20T21:59:40.579Z	866	700
2021-02-20T21:59:42.585Z	871	702
2021-02-20T21:59:44.589Z	875	705
2021-02-20T21:59:46.603Z	878	708
2021-02-20T21:59:48.615Z	881	711
2021-02-20T21:59:50.618Z	885	713
2021-02-20T21:59:52.626Z	888	715
2021-02-20T21:59:54.641Z	891	718
2021-02-20T21:59:56.648Z	896	720
2021-02-20T21:59:58.660Z	899	722
2021-02-20T22:00:00.661Z	902	726
2021-02-20T22:00:02.675Z	905	728
2021-02-20T22:00:04.689Z	908	730
2021-02-20T22:00:06.690Z	911	733
2021-02-20T22:00:08.696Z	916	735
2021-02-20T22:00:10.705Z	918	737
2021-02-20T22:00:12.720Z	921	741
2021-02-20T22:00:14.731Z	924	743
2021-02-20T22:00:16.743Z	927	745
2021-02-20T22:00:18.756Z	929	747
2021-02-20T22:00:20.763Z	933	749
2021-02-20T22:00:22.769Z	936	752
2021-02-20T22:00:24.780Z	938	755
2021-02-20T22:00:26.794Z	941	757
2021-02-20T22:00:28.796Z	943	759
2021-02-20T22:00:30.804Z	946	762
2021-02-20T22:00:32.817Z	949	764
2021-02-20T22:00:34.823Z	951	766
2021-02-20T22:00:36.836Z	953	769
2021-02-20T22:00:38.842Z	956	772
2021-02-20T22:00:40.849Z	958	774
2021-02-20T22:00:42.852Z	960	776
2021-02-20T22:00:44.867Z	963	778
2021-02-20T22:00:46.867Z	965	780
2021-02-20T22:00:48.878Z	967	783
2021-02-20T22:00:50.889Z	968	785
2021-02-20T22:00:52.894Z	970	788
2021-02-20T22:00:54.897Z	972	790
2021-02-20T22:00:56.902Z	974	792
2021-02-20T22:00:58.915Z	976	794
2021-02-20T22:01:00.922Z	978	797
2021-02-20T22:01:02.932Z	979	799
2021-02-20T22:01:04.933Z	980	801
2021-02-20T22:01:06.945Z	982	803
2021-02-20T22:01:08.951Z	984	805
2021-02-20T22:01:10.951Z	985	807
2021-02-20T22:01:12.961Z	986	810
2021-02-20T22:01:14.963Z	988	812
2021-02-20T22:01:16.971Z	989	814
2021-02-20T22:01:18.974Z	990	816
2021-02-20T22:01:20.983Z	991	818
2021-02-20T22:01:22.996Z	992	820
2021-02-20T22:01:25.009Z	993	823
2021-02-20T22:01:27.014Z	994	825
2021-02-20T22:01:29.016Z	995	827
2021-02-20T22:01:31.016Z	995	829
2021-02-20T22:01:33.018Z	996	831
2021-02-20T22:01:35.029Z	997	833
2021-02-20T22:01:37.029Z	998	835
2021-02-20T22:01:39.043Z	998	838
2021-02-20T22:01:41.053Z	998	840
2021-02-20T22:01:43.057Z	999	842
2021-02-20T22:01:45.063Z	999	843
2021-02-20T22:01:47.070Z	1000	845
2021-02-20T22:01:49.070Z	1000	847
2021-02-20T22:01:51.073Z	1000	850
2021-02-20T22:01:53.074Z	1000	852
2021-02-20T22:01:55.084Z	1000	854
2021-02-20T22:01:57.098Z	1000	855
2021-02-20T22:01:59.108Z	1000	857
2021-02-20T22:02:01.111Z	1000	859
2021-02-20T22:02:03.123Z	1000	862
2021-02-20T22:02:05.131Z	999	863
2021-02-20T22:02:07.139Z	999	865
2021-02-20T22:02:09.152Z	999	867
2021-02-20T22:02:11.163Z	998	869
2021-02-20T22:02:13.171Z	997	870
2021-02-20T22:02:15.175Z	997	873
2021-02-20T22:02:17.188Z	996	875
2021-02-20T22:02:19.203Z	996	876
2021-02-20T22:02:21.217Z	995	878
2021-02-20T22:02:23.223Z	994	880
2021-02-20T22:02:25.226Z	993	881
2021-02-20T22:02:27.240Z	992	884
2021-02-20T22:02:29.247Z	991	886
2021-02-20T22:02:31.257Z	990	887
2021-02-20T22:02:33.267Z	989	889
2021-02-20T22:02:35.268Z	987	890
2021-02-20T22:02:37.278Z	986	892
2021-02-20T22:02:39.280Z	985	894
2021-02-20T22:02:41.293Z	984	896
2021-02-20T22:02:43.293Z	982	898
2021-02-20T22:02:45.306Z	981	899
2021-02-20T22:02:47.315Z	979	901
2021-02-20T22:02:49.323Z	977	902
2021-02-20T22:02:51.324Z	976	905
2021-02-20T22:02:53.329Z	974	906
2021-02-20T22:02:55.331Z	972	908
2021-02-20T22:02:57.342Z	971	909
2021-02-20T22:02:59.356Z	969	911
2021-02-20T22:03:01.368Z	966	912
2021-02-20T22:03:03.369Z	964	913
2021-02-20T22:03:05.373Z	962	916
2021-02-20T22:03:07.387Z	960	917
2021-02-20T22:03:09.401Z	958	919
2021-02-20T22:03:11.405Z	956	920
2021-02-20T22:03:13.417Z	953	921
2021-02-20T22:03:15.424Z	951	923
2021-02-20T22:03:17.426Z	949	925
2021-02-20T22:03:19.429Z	946	926
2021-02-20T22:03:21.436Z	944	927
2021-02-20T22:03:23.450Z	942	929
2021-02-20T22:03:25.459Z	938	930
2021-02-20T22:03:27.462Z	935	931
2021-02-20T22:03:29.469Z	933	933
2021-02-20T22:03:31.472Z	930	935
2021-02-20T22:03:33.483Z	928	936
2021-02-20T22:03:35.496Z	925	937
2021-02-20T22:03:37.510Z	921	938
2021-02-20T22:03:39.516Z	918	940
2021-02-20T22:03:41.525Z	915	941
2021-02-20T22:03:43.535Z	912	943
2021-02-20T22:03:45.537Z	909	944
2021-02-20T22:03:47.547Z	906	945
2021-02-20T22:03:49.556Z	902	946
2021-02-20T22:03:51.567Z	899	947
2021-02-20T22:03:53.568Z	895	949
2021-02-20T22:03:55.581Z	892	950
2021-02-20T22:03:57.589Z	889	951
2021-02-20T22:03:59.603Z	886	952
2021-02-20T22:04:01.605Z	881	954
2021-02-20T22:04:03.609Z	877	955
2021-02-20T22:04:05.623Z	874	956
2021-02-20T22:04:07.623Z	871	957
2021-02-20T22:04:09.629Z	867	958
2021-02-20T22:04:11.639Z	864	959
2021-02-20T22:04:13.642Z	860	960
2021-02-20T22:04:15.647Z	855	961
2021-02-20T22:04:17.655Z	851	962
2021-02-20T22:04:19.657Z	847	964
2021-02-20T22:04:21.665Z	844	965
2021-02-20T22:04:23.676Z	840	966
2021-02-20T22:04:25.687Z	836	967
2021-02-20T22:04:27.690Z	830	968
2021-02-20T22:04:29.704Z	826	968
2021-02-20T22:04:31.712Z	822	970
2021-02-20T22:04:33.725Z	818	971
2021-02-20T22:04:35.731Z	814	972
2021-02-20T22:04:37.734Z	810	972
2021-02-20T22:04:39.739Z	804	973
2021-02-20T22:04:41.750Z	800	974
2021-02-20T22:04:43.753Z	796	975
2021-02-20T22:04:45.767Z	792	976
2021-02-20T22:04:47.768Z	788	977
2021-02-20T22:04:49.779Z	783	978
2021-02-20T22:04:51.783Z	777	978
2021-02-20T22:04:53.787Z	773	979
2021-02-20T22:04:55.787Z	768	980
2021-02-20T22:04:57.798Z	764	981
2021-02-20T22:04:59.799Z	760	982
2021-02-20T22:05:01.809Z	755	982
2021-02-20T22:05:03.809Z	751	983
2021-02-20T22:05:05.824Z	744	984
2021-02-20T22:05:07.833Z	739	984
2021-02-20T22:05:09.839Z	735	985
2021-02-20T22:05:11.842Z	730	986
2021-02-20T22:05:13.849Z	726	986
2021-02-20T22:05:15.861Z	721	987
2021-02-20T22:05:17.871Z	714	988
2021-02-20T22:05:19.874Z	709	988
2021-02-20T22:05:21.885Z	705	989
2021-02-20T22:05:23.894Z	700	990
2021-02-20T22:05:25.901Z	695	990
2021-02-20T22:05:27.910Z	690	991
2021-02-20T22:05:29.918Z	683	991
2021-02-20T22:05:31.925Z	679	992
2021-02-20T22:05:33.930Z	674	992
2021-02-20T22:05:35.930Z	669	993
2021-02-20T22:05:37.939Z	664	993
2021-02-20T22:05:39.947Z	659	994
2021-02-20T22:05:41.958Z	652	994
2021-02-20T22:05:43.965Z	647	994
2021-02-20T22:05:45.965Z	642	995
2021-02-20T22:05:47.977Z	637	995
2021-02-20T22:05:49.991Z	632	996
2021-02-20T22:05:51.993Z	627	996
2021-02-20T22:05:54.000Z	620	996
2021-02-20T22:05:56.010Z	615	997
2021-02-20T22:05:58.019Z	610	997
2021-02-20T22:06:00.030Z	605	997
2021-02-20T22:06:02.046Z	599	998
2021-02-20T22:06:04.051Z	594	998
2021-02-20T22:06:06.053Z	587	998
2021-02-20T22:06:08.055Z	582	998
2021-02-20T22:06:10.060Z	577	999
2021-02-20T22:06:12.067Z	572	999
2021-02-20T22:06:14.082Z	566	999
2021-02-20T22:06:16.305Z	561	999
2021-02-20T22:06:18.318Z	553	999
2021-02-20T22:06:20.324Z	548	999
2021-02-20T22:06:22.335Z	543	1000
2021-02-20T22:06:24.349Z	538	1000
2021-02-20T22:06:26.357Z	533	1000
2021-02-20T22:06:28.363Z	528	1000
2021-02-20T22:06:30.374Z	520	1000
2021-02-20T22:06:32.385Z	515	1000
2021-02-20T22:06:34.388Z	510	1000
2021-02-20T22:06:36.401Z	504	1000
2021-02-20T22:06:38.413Z	499	1000
2021-02-20T22:06:40.427Z	494	1000
2021-02-20T22:06:42.427Z	486	1000
2021-02-20T22:06:44.434Z	481	1000
2021-02-20T22:06:46.447Z	476	1000
2021-02-20T22:06:48.456Z	471	1000
2021-02-20T22:06:50.461Z	466	1000
2021-02-20T22:06:52.471Z	461	1000
2021-02-20T22:06:54.475Z	453	999
2021-02-20T22:06:56.489Z	448	999
