time	3-T
2021-02-21T12:36:10.771Z	930
2021-02-21T12:36:12.771Z	929
2021-02-21T12:36:14.772Z	928
2021-02-21T12:36:16.772Z	927
2021-02-21T12:36:18.773Z	926
2021-02-21T12:36:20.772Z	925
2021-02-21T12:36:22.773Z	924
2021-02-21T12:36:24.773Z	923
2021-02-21T12:36:26.775Z	922
2021-02-21T12:36:28.776Z	921
2021-02-21T12:36:30.776Z	920
2021-02-21T12:36:32.777Z	919
2021-02-21T12:36:34.777Z	918
2021-02-21T12:36:36.777Z	917
2021-02-21T12:36:38.781Z	916
2021-02-21T12:36:40.781Z	915
2021-02-21T12:36:42.781Z	914
2021-02-21T12:36:44.782Z	913
2021-02-21T12:36:46.784Z	912
2021-02-21T12:36:48.784Z	911
2021-02-21T12:36:50.784Z	910
2021-02-21T12:36:52.786Z	909
2021-02-21T12:37:00.786Z	904
2021-02-21T12:37:02.787Z	903
2021-02-21T12:37:04.787Z	902
2021-02-21T12:37:06.848Z	901
2021-02-21T12:37:08.849Z	900
2021-02-21T12:37:10.850Z	899
2021-02-21T12:37:12.850Z	898
2021-02-21T12:37:14.851Z	897
2021-02-21T12:37:16.851Z	896
2021-02-21T12:37:18.852Z	895
2021-02-21T12:37:20.851Z	893
2021-02-21T12:37:22.851Z	892
2021-02-21T12:37:24.851Z	891
2021-02-21T12:37:26.852Z	890
2021-02-21T12:37:28.853Z	889
2021-02-21T12:37:30.854Z	887
2021-02-21T12:37:32.854Z	886
2021-02-21T12:37:34.854Z	885
2021-02-21T12:37:36.855Z	884
2021-02-21T12:37:38.855Z	883
2021-02-21T12:37:40.855Z	881
2021-02-21T12:37:42.855Z	880
2021-02-21T12:37:44.856Z	879
2021-02-21T12:37:46.855Z	878
2021-02-21T12:37:48.855Z	876
2021-02-21T12:37:50.855Z	875
2021-02-21T12:37:52.855Z	874
2021-02-21T12:37:54.856Z	873
2021-02-21T12:37:56.856Z	872
2021-02-21T12:37:58.856Z	870
2021-02-21T12:38:00.857Z	869
2021-02-21T12:38:02.856Z	868
2021-02-21T12:38:04.857Z	867
2021-02-21T12:38:06.857Z	865
2021-02-21T12:38:08.857Z	864
2021-02-21T12:38:10.857Z	863
2021-02-21T12:38:12.858Z	862
2021-02-21T12:38:14.859Z	861
2021-02-21T12:38:16.859Z	859
2021-02-21T12:38:18.859Z	858
2021-02-21T12:38:20.859Z	857
2021-02-21T12:38:22.860Z	855
2021-02-21T12:38:24.860Z	854
2021-02-21T12:38:26.861Z	852
2021-02-21T12:38:28.861Z	851
2021-02-21T12:38:30.861Z	850
2021-02-21T12:38:32.862Z	849
2021-02-21T12:38:34.862Z	847
2021-02-21T12:38:36.863Z	846
2021-02-21T12:38:38.862Z	845
2021-02-21T12:38:40.863Z	844
2021-02-21T12:38:42.864Z	842
2021-02-21T12:38:44.864Z	840
2021-02-21T12:38:46.865Z	839
2021-02-21T12:38:48.864Z	838
2021-02-21T12:38:50.864Z	837
2021-02-21T12:38:52.865Z	835
2021-02-21T12:38:54.866Z	834
2021-02-21T12:38:56.865Z	832
2021-02-21T12:38:58.865Z	831
2021-02-21T12:39:00.865Z	830
2021-02-21T12:39:02.866Z	828
2021-02-21T12:39:04.867Z	827
2021-02-21T12:39:06.867Z	825
2021-02-21T12:39:08.867Z	824
2021-02-21T12:39:10.868Z	823
2021-02-21T12:39:12.868Z	821
2021-02-21T12:39:14.867Z	820
2021-02-21T12:39:16.867Z	818
2021-02-21T12:39:18.867Z	817
2021-02-21T12:39:20.867Z	816
2021-02-21T12:39:22.867Z	814
2021-02-21T12:39:24.867Z	812
2021-02-21T12:39:26.867Z	811
2021-02-21T12:39:28.867Z	810
2021-02-21T12:39:30.867Z	808
2021-02-21T12:39:32.867Z	807
2021-02-21T12:39:34.868Z	805
2021-02-21T12:39:36.867Z	804
2021-02-21T12:39:38.868Z	803
2021-02-21T12:39:40.868Z	801
2021-02-21T12:39:42.868Z	799
2021-02-21T12:39:44.868Z	798
2021-02-21T12:39:46.868Z	797
2021-02-21T12:39:48.868Z	795
2021-02-21T12:39:50.869Z	794
2021-02-21T12:39:52.869Z	792
2021-02-21T12:39:54.869Z	790
2021-02-21T12:39:56.869Z	789
2021-02-21T12:39:58.868Z	788
2021-02-21T12:40:00.868Z	786
2021-02-21T12:40:02.869Z	784
2021-02-21T12:40:04.869Z	783
2021-02-21T12:40:06.870Z	782
2021-02-21T12:40:08.869Z	780
2021-02-21T12:40:10.869Z	778
2021-02-21T12:40:12.869Z	777
2021-02-21T12:40:14.870Z	775
2021-02-21T12:40:16.870Z	774
2021-02-21T12:40:18.871Z	772
2021-02-21T12:40:20.871Z	770
2021-02-21T12:40:22.871Z	769
2021-02-21T12:40:24.871Z	768
2021-02-21T12:40:26.872Z	766
2021-02-21T12:40:28.871Z	764
2021-02-21T12:40:30.872Z	763
2021-02-21T12:40:32.872Z	761
2021-02-21T12:40:34.873Z	760
2021-02-21T12:40:36.872Z	758
2021-02-21T12:40:38.873Z	756
2021-02-21T12:40:40.874Z	755
2021-02-21T12:40:42.874Z	753
2021-02-21T12:40:44.874Z	752
2021-02-21T12:40:46.873Z	750
2021-02-21T12:40:48.874Z	748
2021-02-21T12:40:50.874Z	747
2021-02-21T12:40:52.875Z	745
2021-02-21T12:40:54.875Z	744
2021-02-21T12:40:56.876Z	742
2021-02-21T12:40:58.876Z	740
2021-02-21T12:41:00.877Z	739
2021-02-21T12:41:02.876Z	737
2021-02-21T12:41:04.876Z	735
2021-02-21T12:41:06.877Z	734
2021-02-21T12:41:08.877Z	732
2021-02-21T12:41:10.878Z	731
2021-02-21T12:41:12.878Z	729
2021-02-21T12:41:14.879Z	727
2021-02-21T12:41:16.879Z	726
2021-02-21T12:41:18.880Z	724
2021-02-21T12:41:20.879Z	723
2021-02-21T12:41:22.879Z	720
2021-02-21T12:41:24.880Z	719
2021-02-21T12:41:26.880Z	717
2021-02-21T12:41:28.881Z	716
2021-02-21T12:41:30.880Z	714
2021-02-21T12:41:32.880Z	712
2021-02-21T12:41:34.886Z	710
2021-02-21T12:41:36.881Z	709
2021-02-21T12:41:38.882Z	707
2021-02-21T12:41:40.882Z	705
2021-02-21T12:41:42.881Z	704
2021-02-21T12:41:44.881Z	702
2021-02-21T12:41:46.881Z	701
2021-02-21T12:41:48.882Z	699
2021-02-21T12:41:50.881Z	697
2021-02-21T12:41:52.881Z	695
2021-02-21T12:41:54.881Z	694
2021-02-21T12:41:56.882Z	692
2021-02-21T12:41:58.882Z	691
2021-02-21T12:42:00.882Z	688
2021-02-21T12:42:02.882Z	687
2021-02-21T12:42:04.883Z	685
2021-02-21T12:42:06.882Z	684
2021-02-21T12:42:08.882Z	681
2021-02-21T12:42:10.883Z	680
2021-02-21T12:42:12.884Z	678
2021-02-21T12:42:14.884Z	677
2021-02-21T12:42:16.885Z	675
2021-02-21T12:42:18.884Z	673
2021-02-21T12:42:20.884Z	671
2021-02-21T12:42:22.885Z	670
2021-02-21T12:42:24.886Z	668
2021-02-21T12:42:26.886Z	666
2021-02-21T12:42:28.886Z	664
2021-02-21T12:42:30.887Z	662
2021-02-21T12:42:32.886Z	661
2021-02-21T12:42:34.886Z	659
2021-02-21T12:42:36.886Z	657
2021-02-21T12:42:38.886Z	655
2021-02-21T12:42:40.887Z	654
2021-02-21T12:42:42.887Z	652
2021-02-21T12:42:44.887Z	650
2021-02-21T12:42:46.888Z	648
2021-02-21T12:42:48.888Z	647
2021-02-21T12:42:50.887Z	645
2021-02-21T12:42:52.887Z	643
2021-02-21T12:42:54.887Z	641
2021-02-21T12:42:56.887Z	639
2021-02-21T12:42:58.888Z	638
2021-02-21T12:43:00.889Z	636
2021-02-21T12:43:02.889Z	635
2021-02-21T12:43:04.890Z	632
2021-02-21T12:43:06.890Z	631
2021-02-21T12:43:08.889Z	629
2021-02-21T12:43:10.889Z	627
2021-02-21T12:43:12.890Z	625
2021-02-21T12:43:14.890Z	623
2021-02-21T12:43:16.891Z	622
2021-02-21T12:43:18.891Z	620
2021-02-21T12:43:20.891Z	618
2021-02-21T12:43:22.891Z	616
2021-02-21T12:43:24.891Z	614
2021-02-21T12:43:26.892Z	613
2021-02-21T12:43:28.892Z	611
2021-02-21T12:43:30.893Z	609
2021-02-21T12:43:32.892Z	607
2021-02-21T12:43:34.892Z	605
2021-02-21T12:43:36.893Z	604
2021-02-21T12:43:38.894Z	602
2021-02-21T12:43:40.895Z	600
2021-02-21T12:43:42.895Z	598
2021-02-21T12:43:44.896Z	596
2021-02-21T12:43:46.895Z	595
2021-02-21T12:43:48.895Z	592
2021-02-21T12:43:50.896Z	591
2021-02-21T12:43:52.895Z	589
2021-02-21T12:43:54.895Z	587
2021-02-21T12:43:56.896Z	586
2021-02-21T12:43:58.895Z	583
2021-02-21T12:44:00.896Z	582
2021-02-21T12:44:02.897Z	580
2021-02-21T12:44:04.898Z	578
2021-02-21T12:44:06.898Z	577
2021-02-21T12:44:08.899Z	574
2021-02-21T12:44:10.899Z	573
2021-02-21T12:44:12.900Z	571
2021-02-21T12:44:14.900Z	569
2021-02-21T12:44:16.901Z	567
2021-02-21T12:44:18.900Z	565
2021-02-21T12:44:20.901Z	563
2021-02-21T12:44:22.902Z	562
2021-02-21T12:44:24.901Z	560
2021-02-21T12:44:26.901Z	558
2021-02-21T12:44:28.902Z	556
2021-02-21T12:44:30.901Z	554
2021-02-21T12:44:32.902Z	553
2021-02-21T12:44:34.902Z	550
2021-02-21T12:44:36.902Z	549
2021-02-21T12:44:38.903Z	547
2021-02-21T12:44:40.903Z	545
2021-02-21T12:44:42.904Z	544
2021-02-21T12:44:44.904Z	541
2021-02-21T12:44:46.905Z	539
2021-02-21T12:44:48.904Z	538
2021-02-21T12:44:50.904Z	536
2021-02-21T12:44:52.904Z	534
2021-02-21T12:44:54.905Z	532
2021-02-21T12:44:56.905Z	530
2021-02-21T12:44:58.905Z	529
2021-02-21T12:45:00.906Z	527
2021-02-21T12:45:02.906Z	524
2021-02-21T12:45:04.905Z	523
2021-02-21T12:45:06.906Z	521
2021-02-21T12:45:08.906Z	519
2021-02-21T12:45:10.906Z	518
2021-02-21T12:45:12.906Z	515
2021-02-21T12:45:14.905Z	514
2021-02-21T12:45:16.905Z	512
2021-02-21T12:45:18.906Z	510
2021-02-21T12:45:20.907Z	508
2021-02-21T12:45:22.907Z	506
2021-02-21T12:45:24.907Z	504
2021-02-21T12:45:26.907Z	503
2021-02-21T12:45:28.908Z	501
2021-02-21T12:45:30.908Z	499
2021-02-21T12:45:32.907Z	497
2021-02-21T12:45:34.908Z	495
2021-02-21T12:45:36.908Z	494
2021-02-21T12:45:38.909Z	491
2021-02-21T12:45:40.910Z	489
2021-02-21T12:45:42.909Z	488
2021-02-21T12:45:44.910Z	486
2021-02-21T12:45:46.910Z	484
2021-02-21T12:45:48.909Z	482
2021-02-21T12:45:50.909Z	480
2021-02-21T12:45:52.910Z	479
2021-02-21T12:45:54.909Z	477
2021-02-21T12:45:56.910Z	474
2021-02-21T12:45:58.910Z	473
2021-02-21T12:46:00.910Z	471
2021-02-21T12:46:02.911Z	469
2021-02-21T12:46:04.911Z	468
2021-02-21T12:46:06.912Z	465
2021-02-21T12:46:08.912Z	464
2021-02-21T12:46:10.912Z	462
2021-02-21T12:46:12.912Z	460
2021-02-21T12:46:14.911Z	458
2021-02-21T12:46:16.911Z	456
2021-02-21T12:46:18.911Z	454
2021-02-21T12:46:20.912Z	453
2021-02-21T12:46:23.285Z	451
2021-02-21T12:46:25.286Z	449
2021-02-21T12:46:27.285Z	446
2021-02-21T12:46:29.286Z	445
2021-02-21T12:46:31.287Z	443
2021-02-21T12:46:33.286Z	441
2021-02-21T12:46:35.287Z	440
2021-02-21T12:46:37.287Z	437
2021-02-21T12:46:39.288Z	436
2021-02-21T12:46:41.288Z	434
2021-02-21T12:46:43.288Z	432
2021-02-21T12:46:45.288Z	430
2021-02-21T12:46:47.289Z	428
2021-02-21T12:46:49.289Z	427
2021-02-21T12:46:51.290Z	425
2021-02-21T12:46:53.289Z	423
2021-02-21T12:46:55.290Z	421
2021-02-21T12:46:57.289Z	419
2021-02-21T12:46:59.289Z	417
2021-02-21T12:47:01.290Z	416
2021-02-21T12:47:03.291Z	413
2021-02-21T12:47:05.291Z	412
2021-02-21T12:47:07.291Z	410
2021-02-21T12:47:09.291Z	408
2021-02-21T12:47:13.013Z	502
2021-02-21T12:47:15.012Z	503
2021-02-21T12:47:17.013Z	505
2021-02-21T12:47:19.014Z	507
2021-02-21T12:47:21.015Z	509
2021-02-21T12:47:23.015Z	511
2021-02-21T12:47:25.014Z	513
2021-02-21T12:47:27.015Z	514
2021-02-21T12:47:29.015Z	517
2021-02-21T12:47:31.015Z	518
2021-02-21T12:47:33.016Z	520
2021-02-21T12:47:35.015Z	522
2021-02-21T12:47:37.016Z	523
2021-02-21T12:47:39.015Z	526
2021-02-21T12:47:41.015Z	528
2021-02-21T12:47:43.016Z	529
2021-02-21T12:47:45.015Z	531
2021-02-21T12:47:47.016Z	533
2021-02-21T12:47:49.016Z	535
2021-02-21T12:47:51.015Z	537
2021-02-21T12:47:53.015Z	539
2021-02-21T12:47:55.016Z	540
2021-02-21T12:47:57.016Z	542
2021-02-21T12:47:59.015Z	544
2021-02-21T12:48:01.016Z	546
2021-02-21T12:48:03.015Z	548
2021-02-21T12:48:05.015Z	549
2021-02-21T12:48:07.016Z	552
2021-02-21T12:48:09.016Z	553
2021-02-21T12:48:11.017Z	555
2021-02-21T12:48:13.017Z	557
2021-02-21T12:48:15.016Z	558
2021-02-21T12:48:17.016Z	561
2021-02-21T12:48:19.017Z	563
2021-02-21T12:48:21.016Z	564
2021-02-21T12:48:23.016Z	566
2021-02-21T12:48:25.016Z	568
2021-02-21T12:48:27.016Z	570
2021-02-21T12:48:29.017Z	572
2021-02-21T12:48:31.016Z	573
2021-02-21T12:48:33.016Z	575
2021-02-21T12:48:35.017Z	577
2021-02-21T12:48:37.017Z	579
2021-02-21T12:48:39.017Z	581
2021-02-21T12:48:41.017Z	582
<<<<<<< HEAD
2021-02-21T12:55:59.230Z	502
2021-02-21T12:56:01.228Z	503
2021-02-21T12:56:03.229Z	505
2021-02-21T12:56:05.229Z	507
2021-02-21T12:56:08.108Z	510
2021-02-21T12:56:10.108Z	512
2021-02-21T12:56:12.108Z	513
2021-02-21T12:56:14.109Z	515
2021-02-21T12:56:16.109Z	517
2021-02-21T12:56:18.110Z	519
2021-02-21T12:56:20.111Z	521
2021-02-21T12:56:22.111Z	522
2021-02-21T12:56:24.111Z	524
2021-02-21T12:56:26.112Z	527
2021-02-21T12:56:28.112Z	528
2021-02-21T12:56:30.113Z	530
2021-02-21T12:56:32.113Z	532
2021-02-21T12:56:34.114Z	533
2021-02-21T12:56:36.115Z	536
2021-02-21T12:56:38.114Z	538
2021-02-21T12:56:40.115Z	539
2021-02-21T12:56:42.115Z	541
2021-02-21T12:56:44.116Z	543
2021-02-21T12:56:46.116Z	545
2021-02-21T12:56:48.116Z	547
2021-02-21T12:56:50.117Z	548
2021-02-21T12:56:52.118Z	550
2021-02-21T12:56:54.118Z	553
2021-02-21T12:56:56.119Z	554
2021-02-21T12:56:58.120Z	556
2021-02-21T12:57:00.121Z	558
2021-02-21T12:57:02.122Z	559
2021-02-21T12:57:04.123Z	562
2021-02-21T12:57:06.122Z	563
2021-02-21T12:57:08.122Z	565
2021-02-21T12:57:10.123Z	567
2021-02-21T12:57:12.124Z	569
2021-02-21T12:57:14.123Z	571
2021-02-21T12:57:16.124Z	572
2021-02-21T12:57:18.124Z	574
2021-02-21T12:57:20.124Z	576
2021-02-21T12:57:22.125Z	578
2021-02-21T12:57:24.124Z	580
2021-02-21T12:57:26.125Z	582
2021-02-21T12:57:28.125Z	583
2021-02-21T12:57:30.125Z	586
2021-02-21T12:57:32.124Z	587
2021-02-21T12:57:34.124Z	589
2021-02-21T12:57:36.124Z	591
2021-02-21T12:57:38.124Z	592
2021-02-21T12:57:40.124Z	595
2021-02-21T12:57:42.125Z	596
2021-02-21T12:57:44.124Z	598
2021-02-21T12:57:46.124Z	600
2021-02-21T12:57:48.125Z	601
2021-02-21T12:57:50.125Z	604
2021-02-21T12:57:52.126Z	605
2021-02-21T12:57:54.126Z	607
2021-02-21T12:57:56.127Z	609
2021-02-21T12:57:58.127Z	611
2021-02-21T12:58:00.127Z	613
2021-02-21T12:58:02.127Z	614
2021-02-21T12:58:04.127Z	616
2021-02-21T12:58:06.128Z	618
2021-02-21T12:58:08.128Z	620
2021-02-21T12:58:10.127Z	622
2021-02-21T12:58:12.128Z	623
2021-02-21T12:58:14.128Z	625
2021-02-21T12:58:16.127Z	627
2021-02-21T12:58:18.128Z	629
2021-02-21T12:58:20.128Z	630
2021-02-21T12:58:22.129Z	632
2021-02-21T12:58:24.129Z	634
2021-02-21T12:58:26.128Z	636
2021-02-21T12:58:28.128Z	638
2021-02-21T12:58:30.128Z	639
2021-02-21T12:58:32.129Z	641
2021-02-21T12:58:34.129Z	643
2021-02-21T12:58:36.130Z	645
2021-02-21T12:58:38.129Z	647
2021-02-21T12:58:40.130Z	648
2021-02-21T12:58:42.130Z	650
2021-02-21T12:58:44.131Z	652
2021-02-21T12:58:46.130Z	654
2021-02-21T12:58:48.131Z	655
2021-02-21T12:58:50.131Z	657
2021-02-21T12:58:52.131Z	658
2021-02-21T12:58:54.132Z	661
2021-02-21T12:58:56.132Z	662
2021-02-21T12:58:58.133Z	664
2021-02-21T12:59:00.133Z	666
2021-02-21T12:59:02.134Z	668
2021-02-21T12:59:04.134Z	670
2021-02-21T12:59:06.133Z	671
2021-02-21T12:59:08.133Z	673
2021-02-21T12:59:10.134Z	674
2021-02-21T12:59:12.134Z	677
2021-02-21T12:59:14.134Z	678
2021-02-21T12:59:16.134Z	680
2021-02-21T12:59:18.133Z	681
2021-02-21T12:59:20.134Z	683
2021-02-21T12:59:22.135Z	685
2021-02-21T12:59:24.135Z	687
2021-02-21T12:59:26.136Z	688
2021-02-21T12:59:28.135Z	690
2021-02-21T12:59:30.135Z	692
2021-02-21T12:59:32.136Z	694
2021-02-21T12:59:34.136Z	695
2021-02-21T12:59:36.137Z	697
2021-02-21T12:59:38.136Z	698
2021-02-21T12:59:40.136Z	701
2021-02-21T12:59:42.136Z	702
2021-02-21T12:59:44.136Z	704
2021-02-21T12:59:46.137Z	705
2021-02-21T12:59:48.136Z	707
2021-02-21T12:59:50.136Z	709
2021-02-21T12:59:52.137Z	710
2021-02-21T12:59:54.138Z	712
2021-02-21T12:59:56.138Z	713
2021-02-21T12:59:58.139Z	716
2021-02-21T13:00:00.139Z	717
2021-02-21T13:00:02.139Z	719
2021-02-21T13:00:04.139Z	720
2021-02-21T13:00:06.140Z	722
2021-02-21T13:00:08.140Z	724
2021-02-21T13:00:10.140Z	725
2021-02-21T13:00:12.141Z	727
2021-02-21T13:00:14.140Z	728
2021-02-21T13:00:16.141Z	731
2021-02-21T13:00:18.140Z	732
2021-02-21T13:00:20.140Z	734
2021-02-21T13:00:22.140Z	735
2021-02-21T13:00:24.141Z	737
2021-02-21T13:00:26.140Z	739
2021-02-21T13:00:28.140Z	740
2021-02-21T13:00:30.141Z	742
2021-02-21T13:00:32.141Z	743
2021-02-21T13:00:34.141Z	745
2021-02-21T13:00:36.141Z	747
2021-02-21T13:00:38.142Z	748
2021-02-21T13:00:40.142Z	750
2021-02-21T13:00:42.142Z	751
2021-02-21T13:00:44.142Z	753
2021-02-21T13:00:46.143Z	755
2021-02-21T13:00:48.143Z	756
2021-02-21T13:00:50.143Z	758
2021-02-21T13:00:52.143Z	759
2021-02-21T13:00:54.144Z	761
2021-02-21T13:00:56.145Z	763
2021-02-21T13:00:58.145Z	764
2021-02-21T13:01:00.145Z	765
2021-02-21T13:01:02.145Z	768
2021-02-21T13:01:04.146Z	769
2021-02-21T13:01:06.146Z	770
2021-02-21T13:01:08.147Z	772
2021-02-21T13:01:10.148Z	773
2021-02-21T13:01:12.148Z	775
2021-02-21T13:01:14.149Z	777
2021-02-21T13:01:16.149Z	778
2021-02-21T13:01:18.150Z	779
2021-02-21T13:01:20.150Z	782
2021-02-21T13:01:22.150Z	783
2021-02-21T13:01:24.151Z	784
2021-02-21T13:01:26.151Z	786
2021-02-21T13:01:28.151Z	787
2021-02-21T13:01:30.151Z	789
2021-02-21T13:01:32.151Z	790
2021-02-21T13:01:34.152Z	792
2021-02-21T13:01:36.153Z	793
2021-02-21T13:01:38.154Z	795
2021-02-21T13:01:40.154Z	797
2021-02-21T13:01:42.154Z	798
2021-02-21T13:01:44.154Z	799
2021-02-21T13:01:46.155Z	801
2021-02-21T13:01:48.156Z	803
2021-02-21T13:01:50.156Z	804
2021-02-21T13:01:52.156Z	805
2021-02-21T13:01:54.155Z	807
2021-02-21T13:01:56.155Z	808
2021-02-21T13:01:58.156Z	810
2021-02-21T13:02:00.156Z	811
2021-02-21T13:02:02.157Z	812
2021-02-21T13:02:04.157Z	814
2021-02-21T13:02:06.157Z	815
2021-02-21T13:02:08.157Z	817
2021-02-21T13:02:10.157Z	818
2021-02-21T13:02:12.158Z	820
2021-02-21T13:02:14.158Z	821
2021-02-21T13:02:16.158Z	823
2021-02-21T13:02:18.158Z	824
2021-02-21T13:02:20.159Z	825
2021-02-21T13:02:22.158Z	827
2021-02-21T13:02:24.159Z	828
2021-02-21T13:02:26.159Z	830
2021-02-21T13:02:28.160Z	831
2021-02-21T13:02:30.160Z	832
2021-02-21T13:02:32.161Z	833
2021-02-21T13:02:34.161Z	835
2021-02-21T13:02:36.162Z	837
2021-02-21T13:02:38.161Z	838
2021-02-21T13:02:40.162Z	839
2021-02-21T13:02:42.162Z	840
2021-02-21T13:02:44.163Z	842
2021-02-21T13:02:46.163Z	843
2021-02-21T13:02:48.163Z	845
2021-02-21T13:02:50.164Z	846
2021-02-21T13:02:52.164Z	847
2021-02-21T13:02:54.165Z	849
2021-02-21T13:02:56.165Z	850
2021-02-21T13:02:58.166Z	851
2021-02-21T13:03:00.166Z	852
2021-02-21T13:03:02.166Z	854
2021-02-21T13:03:04.167Z	855
2021-02-21T13:03:06.167Z	856
2021-02-21T13:03:08.167Z	858
2021-02-21T13:03:10.168Z	859
2021-02-21T13:03:12.168Z	861
2021-02-21T13:03:14.168Z	862
2021-02-21T13:03:16.169Z	863
2021-02-21T13:03:18.169Z	864
2021-02-21T13:03:20.169Z	866
2021-02-21T13:03:22.170Z	867
2021-02-21T13:03:24.171Z	868
2021-02-21T13:03:26.170Z	869
2021-02-21T13:03:28.171Z	870
2021-02-21T13:03:30.170Z	872
2021-02-21T13:03:32.171Z	873
2021-02-21T13:03:34.172Z	874
2021-02-21T13:03:36.173Z	875
2021-02-21T13:03:38.173Z	876
2021-02-21T13:03:40.173Z	878
2021-02-21T13:03:42.173Z	879
2021-02-21T13:03:44.174Z	880
2021-02-21T13:03:46.175Z	881
2021-02-21T13:03:48.175Z	883
2021-02-21T13:03:50.174Z	884
2021-02-21T13:03:52.175Z	885
2021-02-21T13:03:54.175Z	886
2021-02-21T13:03:56.176Z	887
2021-02-21T13:03:58.177Z	889
2021-02-21T13:04:00.177Z	890
2021-02-21T13:04:02.176Z	891
2021-02-21T13:04:04.177Z	892
2021-02-21T13:04:06.177Z	893
2021-02-21T13:04:08.178Z	894
2021-02-21T13:04:10.177Z	895
2021-02-21T13:04:12.177Z	896
2021-02-21T13:04:14.178Z	897
2021-02-21T13:04:16.178Z	899
2021-02-21T13:04:18.179Z	900
2021-02-21T13:04:20.179Z	901
2021-02-21T13:04:22.178Z	902
2021-02-21T13:04:24.179Z	903
2021-02-21T13:04:26.180Z	904
2021-02-21T13:04:28.179Z	905
2021-02-21T13:04:30.179Z	906
2021-02-21T13:04:32.180Z	907
2021-02-21T13:04:34.181Z	909
2021-02-21T13:04:36.180Z	910
2021-02-21T13:04:38.181Z	911
2021-02-21T13:04:40.181Z	912
2021-02-21T13:04:42.180Z	913
2021-02-21T13:04:44.181Z	914
2021-02-21T13:04:46.182Z	915
2021-02-21T13:04:48.183Z	916
2021-02-21T13:04:50.183Z	917
2021-02-21T13:04:52.183Z	918
2021-02-21T13:04:54.182Z	919
2021-02-21T13:04:56.183Z	920
2021-02-21T13:04:58.183Z	921
2021-02-21T13:05:00.183Z	922
2021-02-21T13:05:02.184Z	923
2021-02-21T13:05:04.184Z	924
2021-02-21T13:05:06.185Z	925
2021-02-21T13:05:08.186Z	926
2021-02-21T13:05:10.186Z	927
2021-02-21T13:05:12.186Z	928
2021-02-21T13:05:14.187Z	929
2021-02-21T13:05:16.186Z	930
2021-02-21T13:05:18.187Z	931
2021-02-21T13:05:20.187Z	932
2021-02-21T13:05:22.188Z	933
2021-02-21T13:05:24.189Z	934
2021-02-21T13:05:26.190Z	934
2021-02-21T13:05:28.189Z	935
2021-02-21T13:05:30.190Z	936
2021-02-21T13:05:32.190Z	937
2021-02-21T13:05:34.189Z	938
2021-02-21T13:05:36.190Z	939
2021-02-21T13:05:38.189Z	940
2021-02-21T13:05:40.189Z	941
2021-02-21T13:05:42.190Z	942
2021-02-21T13:05:44.191Z	942
2021-02-21T13:05:46.191Z	943
2021-02-21T13:05:48.191Z	944
2021-02-21T13:05:50.192Z	945
2021-02-21T13:05:52.193Z	946
2021-02-21T13:05:54.192Z	947
2021-02-21T13:05:56.193Z	947
2021-02-21T13:05:58.193Z	948
2021-02-21T13:06:00.194Z	949
2021-02-21T13:06:02.195Z	950
2021-02-21T13:06:04.196Z	951
2021-02-21T13:06:06.196Z	952
2021-02-21T13:06:08.196Z	952
2021-02-21T13:06:10.197Z	953
2021-02-21T13:06:12.197Z	954
2021-02-21T13:06:14.197Z	955
2021-02-21T13:06:16.196Z	956
2021-02-21T13:06:18.196Z	956
2021-02-21T13:06:20.197Z	957
2021-02-21T13:06:22.198Z	958
2021-02-21T13:06:24.197Z	959
2021-02-21T13:06:26.198Z	959
2021-02-21T13:06:28.198Z	960
2021-02-21T13:06:30.198Z	961
2021-02-21T13:06:32.199Z	961
2021-02-21T13:06:34.200Z	962
2021-02-21T13:06:36.200Z	963
2021-02-21T13:06:38.201Z	963
2021-02-21T13:06:40.202Z	964
2021-02-21T13:06:42.202Z	965
2021-02-21T13:06:44.202Z	966
2021-02-21T13:06:46.203Z	966
2021-02-21T13:06:48.203Z	967
2021-02-21T13:06:50.203Z	967
2021-02-21T13:06:52.204Z	968
2021-02-21T13:06:54.203Z	969
2021-02-21T13:06:56.204Z	969
2021-02-21T13:06:58.204Z	970
2021-02-21T13:07:00.203Z	971
2021-02-21T13:07:02.204Z	971
2021-02-21T13:07:04.204Z	972
2021-02-21T13:07:06.204Z	973
2021-02-21T13:07:08.204Z	973
2021-02-21T13:07:10.205Z	974
2021-02-21T13:07:12.204Z	974
2021-02-21T13:07:14.204Z	975
2021-02-21T13:07:16.205Z	975
2021-02-21T13:07:18.206Z	976
2021-02-21T13:07:20.206Z	977
2021-02-21T13:07:22.206Z	977
2021-02-21T13:07:24.207Z	978
2021-02-21T13:07:26.208Z	978
2021-02-21T13:07:28.209Z	979
2021-02-21T13:07:30.209Z	979
2021-02-21T13:07:32.209Z	980
2021-02-21T13:07:34.210Z	980
2021-02-21T13:07:36.211Z	981
2021-02-21T13:07:38.212Z	982
2021-02-21T13:07:40.211Z	982
2021-02-21T13:07:42.212Z	982
2021-02-21T13:07:44.213Z	983
2021-02-21T13:07:46.213Z	983
2021-02-21T13:07:48.213Z	984
2021-02-21T13:07:50.212Z	984
2021-02-21T13:07:52.213Z	985
2021-02-21T13:07:54.214Z	985
2021-02-21T13:07:56.215Z	986
2021-02-21T13:07:58.214Z	986
2021-02-21T13:08:00.215Z	987
2021-02-21T13:08:02.216Z	987
2021-02-21T13:08:04.217Z	987
2021-02-21T13:08:06.217Z	988
2021-02-21T13:08:08.218Z	988
2021-02-21T13:08:10.218Z	989
2021-02-21T13:08:12.218Z	989
2021-02-21T13:08:14.218Z	989
2021-02-21T13:08:16.219Z	990
2021-02-21T13:08:18.220Z	990
2021-02-21T13:08:20.220Z	990
2021-02-21T13:08:22.221Z	991
2021-02-21T13:08:24.221Z	991
2021-02-21T13:08:26.220Z	992
2021-02-21T13:08:28.220Z	992
2021-02-21T13:08:30.220Z	992
2021-02-21T13:08:32.220Z	992
2021-02-21T13:08:34.221Z	993
2021-02-21T13:08:36.221Z	993
2021-02-21T13:08:38.221Z	993
2021-02-21T13:08:40.222Z	994
2021-02-21T13:08:42.222Z	994
2021-02-21T13:08:44.222Z	994
2021-02-21T13:08:46.223Z	995
2021-02-21T13:08:48.222Z	995
2021-02-21T13:08:50.223Z	995
2021-02-21T13:08:52.223Z	995
2021-02-21T13:08:54.223Z	996
2021-02-21T13:08:56.224Z	996
2021-02-21T13:08:58.223Z	996
2021-02-21T13:09:00.224Z	996
2021-02-21T13:09:02.224Z	997
2021-02-21T13:09:04.225Z	997
2021-02-21T13:09:06.224Z	997
2021-02-21T13:09:08.225Z	997
2021-02-21T13:09:10.225Z	997
2021-02-21T13:09:12.226Z	998
2021-02-21T13:09:14.225Z	998
2021-02-21T13:09:16.226Z	998
2021-02-21T13:09:18.227Z	998
2021-02-21T13:09:20.226Z	998
2021-02-21T13:09:22.227Z	998
2021-02-21T13:09:24.227Z	999
2021-02-21T13:09:26.226Z	999
2021-02-21T13:09:28.227Z	999
2021-02-21T13:09:30.226Z	999
2021-02-21T13:09:32.227Z	999
2021-02-21T13:09:34.226Z	999
2021-02-21T13:09:36.227Z	999
2021-02-21T13:09:38.227Z	999
2021-02-21T13:09:40.227Z	999
2021-02-21T13:09:42.227Z	1000
2021-02-21T13:09:44.227Z	1000
2021-02-21T13:09:46.226Z	1000
2021-02-21T13:09:48.227Z	1000
2021-02-21T13:09:50.227Z	1000
2021-02-21T13:09:52.227Z	1000
2021-02-21T13:09:54.228Z	1000
2021-02-21T13:09:56.228Z	1000
2021-02-21T13:09:58.228Z	1000
2021-02-21T13:10:00.229Z	1000
2021-02-21T13:10:02.229Z	1000
2021-02-21T13:10:04.229Z	1000
2021-02-21T13:10:06.230Z	1000
2021-02-21T13:10:08.230Z	1000
2021-02-21T13:10:10.230Z	1000
2021-02-21T13:10:12.231Z	1000
2021-02-21T13:10:14.231Z	1000
2021-02-21T13:10:16.231Z	1000
2021-02-21T13:10:18.230Z	1000
2021-02-21T13:10:20.230Z	1000
2021-02-21T13:10:22.230Z	1000
2021-02-21T13:10:24.231Z	1000
2021-02-21T13:10:26.231Z	1000
2021-02-21T13:10:28.232Z	1000
2021-02-21T13:10:30.231Z	1000
2021-02-21T13:10:32.232Z	999
2021-02-21T13:10:34.231Z	999
2021-02-21T13:10:36.232Z	999
2021-02-21T13:10:38.231Z	999
2021-02-21T13:10:40.232Z	999
2021-02-21T13:10:42.233Z	999
2021-02-21T13:10:44.233Z	999
2021-02-21T13:10:46.233Z	999
2021-02-21T13:10:48.233Z	998
2021-02-21T13:10:50.233Z	998
2021-02-21T13:10:52.234Z	998
2021-02-21T13:10:54.234Z	998
2021-02-21T13:10:56.234Z	998
2021-02-21T13:10:58.233Z	998
2021-02-21T13:11:00.234Z	997
2021-02-21T13:11:02.233Z	997
2021-02-21T13:11:04.234Z	997
2021-02-21T13:11:06.234Z	997
2021-02-21T13:11:08.235Z	997
2021-02-21T13:11:10.235Z	996
2021-02-21T13:11:12.236Z	996
2021-02-21T13:11:14.236Z	996
2021-02-21T13:11:16.236Z	996
2021-02-21T13:11:18.237Z	995
2021-02-21T13:11:20.237Z	995
2021-02-21T13:11:22.237Z	995
2021-02-21T13:11:24.237Z	995
2021-02-21T13:11:26.237Z	994
2021-02-21T13:11:28.237Z	994
2021-02-21T13:11:30.237Z	994
2021-02-21T13:11:32.238Z	994
2021-02-21T13:11:34.237Z	993
2021-02-21T13:11:36.237Z	993
2021-02-21T13:11:38.238Z	993
2021-02-21T13:11:40.238Z	992
2021-02-21T13:11:42.237Z	992
2021-02-21T13:11:44.238Z	992
2021-02-21T13:11:46.237Z	991
2021-02-21T13:11:48.237Z	991
2021-02-21T13:11:50.237Z	991
2021-02-21T13:11:52.237Z	990
2021-02-21T13:11:54.237Z	990
2021-02-21T13:11:56.238Z	990
2021-02-21T13:11:58.238Z	989
2021-02-21T13:12:00.237Z	989
2021-02-21T13:12:02.237Z	989
2021-02-21T13:12:04.237Z	988
2021-02-21T13:12:06.237Z	988
2021-02-21T13:12:08.237Z	987
2021-02-21T13:12:10.237Z	987
2021-02-21T13:12:12.238Z	986
2021-02-21T13:12:14.238Z	986
2021-02-21T13:12:16.239Z	985
2021-02-21T13:12:18.239Z	985
2021-02-21T13:12:20.239Z	985
2021-02-21T13:12:22.239Z	984
2021-02-21T13:12:24.239Z	984
2021-02-21T13:12:26.240Z	983
2021-02-21T13:12:28.241Z	983
2021-02-21T13:12:30.241Z	982
2021-02-21T13:12:32.241Z	982
2021-02-21T13:12:34.241Z	981
2021-02-21T13:12:36.241Z	981
2021-02-21T13:12:38.241Z	980
2021-02-21T13:12:40.241Z	980
2021-02-21T13:12:42.242Z	979
2021-02-21T13:12:44.241Z	979
2021-02-21T13:12:46.242Z	978
2021-02-21T13:12:48.242Z	978
2021-02-21T13:12:50.243Z	977
2021-02-21T13:12:52.243Z	976
2021-02-21T13:12:54.243Z	976
2021-02-21T13:12:56.244Z	975
2021-02-21T13:12:58.244Z	975
2021-02-21T13:13:00.243Z	974
2021-02-21T13:13:02.243Z	974
2021-02-21T13:13:04.243Z	973
2021-02-21T13:13:06.243Z	972
2021-02-21T13:13:08.243Z	972
2021-02-21T13:13:10.244Z	971
2021-02-21T13:13:12.244Z	971
2021-02-21T13:13:14.243Z	970
2021-02-21T13:13:16.243Z	969
2021-02-21T13:13:18.243Z	969
2021-02-21T13:13:20.243Z	968
2021-02-21T13:13:22.243Z	967
2021-02-21T13:13:24.244Z	967
2021-02-21T13:13:26.243Z	966
2021-02-21T13:13:28.243Z	965
2021-02-21T13:13:30.244Z	965
2021-02-21T13:13:32.245Z	964
2021-02-21T13:13:34.244Z	963
2021-02-21T13:13:36.245Z	962
2021-02-21T13:13:38.246Z	962
2021-02-21T13:13:40.245Z	961
2021-02-21T13:13:42.245Z	961
2021-02-21T13:13:44.246Z	960
2021-02-21T13:13:46.247Z	959
2021-02-21T13:13:48.248Z	958
2021-02-21T13:13:50.248Z	958
2021-02-21T13:13:52.249Z	957
2021-02-21T13:13:54.249Z	956
2021-02-21T13:13:56.249Z	955
2021-02-21T13:13:58.250Z	954
2021-02-21T13:14:00.250Z	954
2021-02-21T13:14:02.249Z	953
2021-02-21T13:14:04.250Z	952
2021-02-21T13:14:06.250Z	951
2021-02-21T13:14:08.250Z	951
2021-02-21T13:14:10.250Z	950
2021-02-21T13:14:12.250Z	949
2021-02-21T13:14:14.250Z	948
2021-02-21T13:14:16.251Z	947
2021-02-21T13:14:18.250Z	946
2021-02-21T13:14:20.250Z	945
2021-02-21T13:14:22.251Z	945
2021-02-21T13:14:24.250Z	944
2021-02-21T13:14:26.251Z	943
2021-02-21T13:14:28.251Z	942
2021-02-21T13:14:30.252Z	941
2021-02-21T13:14:32.252Z	940
2021-02-21T13:14:34.253Z	940
2021-02-21T13:14:36.254Z	939
2021-02-21T13:14:38.253Z	938
2021-02-21T13:14:40.254Z	937
2021-02-21T13:14:42.254Z	936
2021-02-21T13:14:44.254Z	935
2021-02-21T13:14:46.254Z	934
2021-02-21T13:14:48.254Z	933
2021-02-21T13:14:50.254Z	932
2021-02-21T13:14:52.255Z	931
2021-02-21T13:14:54.255Z	930
2021-02-21T13:14:56.256Z	930
2021-02-21T13:14:58.257Z	928
2021-02-21T13:15:00.256Z	927
2021-02-21T13:15:02.256Z	927
2021-02-21T13:15:04.257Z	926
2021-02-21T13:15:06.256Z	924
2021-02-21T13:15:08.257Z	924
2021-02-21T13:15:10.257Z	923
2021-02-21T13:15:12.257Z	922
2021-02-21T13:15:14.258Z	921
2021-02-21T13:15:16.258Z	919
2021-02-21T13:15:18.259Z	919
2021-02-21T13:15:20.260Z	918
2021-02-21T13:15:22.260Z	917
2021-02-21T13:15:24.260Z	915
2021-02-21T13:15:26.261Z	914
2021-02-21T13:15:28.261Z	913
2021-02-21T13:15:30.261Z	913
2021-02-21T13:15:32.262Z	912
2021-02-21T13:15:34.262Z	910
2021-02-21T13:15:36.261Z	909
2021-02-21T13:15:38.262Z	908
2021-02-21T13:15:40.263Z	907
2021-02-21T13:15:42.262Z	906
2021-02-21T13:15:44.263Z	905
2021-02-21T13:15:46.264Z	904
2021-02-21T13:15:48.265Z	903
2021-02-21T13:15:50.265Z	902
2021-02-21T13:21:35.679Z	502
2021-02-21T13:21:37.678Z	503
2021-02-21T13:21:39.679Z	505
2021-02-21T13:21:41.680Z	507
2021-02-21T13:21:43.681Z	509
2021-02-21T13:21:45.681Z	510
2021-02-21T13:21:47.682Z	512
2021-02-21T13:21:49.682Z	515
2021-02-21T13:21:51.682Z	516
2021-02-21T13:21:53.683Z	518
2021-02-21T13:21:55.683Z	520
2021-02-21T13:21:57.684Z	522
2021-02-21T13:21:59.684Z	524
2021-02-21T13:22:01.684Z	526
2021-02-21T13:22:03.684Z	527
2021-02-21T13:22:05.684Z	529
2021-02-21T13:22:07.685Z	531
2021-02-21T13:22:09.684Z	533
2021-02-21T13:22:11.684Z	535
2021-02-21T13:22:13.684Z	536
2021-02-21T13:22:15.685Z	539
2021-02-21T13:22:17.686Z	541
2021-02-21T13:22:19.685Z	542
2021-02-21T13:22:21.686Z	544
2021-02-21T13:22:23.687Z	546
2021-02-21T13:22:25.688Z	548
2021-02-21T13:22:27.688Z	550
2021-02-21T13:22:29.688Z	551
2021-02-21T13:22:31.688Z	553
2021-02-21T13:22:33.689Z	555
2021-02-21T13:22:35.689Z	557
2021-02-21T13:22:37.690Z	559
2021-02-21T13:22:39.689Z	561
2021-02-21T13:22:41.690Z	562
2021-02-21T13:22:43.689Z	565
2021-02-21T13:22:45.690Z	566
2021-02-21T13:22:47.689Z	568
2021-02-21T13:22:49.689Z	570
2021-02-21T13:22:51.690Z	571
2021-02-21T13:22:53.690Z	574
2021-02-21T13:22:55.691Z	575
2021-02-21T13:22:57.692Z	577
2021-02-21T13:22:59.693Z	579
2021-02-21T13:23:01.694Z	581
2021-02-21T13:23:03.694Z	583
2021-02-21T13:23:05.694Z	585
2021-02-21T13:23:07.695Z	586
2021-02-21T13:23:09.695Z	588
2021-02-21T13:23:11.696Z	590
2021-02-21T13:23:13.696Z	592
2021-02-21T13:23:15.697Z	594
2021-02-21T13:23:17.696Z	595
2021-02-21T13:23:19.697Z	597
2021-02-21T13:23:21.697Z	599
2021-02-21T13:23:23.698Z	601
2021-02-21T13:23:25.698Z	603
2021-02-21T13:23:27.699Z	604
2021-02-21T13:23:29.699Z	607
2021-02-21T13:23:31.699Z	608
2021-02-21T13:23:33.700Z	610
2021-02-21T13:23:35.701Z	612
2021-02-21T13:23:37.701Z	613
2021-02-21T13:23:39.702Z	615
2021-02-21T13:23:41.706Z	617
2021-02-21T13:23:43.707Z	619
2021-02-21T13:23:46.044Z	621
2021-02-21T13:23:48.043Z	623
2021-02-21T13:23:50.043Z	625
2021-02-21T13:23:52.043Z	626
2021-02-21T13:23:54.044Z	628
2021-02-21T13:23:56.044Z	630
2021-02-21T13:23:58.044Z	632
2021-02-21T13:24:00.044Z	634
2021-02-21T13:24:02.044Z	635
2021-02-21T13:24:04.044Z	637
2021-02-21T13:24:06.044Z	639
2021-02-21T13:24:08.045Z	641
2021-02-21T13:24:10.045Z	642
2021-02-21T13:24:12.046Z	644
2021-02-21T13:24:14.045Z	646
2021-02-21T13:24:16.046Z	648
2021-02-21T13:24:18.046Z	650
2021-02-21T13:24:20.046Z	651
2021-02-21T13:24:22.045Z	653
2021-02-21T13:24:24.045Z	655
2021-02-21T13:24:26.046Z	657
2021-02-21T13:24:28.045Z	658
2021-02-21T13:24:30.045Z	660
2021-02-21T13:24:32.045Z	662
2021-02-21T13:24:34.046Z	664
2021-02-21T13:24:36.047Z	666
2021-02-21T13:24:38.048Z	667
2021-02-21T13:24:40.049Z	669
2021-02-21T13:24:42.050Z	670
2021-02-21T13:24:44.050Z	673
2021-02-21T13:24:46.050Z	674
2021-02-21T13:24:48.050Z	676
2021-02-21T13:24:50.051Z	677
2021-02-21T13:24:52.050Z	680
2021-02-21T13:24:54.050Z	681
2021-02-21T13:24:56.050Z	683
2021-02-21T13:24:58.051Z	684
2021-02-21T13:25:00.051Z	686
2021-02-21T13:25:02.050Z	688
2021-02-21T13:25:04.050Z	690
2021-02-21T13:25:06.051Z	691
2021-02-21T13:25:08.050Z	693
2021-02-21T13:25:10.051Z	695
2021-02-21T13:25:12.051Z	697
2021-02-21T13:25:14.052Z	698
2021-02-21T13:25:16.053Z	700
2021-02-21T13:25:18.053Z	701
2021-02-21T13:25:20.053Z	704
2021-02-21T13:25:22.053Z	705
2021-02-21T13:25:24.053Z	707
2021-02-21T13:25:26.053Z	708
2021-02-21T13:25:28.054Z	710
2021-02-21T13:25:30.055Z	712
2021-02-21T13:25:32.054Z	713
2021-02-21T13:25:34.055Z	715
2021-02-21T13:25:36.054Z	716
2021-02-21T13:25:38.055Z	719
2021-02-21T13:25:40.054Z	720
2021-02-21T13:25:42.054Z	722
2021-02-21T13:25:44.054Z	723
2021-02-21T13:25:46.055Z	725
2021-02-21T13:25:48.055Z	727
2021-02-21T13:25:50.056Z	728
2021-02-21T13:25:52.056Z	730
2021-02-21T13:25:54.055Z	731
2021-02-21T13:25:56.055Z	734
2021-02-21T13:25:58.056Z	735
2021-02-21T13:26:00.056Z	737
2021-02-21T13:26:02.056Z	738
2021-02-21T13:26:04.057Z	739
2021-02-21T13:26:06.056Z	742
2021-02-21T13:26:08.057Z	743
2021-02-21T13:26:10.057Z	745
2021-02-21T13:26:12.057Z	746
2021-02-21T13:26:14.056Z	748
2021-02-21T13:26:16.056Z	750
2021-02-21T13:26:18.056Z	751
2021-02-21T13:26:20.056Z	753
2021-02-21T13:26:22.057Z	754
2021-02-21T13:26:24.057Z	756
2021-02-21T13:26:26.057Z	758
2021-02-21T13:26:28.058Z	759
2021-02-21T13:26:30.057Z	760
2021-02-21T13:26:32.057Z	762
2021-02-21T13:26:34.058Z	764
2021-02-21T13:26:36.058Z	765
2021-02-21T13:26:38.058Z	767
2021-02-21T13:26:40.058Z	768
2021-02-21T13:26:42.057Z	770
2021-02-21T13:26:44.058Z	772
2021-02-21T13:26:46.057Z	773
2021-02-21T13:26:48.057Z	775
2021-02-21T13:26:50.057Z	776
2021-02-21T13:26:52.058Z	778
2021-02-21T13:26:54.058Z	779
2021-02-21T13:26:56.058Z	781
2021-02-21T13:26:58.057Z	782
2021-02-21T13:27:00.057Z	784
2021-02-21T13:27:02.057Z	786
2021-02-21T13:27:04.058Z	787
2021-02-21T13:27:06.058Z	788
2021-02-21T13:27:08.058Z	790
2021-02-21T13:27:10.057Z	792
2021-02-21T13:27:12.058Z	793
2021-02-21T13:27:14.058Z	794
2021-02-21T13:27:16.059Z	796
2021-02-21T13:27:18.059Z	797
2021-02-21T13:27:20.058Z	799
2021-02-21T13:27:22.058Z	801
2021-02-21T13:27:24.058Z	802
2021-02-21T13:27:26.058Z	803
2021-02-21T13:27:28.058Z	805
2021-02-21T13:27:30.059Z	807
2021-02-21T13:27:32.059Z	808
2021-02-21T13:27:34.059Z	809
2021-02-21T13:27:36.059Z	810
2021-02-21T13:27:38.059Z	812
2021-02-21T13:27:40.060Z	814
2021-02-21T13:27:42.060Z	815
2021-02-21T13:27:44.061Z	816
2021-02-21T13:27:46.061Z	818
2021-02-21T13:27:48.061Z	820
2021-02-21T13:27:50.061Z	821
2021-02-21T13:27:52.061Z	822
2021-02-21T13:27:54.061Z	823
2021-02-21T13:27:56.062Z	825
2021-02-21T13:27:58.063Z	827
2021-02-21T13:28:00.063Z	828
2021-02-21T13:28:02.062Z	829
2021-02-21T13:28:04.062Z	830
2021-02-21T13:28:06.063Z	832
2021-02-21T13:28:08.062Z	833
2021-02-21T13:28:10.062Z	835
2021-02-21T13:28:12.062Z	836
2021-02-21T13:28:14.062Z	837
2021-02-21T13:28:16.062Z	839
2021-02-21T13:28:18.063Z	840
2021-02-21T13:28:20.064Z	841
2021-02-21T13:28:22.063Z	843
2021-02-21T13:28:24.063Z	845
2021-02-21T13:28:26.063Z	846
2021-02-21T13:28:28.064Z	847
2021-02-21T13:28:30.064Z	848
2021-02-21T13:28:32.065Z	849
2021-02-21T13:28:34.066Z	851
2021-02-21T13:28:36.066Z	852
2021-02-21T13:28:38.067Z	853
2021-02-21T13:28:40.068Z	855
2021-02-21T13:28:42.069Z	856
2021-02-21T13:28:44.069Z	858
2021-02-21T13:28:46.070Z	859
2021-02-21T13:28:48.071Z	860
2021-02-21T13:28:50.071Z	861
2021-02-21T13:28:52.071Z	863
2021-02-21T13:28:54.072Z	864
2021-02-21T13:28:56.071Z	865
2021-02-21T13:28:58.071Z	866
2021-02-21T13:29:00.071Z	867
2021-02-21T13:29:02.072Z	869
2021-02-21T13:29:04.071Z	870
2021-02-21T13:29:06.072Z	871
2021-02-21T13:29:08.071Z	872
2021-02-21T13:29:10.072Z	874
2021-02-21T13:29:12.072Z	875
2021-02-21T13:29:14.072Z	876
2021-02-21T13:29:16.073Z	877
2021-02-21T13:29:18.074Z	879
2021-02-21T13:29:20.075Z	880
2021-02-21T13:29:22.075Z	881
2021-02-21T13:29:24.075Z	882
2021-02-21T13:29:26.076Z	883
2021-02-21T13:29:28.076Z	885
2021-02-21T13:29:30.076Z	886
2021-02-21T13:29:32.076Z	887
2021-02-21T13:29:34.077Z	888
2021-02-21T13:29:36.077Z	889
2021-02-21T13:29:38.077Z	891
2021-02-21T13:29:40.076Z	892
2021-02-21T13:29:42.077Z	893
2021-02-21T13:29:44.078Z	894
2021-02-21T13:29:46.079Z	895
2021-02-21T13:29:48.080Z	896
2021-02-21T13:29:50.080Z	897
2021-02-21T13:29:52.081Z	898
2021-02-21T13:29:54.081Z	899
2021-02-21T13:29:56.081Z	901
2021-02-21T13:29:58.081Z	902
2021-02-21T13:30:00.081Z	903
2021-02-21T13:30:02.082Z	904
2021-02-21T13:30:04.081Z	905
2021-02-21T13:30:06.082Z	906
2021-02-21T13:30:08.081Z	907
2021-02-21T13:30:10.081Z	908
2021-02-21T13:30:12.081Z	909
2021-02-21T13:30:14.081Z	911
2021-02-21T13:30:16.082Z	912
2021-02-21T13:30:18.083Z	913
2021-02-21T13:30:20.083Z	914
2021-02-21T13:30:22.083Z	914
2021-02-21T13:30:24.082Z	916
2021-02-21T13:30:26.082Z	917
2021-02-21T13:30:28.083Z	918
2021-02-21T13:30:30.083Z	919
2021-02-21T13:30:32.084Z	920
2021-02-21T13:30:34.084Z	921
2021-02-21T13:30:36.084Z	922
2021-02-21T13:30:38.084Z	923
2021-02-21T13:30:40.085Z	924
2021-02-21T13:30:42.085Z	925
2021-02-21T13:30:44.084Z	926
2021-02-21T13:30:46.085Z	927
2021-02-21T13:30:48.084Z	928
2021-02-21T13:30:50.085Z	928
2021-02-21T13:30:52.086Z	930
2021-02-21T13:30:54.086Z	931
2021-02-21T13:30:56.086Z	931
2021-02-21T13:30:58.086Z	932
2021-02-21T13:31:00.087Z	933
2021-02-21T13:31:02.087Z	934
2021-02-21T13:31:04.088Z	935
2021-02-21T13:31:06.088Z	936
2021-02-21T13:31:08.087Z	937
=======
2021-02-21T13:13:28.581Z	502
2021-02-21T13:13:30.581Z	503
2021-02-21T13:13:32.581Z	505
2021-02-21T13:13:34.581Z	507
2021-02-21T13:13:36.581Z	509
2021-02-21T13:13:38.581Z	511
2021-02-21T13:13:40.582Z	513
2021-02-21T13:13:42.582Z	515
2021-02-21T13:13:44.582Z	516
2021-02-21T13:13:46.582Z	518
2021-02-21T13:13:48.582Z	520
2021-02-21T13:13:50.583Z	522
2021-02-21T13:13:52.584Z	524
2021-02-21T13:13:54.584Z	526
2021-02-21T13:13:56.585Z	527
2021-02-21T13:13:58.585Z	529
2021-02-21T13:14:00.586Z	531
2021-02-21T13:14:02.586Z	533
2021-02-21T13:14:04.586Z	535
2021-02-21T13:14:06.587Z	537
2021-02-21T13:14:08.587Z	538
2021-02-21T13:14:10.589Z	541
2021-02-21T13:14:12.589Z	542
2021-02-21T13:14:14.589Z	544
2021-02-21T13:14:16.590Z	546
2021-02-21T13:14:18.590Z	547
2021-02-21T13:14:20.590Z	550
2021-02-21T13:14:22.591Z	552
2021-02-21T13:14:24.591Z	553
2021-02-21T13:14:26.593Z	555
2021-02-21T13:14:28.594Z	557
2021-02-21T13:14:30.594Z	559
2021-02-21T13:14:32.593Z	561
2021-02-21T13:14:34.594Z	562
2021-02-21T13:14:36.595Z	564
2021-02-21T13:14:38.596Z	566
2021-02-21T13:14:40.598Z	568
2021-02-21T13:14:42.598Z	570
2021-02-21T13:14:44.597Z	572
2021-02-21T13:14:46.597Z	573
2021-02-21T13:14:48.597Z	576
2021-02-21T13:14:50.598Z	577
2021-02-21T13:14:52.598Z	579
2021-02-21T13:14:54.599Z	581
2021-02-21T13:14:56.599Z	582
2021-02-21T13:14:58.600Z	585
2021-02-21T13:15:00.600Z	586
2021-02-21T13:15:02.601Z	588
2021-02-21T13:15:04.601Z	590
2021-02-21T13:15:06.601Z	591
2021-02-21T13:15:08.602Z	594
2021-02-21T13:15:10.601Z	595
2021-02-21T13:15:12.603Z	597
2021-02-21T13:15:14.603Z	599
2021-02-21T13:15:16.603Z	601
2021-02-21T13:15:18.604Z	603
2021-02-21T13:15:20.603Z	604
2021-02-21T13:15:22.604Z	606
2021-02-21T13:15:24.605Z	608
2021-02-21T13:15:26.604Z	610
2021-02-21T13:15:28.605Z	612
2021-02-21T13:15:30.606Z	613
2021-02-21T13:15:32.606Z	615
2021-02-21T13:15:34.607Z	617
2021-02-21T13:15:36.608Z	619
2021-02-21T13:15:38.608Z	621
2021-02-21T13:15:40.609Z	622
2021-02-21T13:15:42.610Z	624
2021-02-21T13:15:44.610Z	626
2021-02-21T13:15:46.612Z	628
2021-02-21T13:15:48.612Z	630
2021-02-21T13:15:50.612Z	631
2021-02-21T13:15:52.613Z	634
2021-02-21T13:15:54.614Z	635
2021-02-21T13:15:56.614Z	637
2021-02-21T13:15:58.614Z	638
2021-02-21T13:16:00.614Z	640
2021-02-21T13:16:02.614Z	642
2021-02-21T13:16:04.613Z	644
2021-02-21T13:16:06.614Z	646
2021-02-21T13:16:08.615Z	647
2021-02-21T13:16:10.616Z	649
2021-02-21T13:16:12.616Z	651
2021-02-21T13:16:14.617Z	653
2021-02-21T13:16:16.618Z	654
2021-02-21T13:16:18.619Z	656
2021-02-21T13:16:20.620Z	658
2021-02-21T13:16:22.621Z	660
2021-02-21T13:16:24.622Z	662
2021-02-21T13:16:26.623Z	663
2021-02-21T13:16:28.623Z	665
2021-02-21T13:16:30.624Z	667
2021-02-21T13:16:32.625Z	669
2021-02-21T13:16:34.626Z	670
2021-02-21T13:16:36.627Z	672
2021-02-21T13:16:38.628Z	673
2021-02-21T13:16:40.629Z	676
2021-02-21T13:16:42.629Z	677
2021-02-21T13:16:44.629Z	679
2021-02-21T13:16:46.630Z	680
2021-02-21T13:16:48.631Z	683
2021-02-21T13:16:50.631Z	684
2021-02-21T13:16:52.632Z	686
2021-02-21T13:16:54.632Z	687
2021-02-21T13:16:56.633Z	689
2021-02-21T13:16:58.633Z	691
2021-02-21T13:17:00.634Z	693
2021-02-21T13:17:02.633Z	694
2021-02-21T13:17:04.633Z	696
2021-02-21T13:17:06.634Z	698
2021-02-21T13:17:08.633Z	700
2021-02-21T13:17:10.634Z	701
2021-02-21T13:17:12.635Z	703
2021-02-21T13:17:14.636Z	704
2021-02-21T13:17:16.636Z	707
2021-02-21T13:17:18.637Z	708
2021-02-21T13:17:20.636Z	710
2021-02-21T13:17:22.637Z	711
2021-02-21T13:17:24.636Z	713
2021-02-21T13:17:26.637Z	715
2021-02-21T13:17:28.638Z	716
2021-02-21T13:17:30.639Z	718
2021-02-21T13:17:32.639Z	719
2021-02-21T13:17:34.638Z	722
2021-02-21T13:17:36.638Z	723
2021-02-21T13:17:38.639Z	725
2021-02-21T13:17:40.639Z	726
2021-02-21T13:17:42.639Z	728
2021-02-21T13:17:44.639Z	730
2021-02-21T13:17:46.639Z	731
2021-02-21T13:17:48.640Z	733
2021-02-21T13:17:50.640Z	734
2021-02-21T13:17:52.640Z	737
2021-02-21T13:17:54.641Z	738
2021-02-21T13:17:56.642Z	740
2021-02-21T13:17:58.642Z	741
2021-02-21T13:18:00.642Z	742
2021-02-21T13:18:02.643Z	745
2021-02-21T13:18:04.643Z	746
2021-02-21T13:18:06.644Z	748
2021-02-21T13:18:08.645Z	749
2021-02-21T13:18:10.646Z	750
2021-02-21T13:18:12.647Z	753
2021-02-21T13:18:14.647Z	754
2021-02-21T13:18:16.648Z	755
2021-02-21T13:18:18.647Z	757
2021-02-21T13:18:20.647Z	759
2021-02-21T13:18:22.648Z	760
2021-02-21T13:18:24.648Z	762
2021-02-21T13:18:26.649Z	763
2021-02-21T13:18:28.650Z	765
2021-02-21T13:18:30.649Z	767
2021-02-21T13:18:32.651Z	768
2021-02-21T13:18:34.652Z	770
2021-02-21T13:18:36.653Z	771
2021-02-21T13:18:38.654Z	773
2021-02-21T13:18:40.654Z	775
2021-02-21T13:18:42.653Z	776
2021-02-21T13:18:44.654Z	777
2021-02-21T13:18:46.653Z	779
2021-02-21T13:18:48.654Z	781
2021-02-21T13:18:50.653Z	782
2021-02-21T13:18:52.654Z	784
2021-02-21T13:18:54.655Z	785
2021-02-21T13:18:56.655Z	786
2021-02-21T13:18:58.655Z	788
2021-02-21T13:19:00.655Z	790
2021-02-21T13:19:02.655Z	791
2021-02-21T13:19:04.656Z	792
2021-02-21T13:19:06.657Z	795
2021-02-21T13:19:08.657Z	796
2021-02-21T13:19:10.658Z	797
2021-02-21T13:19:12.659Z	799
2021-02-21T13:19:14.660Z	800
2021-02-21T13:19:16.661Z	802
2021-02-21T13:19:18.661Z	803
2021-02-21T13:19:20.661Z	805
2021-02-21T13:19:22.662Z	806
2021-02-21T13:19:24.662Z	808
2021-02-21T13:19:26.662Z	809
2021-02-21T13:19:28.663Z	811
2021-02-21T13:19:30.664Z	812
2021-02-21T13:19:32.664Z	813
2021-02-21T13:19:34.665Z	815
2021-02-21T13:19:36.665Z	816
2021-02-21T13:19:38.665Z	818
2021-02-21T13:19:40.666Z	819
2021-02-21T13:19:42.665Z	820
2021-02-21T13:19:44.666Z	822
2021-02-21T13:19:46.667Z	823
2021-02-21T13:19:48.668Z	825
2021-02-21T13:19:50.668Z	826
2021-02-21T13:19:52.670Z	828
2021-02-21T13:19:54.670Z	829
2021-02-21T13:19:56.671Z	830
2021-02-21T13:19:58.672Z	832
2021-02-21T13:20:00.672Z	833
2021-02-21T13:20:02.673Z	835
2021-02-21T13:20:04.674Z	836
2021-02-21T13:20:06.674Z	837
2021-02-21T13:20:08.675Z	838
2021-02-21T13:20:10.675Z	840
2021-02-21T13:20:12.676Z	842
2021-02-21T13:20:14.676Z	843
2021-02-21T13:20:16.676Z	844
2021-02-21T13:20:18.676Z	845
2021-02-21T13:20:20.676Z	846
2021-02-21T13:20:22.678Z	848
2021-02-21T13:20:24.678Z	849
2021-02-21T13:20:26.679Z	851
2021-02-21T13:20:28.679Z	852
2021-02-21T13:20:30.680Z	854
2021-02-21T13:20:32.681Z	855
2021-02-21T13:20:34.682Z	856
2021-02-21T13:20:36.683Z	857
2021-02-21T13:20:38.684Z	858
2021-02-21T13:20:40.684Z	860
2021-02-21T13:20:42.686Z	861
2021-02-21T13:20:44.686Z	862
2021-02-21T13:20:46.686Z	863
2021-02-21T13:20:48.688Z	865
2021-02-21T13:20:50.688Z	866
2021-02-21T13:20:52.687Z	867
2021-02-21T13:20:54.689Z	869
2021-02-21T13:20:56.689Z	870
2021-02-21T13:20:58.691Z	871
2021-02-21T13:21:00.691Z	873
2021-02-21T13:21:02.692Z	874
2021-02-21T13:21:04.693Z	875
2021-02-21T13:21:06.693Z	876
2021-02-21T13:21:08.694Z	877
2021-02-21T13:21:10.695Z	879
2021-02-21T13:21:12.696Z	880
2021-02-21T13:21:14.696Z	881
2021-02-21T13:21:16.696Z	882
2021-02-21T13:21:18.697Z	883
2021-02-21T13:21:20.698Z	884
2021-02-21T13:21:22.697Z	886
2021-02-21T13:21:24.699Z	887
2021-02-21T13:21:26.699Z	888
2021-02-21T13:21:28.699Z	889
2021-02-21T13:21:30.699Z	890
2021-02-21T13:21:32.700Z	891
2021-02-21T13:21:34.700Z	893
2021-02-21T13:21:36.702Z	894
2021-02-21T13:21:38.702Z	895
2021-02-21T13:21:40.703Z	896
2021-02-21T13:21:42.703Z	897
2021-02-21T13:21:44.705Z	899
2021-02-21T13:21:46.705Z	900
2021-02-21T13:21:48.708Z	901
2021-02-21T13:21:50.708Z	902
2021-02-21T13:21:52.709Z	903
2021-02-21T13:21:54.710Z	904
2021-02-21T13:21:56.711Z	905
2021-02-21T13:21:58.711Z	906
2021-02-21T13:22:00.711Z	907
2021-02-21T13:22:02.712Z	908
2021-02-21T13:22:04.712Z	909
2021-02-21T13:22:06.713Z	910
2021-02-21T13:22:08.712Z	911
2021-02-21T13:22:10.713Z	913
2021-02-21T13:22:12.712Z	914
2021-02-21T13:22:14.713Z	915
2021-02-21T13:22:16.713Z	915
2021-02-21T13:22:18.715Z	916
2021-02-21T13:22:20.714Z	918
2021-02-21T13:22:22.715Z	919
2021-02-21T13:22:24.716Z	920
2021-02-21T13:22:26.716Z	921
2021-02-21T13:22:28.716Z	921
2021-02-21T13:22:30.716Z	923
2021-02-21T13:22:32.717Z	924
2021-02-21T13:22:34.718Z	925
2021-02-21T13:22:36.718Z	925
2021-02-21T13:22:38.719Z	927
2021-02-21T13:22:40.719Z	928
2021-02-21T13:22:42.720Z	928
2021-02-21T13:22:44.722Z	929
2021-02-21T13:22:46.722Z	930
2021-02-21T13:22:48.723Z	931
2021-02-21T13:22:50.724Z	932
2021-02-21T13:22:52.723Z	933
2021-02-21T13:22:54.724Z	934
2021-02-21T13:22:56.725Z	935
2021-02-21T13:22:58.725Z	936
2021-02-21T13:23:00.726Z	937
2021-02-21T13:23:02.727Z	938
2021-02-21T13:23:04.727Z	938
2021-02-21T13:23:06.727Z	940
2021-02-21T13:23:08.728Z	940
2021-02-21T13:23:10.728Z	941
2021-02-21T13:23:12.729Z	942
2021-02-21T13:23:14.730Z	943
2021-02-21T13:23:16.730Z	944
2021-02-21T13:23:18.732Z	945
2021-02-21T13:23:20.732Z	945
2021-02-21T13:23:22.733Z	946
2021-02-21T13:23:24.734Z	947
2021-02-21T13:23:26.735Z	948
2021-02-21T13:23:28.736Z	949
2021-02-21T13:23:30.737Z	950
2021-02-21T13:23:32.738Z	950
2021-02-21T13:23:34.739Z	951
2021-02-21T13:23:36.739Z	952
2021-02-21T13:23:38.739Z	953
2021-02-21T13:23:40.740Z	954
2021-02-21T13:23:42.740Z	955
2021-02-21T13:23:44.741Z	955
2021-02-21T13:23:46.741Z	956
2021-02-21T13:23:48.742Z	957
2021-02-21T13:23:50.743Z	957
2021-02-21T13:23:52.743Z	958
2021-02-21T13:23:54.744Z	959
2021-02-21T13:23:56.744Z	960
2021-02-21T13:23:58.743Z	960
2021-02-21T13:24:00.743Z	961
2021-02-21T13:24:02.744Z	962
2021-02-21T13:24:04.745Z	963
2021-02-21T13:24:06.745Z	963
2021-02-21T13:24:08.744Z	964
2021-02-21T13:24:10.745Z	965
2021-02-21T13:24:12.745Z	965
2021-02-21T13:24:14.745Z	966
2021-02-21T13:24:16.745Z	967
2021-02-21T13:24:18.746Z	967
2021-02-21T13:24:20.746Z	968
2021-02-21T13:24:22.746Z	969
2021-02-21T13:24:24.746Z	969
2021-02-21T13:24:26.749Z	970
2021-02-21T13:24:28.748Z	971
2021-02-21T13:24:30.749Z	971
2021-02-21T13:24:32.751Z	972
2021-02-21T13:24:34.751Z	972
2021-02-21T13:24:36.751Z	973
2021-02-21T13:24:38.752Z	974
2021-02-21T13:24:40.753Z	974
2021-02-21T13:24:42.754Z	975
2021-02-21T13:24:44.755Z	975
2021-02-21T13:24:46.755Z	976
2021-02-21T13:24:48.755Z	977
2021-02-21T13:24:50.755Z	977
2021-02-21T13:24:52.755Z	978
2021-02-21T13:24:54.756Z	978
2021-02-21T13:24:56.756Z	979
2021-02-21T13:24:58.756Z	979
2021-02-21T13:25:00.757Z	980
2021-02-21T13:25:02.758Z	980
2021-02-21T13:25:04.758Z	981
2021-02-21T13:25:06.758Z	981
2021-02-21T13:25:08.758Z	982
2021-02-21T13:25:10.759Z	982
2021-02-21T13:25:12.759Z	983
2021-02-21T13:25:14.758Z	983
2021-02-21T13:25:16.759Z	984
2021-02-21T13:25:18.759Z	984
2021-02-21T13:25:20.760Z	985
2021-02-21T13:25:22.760Z	985
2021-02-21T13:25:24.761Z	986
2021-02-21T13:25:26.761Z	986
2021-02-21T13:25:28.762Z	986
2021-02-21T13:25:30.762Z	987
2021-02-21T13:25:34.700Z	502
2021-02-21T13:25:36.699Z	503
2021-02-21T13:25:38.700Z	505
2021-02-21T13:25:40.700Z	507
2021-02-21T13:25:42.701Z	509
2021-02-21T13:25:44.701Z	511
2021-02-21T13:25:46.701Z	513
2021-02-21T13:25:48.702Z	514
2021-02-21T13:25:50.702Z	516
2021-02-21T13:25:52.703Z	518
2021-02-21T13:25:54.704Z	520
2021-02-21T13:25:56.703Z	522
2021-02-21T13:25:58.704Z	523
2021-02-21T13:26:00.705Z	526
2021-02-21T13:26:04.722Z	501
2021-02-21T13:26:06.721Z	504
2021-02-21T13:26:08.722Z	505
2021-02-21T13:26:10.723Z	507
2021-02-21T13:26:12.723Z	509
2021-02-21T13:26:14.723Z	511
2021-02-21T13:26:16.723Z	513
2021-02-21T13:26:18.723Z	514
2021-02-21T13:26:20.725Z	516
2021-02-21T13:26:22.725Z	518
2021-02-21T13:26:24.726Z	520
2021-02-21T13:26:27.739Z	502
2021-02-21T13:26:29.740Z	503
2021-02-21T13:26:31.745Z	505
2021-02-21T13:26:33.744Z	507
2021-02-21T13:26:35.745Z	509
2021-02-21T13:26:38.720Z	502
2021-02-21T13:26:40.721Z	504
2021-02-21T13:26:42.722Z	505
2021-02-21T13:26:44.722Z	507
2021-02-21T13:26:46.725Z	509
2021-02-21T13:26:48.726Z	511
2021-02-21T13:26:50.727Z	513
2021-02-21T13:26:52.726Z	514
2021-02-21T13:26:54.728Z	516
2021-02-21T13:26:56.731Z	518
2021-02-21T13:26:58.731Z	520
2021-02-21T13:27:00.733Z	522
2021-02-21T13:27:02.733Z	524
2021-02-21T13:27:04.732Z	525
2021-02-21T13:27:06.732Z	528
2021-02-21T13:27:08.733Z	529
2021-02-21T13:27:10.736Z	531
2021-02-21T13:27:12.735Z	533
2021-02-21T13:27:14.735Z	534
2021-02-21T13:27:16.736Z	537
2021-02-21T13:27:18.736Z	539
2021-02-21T13:27:20.737Z	540
2021-02-21T13:27:22.737Z	542
2021-02-21T13:27:24.738Z	544
2021-02-21T13:27:26.737Z	546
2021-02-21T13:27:28.739Z	548
2021-02-21T13:27:30.740Z	549
2021-02-21T13:27:32.740Z	551
2021-02-21T13:27:34.741Z	554
2021-02-21T13:27:36.741Z	555
2021-02-21T13:27:38.743Z	557
2021-02-21T13:27:40.744Z	558
2021-02-21T13:27:42.745Z	561
2021-02-21T13:27:44.745Z	563
2021-02-21T13:27:46.746Z	564
2021-02-21T13:27:48.745Z	566
2021-02-21T13:27:50.748Z	568
2021-02-21T13:27:52.748Z	570
2021-02-21T13:27:54.747Z	572
2021-02-21T13:27:56.750Z	573
2021-02-21T13:27:58.749Z	575
2021-02-21T13:28:00.750Z	577
2021-02-21T13:28:02.750Z	579
2021-02-21T13:28:04.749Z	581
2021-02-21T13:28:06.752Z	582
2021-02-21T13:28:08.752Z	584
2021-02-21T13:28:10.752Z	587
2021-02-21T13:28:12.753Z	588
2021-02-21T13:28:14.756Z	590
2021-02-21T13:28:16.756Z	592
2021-02-21T13:28:18.756Z	593
2021-02-21T13:28:20.759Z	596
2021-02-21T13:28:22.758Z	597
2021-02-21T13:28:24.759Z	599
2021-02-21T13:28:26.759Z	601
2021-02-21T13:28:28.761Z	603
2021-02-21T13:28:30.763Z	605
2021-02-21T13:28:32.763Z	606
2021-02-21T13:28:34.763Z	608
2021-02-21T13:28:36.763Z	609
2021-02-21T13:28:38.763Z	612
2021-02-21T13:28:40.764Z	614
2021-02-21T13:28:42.765Z	615
2021-02-21T13:28:44.766Z	617
2021-02-21T13:28:46.765Z	619
2021-02-21T13:28:48.766Z	621
2021-02-21T13:28:50.766Z	622
2021-02-21T13:28:52.766Z	624
2021-02-21T13:28:54.767Z	626
2021-02-21T13:28:56.766Z	628
2021-02-21T13:28:58.767Z	630
2021-02-21T13:29:00.767Z	631
2021-02-21T13:29:02.767Z	633
2021-02-21T13:29:04.767Z	635
2021-02-21T13:29:06.767Z	637
2021-02-21T13:29:08.768Z	639
2021-02-21T13:29:10.768Z	640
2021-02-21T13:29:12.768Z	642
2021-02-21T13:29:14.768Z	644
2021-02-21T13:29:16.770Z	646
2021-02-21T13:29:18.770Z	647
2021-02-21T13:29:20.770Z	649
2021-02-21T13:29:22.771Z	651
2021-02-21T13:29:24.771Z	653
2021-02-21T13:29:26.771Z	655
2021-02-21T13:29:28.773Z	656
2021-02-21T13:29:30.773Z	658
2021-02-21T13:29:32.775Z	660
2021-02-21T13:29:34.774Z	662
2021-02-21T13:29:36.775Z	663
2021-02-21T13:29:38.776Z	665
2021-02-21T13:29:40.776Z	666
2021-02-21T13:29:42.776Z	669
2021-02-21T13:29:44.776Z	670
2021-02-21T13:29:46.777Z	672
2021-02-21T13:29:48.779Z	673
2021-02-21T13:29:50.779Z	676
2021-02-21T13:29:52.782Z	677
2021-02-21T13:29:54.782Z	679
2021-02-21T13:29:56.782Z	681
2021-02-21T13:29:58.782Z	682
2021-02-21T13:30:00.782Z	684
2021-02-21T13:30:02.782Z	686
2021-02-21T13:30:04.782Z	687
2021-02-21T13:30:06.783Z	689
2021-02-21T13:30:08.783Z	691
2021-02-21T13:30:10.784Z	693
2021-02-21T13:30:12.784Z	694
2021-02-21T13:30:14.784Z	696
2021-02-21T13:30:16.786Z	698
2021-02-21T13:30:18.787Z	700
2021-02-21T13:30:20.788Z	701
2021-02-21T13:30:22.790Z	703
2021-02-21T13:30:24.790Z	704
2021-02-21T13:30:26.790Z	706
2021-02-21T13:30:28.790Z	708
2021-02-21T13:30:30.791Z	710
2021-02-21T13:30:32.792Z	711
2021-02-21T13:30:34.792Z	713
2021-02-21T13:30:36.792Z	715
2021-02-21T13:30:38.792Z	717
2021-02-21T13:30:40.792Z	718
2021-02-21T13:30:42.793Z	720
2021-02-21T13:30:44.793Z	721
2021-02-21T13:30:46.795Z	723
2021-02-21T13:30:48.795Z	725
2021-02-21T13:30:50.795Z	726
2021-02-21T13:30:52.798Z	728
2021-02-21T13:30:54.798Z	730
2021-02-21T13:30:56.799Z	731
2021-02-21T13:30:58.799Z	733
2021-02-21T13:31:00.799Z	734
2021-02-21T13:31:02.799Z	736
2021-02-21T13:31:04.800Z	738
2021-02-21T13:31:06.801Z	740
2021-02-21T13:31:08.801Z	741
2021-02-21T13:31:10.803Z	742
2021-02-21T13:31:12.802Z	745
2021-02-21T13:31:14.803Z	746
2021-02-21T13:31:16.803Z	748
2021-02-21T13:31:18.804Z	749
2021-02-21T13:31:20.803Z	751
2021-02-21T13:31:22.804Z	753
2021-02-21T13:31:24.804Z	754
2021-02-21T13:31:26.805Z	756
2021-02-21T13:31:28.805Z	757
2021-02-21T13:31:30.807Z	758
2021-02-21T13:31:32.807Z	761
2021-02-21T13:31:34.808Z	762
2021-02-21T13:31:36.809Z	763
2021-02-21T13:31:38.810Z	765
2021-02-21T13:31:40.810Z	766
2021-02-21T13:31:42.812Z	768
2021-02-21T13:31:44.813Z	770
2021-02-21T13:31:46.814Z	771
2021-02-21T13:31:48.814Z	773
2021-02-21T13:31:50.815Z	775
2021-02-21T13:31:52.816Z	776
2021-02-21T13:31:54.817Z	777
2021-02-21T13:31:56.817Z	779
2021-02-21T13:31:58.817Z	780
2021-02-21T13:32:00.818Z	782
2021-02-21T13:32:02.818Z	784
2021-02-21T13:32:04.818Z	785
2021-02-21T13:32:06.819Z	786
2021-02-21T13:32:08.821Z	788
2021-02-21T13:32:10.822Z	790
2021-02-21T13:32:12.821Z	791
2021-02-21T13:32:14.822Z	793
2021-02-21T13:32:16.821Z	794
2021-02-21T13:32:18.822Z	796
2021-02-21T13:32:20.823Z	797
2021-02-21T13:32:22.824Z	799
2021-02-21T13:32:24.825Z	800
2021-02-21T13:32:26.826Z	802
2021-02-21T13:32:28.826Z	803
2021-02-21T13:32:30.827Z	805
2021-02-21T13:32:32.830Z	806
2021-02-21T13:32:34.830Z	807
2021-02-21T13:32:36.830Z	809
2021-02-21T13:32:38.830Z	811
2021-02-21T13:32:40.831Z	812
2021-02-21T13:32:42.831Z	813
2021-02-21T13:32:44.832Z	815
2021-02-21T13:32:46.833Z	816
2021-02-21T13:32:48.834Z	818
2021-02-21T13:32:50.835Z	819
2021-02-21T13:32:52.836Z	820
2021-02-21T13:32:54.836Z	822
2021-02-21T13:32:56.836Z	823
2021-02-21T13:32:58.837Z	825
2021-02-21T13:33:00.839Z	826
2021-02-21T13:33:02.839Z	827
2021-02-21T13:33:04.838Z	829
2021-02-21T13:33:06.839Z	830
2021-02-21T13:33:08.839Z	832
2021-02-21T13:33:10.839Z	833
2021-02-21T13:33:12.839Z	835
2021-02-21T13:33:14.838Z	836
2021-02-21T13:33:16.839Z	837
2021-02-21T13:33:18.838Z	838
2021-02-21T13:33:20.840Z	840
2021-02-21T13:33:22.841Z	841
2021-02-21T13:33:24.842Z	843
2021-02-21T13:33:26.843Z	844
2021-02-21T13:33:28.845Z	845
2021-02-21T13:33:30.845Z	847
2021-02-21T13:33:32.845Z	848
2021-02-21T13:33:34.847Z	849
2021-02-21T13:33:36.848Z	851
2021-02-21T13:33:38.847Z	852
2021-02-21T13:33:40.848Z	854
2021-02-21T13:33:42.848Z	855
2021-02-21T13:33:44.849Z	856
2021-02-21T13:33:46.850Z	857
2021-02-21T13:33:48.850Z	859
2021-02-21T13:33:50.851Z	860
2021-02-21T13:33:52.852Z	861
2021-02-21T13:33:54.853Z	862
2021-02-21T13:33:56.854Z	863
2021-02-21T13:33:58.854Z	865
2021-02-21T13:34:00.855Z	866
2021-02-21T13:34:02.855Z	867
2021-02-21T13:34:04.856Z	869
2021-02-21T13:34:06.856Z	870
2021-02-21T13:34:08.856Z	871
2021-02-21T13:34:10.856Z	872
2021-02-21T13:34:12.857Z	874
2021-02-21T13:34:14.857Z	875
2021-02-21T13:34:16.857Z	876
2021-02-21T13:34:18.858Z	877
2021-02-21T13:34:20.858Z	879
2021-02-21T13:34:22.858Z	880
2021-02-21T13:34:24.858Z	881
2021-02-21T13:34:26.859Z	882
2021-02-21T13:34:28.859Z	883
2021-02-21T13:34:30.860Z	884
2021-02-21T13:34:32.860Z	886
2021-02-21T13:34:34.861Z	887
2021-02-21T13:34:36.861Z	888
2021-02-21T13:34:38.862Z	889
2021-02-21T13:34:40.863Z	890
2021-02-21T13:34:42.864Z	891
2021-02-21T13:34:44.865Z	893
2021-02-21T13:34:46.866Z	894
2021-02-21T13:34:48.865Z	895
2021-02-21T13:34:50.865Z	896
2021-02-21T13:34:52.866Z	897
2021-02-21T13:34:54.866Z	898
2021-02-21T13:34:56.866Z	899
2021-02-21T13:34:58.867Z	900
2021-02-21T13:35:00.867Z	901
2021-02-21T13:35:02.866Z	903
2021-02-21T13:35:04.867Z	904
2021-02-21T13:35:06.869Z	905
2021-02-21T13:35:08.869Z	906
2021-02-21T13:35:10.870Z	907
2021-02-21T13:35:12.869Z	908
2021-02-21T13:35:14.870Z	909
2021-02-21T13:35:16.871Z	910
2021-02-21T13:35:18.872Z	911
2021-02-21T13:35:20.873Z	913
2021-02-21T13:35:22.872Z	914
2021-02-21T13:35:24.874Z	915
2021-02-21T13:35:26.874Z	915
2021-02-21T13:35:28.874Z	916
2021-02-21T13:35:30.874Z	918
2021-02-21T13:35:32.875Z	919
2021-02-21T13:35:34.875Z	920
2021-02-21T13:35:36.877Z	920
2021-02-21T13:35:38.878Z	921
2021-02-21T13:35:40.878Z	923
2021-02-21T13:35:42.878Z	924
2021-02-21T13:35:44.877Z	924
2021-02-21T13:35:46.877Z	925
2021-02-21T13:35:48.878Z	927
2021-02-21T13:35:50.879Z	928
2021-02-21T13:35:52.880Z	928
2021-02-21T13:35:54.879Z	929
2021-02-21T13:35:56.879Z	930
2021-02-21T13:35:58.880Z	931
2021-02-21T13:36:00.880Z	932
2021-02-21T13:36:02.881Z	933
2021-02-21T13:36:04.881Z	934
2021-02-21T13:36:06.881Z	935
2021-02-21T13:36:08.882Z	936
2021-02-21T13:36:10.882Z	937
2021-02-21T13:36:12.883Z	938
2021-02-21T13:36:14.883Z	938
2021-02-21T13:36:16.885Z	940
2021-02-21T13:36:18.885Z	940
2021-02-21T13:36:20.887Z	941
2021-02-21T13:36:22.888Z	942
2021-02-21T13:36:24.888Z	943
2021-02-21T13:36:26.890Z	944
2021-02-21T13:36:28.890Z	945
2021-02-21T13:36:30.891Z	945
2021-02-21T13:36:32.890Z	946
2021-02-21T13:36:34.891Z	947
2021-02-21T13:36:36.891Z	948
2021-02-21T13:36:38.892Z	949
2021-02-21T13:36:40.892Z	950
2021-02-21T13:36:42.894Z	950
2021-02-21T13:36:44.893Z	951
2021-02-21T13:36:46.894Z	952
2021-02-21T13:36:48.895Z	953
2021-02-21T13:36:50.896Z	953
2021-02-21T13:36:52.898Z	955
2021-02-21T13:36:54.900Z	955
2021-02-21T13:36:56.901Z	956
2021-02-21T13:36:58.901Z	957
2021-02-21T13:37:00.902Z	957
>>>>>>> Dania
2021-02-21T13:46:50.457Z	502
2021-02-21T13:46:52.458Z	503
2021-02-21T13:46:54.457Z	505
2021-02-21T13:46:57.564Z	507
2021-02-21T13:46:59.564Z	510
2021-02-21T13:47:01.565Z	512
2021-02-21T13:47:03.564Z	513
2021-02-21T13:47:05.564Z	516
2021-02-21T13:47:07.565Z	517
2021-02-21T13:47:09.565Z	519
2021-02-21T13:47:11.564Z	521
2021-02-21T13:47:13.564Z	523
2021-02-21T13:47:15.564Z	525
2021-02-21T13:47:17.564Z	527
2021-02-21T13:47:19.564Z	528
2021-02-21T13:47:21.565Z	530
2021-02-21T13:47:23.565Z	532
2021-02-21T13:47:25.565Z	534
2021-02-21T13:47:27.565Z	536
2021-02-21T13:47:29.565Z	537
2021-02-21T13:47:31.565Z	540
2021-02-21T13:47:33.566Z	542
2021-02-21T13:47:35.569Z	543
2021-02-21T13:47:37.571Z	545
2021-02-21T13:47:39.572Z	547
2021-02-21T13:47:41.571Z	549
2021-02-21T13:47:43.572Z	551
2021-02-21T13:47:45.571Z	552
2021-02-21T13:47:47.572Z	554
2021-02-21T13:47:49.573Z	556
2021-02-21T13:47:51.573Z	558
2021-02-21T13:47:53.573Z	560
2021-02-21T13:47:55.572Z	562
2021-02-21T13:47:57.572Z	563
2021-02-21T13:47:59.572Z	565
2021-02-21T13:48:02.073Z	568
2021-02-21T13:48:04.074Z	570
2021-02-21T13:48:06.076Z	571
2021-02-21T13:48:08.105Z	573
2021-02-21T13:48:10.106Z	575
2021-02-21T13:48:12.107Z	577
2021-02-21T13:48:14.107Z	578
2021-02-21T13:48:16.107Z	581
2021-02-21T13:48:18.107Z	583
2021-02-21T13:48:20.108Z	584
2021-02-21T13:48:22.108Z	586
2021-02-21T13:48:24.108Z	587
2021-02-21T13:48:26.109Z	590
2021-02-21T13:48:28.109Z	592
2021-02-21T13:48:30.109Z	593
2021-02-21T13:48:32.112Z	595
2021-02-21T13:48:34.112Z	596
2021-02-21T13:48:36.113Z	599
2021-02-21T13:48:38.113Z	601
2021-02-21T13:48:40.113Z	602
2021-02-21T13:48:42.113Z	604
2021-02-21T13:48:44.114Z	606
2021-02-21T13:48:46.114Z	608
2021-02-21T13:48:48.114Z	610
2021-02-21T13:48:50.114Z	611
2021-02-21T13:48:52.115Z	613
2021-02-21T13:48:54.114Z	615
2021-02-21T13:48:56.115Z	617
2021-02-21T13:48:58.115Z	619
2021-02-21T13:49:00.115Z	620
2021-02-21T13:49:02.115Z	623
2021-02-21T13:49:04.116Z	624
2021-02-21T13:49:06.116Z	626
2021-02-21T13:49:08.116Z	627
2021-02-21T13:49:10.116Z	629
2021-02-21T13:49:12.117Z	631
2021-02-21T13:49:14.117Z	633
2021-02-21T13:49:16.116Z	635
2021-02-21T13:49:18.116Z	636
2021-02-21T13:49:20.116Z	638
2021-02-21T13:49:22.116Z	640
2021-02-21T13:49:24.116Z	642
2021-02-21T13:49:26.116Z	644
2021-02-21T13:49:28.117Z	645
2021-02-21T13:49:30.116Z	648
2021-02-21T13:49:32.116Z	649
2021-02-21T13:49:34.117Z	651
2021-02-21T13:49:36.116Z	652
2021-02-21T13:49:38.116Z	654
2021-02-21T13:49:40.117Z	656
2021-02-21T13:49:42.117Z	658
2021-02-21T13:49:44.117Z	659
2021-02-21T13:49:46.117Z	661
2021-02-21T13:49:48.118Z	663
2021-02-21T13:49:50.117Z	665
2021-02-21T13:49:52.117Z	667
2021-02-21T13:49:54.117Z	668
2021-02-21T13:49:56.118Z	670
2021-02-21T13:49:58.135Z	672
2021-02-21T13:50:00.135Z	674
2021-02-21T13:50:02.142Z	675
2021-02-21T13:50:04.143Z	677
2021-02-21T13:50:06.143Z	678
2021-02-21T13:50:08.143Z	681
2021-02-21T13:50:10.144Z	682
2021-02-21T13:50:12.144Z	684
2021-02-21T13:50:14.144Z	685
2021-02-21T13:50:16.143Z	688
2021-02-21T13:50:18.143Z	689
2021-02-21T13:50:20.144Z	691
2021-02-21T13:50:22.143Z	692
2021-02-21T13:50:24.143Z	694
2021-02-21T13:50:26.144Z	696
2021-02-21T13:50:28.145Z	698
2021-02-21T13:50:30.145Z	699
2021-02-21T13:50:32.146Z	701
2021-02-21T13:50:34.146Z	703
2021-02-21T13:50:36.146Z	705
2021-02-21T13:50:38.147Z	706
2021-02-21T13:50:40.147Z	708
2021-02-21T13:50:42.146Z	709
2021-02-21T13:50:44.147Z	711
2021-02-21T13:50:46.147Z	713
2021-02-21T13:50:48.146Z	714
2021-02-21T13:50:50.147Z	716
2021-02-21T13:50:52.148Z	717
2021-02-21T13:50:54.148Z	720
2021-02-21T13:50:56.148Z	721
2021-02-21T13:50:58.148Z	723
2021-02-21T13:51:00.148Z	725
2021-02-21T13:51:02.148Z	726
2021-02-21T13:51:04.148Z	728
2021-02-21T13:51:06.148Z	729
2021-02-21T13:51:08.148Z	731
2021-02-21T13:51:10.147Z	733
2021-02-21T13:51:12.148Z	734
2021-02-21T13:51:14.147Z	736
2021-02-21T13:51:16.147Z	737
2021-02-21T13:51:18.148Z	739
2021-02-21T13:51:20.147Z	741
2021-02-21T13:51:22.147Z	742
2021-02-21T13:51:24.147Z	744
2021-02-21T13:51:26.147Z	746
2021-02-21T13:51:28.148Z	747
2021-02-21T13:51:30.147Z	749
2021-02-21T13:51:32.149Z	750
2021-02-21T13:51:34.149Z	752
2021-02-21T13:51:36.150Z	754
2021-02-21T13:51:38.149Z	755
2021-02-21T13:51:40.149Z	757
2021-02-21T13:51:42.150Z	758
2021-02-21T13:51:44.150Z	760
2021-02-21T14:09:02.487Z	502
2021-02-21T14:09:04.487Z	503
2021-02-21T14:09:06.487Z	505
2021-02-21T14:09:08.487Z	508
2021-02-21T14:09:10.487Z	509
2021-02-21T14:09:12.488Z	511
2021-02-21T14:09:14.487Z	513
2021-02-21T14:09:16.488Z	514
2021-02-21T14:09:18.488Z	517
2021-02-21T14:09:20.488Z	518
2021-02-21T14:20:32.546Z	503
2021-02-21T14:20:34.546Z	505
2021-02-21T14:20:36.546Z	507
2021-02-21T14:20:38.546Z	509
2021-02-21T14:20:40.545Z	511
2021-02-21T14:20:42.546Z	513
2021-02-21T14:20:44.547Z	514
2021-02-21T14:20:46.547Z	517
2021-02-21T14:20:48.547Z	518
2021-02-21T14:20:50.548Z	520
2021-02-21T14:20:52.549Z	522
2021-02-21T14:20:54.549Z	523
2021-02-21T14:20:56.550Z	526
2021-02-21T14:20:58.550Z	528
2021-02-21T14:21:00.550Z	529
2021-02-21T14:21:02.551Z	531
2021-02-21T14:21:04.551Z	533
2021-02-21T14:21:06.552Z	535
2021-02-21T14:21:08.552Z	537
2021-02-21T14:21:10.552Z	538
2021-02-21T14:21:12.551Z	540
2021-02-21T14:21:14.552Z	543
2021-02-21T14:21:16.552Z	544
2021-02-21T14:21:18.553Z	546
2021-02-21T14:21:20.554Z	548
2021-02-21T14:21:22.554Z	549
2021-02-21T14:21:24.555Z	552
2021-02-21T14:21:26.555Z	553
2021-02-21T14:21:28.556Z	555
2021-02-21T14:21:30.556Z	557
2021-02-21T14:21:32.555Z	559
2021-02-21T14:21:34.556Z	561
2021-02-21T14:21:36.557Z	563
2021-02-21T14:21:38.557Z	564
2021-02-21T14:21:40.558Z	566
2021-02-21T14:21:42.559Z	568
2021-02-21T14:21:44.560Z	570
2021-02-21T14:21:46.561Z	572
2021-02-21T14:21:48.561Z	573
2021-02-21T14:21:50.561Z	575
2021-02-21T14:21:52.562Z	577
2021-02-21T14:21:54.562Z	579
2021-02-21T14:21:56.562Z	581
2021-02-21T14:21:58.563Z	582
2021-02-21T14:22:00.562Z	585
2021-02-21T14:22:02.562Z	586
2021-02-21T14:22:04.563Z	588
2021-02-21T14:22:06.563Z	590
2021-02-21T14:22:08.563Z	591
2021-02-21T14:22:10.564Z	594
2021-02-21T14:22:12.563Z	596
2021-02-21T14:22:14.564Z	597
2021-02-21T14:22:16.565Z	599
2021-02-21T14:22:18.565Z	600
2021-02-21T14:22:20.565Z	603
2021-02-21T14:22:22.565Z	605
2021-02-21T14:22:24.566Z	606
2021-02-21T14:22:26.566Z	608
2021-02-21T14:22:28.567Z	610
2021-02-21T14:22:30.566Z	612
2021-02-21T14:22:32.567Z	613
2021-02-21T14:22:34.567Z	615
2021-02-21T14:22:36.568Z	617
2021-02-21T14:22:38.569Z	619
2021-02-21T14:22:45.623Z	503
2021-02-21T14:22:47.624Z	505
2021-02-21T14:22:49.625Z	507
2021-02-21T14:22:51.625Z	509
2021-02-21T14:22:53.626Z	511
2021-02-21T14:22:55.625Z	513
2021-02-21T14:22:57.626Z	514
2021-02-21T14:22:59.625Z	517
2021-02-21T14:23:01.625Z	518
2021-02-21T14:23:03.626Z	520
2021-02-21T14:23:05.626Z	522
2021-02-21T14:23:07.627Z	523
2021-02-21T14:23:09.628Z	526
2021-02-21T14:23:11.629Z	528
2021-02-21T14:23:13.630Z	529
2021-02-21T14:23:15.631Z	531
2021-02-21T14:23:17.631Z	533
2021-02-21T14:23:19.631Z	535
2021-02-21T14:23:21.632Z	537
2021-02-21T14:23:23.633Z	538
2021-02-21T14:23:25.633Z	540
2021-02-21T14:23:27.633Z	543
2021-02-21T14:23:29.633Z	544
2021-02-21T14:23:31.634Z	546
2021-02-21T14:23:33.635Z	548
2021-02-21T14:23:35.635Z	549
2021-02-21T14:23:37.634Z	552
2021-02-21T14:23:39.634Z	553
2021-02-21T14:23:41.635Z	555
2021-02-21T14:23:43.635Z	557
2021-02-21T14:23:45.635Z	559
2021-02-21T14:23:47.636Z	561
2021-02-21T14:23:49.635Z	563
2021-02-21T14:23:51.635Z	564
2021-02-21T14:23:53.636Z	566
2021-02-21T14:23:55.637Z	568
2021-02-21T14:23:57.638Z	570
2021-02-21T14:23:59.637Z	572
2021-02-21T14:24:01.637Z	573
2021-02-21T14:24:03.638Z	575
2021-02-21T14:24:05.638Z	577
2021-02-21T14:24:07.638Z	579
2021-02-21T14:24:09.639Z	581
2021-02-21T14:24:11.639Z	582
2021-02-21T14:24:13.638Z	585
2021-02-21T14:24:15.639Z	586
2021-02-21T14:24:17.639Z	588
2021-02-21T14:24:19.639Z	590
2021-02-21T14:24:21.639Z	591
2021-02-21T14:24:23.640Z	594
2021-02-21T14:24:25.641Z	596
2021-02-21T14:24:27.641Z	597
2021-02-21T14:24:29.641Z	599
2021-02-21T14:24:31.641Z	600
2021-02-21T14:24:33.642Z	603
2021-02-21T14:24:35.641Z	605
2021-02-21T14:24:37.642Z	606
2021-02-21T14:24:39.642Z	608
2021-02-21T14:24:41.643Z	610
2021-02-21T14:24:43.644Z	612
2021-02-21T14:24:45.643Z	613
2021-02-21T14:24:47.644Z	615
2021-02-21T14:24:49.645Z	617
2021-02-21T14:24:51.644Z	619
2021-02-21T14:24:53.644Z	621
2021-02-21T14:24:55.644Z	622
2021-02-21T14:24:57.645Z	624
2021-02-21T14:24:59.645Z	626
2021-02-21T14:25:01.645Z	628
2021-02-21T14:25:03.645Z	630
2021-02-21T14:25:05.646Z	631
2021-02-21T14:25:07.647Z	633
2021-02-21T14:25:09.648Z	635
2021-02-21T14:25:11.649Z	637
2021-02-21T14:25:13.649Z	639
2021-02-21T14:25:15.650Z	640
2021-02-21T14:25:17.649Z	642
2021-02-21T14:25:19.649Z	644
2021-02-21T14:25:21.649Z	646
2021-02-21T14:25:23.650Z	647
2021-02-21T14:25:25.651Z	649
2021-02-21T14:25:27.652Z	651
2021-02-21T14:25:29.652Z	653
2021-02-21T14:25:31.652Z	655
2021-02-21T14:25:33.652Z	656
2021-02-21T14:25:35.652Z	658
2021-02-21T14:25:37.653Z	660
2021-02-21T14:25:39.653Z	662
2021-02-21T14:25:41.654Z	663
2021-02-21T14:25:43.655Z	665
2021-02-21T14:25:45.656Z	667
2021-02-21T14:25:47.656Z	669
2021-02-21T14:25:49.657Z	670
2021-02-21T14:25:51.658Z	672
2021-02-21T14:25:53.658Z	673
2021-02-21T14:25:55.657Z	676
2021-02-21T14:25:57.658Z	677
2021-02-21T14:25:59.658Z	679
2021-02-21T14:26:01.659Z	680
2021-02-21T14:26:03.659Z	682
2021-02-21T14:26:05.659Z	684
2021-02-21T14:26:07.658Z	686
2021-02-21T14:26:09.659Z	687
2021-02-21T14:26:11.660Z	689
2021-02-21T14:26:13.660Z	691
2021-02-21T14:26:15.660Z	693
2021-02-21T14:26:17.660Z	694
2021-02-21T14:26:19.659Z	696
2021-02-21T14:26:21.660Z	698
2021-02-21T14:26:23.660Z	700
2021-02-21T14:26:25.661Z	701
2021-02-21T14:26:27.661Z	703
2021-02-21T14:26:29.662Z	704
2021-02-21T14:26:31.661Z	706
2021-02-21T14:26:33.662Z	708
2021-02-21T14:26:35.661Z	710
2021-02-21T14:26:37.661Z	711
2021-02-21T14:26:39.661Z	713
2021-02-21T14:26:41.661Z	715
2021-02-21T14:26:43.662Z	717
2021-02-21T14:26:45.661Z	718
2021-02-21T14:26:47.661Z	720
2021-02-21T14:26:49.662Z	721
2021-02-21T14:26:51.662Z	723
2021-02-21T14:26:53.662Z	725
2021-02-21T14:26:55.663Z	726
2021-02-21T14:26:57.663Z	728
2021-02-21T14:26:59.662Z	730
2021-02-21T14:27:01.662Z	731
2021-02-21T14:27:03.663Z	733
2021-02-21T14:27:05.663Z	734
2021-02-21T14:27:07.664Z	736
2021-02-21T14:27:09.664Z	738
2021-02-21T14:27:14.741Z	503
2021-02-21T14:27:16.741Z	505
2021-02-21T14:27:18.742Z	507
2021-02-21T14:27:20.742Z	509
2021-02-21T14:27:22.741Z	511
2021-02-21T14:27:24.742Z	513
2021-02-21T14:27:26.741Z	514
2021-02-21T14:27:28.742Z	517
2021-02-21T14:27:30.742Z	518
2021-02-21T14:27:32.742Z	520
2021-02-21T14:27:34.742Z	522
2021-02-21T14:27:36.743Z	523
2021-02-21T14:27:38.743Z	526
2021-02-21T14:27:40.744Z	528
2021-02-21T14:27:42.743Z	529
2021-02-21T14:27:44.743Z	531
2021-02-21T14:27:46.744Z	533
2021-02-21T14:27:48.745Z	535
2021-02-21T14:27:50.744Z	537
2021-02-21T14:27:52.745Z	538
2021-02-21T14:27:54.745Z	540
2021-02-21T14:27:56.746Z	543
2021-02-21T14:28:01.769Z	null
2021-02-21T14:28:03.771Z	null
2021-02-21T14:28:05.773Z	null
2021-02-21T14:28:07.774Z	null
2021-02-21T14:28:09.776Z	null
2021-02-21T14:28:11.777Z	null
2021-02-21T14:28:13.779Z	null
2021-02-21T14:28:15.781Z	null
2021-02-21T14:28:17.781Z	null
2021-02-21T14:28:19.783Z	null
2021-02-21T14:28:21.785Z	null
2021-02-21T14:28:23.787Z	null
2021-02-21T14:28:25.789Z	null
2021-02-21T14:28:27.790Z	null
2021-02-21T14:28:29.792Z	null
2021-02-21T14:28:31.795Z	null
2021-02-21T14:28:33.796Z	null
2021-02-21T14:28:35.798Z	null
2021-02-21T14:28:37.798Z	null
2021-02-21T14:28:43.745Z	null
2021-02-21T14:28:45.745Z	null
2021-02-21T14:28:47.748Z	null
2021-02-21T14:28:49.748Z	null
2021-02-21T14:28:51.750Z	null
2021-02-21T14:28:53.753Z	null
2021-02-21T14:28:55.753Z	null
2021-02-21T14:28:57.755Z	null
2021-02-21T14:28:59.756Z	null
2021-02-21T14:29:01.759Z	null
2021-02-21T14:29:03.760Z	null
2021-02-21T14:29:05.762Z	null
2021-02-21T14:29:07.763Z	null
2021-02-21T14:29:09.764Z	null
2021-02-21T14:29:11.765Z	null
2021-02-21T14:29:13.768Z	null
2021-02-21T14:29:15.769Z	null
2021-02-21T14:29:17.770Z	null
2021-02-21T14:29:23.769Z	null
2021-02-21T14:29:25.770Z	null
2021-02-21T14:29:27.773Z	null
2021-02-21T14:29:29.772Z	null
2021-02-21T14:29:31.775Z	null
2021-02-21T14:32:14.804Z	-50
2021-02-21T14:32:16.805Z	-50
2021-02-21T14:32:18.808Z	-50
2021-02-21T14:32:20.808Z	-50
2021-02-21T14:32:22.809Z	-50
2021-02-21T14:32:24.811Z	-50
2021-02-21T14:32:26.813Z	-50
2021-02-21T14:32:28.815Z	-50
2021-02-21T14:32:30.816Z	-50
2021-02-21T14:32:32.817Z	-50
2021-02-21T14:32:34.819Z	-50
2021-02-21T14:32:36.821Z	-50
2021-02-21T14:32:38.821Z	-50
2021-02-21T14:32:40.821Z	-50
2021-02-21T14:32:42.825Z	-50
2021-02-21T14:32:44.828Z	-50
2021-02-21T14:32:46.828Z	-50
2021-02-21T14:32:48.830Z	-50
2021-02-21T14:32:50.830Z	-50
2021-02-21T14:32:52.833Z	-50
2021-02-21T14:32:54.836Z	-50
2021-02-21T14:33:01.816Z	-50
2021-02-21T14:33:03.818Z	-50
2021-02-21T14:33:05.821Z	-50
2021-02-21T14:33:07.821Z	-50
2021-02-21T14:33:09.822Z	-50
2021-02-21T14:33:11.825Z	-50
2021-02-21T14:33:13.825Z	-50
2021-02-21T14:33:15.827Z	-50
2021-02-21T14:33:17.827Z	-50
2021-02-21T14:33:19.829Z	-50
2021-02-21T14:33:21.831Z	-50
2021-02-21T14:33:23.832Z	-50
2021-02-21T14:33:25.834Z	-50
2021-02-21T14:33:27.835Z	-50
2021-02-21T14:33:29.837Z	-50
2021-02-21T14:33:31.839Z	-50
2021-02-21T14:33:33.840Z	-50
2021-02-21T14:33:35.842Z	-50
2021-02-21T14:33:37.842Z	-50
2021-02-21T14:33:39.843Z	-50
2021-02-21T14:33:41.846Z	-50
2021-02-21T14:33:43.847Z	-50
2021-02-21T14:33:45.849Z	-50
2021-02-21T14:33:47.850Z	-50
2021-02-21T14:33:49.850Z	-50
2021-02-21T14:33:51.852Z	-50
2021-02-21T14:33:53.854Z	-50
2021-02-21T14:33:55.856Z	-50
2021-02-21T14:33:57.856Z	-50
2021-02-21T14:33:59.859Z	-50
2021-02-21T14:34:01.860Z	-50
2021-02-21T14:34:03.862Z	-50
2021-02-21T14:34:05.864Z	-50
2021-02-21T14:34:07.865Z	-50
2021-02-21T14:34:09.866Z	-50
2021-02-21T14:34:11.866Z	-50
2021-02-21T14:34:13.867Z	-50
2021-02-21T14:34:15.870Z	-50
2021-02-21T14:34:17.870Z	-50
2021-02-21T14:34:19.870Z	-50
2021-02-21T14:34:21.870Z	-50
2021-02-21T14:34:23.872Z	-50
2021-02-21T14:34:25.872Z	-50
2021-02-21T14:34:27.872Z	-50
2021-02-21T14:34:29.873Z	-50
2021-02-21T14:34:31.876Z	-50
2021-02-21T14:34:33.877Z	-50
2021-02-21T14:34:35.878Z	-50
2021-02-21T14:34:37.879Z	-50
2021-02-21T14:34:39.881Z	-50
2021-02-21T14:34:41.884Z	-50
2021-02-21T14:34:43.885Z	-50
2021-02-21T14:34:45.887Z	-50
2021-02-21T14:34:47.887Z	-50
2021-02-21T14:34:49.890Z	-50
2021-02-21T14:34:51.893Z	-50
2021-02-21T14:34:53.894Z	-50
2021-02-21T14:34:55.896Z	-50
2021-02-21T14:34:57.897Z	-50
2021-02-21T14:34:59.898Z	-50
2021-02-21T14:35:01.901Z	-50
2021-02-21T14:35:03.902Z	-50
2021-02-21T14:35:05.904Z	-50
2021-02-21T14:35:16.269Z	-50
2021-02-21T14:35:18.271Z	-50
2021-02-21T14:35:20.274Z	-50
2021-02-21T14:35:22.282Z	-50
2021-02-21T14:35:24.282Z	-50
2021-02-21T14:35:26.282Z	-50
2021-02-21T14:35:28.282Z	-50
2021-02-21T14:35:30.284Z	-50
2021-02-21T14:35:32.283Z	-50
2021-02-21T14:35:34.284Z	-50
2021-02-21T14:35:36.287Z	-50
2021-02-21T14:35:38.288Z	-50
2021-02-21T14:35:40.288Z	-50
2021-02-21T14:35:42.289Z	-50
2021-02-21T14:35:44.291Z	-50
2021-02-21T14:35:46.291Z	-50
2021-02-21T14:35:48.293Z	-50
2021-02-21T14:35:50.294Z	-50
2021-02-21T14:35:52.295Z	-50
2021-02-21T14:35:54.296Z	-50
2021-02-21T14:35:56.298Z	-50
2021-02-21T14:35:58.298Z	-50
2021-02-21T14:36:00.299Z	-50
2021-02-21T14:36:02.300Z	-50
2021-02-21T14:36:04.301Z	-50
2021-02-21T14:36:06.302Z	-50
2021-02-21T14:36:08.304Z	-50
2021-02-21T14:36:10.306Z	-50
2021-02-21T14:36:12.306Z	-50
2021-02-21T14:36:14.308Z	-50
2021-02-21T14:36:16.309Z	-50
2021-02-21T14:36:18.310Z	-50
2021-02-21T14:36:20.312Z	-50
2021-02-21T14:36:22.311Z	-50
2021-02-21T14:36:24.313Z	-50
2021-02-21T14:36:26.314Z	-50
2021-02-21T14:36:28.316Z	-50
2021-02-21T14:36:30.317Z	-50
2021-02-21T14:36:32.318Z	-50
2021-02-21T14:36:34.319Z	-50
2021-02-21T14:36:36.322Z	-50
2021-02-21T14:36:38.322Z	-50
2021-02-21T14:36:40.325Z	-50
2021-02-21T14:36:42.325Z	-50
2021-02-21T14:36:44.328Z	-50
2021-02-21T14:36:46.329Z	-50
2021-02-21T14:36:48.329Z	-50
2021-02-21T14:36:50.330Z	-50
2021-02-21T14:36:52.330Z	-50
2021-02-21T14:36:54.333Z	-50
2021-02-21T14:36:57.861Z	-50
2021-02-21T14:36:59.860Z	-50
2021-02-21T14:37:01.861Z	-50
2021-02-21T14:37:03.861Z	-50
2021-02-21T14:37:05.862Z	-50
2021-02-21T14:37:07.861Z	-50
2021-02-21T14:37:09.862Z	-50
2021-02-21T14:37:11.863Z	-50
2021-02-21T14:37:13.864Z	-50
2021-02-21T14:37:15.863Z	-50
2021-02-21T14:37:17.864Z	-50
2021-02-21T14:37:19.865Z	-50
2021-02-21T14:37:21.864Z	-50
2021-02-21T14:37:23.865Z	-50
2021-02-21T14:37:25.866Z	-50
2021-02-21T14:37:27.865Z	-50
2021-02-21T14:37:29.865Z	-50
2021-02-21T14:37:32.115Z	-50
2021-02-21T14:37:34.115Z	-50
2021-02-21T14:37:36.116Z	-50
2021-02-21T14:37:38.115Z	-50
2021-02-21T14:37:40.115Z	-50
2021-02-21T14:37:42.116Z	-50
2021-02-21T14:37:44.116Z	-50
2021-02-21T14:37:46.117Z	-50
2021-02-21T14:37:48.117Z	-50
2021-02-21T14:37:50.117Z	-50
2021-02-21T14:37:52.118Z	-50
2021-02-21T14:37:54.117Z	-50
2021-02-21T14:37:56.118Z	-50
2021-02-21T14:37:58.118Z	-50
2021-02-21T14:38:00.118Z	-50
2021-02-21T14:38:02.119Z	-50
2021-02-21T14:38:04.118Z	-50
2021-02-21T14:38:06.118Z	-50
2021-02-21T14:38:08.119Z	-50
2021-02-21T14:38:10.118Z	-50
2021-02-21T14:38:12.118Z	-50
2021-02-21T14:38:14.119Z	-50
2021-02-21T14:38:16.119Z	-50
2021-02-21T14:38:18.119Z	-50
2021-02-21T14:38:20.118Z	-50
2021-02-21T14:38:22.118Z	-50
2021-02-21T14:38:24.119Z	-50
2021-02-21T14:38:26.120Z	-50
2021-02-21T14:38:28.120Z	-50
2021-02-21T14:38:35.334Z	0
2021-02-21T14:38:37.335Z	0
2021-02-21T14:38:39.334Z	0
2021-02-21T14:38:41.335Z	0
2021-02-21T14:38:43.334Z	0
2021-02-21T14:38:45.335Z	0
2021-02-21T14:38:47.336Z	0
2021-02-21T14:38:49.336Z	0
2021-02-21T14:38:51.336Z	0
2021-02-21T14:38:53.337Z	0
2021-02-21T14:38:55.337Z	0
2021-02-21T14:38:57.338Z	0
2021-02-21T14:38:59.339Z	0
2021-02-21T14:39:01.339Z	0
2021-02-21T14:39:03.340Z	0
2021-02-21T14:39:05.340Z	0
2021-02-21T14:39:07.340Z	0
2021-02-21T14:39:09.340Z	0
2021-02-21T14:39:11.341Z	0
2021-02-21T14:39:13.341Z	0
2021-02-21T14:39:15.342Z	0
2021-02-21T14:39:17.342Z	0
2021-02-21T14:39:19.343Z	0
2021-02-21T14:39:21.344Z	0
2021-02-21T14:39:23.345Z	0
2021-02-21T14:39:25.345Z	0
2021-02-21T14:39:27.345Z	0
2021-02-21T14:39:29.346Z	0
2021-02-21T14:39:31.346Z	0
2021-02-21T14:39:33.347Z	0
2021-02-21T14:39:35.347Z	0
2021-02-21T14:39:37.348Z	0
2021-02-21T14:39:39.349Z	0
2021-02-21T14:39:41.348Z	0
2021-02-21T14:39:43.349Z	0
2021-02-21T14:39:45.350Z	0
2021-02-21T14:39:47.350Z	0
2021-02-21T14:39:49.351Z	0
2021-02-21T14:39:51.351Z	0
2021-02-21T14:39:53.352Z	0
2021-02-21T14:39:55.353Z	0
2021-02-21T14:39:57.353Z	0
2021-02-21T14:39:59.353Z	0
2021-02-21T15:22:43.736Z	0
2021-02-21T15:22:45.736Z	0
2021-02-21T15:22:47.737Z	0
2021-02-21T15:22:49.737Z	0
2021-02-21T15:22:51.737Z	0
2021-02-21T15:22:53.737Z	0
2021-02-21T15:22:55.737Z	0
2021-02-21T15:22:57.737Z	0
2021-02-21T15:22:59.738Z	0
2021-02-21T15:23:01.737Z	0
2021-02-21T15:23:03.737Z	0
2021-02-21T15:23:05.737Z	0
2021-02-21T15:23:07.738Z	0
2021-02-21T15:23:09.738Z	0
2021-02-21T15:23:11.738Z	0
2021-02-21T15:23:13.739Z	0
2021-02-21T15:23:15.739Z	0
2021-02-21T15:23:17.896Z	0
2021-02-21T15:23:19.896Z	0
2021-02-21T15:23:21.895Z	0
2021-02-21T15:23:23.896Z	0
2021-02-21T15:23:25.896Z	0
2021-02-21T15:23:27.896Z	0
2021-02-21T15:23:29.896Z	0
2021-02-21T15:23:31.897Z	0
2021-02-21T15:23:33.897Z	0
2021-02-21T15:23:35.897Z	0
2021-02-21T15:23:37.897Z	0
2021-02-21T15:23:39.898Z	0
2021-02-21T15:23:41.898Z	0
2021-02-21T15:23:43.898Z	0
2021-02-21T15:23:45.899Z	0
2021-02-21T15:23:47.899Z	0
2021-02-21T15:23:49.900Z	0
2021-02-21T15:23:51.900Z	0
2021-02-21T15:23:53.901Z	0
2021-02-21T15:23:55.901Z	0
2021-02-21T15:23:57.901Z	0
2021-02-21T15:23:59.901Z	0
2021-02-21T15:24:01.901Z	0
2021-02-21T15:24:03.901Z	0
2021-02-21T15:24:05.902Z	0
2021-02-21T15:24:07.902Z	0
2021-02-21T15:24:09.901Z	0
2021-02-21T15:24:11.902Z	0
2021-02-21T15:24:13.902Z	0
2021-02-21T15:24:15.903Z	0
2021-02-21T15:24:17.903Z	0
2021-02-21T15:24:19.904Z	0
2021-02-21T15:24:21.904Z	0
2021-02-21T15:24:23.905Z	0
2021-02-21T15:24:25.904Z	0
2021-02-21T15:24:27.905Z	0
2021-02-21T15:24:29.905Z	0
2021-02-21T15:24:31.906Z	0
2021-02-21T15:24:33.905Z	0
2021-02-21T15:24:35.905Z	0
2021-02-21T15:24:37.905Z	0
2021-02-21T15:24:39.906Z	0
2021-02-21T15:24:41.908Z	0
2021-02-21T15:24:43.908Z	0
2021-02-21T15:24:45.908Z	0
2021-02-21T15:24:47.908Z	0
2021-02-21T15:24:49.909Z	0
2021-02-21T15:24:51.910Z	0
2021-02-21T15:24:53.911Z	0
2021-02-21T15:24:55.912Z	0
2021-02-21T15:24:57.912Z	0
2021-02-21T15:24:59.912Z	0
2021-02-21T15:25:01.912Z	0
2021-02-21T15:25:03.911Z	0
2021-02-21T15:25:05.911Z	0
2021-02-21T15:25:07.912Z	0
2021-02-21T15:25:09.912Z	0
2021-02-21T15:25:11.913Z	0
2021-02-21T15:25:13.913Z	0
2021-02-21T15:25:15.913Z	0
2021-02-21T15:25:17.913Z	0
2021-02-21T15:25:19.913Z	0
2021-02-21T15:25:21.914Z	0
2021-02-21T15:25:23.915Z	0
2021-02-21T15:25:25.914Z	0
2021-02-21T15:25:27.915Z	0
2021-02-21T15:25:29.915Z	0
2021-02-21T15:25:31.916Z	0
2021-02-21T15:25:33.916Z	0
2021-02-21T15:25:35.916Z	0
2021-02-21T15:25:37.917Z	0
2021-02-21T15:25:39.918Z	0
2021-02-21T15:25:41.919Z	0
2021-02-21T15:25:43.919Z	0
2021-02-21T15:25:45.919Z	0
2021-02-21T15:25:47.919Z	0
2021-02-21T15:25:49.920Z	0
2021-02-21T15:25:51.920Z	0
2021-02-21T15:25:53.921Z	0
2021-02-21T15:25:55.921Z	0
2021-02-21T15:25:57.921Z	0
2021-02-21T15:25:59.922Z	0
2021-02-21T15:26:01.921Z	0
2021-02-21T15:26:03.921Z	0
2021-02-21T15:26:05.922Z	0
2021-02-21T15:26:07.923Z	0
2021-02-21T15:26:09.922Z	0
2021-02-21T15:26:11.923Z	0
2021-02-21T15:26:13.923Z	0
2021-02-21T15:26:15.923Z	0
2021-02-21T15:26:17.924Z	0
2021-02-21T15:26:19.923Z	0
2021-02-21T15:26:21.923Z	0
2021-02-21T15:26:23.924Z	0
2021-02-21T15:26:25.924Z	0
2021-02-21T15:26:27.924Z	0
2021-02-21T15:26:29.924Z	0
2021-02-21T15:26:31.925Z	0
2021-02-21T15:26:33.925Z	0
2021-02-21T15:26:35.926Z	0
2021-02-21T15:26:37.926Z	0
2021-02-21T15:26:39.926Z	0
2021-02-21T15:26:41.927Z	0
2021-02-21T15:26:43.926Z	0
2021-02-21T15:26:45.926Z	0
2021-02-21T15:26:47.927Z	0
2021-02-21T15:26:49.928Z	0
2021-02-21T15:26:51.928Z	0
2021-02-21T15:26:53.929Z	0
2021-02-21T15:26:55.929Z	0
2021-02-21T15:26:57.929Z	0
2021-02-21T15:26:59.930Z	0
2021-02-21T15:27:01.930Z	0
2021-02-21T15:27:03.930Z	0
2021-02-21T15:27:05.930Z	0
2021-02-21T15:27:07.931Z	0
2021-02-21T15:27:09.931Z	0
2021-02-21T15:27:11.930Z	0
2021-02-21T15:27:13.931Z	0
2021-02-21T15:27:15.932Z	0
2021-02-21T15:27:17.932Z	0
2021-02-21T15:27:19.931Z	0
2021-02-21T15:27:21.932Z	0
2021-02-21T15:27:23.933Z	0
2021-02-21T15:27:25.935Z	0
2021-02-21T15:27:27.935Z	0
2021-02-21T15:27:29.934Z	0
2021-02-21T15:27:31.935Z	0
2021-02-21T15:27:33.936Z	0
2021-02-21T15:27:35.935Z	0
2021-02-21T15:27:37.935Z	0
2021-02-21T15:27:39.936Z	0
2021-02-21T15:27:41.937Z	0
2021-02-21T15:27:43.936Z	0
2021-02-21T15:27:45.936Z	0
2021-02-21T15:27:47.936Z	0
2021-02-21T15:27:49.936Z	0
2021-02-21T15:27:51.937Z	0
2021-02-21T15:27:53.936Z	0
2021-02-21T15:27:55.937Z	0
2021-02-21T15:27:57.938Z	0
2021-02-21T15:27:59.938Z	0
2021-02-21T15:28:01.939Z	0
2021-02-21T15:28:03.939Z	0
2021-02-21T15:28:05.939Z	0
2021-02-21T15:28:07.940Z	0
2021-02-21T15:28:09.940Z	0
2021-02-21T15:28:11.941Z	0
2021-02-21T15:28:13.942Z	0
2021-02-21T15:28:15.942Z	0
2021-02-21T15:28:17.942Z	0
2021-02-21T15:28:19.941Z	0
2021-02-21T15:28:21.941Z	0
2021-02-21T15:28:23.942Z	0
2021-02-21T15:28:25.942Z	0
2021-02-21T15:28:27.943Z	0
2021-02-21T15:28:29.943Z	0
2021-02-21T15:28:31.944Z	0
2021-02-21T15:28:33.943Z	0
2021-02-21T15:28:35.944Z	0
2021-02-21T15:28:37.945Z	0
2021-02-21T15:28:39.946Z	0
2021-02-21T15:28:41.946Z	0
2021-02-21T15:28:43.946Z	0
2021-02-21T15:28:45.946Z	0
2021-02-21T15:28:47.946Z	0
2021-02-21T15:28:49.947Z	0
2021-02-21T15:28:51.946Z	0
2021-02-21T15:28:53.947Z	0
2021-02-21T15:28:55.947Z	0
2021-02-21T15:28:57.947Z	0
2021-02-21T15:28:59.948Z	0
2021-02-21T15:29:01.948Z	0
2021-02-21T15:29:03.947Z	0
2021-02-21T15:29:05.947Z	0
2021-02-21T15:29:07.948Z	0
2021-02-21T15:29:09.947Z	0
2021-02-21T15:29:11.949Z	0
2021-02-21T15:29:13.948Z	0
2021-02-21T15:29:15.949Z	0
2021-02-21T15:29:17.950Z	0
2021-02-21T15:29:19.951Z	0
2021-02-21T15:29:21.951Z	0
2021-02-21T15:29:23.952Z	0
2021-02-21T15:29:25.952Z	0
2021-02-21T15:29:27.952Z	0
2021-02-21T15:29:29.952Z	0
2021-02-21T15:29:31.953Z	0
2021-02-21T15:29:33.953Z	0
2021-02-21T15:29:35.953Z	0
2021-02-21T15:29:37.953Z	0
2021-02-21T15:29:39.954Z	0
2021-02-21T15:29:41.953Z	0
2021-02-21T15:29:43.954Z	0
2021-02-21T15:29:45.953Z	0
2021-02-21T15:29:47.954Z	0
2021-02-21T15:29:49.954Z	0
2021-02-21T15:29:51.954Z	0
2021-02-21T15:29:53.954Z	0
2021-02-21T15:29:55.954Z	0
2021-02-21T15:29:57.953Z	0
2021-02-21T15:29:59.954Z	0
2021-02-21T15:30:01.953Z	0
2021-02-21T15:30:03.954Z	0
2021-02-21T15:30:05.954Z	0
2021-02-21T15:30:07.954Z	0
2021-02-21T15:30:09.955Z	0
2021-02-21T15:30:11.954Z	0
2021-02-21T15:30:13.955Z	0
2021-02-21T15:30:15.955Z	0
2021-02-21T15:30:17.956Z	0
2021-02-21T15:30:19.956Z	0
2021-02-21T15:30:21.957Z	0
2021-02-21T15:30:23.958Z	0
2021-02-21T15:30:25.957Z	0
2021-02-21T15:30:27.958Z	0
2021-02-21T15:30:29.958Z	0
2021-02-21T15:30:31.959Z	0
2021-02-21T15:30:33.960Z	0
2021-02-21T15:30:35.961Z	0
2021-02-21T15:30:37.961Z	0
2021-02-21T15:30:39.961Z	0
2021-02-21T15:30:41.961Z	0
2021-02-21T15:30:43.962Z	0
2021-02-21T15:30:45.962Z	0
2021-02-21T15:30:47.961Z	0
2021-02-21T15:30:49.962Z	0
2021-02-21T15:30:51.962Z	0
2021-02-21T15:30:53.961Z	0
2021-02-21T15:30:55.962Z	0
2021-02-21T15:30:57.962Z	0
2021-02-21T15:30:59.962Z	0
2021-02-21T15:31:01.962Z	0
2021-02-21T15:31:03.961Z	0
2021-02-21T15:31:05.962Z	0
2021-02-21T15:31:07.963Z	0
2021-02-21T15:31:09.962Z	0
2021-02-21T15:31:11.962Z	0
2021-02-21T15:31:13.963Z	0
2021-02-21T15:31:15.963Z	0
2021-02-21T15:31:17.964Z	0
2021-02-21T15:31:19.963Z	0
2021-02-21T15:31:21.964Z	0
2021-02-21T15:31:23.964Z	0
2021-02-21T15:31:25.964Z	0
2021-02-21T15:31:27.965Z	0
2021-02-21T15:31:29.965Z	0
2021-02-21T15:31:31.965Z	0
2021-02-21T15:31:33.966Z	0
2021-02-21T15:31:35.967Z	0
2021-02-21T15:31:37.966Z	0
2021-02-21T15:31:39.967Z	0
2021-02-21T15:31:41.967Z	0
2021-02-21T15:31:43.968Z	0
2021-02-21T15:31:45.968Z	0
2021-02-21T15:31:47.967Z	0
2021-02-21T15:31:49.968Z	0
2021-02-21T15:31:51.968Z	0
2021-02-21T15:31:53.969Z	0
2021-02-21T15:31:55.970Z	0
2021-02-21T15:31:57.969Z	0
2021-02-21T15:31:59.969Z	0
2021-02-21T15:32:01.970Z	0
2021-02-21T15:32:03.970Z	0
2021-02-21T15:32:05.971Z	0
2021-02-21T15:32:07.970Z	0
2021-02-21T15:32:09.971Z	0
2021-02-21T15:32:11.972Z	0
2021-02-21T15:32:13.971Z	0
2021-02-21T15:32:15.972Z	0
2021-02-21T15:32:17.972Z	0
2021-02-21T15:32:19.972Z	0
2021-02-21T15:32:21.972Z	0
2021-02-21T15:32:23.971Z	0
2021-02-21T15:32:25.972Z	0
2021-02-21T15:32:27.972Z	0
2021-02-21T15:32:29.972Z	0
2021-02-21T15:32:31.972Z	0
2021-02-21T15:32:33.973Z	0
2021-02-21T15:32:35.974Z	0
2021-02-21T15:32:37.974Z	0
2021-02-21T15:32:39.973Z	0
2021-02-21T15:32:41.973Z	0
2021-02-21T15:32:43.973Z	0
2021-02-21T15:32:45.973Z	0
2021-02-21T15:32:47.974Z	0
2021-02-21T15:32:49.975Z	0
2021-02-21T15:32:51.976Z	0
2021-02-21T15:32:53.977Z	0
2021-02-21T15:32:55.977Z	0
2021-02-21T15:32:57.976Z	0
2021-02-21T15:32:59.977Z	0
2021-02-21T15:33:01.977Z	0
2021-02-21T15:33:03.978Z	0
2021-02-21T15:33:05.978Z	0
2021-02-21T15:33:07.978Z	0
2021-02-21T15:33:09.979Z	0
2021-02-21T15:33:11.980Z	0
2021-02-21T15:33:13.979Z	0
2021-02-21T15:33:15.980Z	0
2021-02-21T15:33:17.979Z	0
2021-02-21T15:33:19.980Z	0
2021-02-21T15:33:21.980Z	0
2021-02-21T15:33:23.980Z	0
2021-02-21T15:33:25.981Z	0
2021-02-21T15:33:27.981Z	0
2021-02-21T15:33:29.980Z	0
2021-02-21T15:33:31.981Z	0
2021-02-21T15:33:33.981Z	0
2021-02-21T15:33:35.982Z	0
2021-02-21T15:33:37.982Z	0
2021-02-21T15:33:39.983Z	0
2021-02-21T15:33:41.983Z	0
2021-02-21T15:33:43.983Z	0
2021-02-21T15:33:45.982Z	0
2021-02-21T15:33:47.983Z	0
2021-02-21T15:33:49.983Z	0
2021-02-21T15:33:51.984Z	0
2021-02-21T15:33:53.984Z	0
2021-02-21T15:33:55.985Z	0
2021-02-21T15:33:57.986Z	0
2021-02-21T15:33:59.986Z	0
2021-02-21T15:34:01.986Z	0
2021-02-21T15:34:03.986Z	0
2021-02-21T15:34:05.986Z	0
2021-02-21T15:34:07.986Z	0
2021-02-21T15:34:09.985Z	0
2021-02-21T15:34:11.985Z	0
2021-02-21T15:34:13.985Z	0
2021-02-21T15:34:15.985Z	0
2021-02-21T15:34:17.985Z	0
2021-02-21T15:34:19.985Z	0
2021-02-21T15:34:21.987Z	0
2021-02-21T15:34:23.986Z	0
2021-02-21T15:34:25.986Z	0
2021-02-21T15:34:27.987Z	0
2021-02-21T15:34:29.988Z	0
2021-02-21T15:34:31.987Z	0
2021-02-21T15:34:33.987Z	0
2021-02-21T15:34:35.988Z	0
2021-02-21T15:34:37.988Z	0
2021-02-21T15:34:39.987Z	0
2021-02-21T15:34:41.988Z	0
2021-02-21T15:34:43.988Z	0
2021-02-21T15:34:45.987Z	0
2021-02-21T15:34:47.988Z	0
2021-02-21T15:34:49.988Z	0
2021-02-21T15:34:51.988Z	0
2021-02-21T15:34:53.988Z	0
2021-02-21T15:34:55.987Z	0
2021-02-21T16:34:40.438Z	0
2021-02-21T16:34:42.437Z	0
2021-02-21T16:34:44.438Z	0
2021-02-21T16:34:46.438Z	0
2021-02-21T16:34:48.439Z	0
